2018-02-19 05:14:43,945:DEBUG:New etcd client created for etcd-server:2379/v2
2018-02-19 05:14:43,946:DEBUG:About to wait on key /state, index None
2018-02-19 05:14:43,946:DEBUG:Issuing read for key /state with args {'recursive': True, 'timeout': None, 'wait': True}
2018-02-19 05:14:43,947:DEBUG:Starting new HTTP connection (1): etcd-server
2018-02-19 05:14:43,950:DEBUG:http://etcd-server:2379 "GET /v2/keys/state?recursive=true&wait=true HTTP/1.1" 200 None
2018-02-19 05:15:20,401:DEBUG:
*** Consume stored data in etcd ***
 action=[set], key=[/state/v2.0/quotas/default],
 value=[{
    "state": {
        "worker_state": "READ_COMPLETE"
    }, 
    "version": 1, 
    "error": ""
}]
2018-02-19 05:15:20,403:DEBUG:New etcd client created for etcd-server:2379/v2
2018-02-19 05:15:20,404:DEBUG:About to wait on key /state, index None
2018-02-19 05:15:20,404:DEBUG:Issuing read for key /state with args {'recursive': True, 'timeout': None, 'wait': True}
2018-02-19 05:15:20,405:DEBUG:Starting new HTTP connection (1): etcd-server
2018-02-19 05:15:20,407:DEBUG:http://etcd-server:2379 "GET /v2/keys/state?recursive=true&wait=true HTTP/1.1" 200 None
2018-02-19 05:15:20,408:DEBUG:
*** Consume stored data in etcd ***
 action=[set], key=[/state/v2.0/reserve_addresses/default],
 value=[{
    "state": {
        "worker_state": "READ_COMPLETE"
    }, 
    "version": 1, 
    "error": ""
}]
2018-02-19 05:15:20,408:DEBUG:New etcd client created for etcd-server:2379/v2
2018-02-19 05:15:20,409:DEBUG:About to wait on key /state, index None
2018-02-19 05:15:20,409:DEBUG:Issuing read for key /state with args {'recursive': True, 'timeout': None, 'wait': True}
2018-02-19 05:15:20,410:DEBUG:Starting new HTTP connection (1): etcd-server
2018-02-19 05:15:20,412:DEBUG:http://etcd-server:2379 "GET /v2/keys/state?recursive=true&wait=true HTTP/1.1" 200 None
2018-02-19 05:16:21,695:DEBUG:
*** Consume stored data in etcd ***
 action=[set], key=[/state/common/v1.0/tenants/fe3a4a1a72c04479bb6c19c2c0ccba4c],
 value=[{
    "state": {
        "worker_state": "READ_COMPLETE"
    }, 
    "version": 1, 
    "error": ""
}]
2018-02-19 05:16:21,696:DEBUG:New etcd client created for etcd-server:2379/v2
2018-02-19 05:16:21,696:DEBUG:About to wait on key /state, index None
2018-02-19 05:16:21,697:DEBUG:Issuing read for key /state with args {'recursive': True, 'timeout': None, 'wait': True}
2018-02-19 05:16:21,697:DEBUG:Starting new HTTP connection (1): etcd-server
2018-02-19 05:16:21,700:DEBUG:http://etcd-server:2379 "GET /v2/keys/state?recursive=true&wait=true HTTP/1.1" 200 None
2018-02-19 05:16:24,046:DEBUG:
*** Consume stored data in etcd ***
 action=[set], key=[/state/v2.0/networks/ce9a7a92-d11a-4fc6-8ae7-18061b62c98f],
 value=[{
    "state": {
        "worker_state": "CREATE_COMPLETED", 
        "heat_outputs": "[{\"output_value\": [], \"description\": \"The name of the virtual network.\", \"output_key\": \"route_targets\"}, {\"output_value\": \"default-domain:usertenant:ce9a7a92-d11a-4fc6-8ae7-18061b62c98f\", \"description\": \"The FQ name of the virtual network.\", \"output_key\": \"fq_name\"}, {\"output_value\": \"ce9a7a92-d11a-4fc6-8ae7-18061b62c98f\", \"description\": \"A unique id for the virtual network.\", \"output_key\": \"id\"}, {\"output_value\": \"ce9a7a92-d11a-4fc6-8ae7-18061b62c98f\", \"description\": \"The name of the virtual network.\", \"output_key\": \"name\"}]", 
        "orchestration_state": "CREATE_COMPLETE"
    }, 
    "version": 1, 
    "error": ""
}]
2018-02-19 05:16:24,046:DEBUG:New etcd client created for etcd-server:2379/v2
2018-02-19 05:16:24,047:DEBUG:About to wait on key /state, index None
2018-02-19 05:16:24,047:DEBUG:Issuing read for key /state with args {'recursive': True, 'timeout': None, 'wait': True}
2018-02-19 05:16:24,048:DEBUG:Starting new HTTP connection (1): etcd-server
2018-02-19 05:16:24,057:DEBUG:http://etcd-server:2379 "GET /v2/keys/state?recursive=true&wait=true HTTP/1.1" 200 None
2018-02-19 05:16:29,991:DEBUG:
*** Consume stored data in etcd ***
 action=[set], key=[/state/v2.0/ports/7864794a-fe4f-4aac-91a7-61c103f11f58],
 value=[{
    "state": {
        "worker_state": "READ_COMPLETE"
    }, 
    "version": 1, 
    "error": ""
}]
2018-02-19 05:16:29,991:DEBUG:New etcd client created for etcd-server:2379/v2
2018-02-19 05:16:29,992:DEBUG:About to wait on key /state, index None
2018-02-19 05:16:29,993:DEBUG:Issuing read for key /state with args {'recursive': True, 'timeout': None, 'wait': True}
2018-02-19 05:16:29,993:DEBUG:Starting new HTTP connection (1): etcd-server
2018-02-19 05:16:29,996:DEBUG:http://etcd-server:2379 "GET /v2/keys/state?recursive=true&wait=true HTTP/1.1" 200 None
2018-02-19 05:16:33,343:DEBUG:
*** Consume stored data in etcd ***
 action=[set], key=[/state/v2.0/subnets/6f5f33d6-2cfe-47c1-a91a-3f3d44972b1a],
 value=[{
    "state": {
        "worker_state": "CREATE_COMPLETED", 
        "heat_outputs": "[{\"output_value\": \"10.121.232.0/24\", \"description\": \"IP prefix of local subnet.\", \"output_key\": \"ip_prefix\"}, {\"output_value\": \"6f5f33d6-2cfe-47c1-a91a-3f3d44972b1a\", \"description\": \"The name of the local subnet.\", \"output_key\": \"name\"}, {\"output_value\": \"10.121.232.1\", \"description\": \"Default gateway of local subnet.\", \"output_key\": \"default_gateway\"}, {\"output_value\": \"ce9a7a92-d11a-4fc6-8ae7-18061b62c98f\", \"description\": \"A unique id for the network.\", \"output_key\": \"network_id\"}, {\"output_value\": \"5a79909b-2bf3-4e26-8a9c-0bf6bb175457\", \"description\": \"IPAM this local subnet uses.\", \"output_key\": \"ipam\"}, {\"output_value\": \"5093b556-c4f3-465c-82b6-ac65c40a95f2\", \"description\": \"A unique id for the local subnet.\", \"output_key\": \"id\"}]", 
        "orchestration_state": "CREATE_COMPLETE"
    }, 
    "version": 1, 
    "error": ""
}]
2018-02-19 05:16:33,344:DEBUG:New etcd client created for etcd-server:2379/v2
2018-02-19 05:16:33,345:DEBUG:About to wait on key /state, index None
2018-02-19 05:16:33,346:DEBUG:Issuing read for key /state with args {'recursive': True, 'timeout': None, 'wait': True}
2018-02-19 05:16:33,346:DEBUG:Starting new HTTP connection (1): etcd-server
2018-02-19 05:16:33,350:DEBUG:http://etcd-server:2379 "GET /v2/keys/state?recursive=true&wait=true HTTP/1.1" 200 None
2018-02-19 05:16:40,961:DEBUG:
*** Consume stored data in etcd ***
 action=[set], key=[/state/v2.0/networks/168c1535-9001-49c7-bb05-21844570a83c],
 value=[{
    "state": {
        "worker_state": "CREATE_COMPLETED", 
        "heat_outputs": "[{\"output_value\": [], \"description\": \"The name of the virtual network.\", \"output_key\": \"route_targets\"}, {\"output_value\": \"default-domain:usertenant:168c1535-9001-49c7-bb05-21844570a83c\", \"description\": \"The FQ name of the virtual network.\", \"output_key\": \"fq_name\"}, {\"output_value\": \"168c1535-9001-49c7-bb05-21844570a83c\", \"description\": \"A unique id for the virtual network.\", \"output_key\": \"id\"}, {\"output_value\": \"168c1535-9001-49c7-bb05-21844570a83c\", \"description\": \"The name of the virtual network.\", \"output_key\": \"name\"}]", 
        "orchestration_state": "CREATE_COMPLETE"
    }, 
    "version": 1, 
    "error": ""
}]
2018-02-19 05:16:40,962:DEBUG:New etcd client created for etcd-server:2379/v2
2018-02-19 05:16:40,962:DEBUG:About to wait on key /state, index None
2018-02-19 05:16:40,963:DEBUG:Issuing read for key /state with args {'recursive': True, 'timeout': None, 'wait': True}
2018-02-19 05:16:40,964:DEBUG:Starting new HTTP connection (1): etcd-server
2018-02-19 05:16:40,965:DEBUG:http://etcd-server:2379 "GET /v2/keys/state?recursive=true&wait=true HTTP/1.1" 200 None
2018-02-19 05:16:46,180:DEBUG:
*** Consume stored data in etcd ***
 action=[set], key=[/state/v2.0/ports/ff724cd0-02ef-42e0-9510-1ea784ddaa8c],
 value=[{
    "state": {
        "worker_state": "READ_COMPLETE"
    }, 
    "version": 1, 
    "error": ""
}]
2018-02-19 05:16:46,181:DEBUG:New etcd client created for etcd-server:2379/v2
2018-02-19 05:16:46,182:DEBUG:About to wait on key /state, index None
2018-02-19 05:16:46,183:DEBUG:Issuing read for key /state with args {'recursive': True, 'timeout': None, 'wait': True}
2018-02-19 05:16:46,183:DEBUG:Starting new HTTP connection (1): etcd-server
2018-02-19 05:16:46,185:DEBUG:http://etcd-server:2379 "GET /v2/keys/state?recursive=true&wait=true HTTP/1.1" 200 None
2018-02-19 05:16:48,496:DEBUG:
*** Consume stored data in etcd ***
 action=[set], key=[/state/v2.0/subnets/707847d0-89d9-4b98-93a2-8b376709c5f3],
 value=[{
    "state": {
        "worker_state": "CREATE_COMPLETED", 
        "heat_outputs": "[{\"output_value\": \"100.64.193.0/24\", \"description\": \"IP prefix of local subnet.\", \"output_key\": \"ip_prefix\"}, {\"output_value\": \"707847d0-89d9-4b98-93a2-8b376709c5f3\", \"description\": \"The name of the local subnet.\", \"output_key\": \"name\"}, {\"output_value\": \"100.64.193.1\", \"description\": \"Default gateway of local subnet.\", \"output_key\": \"default_gateway\"}, {\"output_value\": \"168c1535-9001-49c7-bb05-21844570a83c\", \"description\": \"A unique id for the network.\", \"output_key\": \"network_id\"}, {\"output_value\": \"5a79909b-2bf3-4e26-8a9c-0bf6bb175457\", \"description\": \"IPAM this local subnet uses.\", \"output_key\": \"ipam\"}, {\"output_value\": \"a2fc1444-c7f4-4a72-8376-a920889c4a43\", \"description\": \"A unique id for the local subnet.\", \"output_key\": \"id\"}]", 
        "orchestration_state": "CREATE_COMPLETE"
    }, 
    "version": 1, 
    "error": ""
}]
2018-02-19 05:16:48,497:DEBUG:New etcd client created for etcd-server:2379/v2
2018-02-19 05:16:48,497:DEBUG:About to wait on key /state, index None
2018-02-19 05:16:48,498:DEBUG:Issuing read for key /state with args {'recursive': True, 'timeout': None, 'wait': True}
2018-02-19 05:16:48,498:DEBUG:Starting new HTTP connection (1): etcd-server
2018-02-19 05:16:48,502:DEBUG:http://etcd-server:2379 "GET /v2/keys/state?recursive=true&wait=true HTTP/1.1" 200 None
2018-02-19 05:16:53,898:DEBUG:
*** Consume stored data in etcd ***
 action=[set], key=[/state/v2.0/vnf_templates/f2123d79-e953-4b61-8aee-a217bee284af],
 value=[{
    "state": {
        "worker_state": "READ_COMPLETE"
    }, 
    "version": 1, 
    "error": ""
}]
2018-02-19 05:16:53,899:DEBUG:New etcd client created for etcd-server:2379/v2
2018-02-19 05:16:53,900:DEBUG:About to wait on key /state, index None
2018-02-19 05:16:53,900:DEBUG:Issuing read for key /state with args {'recursive': True, 'timeout': None, 'wait': True}
2018-02-19 05:16:53,901:DEBUG:Starting new HTTP connection (1): etcd-server
2018-02-19 05:16:53,903:DEBUG:http://etcd-server:2379 "GET /v2/keys/state?recursive=true&wait=true HTTP/1.1" 200 None
2018-02-19 05:16:59,583:DEBUG:
*** Consume stored data in etcd ***
 action=[set], key=[/state/v2.0/vnf_plans/043fed11-ce3d-48fb-aa8d-13aad5804d83],
 value=[{
    "state": {
        "worker_state": "READ_COMPLETE"
    }, 
    "version": 1, 
    "error": ""
}]
2018-02-19 05:16:59,583:DEBUG:New etcd client created for etcd-server:2379/v2
2018-02-19 05:16:59,584:DEBUG:About to wait on key /state, index None
2018-02-19 05:16:59,585:DEBUG:Issuing read for key /state with args {'recursive': True, 'timeout': None, 'wait': True}
2018-02-19 05:16:59,586:DEBUG:Starting new HTTP connection (1): etcd-server
2018-02-19 05:16:59,589:DEBUG:http://etcd-server:2379 "GET /v2/keys/state?recursive=true&wait=true HTTP/1.1" 200 None
2018-02-19 05:17:05,354:DEBUG:
*** Consume stored data in etcd ***
 action=[set], key=[/state/v2.0/load_balancer_plans/f2fcb624-bac7-4601-a444-007d4a01bc6a],
 value=[{
    "state": {
        "worker_state": "READ_COMPLETE"
    }, 
    "version": 1, 
    "error": ""
}]
2018-02-19 05:17:05,354:DEBUG:New etcd client created for etcd-server:2379/v2
2018-02-19 05:17:05,355:DEBUG:About to wait on key /state, index None
2018-02-19 05:17:05,355:DEBUG:Issuing read for key /state with args {'recursive': True, 'timeout': None, 'wait': True}
2018-02-19 05:17:05,356:DEBUG:Starting new HTTP connection (1): etcd-server
2018-02-19 05:17:05,358:DEBUG:http://etcd-server:2379 "GET /v2/keys/state?recursive=true&wait=true HTTP/1.1" 200 None
2018-02-19 05:17:07,240:DEBUG:
*** Consume stored data in etcd ***
 action=[set], key=[/state/v2.0/vnf_interfaces/9cf64483-bbf1-4e82-ae07-33febf43dbbf],
 value=[{
    "state": {
        "worker_state": "READ_COMPLETE"
    }, 
    "version": 1, 
    "error": ""
}]
2018-02-19 05:17:07,241:DEBUG:New etcd client created for etcd-server:2379/v2
2018-02-19 05:17:07,242:DEBUG:About to wait on key /state, index None
2018-02-19 05:17:07,242:DEBUG:Issuing read for key /state with args {'recursive': True, 'timeout': None, 'wait': True}
2018-02-19 05:17:07,243:DEBUG:Starting new HTTP connection (1): etcd-server
2018-02-19 05:17:07,249:DEBUG:http://etcd-server:2379 "GET /v2/keys/state?recursive=true&wait=true HTTP/1.1" 200 None
2018-02-19 05:17:07,283:DEBUG:
*** Consume stored data in etcd ***
 action=[set], key=[/state/v2.0/vnf_interfaces/3f1be05a-6cae-4f5e-9985-15f6f714d8dc],
 value=[{
    "state": {
        "worker_state": "READ_COMPLETE"
    }, 
    "version": 1, 
    "error": ""
}]
2018-02-19 05:17:07,284:DEBUG:New etcd client created for etcd-server:2379/v2
2018-02-19 05:17:07,285:DEBUG:About to wait on key /state, index None
2018-02-19 05:17:07,285:DEBUG:Issuing read for key /state with args {'recursive': True, 'timeout': None, 'wait': True}
2018-02-19 05:17:07,286:DEBUG:Starting new HTTP connection (1): etcd-server
2018-02-19 05:17:07,288:DEBUG:http://etcd-server:2379 "GET /v2/keys/state?recursive=true&wait=true HTTP/1.1" 200 None
2018-02-19 05:17:07,322:DEBUG:
*** Consume stored data in etcd ***
 action=[set], key=[/state/v2.0/vnf_interfaces/848a926b-40ec-455a-a87c-e960c56b3dba],
 value=[{
    "state": {
        "worker_state": "READ_COMPLETE"
    }, 
    "version": 1, 
    "error": ""
}]
2018-02-19 05:17:07,322:DEBUG:New etcd client created for etcd-server:2379/v2
2018-02-19 05:17:07,323:DEBUG:About to wait on key /state, index None
2018-02-19 05:17:07,323:DEBUG:Issuing read for key /state with args {'recursive': True, 'timeout': None, 'wait': True}
2018-02-19 05:17:07,324:DEBUG:Starting new HTTP connection (1): etcd-server
2018-02-19 05:17:07,329:DEBUG:http://etcd-server:2379 "GET /v2/keys/state?recursive=true&wait=true HTTP/1.1" 200 None
2018-02-19 05:17:07,369:DEBUG:
*** Consume stored data in etcd ***
 action=[set], key=[/state/v2.0/ports/c00e43b8-ebd5-46bc-bc11-9d835b2c36ad],
 value=[{
    "state": {
        "worker_state": "READ_COMPLETE"
    }, 
    "version": 1, 
    "error": ""
}]
2018-02-19 05:17:07,370:DEBUG:New etcd client created for etcd-server:2379/v2
2018-02-19 05:17:07,370:DEBUG:About to wait on key /state, index None
2018-02-19 05:17:07,371:DEBUG:Issuing read for key /state with args {'recursive': True, 'timeout': None, 'wait': True}
2018-02-19 05:17:07,372:DEBUG:Starting new HTTP connection (1): etcd-server
2018-02-19 05:17:07,374:DEBUG:http://etcd-server:2379 "GET /v2/keys/state?recursive=true&wait=true HTTP/1.1" 200 None
2018-02-19 05:17:12,339:DEBUG:
*** Consume stored data in etcd ***
 action=[set], key=[/state/v2.0/ports/db3bff62-cf93-48ce-8d6b-cfb2f7fd7dfc],
 value=[{
    "state": {
        "worker_state": "CREATE_COMPLETED", 
        "heat_outputs": "[{\"output_value\": [[\"default-domain\", \"admin\", \"b62eefe0-0872-478d-adfe-1a606320f0e7\"]], \"description\": \"Virtual network.\", \"output_key\": \"virtual_network\"}, {\"output_value\": \"default-domain:admin:f68d0924-ef20-4c1b-ac45-0e6b879af5e7\", \"description\": \"Fully Qualified Name of the VMI\", \"output_key\": \"fq_name\"}, {\"output_value\": \"f68d0924-ef20-4c1b-ac45-0e6b879af5e7\", \"description\": \"A unique id for the virtual machine interface.\", \"output_key\": \"id\"}, {\"output_value\": {\"allowed_address_pair\": []}, \"description\": \"Virtual machine allowed address pairs.\", \"output_key\": \"allowed_address_pairs\"}, {\"output_value\": [\"fa:16:3e:f7:60:7f\"], \"description\": \"Virtual machine interface mac address.\", \"output_key\": \"mac_address\"}]", 
        "orchestration_state": "CREATE_COMPLETE"
    }, 
    "version": 1, 
    "error": ""
}]
2018-02-19 05:17:12,340:DEBUG:New etcd client created for etcd-server:2379/v2
2018-02-19 05:17:12,341:DEBUG:About to wait on key /state, index None
2018-02-19 05:17:12,341:DEBUG:Issuing read for key /state with args {'recursive': True, 'timeout': None, 'wait': True}
2018-02-19 05:17:12,342:DEBUG:Starting new HTTP connection (1): etcd-server
2018-02-19 05:17:12,344:DEBUG:http://etcd-server:2379 "GET /v2/keys/state?recursive=true&wait=true HTTP/1.1" 200 None
2018-02-19 05:17:12,405:DEBUG:
*** Consume stored data in etcd ***
 action=[set], key=[/state/v2.0/ports/a7e5822c-5c04-4c5f-a5ac-b0e0ad50159f],
 value=[{
    "state": {
        "worker_state": "CREATE_COMPLETED", 
        "heat_outputs": "[{\"output_value\": [[\"default-domain\", \"admin\", \"b62eefe0-0872-478d-adfe-1a606320f0e7\"]], \"description\": \"Virtual network.\", \"output_key\": \"virtual_network\"}, {\"output_value\": \"default-domain:admin:f68d0924-ef20-4c1b-ac45-0e6b879af5e7\", \"description\": \"Fully Qualified Name of the VMI\", \"output_key\": \"fq_name\"}, {\"output_value\": \"f68d0924-ef20-4c1b-ac45-0e6b879af5e7\", \"description\": \"A unique id for the virtual machine interface.\", \"output_key\": \"id\"}, {\"output_value\": {\"allowed_address_pair\": []}, \"description\": \"Virtual machine allowed address pairs.\", \"output_key\": \"allowed_address_pairs\"}, {\"output_value\": [\"fa:16:3e:f7:60:7f\"], \"description\": \"Virtual machine interface mac address.\", \"output_key\": \"mac_address\"}]", 
        "orchestration_state": "CREATE_COMPLETE"
    }, 
    "version": 1, 
    "error": ""
}]
2018-02-19 05:17:12,406:DEBUG:New etcd client created for etcd-server:2379/v2
2018-02-19 05:17:12,406:DEBUG:About to wait on key /state, index None
2018-02-19 05:17:12,407:DEBUG:Issuing read for key /state with args {'recursive': True, 'timeout': None, 'wait': True}
2018-02-19 05:17:12,408:DEBUG:Starting new HTTP connection (1): etcd-server
2018-02-19 05:17:12,409:DEBUG:http://etcd-server:2379 "GET /v2/keys/state?recursive=true&wait=true HTTP/1.1" 200 None
2018-02-19 05:17:12,768:DEBUG:
*** Consume stored data in etcd ***
 action=[set], key=[/state/v2.0/ports/ddc14be4-3480-4e97-a978-817b18f9904c],
 value=[{
    "state": {
        "worker_state": "CREATE_COMPLETED", 
        "heat_outputs": "[{\"output_value\": [[\"default-domain\", \"admin\", \"b62eefe0-0872-478d-adfe-1a606320f0e7\"]], \"description\": \"Virtual network.\", \"output_key\": \"virtual_network\"}, {\"output_value\": \"default-domain:admin:f68d0924-ef20-4c1b-ac45-0e6b879af5e7\", \"description\": \"Fully Qualified Name of the VMI\", \"output_key\": \"fq_name\"}, {\"output_value\": \"f68d0924-ef20-4c1b-ac45-0e6b879af5e7\", \"description\": \"A unique id for the virtual machine interface.\", \"output_key\": \"id\"}, {\"output_value\": {\"allowed_address_pair\": []}, \"description\": \"Virtual machine allowed address pairs.\", \"output_key\": \"allowed_address_pairs\"}, {\"output_value\": [\"fa:16:3e:f7:60:7f\"], \"description\": \"Virtual machine interface mac address.\", \"output_key\": \"mac_address\"}]", 
        "orchestration_state": "CREATE_COMPLETE"
    }, 
    "version": 1, 
    "error": ""
}]
2018-02-19 05:17:12,769:DEBUG:New etcd client created for etcd-server:2379/v2
2018-02-19 05:17:12,770:DEBUG:About to wait on key /state, index None
2018-02-19 05:17:12,771:DEBUG:Issuing read for key /state with args {'recursive': True, 'timeout': None, 'wait': True}
2018-02-19 05:17:12,772:DEBUG:Starting new HTTP connection (1): etcd-server
2018-02-19 05:17:12,775:DEBUG:http://etcd-server:2379 "GET /v2/keys/state?recursive=true&wait=true HTTP/1.1" 200 None
2018-02-19 05:17:27,353:DEBUG:
*** Consume stored data in etcd ***
 action=[set], key=[/state/v2.0/ports/ddc14be4-3480-4e97-a978-817b18f9904c],
 value=[{
    "state": {
        "worker_state": "MODIFY_COMPLETED", 
        "heat_outputs": "[{\"output_value\": [[\"default-domain\", \"admin\", \"b62eefe0-0872-478d-adfe-1a606320f0e7\"]], \"description\": \"Virtual network.\", \"output_key\": \"virtual_network\"}, {\"output_value\": \"default-domain:admin:f68d0924-ef20-4c1b-ac45-0e6b879af5e7\", \"description\": \"Fully Qualified Name of the VMI\", \"output_key\": \"fq_name\"}, {\"output_value\": \"f68d0924-ef20-4c1b-ac45-0e6b879af5e7\", \"description\": \"A unique id for the virtual machine interface.\", \"output_key\": \"id\"}, {\"output_value\": {\"allowed_address_pair\": []}, \"description\": \"Virtual machine allowed address pairs.\", \"output_key\": \"allowed_address_pairs\"}, {\"output_value\": [\"fa:16:3e:f7:60:7f\"], \"description\": \"Virtual machine interface mac address.\", \"output_key\": \"mac_address\"}]", 
        "orchestration_state": "UPDATE_COMPLETE"
    }, 
    "version": 2, 
    "error": ""
}]
2018-02-19 05:17:27,354:DEBUG:New etcd client created for etcd-server:2379/v2
2018-02-19 05:17:27,354:DEBUG:About to wait on key /state, index None
2018-02-19 05:17:27,355:DEBUG:Issuing read for key /state with args {'recursive': True, 'timeout': None, 'wait': True}
2018-02-19 05:17:27,355:DEBUG:Starting new HTTP connection (1): etcd-server
2018-02-19 05:17:27,357:DEBUG:http://etcd-server:2379 "GET /v2/keys/state?recursive=true&wait=true HTTP/1.1" 200 None
2018-02-19 05:17:38,125:DEBUG:
*** Consume stored data in etcd ***
 action=[set], key=[/state/v2.0/ports/ddc14be4-3480-4e97-a978-817b18f9904c],
 value=[{
    "state": {
        "worker_state": "MODIFY_COMPLETED", 
        "heat_outputs": "[{\"output_value\": \"default-domain:admin:f68d0924-ef20-4c1b-ac45-0e6b879af5e7\", \"description\": \"Fully Qualified Name of the VMI\", \"output_key\": \"fq_name\"}, {\"output_value\": {\"allowed_address_pair\": []}, \"description\": \"Virtual machine allowed address pairs.\", \"output_key\": \"allowed_address_pairs\"}, {\"output_value\": \"cc987cdf-428c-446c-a390-540c5af4449d\", \"description\": \"Monitoring Target ID\", \"output_key\": \"monitoring_target_id\"}, {\"output_value\": [\"fa:16:3e:f7:60:7f\"], \"description\": \"Virtual machine interface mac address.\", \"output_key\": \"mac_address\"}, {\"output_value\": [[\"default-domain\", \"admin\", \"b62eefe0-0872-478d-adfe-1a606320f0e7\"]], \"description\": \"Virtual network.\", \"output_key\": \"virtual_network\"}, {\"output_value\": \"f68d0924-ef20-4c1b-ac45-0e6b879af5e7\", \"description\": \"A unique id for the virtual machine interface.\", \"output_key\": \"id\"}, {\"output_value\": \"http://collector-agents-se:7070/targets/cc987cdf-428c-446c-a390-540c5af4449d\", \"description\": \"Monitoring Process Link\", \"output_key\": \"monitoring_link\"}]", 
        "orchestration_state": "UPDATE_COMPLETE"
    }, 
    "version": 3, 
    "error": ""
}]
2018-02-19 05:17:38,125:DEBUG:New etcd client created for etcd-server:2379/v2
2018-02-19 05:17:38,126:DEBUG:About to wait on key /state, index None
2018-02-19 05:17:38,126:DEBUG:Issuing read for key /state with args {'recursive': True, 'timeout': None, 'wait': True}
2018-02-19 05:17:38,127:DEBUG:Starting new HTTP connection (1): etcd-server
2018-02-19 05:17:38,129:DEBUG:http://etcd-server:2379 "GET /v2/keys/state?recursive=true&wait=true HTTP/1.1" 200 None
2018-02-19 05:21:34,171:DEBUG:
*** Consume stored data in etcd ***
 action=[set], key=[/state/v2.0/ports/db3bff62-cf93-48ce-8d6b-cfb2f7fd7dfc],
 value=[{
    "state": {
        "worker_state": "MODIFY_COMPLETED", 
        "heat_outputs": "[{\"output_value\": [[\"default-domain\", \"admin\", \"b62eefe0-0872-478d-adfe-1a606320f0e7\"]], \"description\": \"Virtual network.\", \"output_key\": \"virtual_network\"}, {\"output_value\": \"default-domain:admin:f68d0924-ef20-4c1b-ac45-0e6b879af5e7\", \"description\": \"Fully Qualified Name of the VMI\", \"output_key\": \"fq_name\"}, {\"output_value\": \"f68d0924-ef20-4c1b-ac45-0e6b879af5e7\", \"description\": \"A unique id for the virtual machine interface.\", \"output_key\": \"id\"}, {\"output_value\": {\"allowed_address_pair\": []}, \"description\": \"Virtual machine allowed address pairs.\", \"output_key\": \"allowed_address_pairs\"}, {\"output_value\": [\"fa:16:3e:f7:60:7f\"], \"description\": \"Virtual machine interface mac address.\", \"output_key\": \"mac_address\"}]", 
        "orchestration_state": "UPDATE_COMPLETE"
    }, 
    "version": 2, 
    "error": ""
}]
2018-02-19 05:21:34,172:DEBUG:New etcd client created for etcd-server:2379/v2
2018-02-19 05:21:34,173:DEBUG:About to wait on key /state, index None
2018-02-19 05:21:34,173:DEBUG:Issuing read for key /state with args {'recursive': True, 'timeout': None, 'wait': True}
2018-02-19 05:21:34,175:DEBUG:Starting new HTTP connection (1): etcd-server
2018-02-19 05:21:34,177:DEBUG:http://etcd-server:2379 "GET /v2/keys/state?recursive=true&wait=true HTTP/1.1" 200 None
2018-02-19 05:21:45,062:DEBUG:
*** Consume stored data in etcd ***
 action=[set], key=[/state/v2.0/ports/db3bff62-cf93-48ce-8d6b-cfb2f7fd7dfc],
 value=[{
    "state": {
        "worker_state": "MODIFY_COMPLETED", 
        "heat_outputs": "[{\"output_value\": \"default-domain:admin:f68d0924-ef20-4c1b-ac45-0e6b879af5e7\", \"description\": \"Fully Qualified Name of the VMI\", \"output_key\": \"fq_name\"}, {\"output_value\": {\"allowed_address_pair\": []}, \"description\": \"Virtual machine allowed address pairs.\", \"output_key\": \"allowed_address_pairs\"}, {\"output_value\": \"9914421e-bc09-46d0-bd4f-e2b3d9f31bff\", \"description\": \"Monitoring Target ID\", \"output_key\": \"monitoring_target_id\"}, {\"output_value\": [\"fa:16:3e:f7:60:7f\"], \"description\": \"Virtual machine interface mac address.\", \"output_key\": \"mac_address\"}, {\"output_value\": [[\"default-domain\", \"admin\", \"b62eefe0-0872-478d-adfe-1a606320f0e7\"]], \"description\": \"Virtual network.\", \"output_key\": \"virtual_network\"}, {\"output_value\": \"f68d0924-ef20-4c1b-ac45-0e6b879af5e7\", \"description\": \"A unique id for the virtual machine interface.\", \"output_key\": \"id\"}, {\"output_value\": \"http://collector-agents-se:7070/targets/9914421e-bc09-46d0-bd4f-e2b3d9f31bff\", \"description\": \"Monitoring Process Link\", \"output_key\": \"monitoring_link\"}]", 
        "orchestration_state": "UPDATE_COMPLETE"
    }, 
    "version": 3, 
    "error": ""
}]
2018-02-19 05:21:45,063:DEBUG:New etcd client created for etcd-server:2379/v2
2018-02-19 05:21:45,064:DEBUG:About to wait on key /state, index None
2018-02-19 05:21:45,065:DEBUG:Issuing read for key /state with args {'recursive': True, 'timeout': None, 'wait': True}
2018-02-19 05:21:45,068:DEBUG:Starting new HTTP connection (1): etcd-server
2018-02-19 05:21:45,070:DEBUG:http://etcd-server:2379 "GET /v2/keys/state?recursive=true&wait=true HTTP/1.1" 200 None
2018-02-19 05:21:47,323:DEBUG:
*** Consume stored data in etcd ***
 action=[set], key=[/state/v2.0/ports/a7e5822c-5c04-4c5f-a5ac-b0e0ad50159f],
 value=[{
    "state": {
        "worker_state": "MODIFY_COMPLETED", 
        "heat_outputs": "[{\"output_value\": [[\"default-domain\", \"admin\", \"b62eefe0-0872-478d-adfe-1a606320f0e7\"]], \"description\": \"Virtual network.\", \"output_key\": \"virtual_network\"}, {\"output_value\": \"default-domain:admin:f68d0924-ef20-4c1b-ac45-0e6b879af5e7\", \"description\": \"Fully Qualified Name of the VMI\", \"output_key\": \"fq_name\"}, {\"output_value\": \"f68d0924-ef20-4c1b-ac45-0e6b879af5e7\", \"description\": \"A unique id for the virtual machine interface.\", \"output_key\": \"id\"}, {\"output_value\": {\"allowed_address_pair\": []}, \"description\": \"Virtual machine allowed address pairs.\", \"output_key\": \"allowed_address_pairs\"}, {\"output_value\": [\"fa:16:3e:f7:60:7f\"], \"description\": \"Virtual machine interface mac address.\", \"output_key\": \"mac_address\"}]", 
        "orchestration_state": "UPDATE_COMPLETE"
    }, 
    "version": 2, 
    "error": ""
}]
2018-02-19 05:21:47,323:DEBUG:New etcd client created for etcd-server:2379/v2
2018-02-19 05:21:47,324:DEBUG:About to wait on key /state, index None
2018-02-19 05:21:47,324:DEBUG:Issuing read for key /state with args {'recursive': True, 'timeout': None, 'wait': True}
2018-02-19 05:21:47,325:DEBUG:Starting new HTTP connection (1): etcd-server
2018-02-19 05:21:47,326:DEBUG:http://etcd-server:2379 "GET /v2/keys/state?recursive=true&wait=true HTTP/1.1" 200 None
2018-02-19 05:21:56,059:DEBUG:
*** Consume stored data in etcd ***
 action=[set], key=[/state/v2.0/vnf_instances/398d65ba-0060-456e-b415-5bc954450717],
 value=[{
    "state": {
        "worker_state": "CREATE_COMPLETED", 
        "heat_outputs": "[{\"output_value\": \"47531b14-72e9-439d-8949-fd941457ecde\", \"description\": \"A unique id for the nova server.\", \"output_key\": \"server_id\"}, {\"output_value\": \"8bc1f992-4810-4d3c-af4f-26d93419fb2b\", \"description\": \"Monitoring Target ID\", \"output_key\": \"monitoring_target_id\"}, {\"output_value\": \"http://collector-agents-se:7070/targets/8bc1f992-4810-4d3c-af4f-26d93419fb2b\", \"description\": \"Monitoring Process Link\", \"output_key\": \"monitoring_link\"}]", 
        "orchestration_state": "CREATE_COMPLETE"
    }, 
    "version": 1, 
    "error": ""
}]
2018-02-19 05:21:56,061:DEBUG:New etcd client created for etcd-server:2379/v2
2018-02-19 05:21:56,061:DEBUG:About to wait on key /state, index None
2018-02-19 05:21:56,062:DEBUG:Issuing read for key /state with args {'recursive': True, 'timeout': None, 'wait': True}
2018-02-19 05:21:56,063:DEBUG:Starting new HTTP connection (1): etcd-server
2018-02-19 05:21:56,066:DEBUG:http://etcd-server:2379 "GET /v2/keys/state?recursive=true&wait=true HTTP/1.1" 200 None
2018-02-19 05:21:58,135:DEBUG:
*** Consume stored data in etcd ***
 action=[set], key=[/state/v2.0/ports/a7e5822c-5c04-4c5f-a5ac-b0e0ad50159f],
 value=[{
    "state": {
        "worker_state": "MODIFY_COMPLETED", 
        "heat_outputs": "[{\"output_value\": \"default-domain:admin:f68d0924-ef20-4c1b-ac45-0e6b879af5e7\", \"description\": \"Fully Qualified Name of the VMI\", \"output_key\": \"fq_name\"}, {\"output_value\": {\"allowed_address_pair\": []}, \"description\": \"Virtual machine allowed address pairs.\", \"output_key\": \"allowed_address_pairs\"}, {\"output_value\": \"794f28f6-0c97-4a0e-af7a-5696dcd4c3c7\", \"description\": \"Monitoring Target ID\", \"output_key\": \"monitoring_target_id\"}, {\"output_value\": [\"fa:16:3e:f7:60:7f\"], \"description\": \"Virtual machine interface mac address.\", \"output_key\": \"mac_address\"}, {\"output_value\": [[\"default-domain\", \"admin\", \"b62eefe0-0872-478d-adfe-1a606320f0e7\"]], \"description\": \"Virtual network.\", \"output_key\": \"virtual_network\"}, {\"output_value\": \"f68d0924-ef20-4c1b-ac45-0e6b879af5e7\", \"description\": \"A unique id for the virtual machine interface.\", \"output_key\": \"id\"}, {\"output_value\": \"http://collector-agents-se:7070/targets/794f28f6-0c97-4a0e-af7a-5696dcd4c3c7\", \"description\": \"Monitoring Process Link\", \"output_key\": \"monitoring_link\"}]", 
        "orchestration_state": "UPDATE_COMPLETE"
    }, 
    "version": 3, 
    "error": ""
}]
2018-02-19 05:21:58,136:DEBUG:New etcd client created for etcd-server:2379/v2
2018-02-19 05:21:58,136:DEBUG:About to wait on key /state, index None
2018-02-19 05:21:58,137:DEBUG:Issuing read for key /state with args {'recursive': True, 'timeout': None, 'wait': True}
2018-02-19 05:21:58,138:DEBUG:Starting new HTTP connection (1): etcd-server
2018-02-19 05:21:58,140:DEBUG:http://etcd-server:2379 "GET /v2/keys/state?recursive=true&wait=true HTTP/1.1" 200 None
2018-02-19 05:21:58,185:DEBUG:
*** Consume stored data in etcd ***
 action=[set], key=[/state/v2.0/load_balancer_confs/1d2023e1-0cf4-48a1-af42-ab32466b2acb],
 value=[{
    "state": {
        "worker_state": "CREATE_COMPLETED", 
        "heat_outputs": "[]", 
        "orchestration_state": "CREATE_COMPLETE"
    }, 
    "version": 1, 
    "error": ""
}]
2018-02-19 05:21:58,185:DEBUG:New etcd client created for etcd-server:2379/v2
2018-02-19 05:21:58,187:DEBUG:About to wait on key /state, index None
2018-02-19 05:21:58,188:DEBUG:Issuing read for key /state with args {'recursive': True, 'timeout': None, 'wait': True}
2018-02-19 05:21:58,189:DEBUG:Starting new HTTP connection (1): etcd-server
2018-02-19 05:21:58,191:DEBUG:http://etcd-server:2379 "GET /v2/keys/state?recursive=true&wait=true HTTP/1.1" 200 None
2018-02-19 05:22:00,133:DEBUG:
*** Consume stored data in etcd ***
 action=[set], key=[/state/v2.0/load_balancers/b311c470-d878-4fea-8466-a4393938f2d4],
 value=[{
    "state": {
        "worker_state": "CREATE_COMPLETED", 
        "heat_outputs": "[{\"output_value\": \"8a031503-513d-4d7b-ac78-0ac2631fe786\", \"description\": \"Monitoring Target ID\", \"output_key\": \"monitoring_target_id\"}, {\"output_value\": \"http://collector-agents-se:7070/targets/8a031503-513d-4d7b-ac78-0ac2631fe786\", \"description\": \"Monitoring Process Link\", \"output_key\": \"monitoring_link\"}]", 
        "orchestration_state": "CREATE_COMPLETE"
    }, 
    "version": 1, 
    "error": ""
}]
2018-02-19 05:22:00,134:DEBUG:New etcd client created for etcd-server:2379/v2
2018-02-19 05:22:00,134:DEBUG:About to wait on key /state, index None
2018-02-19 05:22:00,135:DEBUG:Issuing read for key /state with args {'recursive': True, 'timeout': None, 'wait': True}
2018-02-19 05:22:00,136:DEBUG:Starting new HTTP connection (1): etcd-server
2018-02-19 05:22:00,138:DEBUG:http://etcd-server:2379 "GET /v2/keys/state?recursive=true&wait=true HTTP/1.1" 200 None
2018-02-19 05:22:02,897:DEBUG:
*** Consume stored data in etcd ***
 action=[set], key=[/state/v2.0/load_balancer_interfaces/7f2bef0a-26f3-4ec9-89de-1aee7f04f998],
 value=[{
    "state": {
        "worker_state": "CREATE_COMPLETED", 
        "heat_outputs": "[{\"output_value\": \"c2ad3511-dcc2-4e31-9702-a2e01ea39b27\", \"description\": \"Monitoring Target ID\", \"output_key\": \"monitoring_target_id\"}, {\"output_value\": \"http://collector-agents-se:7070/targets/c2ad3511-dcc2-4e31-9702-a2e01ea39b27\", \"description\": \"Monitoring Process Link\", \"output_key\": \"monitoring_link\"}]", 
        "orchestration_state": "CREATE_COMPLETE"
    }, 
    "version": 1, 
    "error": ""
}]
2018-02-19 05:22:02,897:DEBUG:New etcd client created for etcd-server:2379/v2
2018-02-19 05:22:02,898:DEBUG:About to wait on key /state, index None
2018-02-19 05:22:02,898:DEBUG:Issuing read for key /state with args {'recursive': True, 'timeout': None, 'wait': True}
2018-02-19 05:22:02,899:DEBUG:Starting new HTTP connection (1): etcd-server
2018-02-19 05:22:02,901:DEBUG:http://etcd-server:2379 "GET /v2/keys/state?recursive=true&wait=true HTTP/1.1" 200 None
2018-02-19 05:22:02,988:DEBUG:
*** Consume stored data in etcd ***
 action=[set], key=[/state/v2.0/load_balancer_interfaces/24580bfc-32f4-4c0f-8e8a-c7288497aa7c],
 value=[{
    "state": {
        "worker_state": "CREATE_COMPLETED", 
        "heat_outputs": "[{\"output_value\": \"2da66917-604c-4076-8c21-79da05f6479e\", \"description\": \"Monitoring Target ID\", \"output_key\": \"monitoring_target_id\"}, {\"output_value\": \"http://collector-agents-se:7070/targets/2da66917-604c-4076-8c21-79da05f6479e\", \"description\": \"Monitoring Process Link\", \"output_key\": \"monitoring_link\"}]", 
        "orchestration_state": "CREATE_COMPLETE"
    }, 
    "version": 1, 
    "error": ""
}]
2018-02-19 05:22:02,989:DEBUG:New etcd client created for etcd-server:2379/v2
2018-02-19 05:22:02,989:DEBUG:About to wait on key /state, index None
2018-02-19 05:22:02,990:DEBUG:Issuing read for key /state with args {'recursive': True, 'timeout': None, 'wait': True}
2018-02-19 05:22:02,990:DEBUG:Starting new HTTP connection (1): etcd-server
2018-02-19 05:22:02,992:DEBUG:http://etcd-server:2379 "GET /v2/keys/state?recursive=true&wait=true HTTP/1.1" 200 None
2018-02-19 05:22:03,021:DEBUG:
*** Consume stored data in etcd ***
 action=[set], key=[/state/v2.0/load_balancer_interfaces/63121c05-53c3-4cff-9c27-5d4055541a63],
 value=[{
    "state": {
        "worker_state": "CREATE_COMPLETED", 
        "heat_outputs": "[{\"output_value\": \"130f173c-2799-4337-8ee5-d1a93a9882a9\", \"description\": \"Monitoring Target ID\", \"output_key\": \"monitoring_target_id\"}, {\"output_value\": \"http://collector-agents-se:7070/targets/130f173c-2799-4337-8ee5-d1a93a9882a9\", \"description\": \"Monitoring Process Link\", \"output_key\": \"monitoring_link\"}]", 
        "orchestration_state": "CREATE_COMPLETE"
    }, 
    "version": 1, 
    "error": ""
}]
2018-02-19 05:22:03,021:DEBUG:New etcd client created for etcd-server:2379/v2
2018-02-19 05:22:03,022:DEBUG:About to wait on key /state, index None
2018-02-19 05:22:03,022:DEBUG:Issuing read for key /state with args {'recursive': True, 'timeout': None, 'wait': True}
2018-02-19 05:22:03,023:DEBUG:Starting new HTTP connection (1): etcd-server
2018-02-19 05:22:03,025:DEBUG:http://etcd-server:2379 "GET /v2/keys/state?recursive=true&wait=true HTTP/1.1" 200 None
2018-02-19 05:23:56,816:DEBUG:
*** Consume stored data in etcd ***
 action=[set], key=[/state/v2.0/networks/774acf45-316f-4431-b31b-08770b76d761],
 value=[{
    "state": {
        "worker_state": "CREATE_COMPLETED", 
        "heat_outputs": "[{\"output_value\": [], \"description\": \"The name of the virtual network.\", \"output_key\": \"route_targets\"}, {\"output_value\": \"default-domain:usertenant:774acf45-316f-4431-b31b-08770b76d761\", \"description\": \"The FQ name of the virtual network.\", \"output_key\": \"fq_name\"}, {\"output_value\": \"774acf45-316f-4431-b31b-08770b76d761\", \"description\": \"A unique id for the virtual network.\", \"output_key\": \"id\"}, {\"output_value\": \"774acf45-316f-4431-b31b-08770b76d761\", \"description\": \"The name of the virtual network.\", \"output_key\": \"name\"}]", 
        "orchestration_state": "CREATE_COMPLETE"
    }, 
    "version": 1, 
    "error": ""
}]
2018-02-19 05:23:56,817:DEBUG:New etcd client created for etcd-server:2379/v2
2018-02-19 05:23:56,818:DEBUG:About to wait on key /state, index None
2018-02-19 05:23:56,819:DEBUG:Issuing read for key /state with args {'recursive': True, 'timeout': None, 'wait': True}
2018-02-19 05:23:56,820:DEBUG:Starting new HTTP connection (1): etcd-server
2018-02-19 05:23:56,822:DEBUG:http://etcd-server:2379 "GET /v2/keys/state?recursive=true&wait=true HTTP/1.1" 200 None
2018-02-19 05:24:02,933:DEBUG:
*** Consume stored data in etcd ***
 action=[set], key=[/state/v2.0/ports/6b5b32b0-e1fc-430d-9ae0-57306fab7285],
 value=[{
    "state": {
        "worker_state": "READ_COMPLETE"
    }, 
    "version": 1, 
    "error": ""
}]
2018-02-19 05:24:02,933:DEBUG:New etcd client created for etcd-server:2379/v2
2018-02-19 05:24:02,934:DEBUG:About to wait on key /state, index None
2018-02-19 05:24:02,934:DEBUG:Issuing read for key /state with args {'recursive': True, 'timeout': None, 'wait': True}
2018-02-19 05:24:02,935:DEBUG:Starting new HTTP connection (1): etcd-server
2018-02-19 05:24:02,937:DEBUG:http://etcd-server:2379 "GET /v2/keys/state?recursive=true&wait=true HTTP/1.1" 200 None
2018-02-19 05:24:05,219:DEBUG:
*** Consume stored data in etcd ***
 action=[set], key=[/state/v2.0/subnets/c2c9520b-026d-444a-8db9-c1cb9d71c130],
 value=[{
    "state": {
        "worker_state": "CREATE_COMPLETED", 
        "heat_outputs": "[{\"output_value\": \"10.225.225.0/24\", \"description\": \"IP prefix of local subnet.\", \"output_key\": \"ip_prefix\"}, {\"output_value\": \"c2c9520b-026d-444a-8db9-c1cb9d71c130\", \"description\": \"The name of the local subnet.\", \"output_key\": \"name\"}, {\"output_value\": \"10.225.225.1\", \"description\": \"Default gateway of local subnet.\", \"output_key\": \"default_gateway\"}, {\"output_value\": \"774acf45-316f-4431-b31b-08770b76d761\", \"description\": \"A unique id for the network.\", \"output_key\": \"network_id\"}, {\"output_value\": \"5a79909b-2bf3-4e26-8a9c-0bf6bb175457\", \"description\": \"IPAM this local subnet uses.\", \"output_key\": \"ipam\"}, {\"output_value\": \"43f081ee-2527-4821-90b9-5560459c95a0\", \"description\": \"A unique id for the local subnet.\", \"output_key\": \"id\"}]", 
        "orchestration_state": "CREATE_COMPLETE"
    }, 
    "version": 1, 
    "error": ""
}]
2018-02-19 05:24:05,220:DEBUG:New etcd client created for etcd-server:2379/v2
2018-02-19 05:24:05,221:DEBUG:About to wait on key /state, index None
2018-02-19 05:24:05,222:DEBUG:Issuing read for key /state with args {'recursive': True, 'timeout': None, 'wait': True}
2018-02-19 05:24:05,222:DEBUG:Starting new HTTP connection (1): etcd-server
2018-02-19 05:24:05,223:DEBUG:http://etcd-server:2379 "GET /v2/keys/state?recursive=true&wait=true HTTP/1.1" 200 None
2018-02-19 05:24:11,065:DEBUG:
*** Consume stored data in etcd ***
 action=[set], key=[/state/v2.0/vnf_interfaces/3f1be05a-6cae-4f5e-9985-15f6f714d8dc],
 value=[{
    "state": {
        "worker_state": "READ_COMPLETE"
    }, 
    "version": 2, 
    "error": ""
}]
2018-02-19 05:24:11,066:DEBUG:New etcd client created for etcd-server:2379/v2
2018-02-19 05:24:11,066:DEBUG:About to wait on key /state, index None
2018-02-19 05:24:11,067:DEBUG:Issuing read for key /state with args {'recursive': True, 'timeout': None, 'wait': True}
2018-02-19 05:24:11,068:DEBUG:Starting new HTTP connection (1): etcd-server
2018-02-19 05:24:11,079:DEBUG:http://etcd-server:2379 "GET /v2/keys/state?recursive=true&wait=true HTTP/1.1" 200 None
2018-02-19 05:24:14,710:DEBUG:
*** Consume stored data in etcd ***
 action=[set], key=[/state/v2.0/ports/23464cbc-d910-430a-93f7-3776ea07f992],
 value=[{
    "state": {
        "worker_state": "CREATE_COMPLETED", 
        "heat_outputs": "[{\"output_value\": [[\"default-domain\", \"admin\", \"b62eefe0-0872-478d-adfe-1a606320f0e7\"]], \"description\": \"Virtual network.\", \"output_key\": \"virtual_network\"}, {\"output_value\": \"default-domain:admin:f68d0924-ef20-4c1b-ac45-0e6b879af5e7\", \"description\": \"Fully Qualified Name of the VMI\", \"output_key\": \"fq_name\"}, {\"output_value\": \"f68d0924-ef20-4c1b-ac45-0e6b879af5e7\", \"description\": \"A unique id for the virtual machine interface.\", \"output_key\": \"id\"}, {\"output_value\": {\"allowed_address_pair\": []}, \"description\": \"Virtual machine allowed address pairs.\", \"output_key\": \"allowed_address_pairs\"}, {\"output_value\": [\"fa:16:3e:f7:60:7f\"], \"description\": \"Virtual machine interface mac address.\", \"output_key\": \"mac_address\"}]", 
        "orchestration_state": "CREATE_COMPLETE"
    }, 
    "version": 1, 
    "error": ""
}]
2018-02-19 05:24:14,710:DEBUG:New etcd client created for etcd-server:2379/v2
2018-02-19 05:24:14,711:DEBUG:About to wait on key /state, index None
2018-02-19 05:24:14,711:DEBUG:Issuing read for key /state with args {'recursive': True, 'timeout': None, 'wait': True}
2018-02-19 05:24:14,712:DEBUG:Starting new HTTP connection (1): etcd-server
2018-02-19 05:24:14,713:DEBUG:http://etcd-server:2379 "GET /v2/keys/state?recursive=true&wait=true HTTP/1.1" 200 None
2018-02-19 05:24:22,414:DEBUG:
*** Consume stored data in etcd ***
 action=[set], key=[/state/v2.0/ports/db3bff62-cf93-48ce-8d6b-cfb2f7fd7dfc],
 value=[{
    "state": {
        "worker_state": "DELETE_COMPLETED", 
        "heat_outputs": "[]", 
        "orchestration_state": "DELETE_COMPLETE"
    }, 
    "version": 4, 
    "error": ""
}]
2018-02-19 05:24:22,415:DEBUG:New etcd client created for etcd-server:2379/v2
2018-02-19 05:24:22,416:DEBUG:About to wait on key /state, index None
2018-02-19 05:24:22,417:DEBUG:Issuing read for key /state with args {'recursive': True, 'timeout': None, 'wait': True}
2018-02-19 05:24:22,417:DEBUG:Starting new HTTP connection (1): etcd-server
2018-02-19 05:24:22,419:DEBUG:http://etcd-server:2379 "GET /v2/keys/state?recursive=true&wait=true HTTP/1.1" 200 None
2018-02-19 05:24:22,535:DEBUG:
*** Consume stored data in etcd ***
 action=[delete], key=[/state/v2.0/ports/db3bff62-cf93-48ce-8d6b-cfb2f7fd7dfc],
 value=[]
2018-02-19 05:24:22,536:DEBUG:New etcd client created for etcd-server:2379/v2
2018-02-19 05:24:22,537:DEBUG:About to wait on key /state, index None
2018-02-19 05:24:22,538:DEBUG:Issuing read for key /state with args {'recursive': True, 'timeout': None, 'wait': True}
2018-02-19 05:24:22,539:DEBUG:Starting new HTTP connection (1): etcd-server
2018-02-19 05:24:22,541:DEBUG:http://etcd-server:2379 "GET /v2/keys/state?recursive=true&wait=true HTTP/1.1" 200 None
2018-02-19 05:24:34,864:DEBUG:
*** Consume stored data in etcd ***
 action=[set], key=[/state/v2.0/ports/a7e5822c-5c04-4c5f-a5ac-b0e0ad50159f],
 value=[{
    "state": {
        "worker_state": "MODIFY_COMPLETED", 
        "heat_outputs": "[{\"output_value\": [[\"default-domain\", \"admin\", \"b62eefe0-0872-478d-adfe-1a606320f0e7\"]], \"description\": \"Virtual network.\", \"output_key\": \"virtual_network\"}, {\"output_value\": \"default-domain:admin:f68d0924-ef20-4c1b-ac45-0e6b879af5e7\", \"description\": \"Fully Qualified Name of the VMI\", \"output_key\": \"fq_name\"}, {\"output_value\": \"f68d0924-ef20-4c1b-ac45-0e6b879af5e7\", \"description\": \"A unique id for the virtual machine interface.\", \"output_key\": \"id\"}, {\"output_value\": {\"allowed_address_pair\": []}, \"description\": \"Virtual machine allowed address pairs.\", \"output_key\": \"allowed_address_pairs\"}, {\"output_value\": [\"fa:16:3e:f7:60:7f\"], \"description\": \"Virtual machine interface mac address.\", \"output_key\": \"mac_address\"}]", 
        "orchestration_state": "UPDATE_COMPLETE"
    }, 
    "version": 4, 
    "error": ""
}]
2018-02-19 05:24:34,864:DEBUG:New etcd client created for etcd-server:2379/v2
2018-02-19 05:24:34,865:DEBUG:About to wait on key /state, index None
2018-02-19 05:24:34,865:DEBUG:Issuing read for key /state with args {'recursive': True, 'timeout': None, 'wait': True}
2018-02-19 05:24:34,866:DEBUG:Starting new HTTP connection (1): etcd-server
2018-02-19 05:24:34,868:DEBUG:http://etcd-server:2379 "GET /v2/keys/state?recursive=true&wait=true HTTP/1.1" 200 None
2018-02-19 05:25:47,470:DEBUG:
*** Consume stored data in etcd ***
 action=[set], key=[/state/v2.0/ports/23464cbc-d910-430a-93f7-3776ea07f992],
 value=[{
    "state": {
        "worker_state": "MODIFY_COMPLETED", 
        "heat_outputs": "[{\"output_value\": [[\"default-domain\", \"admin\", \"b62eefe0-0872-478d-adfe-1a606320f0e7\"]], \"description\": \"Virtual network.\", \"output_key\": \"virtual_network\"}, {\"output_value\": \"default-domain:admin:f68d0924-ef20-4c1b-ac45-0e6b879af5e7\", \"description\": \"Fully Qualified Name of the VMI\", \"output_key\": \"fq_name\"}, {\"output_value\": \"f68d0924-ef20-4c1b-ac45-0e6b879af5e7\", \"description\": \"A unique id for the virtual machine interface.\", \"output_key\": \"id\"}, {\"output_value\": {\"allowed_address_pair\": []}, \"description\": \"Virtual machine allowed address pairs.\", \"output_key\": \"allowed_address_pairs\"}, {\"output_value\": [\"fa:16:3e:f7:60:7f\"], \"description\": \"Virtual machine interface mac address.\", \"output_key\": \"mac_address\"}]", 
        "orchestration_state": "UPDATE_COMPLETE"
    }, 
    "version": 2, 
    "error": ""
}]
2018-02-19 05:25:47,471:DEBUG:New etcd client created for etcd-server:2379/v2
2018-02-19 05:25:47,472:DEBUG:About to wait on key /state, index None
2018-02-19 05:25:47,473:DEBUG:Issuing read for key /state with args {'recursive': True, 'timeout': None, 'wait': True}
2018-02-19 05:25:47,474:DEBUG:Starting new HTTP connection (1): etcd-server
2018-02-19 05:25:47,475:DEBUG:http://etcd-server:2379 "GET /v2/keys/state?recursive=true&wait=true HTTP/1.1" 200 None
2018-02-19 05:25:58,781:DEBUG:
*** Consume stored data in etcd ***
 action=[set], key=[/state/v2.0/ports/23464cbc-d910-430a-93f7-3776ea07f992],
 value=[{
    "state": {
        "worker_state": "MODIFY_COMPLETED", 
        "heat_outputs": "[{\"output_value\": \"default-domain:admin:f68d0924-ef20-4c1b-ac45-0e6b879af5e7\", \"description\": \"Fully Qualified Name of the VMI\", \"output_key\": \"fq_name\"}, {\"output_value\": {\"allowed_address_pair\": []}, \"description\": \"Virtual machine allowed address pairs.\", \"output_key\": \"allowed_address_pairs\"}, {\"output_value\": \"45700507-166d-48af-b4e9-de9b8902d253\", \"description\": \"Monitoring Target ID\", \"output_key\": \"monitoring_target_id\"}, {\"output_value\": [\"fa:16:3e:f7:60:7f\"], \"description\": \"Virtual machine interface mac address.\", \"output_key\": \"mac_address\"}, {\"output_value\": [[\"default-domain\", \"admin\", \"b62eefe0-0872-478d-adfe-1a606320f0e7\"]], \"description\": \"Virtual network.\", \"output_key\": \"virtual_network\"}, {\"output_value\": \"f68d0924-ef20-4c1b-ac45-0e6b879af5e7\", \"description\": \"A unique id for the virtual machine interface.\", \"output_key\": \"id\"}, {\"output_value\": \"http://collector-agents-se:7070/targets/45700507-166d-48af-b4e9-de9b8902d253\", \"description\": \"Monitoring Process Link\", \"output_key\": \"monitoring_link\"}]", 
        "orchestration_state": "UPDATE_COMPLETE"
    }, 
    "version": 3, 
    "error": ""
}]
2018-02-19 05:25:58,783:DEBUG:New etcd client created for etcd-server:2379/v2
2018-02-19 05:25:58,783:DEBUG:About to wait on key /state, index None
2018-02-19 05:25:58,784:DEBUG:Issuing read for key /state with args {'recursive': True, 'timeout': None, 'wait': True}
2018-02-19 05:25:58,785:DEBUG:Starting new HTTP connection (1): etcd-server
2018-02-19 05:25:58,789:DEBUG:http://etcd-server:2379 "GET /v2/keys/state?recursive=true&wait=true HTTP/1.1" 200 None
2018-02-19 05:26:01,086:DEBUG:
*** Consume stored data in etcd ***
 action=[set], key=[/state/v2.0/ports/a7e5822c-5c04-4c5f-a5ac-b0e0ad50159f],
 value=[{
    "state": {
        "worker_state": "MODIFY_COMPLETED", 
        "heat_outputs": "[{\"output_value\": [[\"default-domain\", \"admin\", \"b62eefe0-0872-478d-adfe-1a606320f0e7\"]], \"description\": \"Virtual network.\", \"output_key\": \"virtual_network\"}, {\"output_value\": \"default-domain:admin:f68d0924-ef20-4c1b-ac45-0e6b879af5e7\", \"description\": \"Fully Qualified Name of the VMI\", \"output_key\": \"fq_name\"}, {\"output_value\": \"f68d0924-ef20-4c1b-ac45-0e6b879af5e7\", \"description\": \"A unique id for the virtual machine interface.\", \"output_key\": \"id\"}, {\"output_value\": {\"allowed_address_pair\": []}, \"description\": \"Virtual machine allowed address pairs.\", \"output_key\": \"allowed_address_pairs\"}, {\"output_value\": [\"fa:16:3e:f7:60:7f\"], \"description\": \"Virtual machine interface mac address.\", \"output_key\": \"mac_address\"}]", 
        "orchestration_state": "UPDATE_COMPLETE"
    }, 
    "version": 5, 
    "error": ""
}]
2018-02-19 05:26:01,086:DEBUG:New etcd client created for etcd-server:2379/v2
2018-02-19 05:26:01,087:DEBUG:About to wait on key /state, index None
2018-02-19 05:26:01,088:DEBUG:Issuing read for key /state with args {'recursive': True, 'timeout': None, 'wait': True}
2018-02-19 05:26:01,088:DEBUG:Starting new HTTP connection (1): etcd-server
2018-02-19 05:26:01,092:DEBUG:http://etcd-server:2379 "GET /v2/keys/state?recursive=true&wait=true HTTP/1.1" 200 None
2018-02-19 05:26:11,852:DEBUG:
*** Consume stored data in etcd ***
 action=[set], key=[/state/v2.0/ports/a7e5822c-5c04-4c5f-a5ac-b0e0ad50159f],
 value=[{
    "state": {
        "worker_state": "MODIFY_COMPLETED", 
        "heat_outputs": "[{\"output_value\": \"default-domain:admin:f68d0924-ef20-4c1b-ac45-0e6b879af5e7\", \"description\": \"Fully Qualified Name of the VMI\", \"output_key\": \"fq_name\"}, {\"output_value\": {\"allowed_address_pair\": []}, \"description\": \"Virtual machine allowed address pairs.\", \"output_key\": \"allowed_address_pairs\"}, {\"output_value\": \"d78c0cfb-8677-4ea3-9acb-fa6c5a39847d\", \"description\": \"Monitoring Target ID\", \"output_key\": \"monitoring_target_id\"}, {\"output_value\": [\"fa:16:3e:f7:60:7f\"], \"description\": \"Virtual machine interface mac address.\", \"output_key\": \"mac_address\"}, {\"output_value\": [[\"default-domain\", \"admin\", \"b62eefe0-0872-478d-adfe-1a606320f0e7\"]], \"description\": \"Virtual network.\", \"output_key\": \"virtual_network\"}, {\"output_value\": \"f68d0924-ef20-4c1b-ac45-0e6b879af5e7\", \"description\": \"A unique id for the virtual machine interface.\", \"output_key\": \"id\"}, {\"output_value\": \"http://collector-agents-se:7070/targets/d78c0cfb-8677-4ea3-9acb-fa6c5a39847d\", \"description\": \"Monitoring Process Link\", \"output_key\": \"monitoring_link\"}]", 
        "orchestration_state": "UPDATE_COMPLETE"
    }, 
    "version": 6, 
    "error": ""
}]
2018-02-19 05:26:11,853:DEBUG:New etcd client created for etcd-server:2379/v2
2018-02-19 05:26:11,854:DEBUG:About to wait on key /state, index None
2018-02-19 05:26:11,854:DEBUG:Issuing read for key /state with args {'recursive': True, 'timeout': None, 'wait': True}
2018-02-19 05:26:11,855:DEBUG:Starting new HTTP connection (1): etcd-server
2018-02-19 05:26:11,857:DEBUG:http://etcd-server:2379 "GET /v2/keys/state?recursive=true&wait=true HTTP/1.1" 200 None
2018-02-19 05:26:13,473:DEBUG:
*** Consume stored data in etcd ***
 action=[set], key=[/state/v2.0/vnf_instances/398d65ba-0060-456e-b415-5bc954450717],
 value=[{
    "state": {
        "worker_state": "MODIFY_COMPLETED", 
        "heat_outputs": "[{\"output_value\": \"47531b14-72e9-439d-8949-fd941457ecde\", \"description\": \"A unique id for the nova server.\", \"output_key\": \"server_id\"}, {\"output_value\": \"ed1b9e59-0d6f-44d9-83bc-07ba4a236598\", \"description\": \"Monitoring Target ID\", \"output_key\": \"monitoring_target_id\"}, {\"output_value\": \"http://collector-agents-se:7070/targets/ed1b9e59-0d6f-44d9-83bc-07ba4a236598\", \"description\": \"Monitoring Process Link\", \"output_key\": \"monitoring_link\"}]", 
        "orchestration_state": "UPDATE_COMPLETE"
    }, 
    "version": 2, 
    "error": ""
}]
2018-02-19 05:26:13,475:DEBUG:New etcd client created for etcd-server:2379/v2
2018-02-19 05:26:13,475:DEBUG:About to wait on key /state, index None
2018-02-19 05:26:13,475:DEBUG:Issuing read for key /state with args {'recursive': True, 'timeout': None, 'wait': True}
2018-02-19 05:26:13,476:DEBUG:Starting new HTTP connection (1): etcd-server
2018-02-19 05:26:13,478:DEBUG:http://etcd-server:2379 "GET /v2/keys/state?recursive=true&wait=true HTTP/1.1" 200 None
2018-02-19 05:26:18,934:DEBUG:
*** Consume stored data in etcd ***
 action=[set], key=[/state/v2.0/load_balancer_confs/1d2023e1-0cf4-48a1-af42-ab32466b2acb],
 value=[{
    "state": {
        "worker_state": "MODIFY_COMPLETED", 
        "heat_outputs": "[]", 
        "orchestration_state": "UPDATE_COMPLETE"
    }, 
    "version": 2, 
    "error": ""
}]
2018-02-19 05:26:18,935:DEBUG:New etcd client created for etcd-server:2379/v2
2018-02-19 05:26:18,936:DEBUG:About to wait on key /state, index None
2018-02-19 05:26:18,936:DEBUG:Issuing read for key /state with args {'recursive': True, 'timeout': None, 'wait': True}
2018-02-19 05:26:18,937:DEBUG:Starting new HTTP connection (1): etcd-server
2018-02-19 05:26:18,940:DEBUG:http://etcd-server:2379 "GET /v2/keys/state?recursive=true&wait=true HTTP/1.1" 200 None
2018-02-19 05:26:24,534:DEBUG:
*** Consume stored data in etcd ***
 action=[set], key=[/state/v2.0/load_balancers/b311c470-d878-4fea-8466-a4393938f2d4],
 value=[{
    "state": {
        "worker_state": "MODIFY_COMPLETED", 
        "heat_outputs": "[{\"output_value\": \"668aabd6-71fe-4e0a-9842-421dce35d777\", \"description\": \"Monitoring Target ID\", \"output_key\": \"monitoring_target_id\"}, {\"output_value\": \"http://collector-agents-se:7070/targets/668aabd6-71fe-4e0a-9842-421dce35d777\", \"description\": \"Monitoring Process Link\", \"output_key\": \"monitoring_link\"}]", 
        "orchestration_state": "UPDATE_COMPLETE"
    }, 
    "version": 2, 
    "error": ""
}]
2018-02-19 05:26:24,534:DEBUG:New etcd client created for etcd-server:2379/v2
2018-02-19 05:26:24,535:DEBUG:About to wait on key /state, index None
2018-02-19 05:26:24,535:DEBUG:Issuing read for key /state with args {'recursive': True, 'timeout': None, 'wait': True}
2018-02-19 05:26:24,536:DEBUG:Starting new HTTP connection (1): etcd-server
2018-02-19 05:26:24,539:DEBUG:http://etcd-server:2379 "GET /v2/keys/state?recursive=true&wait=true HTTP/1.1" 200 None
2018-02-19 05:26:30,126:DEBUG:
*** Consume stored data in etcd ***
 action=[set], key=[/state/v2.0/load_balancer_interfaces/24580bfc-32f4-4c0f-8e8a-c7288497aa7c],
 value=[{
    "state": {
        "worker_state": "MODIFY_COMPLETED", 
        "heat_outputs": "[{\"output_value\": \"9fc3003a-56fd-4a6c-9cac-0c1ab74f11c8\", \"description\": \"Monitoring Target ID\", \"output_key\": \"monitoring_target_id\"}, {\"output_value\": \"http://collector-agents-se:7070/targets/9fc3003a-56fd-4a6c-9cac-0c1ab74f11c8\", \"description\": \"Monitoring Process Link\", \"output_key\": \"monitoring_link\"}]", 
        "orchestration_state": "UPDATE_COMPLETE"
    }, 
    "version": 2, 
    "error": ""
}]
2018-02-19 05:26:30,127:DEBUG:New etcd client created for etcd-server:2379/v2
2018-02-19 05:26:30,127:DEBUG:About to wait on key /state, index None
2018-02-19 05:26:30,128:DEBUG:Issuing read for key /state with args {'recursive': True, 'timeout': None, 'wait': True}
2018-02-19 05:26:30,129:DEBUG:Starting new HTTP connection (1): etcd-server
2018-02-19 05:26:30,130:DEBUG:http://etcd-server:2379 "GET /v2/keys/state?recursive=true&wait=true HTTP/1.1" 200 None
