2017-05-11 04:57:58,726 [1;37mINFO[0m monitoring_worker - Registered gohan 2-step delete flag: marked_for_deletion (resources.py - 62)
2017-05-11 04:57:58,726 [1;34mDEBUG[0m monitoring_worker - Gohan config path: /config (resources.py - 274)
2017-05-11 04:57:58,726 [1;34mDEBUG[0m monitoring_worker - Gohan state path: /state (resources.py - 298)
2017-05-11 04:57:58,944 [1;33mWARNING[0m monitoring_worker - Could not reach gohan. Retrying in 1s. (gohan.py - 27)
2017-05-11 04:57:59,947 [1;33mWARNING[0m monitoring_worker - Could not reach gohan. Retrying in 2s. (gohan.py - 27)
2017-05-11 04:58:01,952 [1;33mWARNING[0m monitoring_worker - Could not reach gohan. Retrying in 4s. (gohan.py - 27)
2017-05-11 04:58:05,960 [1;33mWARNING[0m monitoring_worker - Could not reach gohan. Retrying in 8s. (gohan.py - 27)
2017-05-11 04:58:13,967 [1;33mWARNING[0m monitoring_worker - Could not reach gohan. Retrying in 16s. (gohan.py - 27)
2017-05-11 04:58:29,980 [1;33mWARNING[0m monitoring_worker - Could not reach gohan. Retrying in 16s. (gohan.py - 27)
2017-05-11 04:58:45,998 [1;33mWARNING[0m monitoring_worker - Could not reach gohan. Retrying in 16s. (gohan.py - 27)
================================================
2017-05-11 04:59:02,237 [1;34mDEBUG[0m monitoring_worker - Starting worker. (etcd_worker.py - 229)
2017-05-11 04:59:02,238 [1;34mDEBUG[0m monitoring_worker - Worker started. (etcd_worker.py - 232)
2017-05-11 04:59:02,238 [1;34mDEBUG[0m monitoring_worker - Waiting for a job. (etcd_worker.py - 217)
2017-05-11 04:59:02,238 [1;34mDEBUG[0m monitoring_worker - 8 job slots available (etcd_worker.py - 212)
2017-05-11 04:59:21,685 [1;34mDEBUG[0m monitoring_worker - Reserved job: create:monitoring_worker:ese_device:5314fffc-6c86-4410-a64b-5386286ac629:1:x2624 using id: a983d007-1871-4447-812e-0e075fda1c3f (job_queue.py - 245)
2017-05-11 04:59:21,687 [1;34mDEBUG[0m monitoring_worker - Waiting for a job. (etcd_worker.py - 217)
2017-05-11 04:59:21,687 [1;34mDEBUG[0m monitoring_worker - 7 job slots available (etcd_worker.py - 212)
2017-05-11 04:59:21,692 [1;34mDEBUG[0m monitoring_worker - Starting work on new ready job create:monitoring_worker:ese_device:5314fffc-6c86-4410-a64b-5386286ac629:1:x2624 (etcd_worker.py - 113)
2017-05-11 04:59:21,692 [1;34mDEBUG[0m monitoring_worker - Running job create ese_device:5314fffc-6c86-4410-a64b-5386286ac629 (monitoring_worker.py - 178)
2017-05-11 04:59:21,693 [1;34mDEBUG[0m monitoring_worker - Template id ese_device_monitoring resolved from mapping: Cese_device_monitoring (resources.py - 838)
2017-05-11 04:59:21,744 [1;34mDEBUG[0m monitoring_worker - Posted message to topic: "monitor_snmp_device", data: {'gohan_resource_type': u'ese_devices', 'name': 'switch', 'tenant_id': u'0b576f6f4cbf414f829cd12f008bf08f', 'version': 1, 'action': u'create', 'gohan_id': u'5314fffc-6c86-4410-a64b-5386286ac629', 'properties': {'ip': '10.161.0.34', 'community_name': 'ESE_NODE_COMMUNITY', 'mibs': []}} (monitoring_kafka.py - 61)
2017-05-11 04:59:21,744 [1;34mDEBUG[0m monitoring_worker - Finished job create ese_device:5314fffc-6c86-4410-a64b-5386286ac629, status:
{'switch': 'ACTIVE'} (monitoring_worker.py - 189)
2017-05-11 04:59:21,787 [1;34mDEBUG[0m monitoring_worker - Job create:monitoring_worker:ese_device:5314fffc-6c86-4410-a64b-5386286ac629:1:x2624 finished. (job_queue.py - 266)
2017-05-11 04:59:21,787 [1;34mDEBUG[0m monitoring_worker - Trying to delete internal process state for resource ese_device:5314fffc-6c86-4410-a64b-5386286ac629 (resources.py - 706)
2017-05-11 04:59:28,112 [1;34mDEBUG[0m monitoring_worker - Reserved job: create:monitoring_worker:ese_physical_port:eec156b0-7317-48dd-b76c-019c0758e99d:1:0d9b6 using id: 3e2bb0c6-8913-4cfa-9afb-27fd639bcff1 (job_queue.py - 245)
2017-05-11 04:59:28,114 [1;34mDEBUG[0m monitoring_worker - Waiting for a job. (etcd_worker.py - 217)
2017-05-11 04:59:28,114 [1;34mDEBUG[0m monitoring_worker - 7 job slots available (etcd_worker.py - 212)
2017-05-11 04:59:28,117 [1;34mDEBUG[0m monitoring_worker - Starting work on new ready job create:monitoring_worker:ese_physical_port:eec156b0-7317-48dd-b76c-019c0758e99d:1:0d9b6 (etcd_worker.py - 113)
2017-05-11 04:59:28,118 [1;34mDEBUG[0m monitoring_worker - Running job create ese_physical_port:eec156b0-7317-48dd-b76c-019c0758e99d (monitoring_worker.py - 178)
2017-05-11 04:59:28,118 [1;34mDEBUG[0m monitoring_worker - Template id ese_physical_port_monitoring resolved from mapping: Cese_physical_port_monitoring (resources.py - 838)
2017-05-11 04:59:28,131 [1;34mDEBUG[0m monitoring_worker - Posted message to topic: "monitor_physical_port", data: {'gohan_resource_type': u'ese_physical_ports', 'name': 'port', 'tenant_id': u'0b576f6f4cbf414f829cd12f008bf08f', 'version': 1, 'action': u'create', 'gohan_id': u'eec156b0-7317-48dd-b76c-019c0758e99d', 'properties': {'community_name': 'ESE_NODE_COMMUNITY', 'device_ip': '10.161.0.34', 'name': 'xe-0/0/3'}} (monitoring_kafka.py - 61)
2017-05-11 04:59:28,131 [1;34mDEBUG[0m monitoring_worker - Finished job create ese_physical_port:eec156b0-7317-48dd-b76c-019c0758e99d, status:
{'port': 'ACTIVE'} (monitoring_worker.py - 189)
2017-05-11 04:59:28,176 [1;34mDEBUG[0m monitoring_worker - Job create:monitoring_worker:ese_physical_port:eec156b0-7317-48dd-b76c-019c0758e99d:1:0d9b6 finished. (job_queue.py - 266)
2017-05-11 04:59:28,176 [1;34mDEBUG[0m monitoring_worker - Trying to delete internal process state for resource ese_physical_port:eec156b0-7317-48dd-b76c-019c0758e99d (resources.py - 706)
2017-05-11 04:59:34,005 [1;34mDEBUG[0m monitoring_worker - Reserved job: create:monitoring_worker:ese_physical_port:176ec475-e9e8-4605-8b41-802fbc6220c1:1:kfg05 using id: 12d9982b-cb25-40f4-b461-d975fae8e94b (job_queue.py - 245)
2017-05-11 04:59:34,007 [1;34mDEBUG[0m monitoring_worker - Waiting for a job. (etcd_worker.py - 217)
2017-05-11 04:59:34,008 [1;34mDEBUG[0m monitoring_worker - 7 job slots available (etcd_worker.py - 212)
2017-05-11 04:59:34,010 [1;34mDEBUG[0m monitoring_worker - Starting work on new ready job create:monitoring_worker:ese_physical_port:176ec475-e9e8-4605-8b41-802fbc6220c1:1:kfg05 (etcd_worker.py - 113)
2017-05-11 04:59:34,011 [1;34mDEBUG[0m monitoring_worker - Running job create ese_physical_port:176ec475-e9e8-4605-8b41-802fbc6220c1 (monitoring_worker.py - 178)
2017-05-11 04:59:34,012 [1;34mDEBUG[0m monitoring_worker - Template id ese_physical_port_monitoring resolved from mapping: Cese_physical_port_monitoring (resources.py - 838)
2017-05-11 04:59:34,023 [1;34mDEBUG[0m monitoring_worker - Posted message to topic: "monitor_physical_port", data: {'gohan_resource_type': u'ese_physical_ports', 'name': 'port', 'tenant_id': u'0b576f6f4cbf414f829cd12f008bf08f', 'version': 1, 'action': u'create', 'gohan_id': u'176ec475-e9e8-4605-8b41-802fbc6220c1', 'properties': {'community_name': 'ESE_NODE_COMMUNITY', 'device_ip': '10.161.0.34', 'name': 'xe-0/0/4'}} (monitoring_kafka.py - 61)
2017-05-11 04:59:34,024 [1;34mDEBUG[0m monitoring_worker - Finished job create ese_physical_port:176ec475-e9e8-4605-8b41-802fbc6220c1, status:
{'port': 'ACTIVE'} (monitoring_worker.py - 189)
2017-05-11 04:59:34,057 [1;34mDEBUG[0m monitoring_worker - Job create:monitoring_worker:ese_physical_port:176ec475-e9e8-4605-8b41-802fbc6220c1:1:kfg05 finished. (job_queue.py - 266)
2017-05-11 04:59:34,057 [1;34mDEBUG[0m monitoring_worker - Trying to delete internal process state for resource ese_physical_port:176ec475-e9e8-4605-8b41-802fbc6220c1 (resources.py - 706)
2017-05-11 04:59:38,028 [1;34mDEBUG[0m monitoring_worker - Reserved job: create:monitoring_worker:edge_router:792c7a6d-19b5-4d6f-b9f6-1e5b1eb45198:1:b44ug using id: 40ca5f09-016d-4ccc-aeaf-798135c3dc84 (job_queue.py - 245)
2017-05-11 04:59:38,030 [1;34mDEBUG[0m monitoring_worker - Waiting for a job. (etcd_worker.py - 217)
2017-05-11 04:59:38,031 [1;34mDEBUG[0m monitoring_worker - 7 job slots available (etcd_worker.py - 212)
2017-05-11 04:59:38,036 [1;34mDEBUG[0m monitoring_worker - Starting work on new ready job create:monitoring_worker:edge_router:792c7a6d-19b5-4d6f-b9f6-1e5b1eb45198:1:b44ug (etcd_worker.py - 113)
2017-05-11 04:59:38,038 [1;34mDEBUG[0m monitoring_worker - Running job create edge_router:792c7a6d-19b5-4d6f-b9f6-1e5b1eb45198 (monitoring_worker.py - 178)
2017-05-11 04:59:38,039 [1;34mDEBUG[0m monitoring_worker - Template id edge_router_monitoring resolved from mapping: Cedge_router_monitoring (resources.py - 838)
2017-05-11 04:59:38,052 [1;34mDEBUG[0m monitoring_worker - Posted message to topic: "monitor_snmp_device", data: {'gohan_resource_type': u'edge_routers', 'name': 'router', 'tenant_id': u'0b576f6f4cbf414f829cd12f008bf08f', 'version': 1, 'action': u'create', 'gohan_id': u'792c7a6d-19b5-4d6f-b9f6-1e5b1eb45198', 'properties': {'ip': '10.79.5.185', 'community_name': 'EDGE_ROUTER_COMMUNITY', 'mibs': []}} (monitoring_kafka.py - 61)
2017-05-11 04:59:38,053 [1;34mDEBUG[0m monitoring_worker - Finished job create edge_router:792c7a6d-19b5-4d6f-b9f6-1e5b1eb45198, status:
{'router': 'ACTIVE'} (monitoring_worker.py - 189)
2017-05-11 04:59:38,092 [1;34mDEBUG[0m monitoring_worker - Job create:monitoring_worker:edge_router:792c7a6d-19b5-4d6f-b9f6-1e5b1eb45198:1:b44ug finished. (job_queue.py - 266)
2017-05-11 04:59:38,093 [1;34mDEBUG[0m monitoring_worker - Trying to delete internal process state for resource edge_router:792c7a6d-19b5-4d6f-b9f6-1e5b1eb45198 (resources.py - 706)
2017-05-11 04:59:39,619 [1;34mDEBUG[0m monitoring_worker - Reserved job: create:monitoring_worker:edge_router:3ca3a59a-4f92-4a8a-9ec1-1c55a97c794e:1:ktgx2 using id: 573a2f7d-94f2-41cb-953f-cc7ae5dbe5ef (job_queue.py - 245)
2017-05-11 04:59:39,620 [1;34mDEBUG[0m monitoring_worker - Waiting for a job. (etcd_worker.py - 217)
2017-05-11 04:59:39,621 [1;34mDEBUG[0m monitoring_worker - 7 job slots available (etcd_worker.py - 212)
2017-05-11 04:59:39,627 [1;34mDEBUG[0m monitoring_worker - Starting work on new ready job create:monitoring_worker:edge_router:3ca3a59a-4f92-4a8a-9ec1-1c55a97c794e:1:ktgx2 (etcd_worker.py - 113)
2017-05-11 04:59:39,628 [1;34mDEBUG[0m monitoring_worker - Running job create edge_router:3ca3a59a-4f92-4a8a-9ec1-1c55a97c794e (monitoring_worker.py - 178)
2017-05-11 04:59:39,628 [1;34mDEBUG[0m monitoring_worker - Template id edge_router_monitoring resolved from mapping: Cedge_router_monitoring (resources.py - 838)
2017-05-11 04:59:39,638 [1;34mDEBUG[0m monitoring_worker - Posted message to topic: "monitor_snmp_device", data: {'gohan_resource_type': u'edge_routers', 'name': 'router', 'tenant_id': u'0b576f6f4cbf414f829cd12f008bf08f', 'version': 1, 'action': u'create', 'gohan_id': u'3ca3a59a-4f92-4a8a-9ec1-1c55a97c794e', 'properties': {'ip': '10.79.5.184', 'community_name': 'EDGE_ROUTER_COMMUNITY', 'mibs': []}} (monitoring_kafka.py - 61)
2017-05-11 04:59:39,638 [1;34mDEBUG[0m monitoring_worker - Finished job create edge_router:3ca3a59a-4f92-4a8a-9ec1-1c55a97c794e, status:
{'router': 'ACTIVE'} (monitoring_worker.py - 189)
2017-05-11 04:59:39,693 [1;34mDEBUG[0m monitoring_worker - Job create:monitoring_worker:edge_router:3ca3a59a-4f92-4a8a-9ec1-1c55a97c794e:1:ktgx2 finished. (job_queue.py - 266)
2017-05-11 04:59:39,694 [1;34mDEBUG[0m monitoring_worker - Trying to delete internal process state for resource edge_router:3ca3a59a-4f92-4a8a-9ec1-1c55a97c794e (resources.py - 706)
2017-05-11 04:59:41,508 [1;34mDEBUG[0m monitoring_worker - Reserved job: create:monitoring_worker:ha_router:f01ed0a6-7094-4e54-b14b-94657fff1efb:1:w4ig8 using id: 0bce61ab-1fba-40bd-b111-bf87a5824615 (job_queue.py - 245)
2017-05-11 04:59:41,509 [1;34mDEBUG[0m monitoring_worker - Waiting for a job. (etcd_worker.py - 217)
2017-05-11 04:59:41,509 [1;34mDEBUG[0m monitoring_worker - 7 job slots available (etcd_worker.py - 212)
2017-05-11 04:59:41,516 [1;34mDEBUG[0m monitoring_worker - Starting work on new ready job create:monitoring_worker:ha_router:f01ed0a6-7094-4e54-b14b-94657fff1efb:1:w4ig8 (etcd_worker.py - 113)
2017-05-11 04:59:41,516 [1;34mDEBUG[0m monitoring_worker - Running job create ha_router:f01ed0a6-7094-4e54-b14b-94657fff1efb (monitoring_worker.py - 178)
2017-05-11 04:59:41,517 [1;34mDEBUG[0m monitoring_worker - Template id ha_router_monitoring resolved from mapping: Cha_router_monitoring (resources.py - 838)
2017-05-11 04:59:41,522 [1;34mDEBUG[0m monitoring_worker - Finished job create ha_router:f01ed0a6-7094-4e54-b14b-94657fff1efb, status:
{'primary': 'ACTIVE', 'secondary': 'ACTIVE'} (monitoring_worker.py - 189)
2017-05-11 04:59:41,577 [1;34mDEBUG[0m monitoring_worker - Job create:monitoring_worker:ha_router:f01ed0a6-7094-4e54-b14b-94657fff1efb:1:w4ig8 finished. (job_queue.py - 266)
2017-05-11 04:59:41,578 [1;34mDEBUG[0m monitoring_worker - Trying to delete internal process state for resource ha_router:f01ed0a6-7094-4e54-b14b-94657fff1efb (resources.py - 706)
2017-05-11 04:59:43,472 [1;34mDEBUG[0m monitoring_worker - Reserved job: create:monitoring_worker:er_physical_interface:6e8f473f-47ec-4b54-8f0f-d459d440393b:1:tcsfl using id: dd71fa26-4368-44ac-b96b-d4be0774735f (job_queue.py - 245)
2017-05-11 04:59:43,475 [1;34mDEBUG[0m monitoring_worker - Waiting for a job. (etcd_worker.py - 217)
2017-05-11 04:59:43,475 [1;34mDEBUG[0m monitoring_worker - 7 job slots available (etcd_worker.py - 212)
2017-05-11 04:59:43,487 [1;34mDEBUG[0m monitoring_worker - Starting work on new ready job create:monitoring_worker:er_physical_interface:6e8f473f-47ec-4b54-8f0f-d459d440393b:1:tcsfl (etcd_worker.py - 113)
2017-05-11 04:59:43,487 [1;34mDEBUG[0m monitoring_worker - Running job create er_physical_interface:6e8f473f-47ec-4b54-8f0f-d459d440393b (monitoring_worker.py - 178)
2017-05-11 04:59:43,488 [1;34mDEBUG[0m monitoring_worker - Template id er_physical_interface_monitoring resolved from mapping: Cer_physical_interface_monitoring (resources.py - 838)
2017-05-11 04:59:43,501 [1;34mDEBUG[0m monitoring_worker - Posted message to topic: "monitor_physical_port", data: {'gohan_resource_type': u'er_physical_interfaces', 'name': 'interface', 'tenant_id': u'0b576f6f4cbf414f829cd12f008bf08f', 'version': 1, 'action': u'create', 'gohan_id': u'6e8f473f-47ec-4b54-8f0f-d459d440393b', 'properties': {'community_name': 'EDGE_ROUTER_COMMUNITY', 'device_ip': '10.79.5.185', 'name': 'ge-0/0/1'}} (monitoring_kafka.py - 61)
2017-05-11 04:59:43,501 [1;34mDEBUG[0m monitoring_worker - Finished job create er_physical_interface:6e8f473f-47ec-4b54-8f0f-d459d440393b, status:
{'interface': 'ACTIVE'} (monitoring_worker.py - 189)
2017-05-11 04:59:43,550 [1;34mDEBUG[0m monitoring_worker - Job create:monitoring_worker:er_physical_interface:6e8f473f-47ec-4b54-8f0f-d459d440393b:1:tcsfl finished. (job_queue.py - 266)
2017-05-11 04:59:43,551 [1;34mDEBUG[0m monitoring_worker - Trying to delete internal process state for resource er_physical_interface:6e8f473f-47ec-4b54-8f0f-d459d440393b (resources.py - 706)
2017-05-11 04:59:45,591 [1;34mDEBUG[0m monitoring_worker - Reserved job: create:monitoring_worker:er_physical_interface:8ff57ce4-55f9-40d4-82ed-1f00c9051678:1:zw0xn using id: 4d2c9ba1-5709-4f15-a66f-b4afe20f3d3e (job_queue.py - 245)
2017-05-11 04:59:45,594 [1;34mDEBUG[0m monitoring_worker - Waiting for a job. (etcd_worker.py - 217)
2017-05-11 04:59:45,594 [1;34mDEBUG[0m monitoring_worker - 7 job slots available (etcd_worker.py - 212)
2017-05-11 04:59:45,602 [1;34mDEBUG[0m monitoring_worker - Starting work on new ready job create:monitoring_worker:er_physical_interface:8ff57ce4-55f9-40d4-82ed-1f00c9051678:1:zw0xn (etcd_worker.py - 113)
2017-05-11 04:59:45,603 [1;34mDEBUG[0m monitoring_worker - Running job create er_physical_interface:8ff57ce4-55f9-40d4-82ed-1f00c9051678 (monitoring_worker.py - 178)
2017-05-11 04:59:45,604 [1;34mDEBUG[0m monitoring_worker - Template id er_physical_interface_monitoring resolved from mapping: Cer_physical_interface_monitoring (resources.py - 838)
2017-05-11 04:59:45,620 [1;34mDEBUG[0m monitoring_worker - Posted message to topic: "monitor_physical_port", data: {'gohan_resource_type': u'er_physical_interfaces', 'name': 'interface', 'tenant_id': u'0b576f6f4cbf414f829cd12f008bf08f', 'version': 1, 'action': u'create', 'gohan_id': u'8ff57ce4-55f9-40d4-82ed-1f00c9051678', 'properties': {'community_name': 'EDGE_ROUTER_COMMUNITY', 'device_ip': '10.79.5.185', 'name': 'ae0'}} (monitoring_kafka.py - 61)
2017-05-11 04:59:45,620 [1;34mDEBUG[0m monitoring_worker - Finished job create er_physical_interface:8ff57ce4-55f9-40d4-82ed-1f00c9051678, status:
{'interface': 'ACTIVE'} (monitoring_worker.py - 189)
2017-05-11 04:59:45,676 [1;34mDEBUG[0m monitoring_worker - Job create:monitoring_worker:er_physical_interface:8ff57ce4-55f9-40d4-82ed-1f00c9051678:1:zw0xn finished. (job_queue.py - 266)
2017-05-11 04:59:45,677 [1;34mDEBUG[0m monitoring_worker - Trying to delete internal process state for resource er_physical_interface:8ff57ce4-55f9-40d4-82ed-1f00c9051678 (resources.py - 706)
2017-05-11 04:59:47,581 [1;34mDEBUG[0m monitoring_worker - Reserved job: create:monitoring_worker:er_physical_interface:6b160a8d-fdad-4fe7-aaed-3ff5f729d6c8:1:2gnc1 using id: 64bdbef3-fce9-4922-8d6b-89d5a744d65f (job_queue.py - 245)
2017-05-11 04:59:47,582 [1;34mDEBUG[0m monitoring_worker - Waiting for a job. (etcd_worker.py - 217)
2017-05-11 04:59:47,583 [1;34mDEBUG[0m monitoring_worker - 7 job slots available (etcd_worker.py - 212)
2017-05-11 04:59:47,587 [1;34mDEBUG[0m monitoring_worker - Starting work on new ready job create:monitoring_worker:er_physical_interface:6b160a8d-fdad-4fe7-aaed-3ff5f729d6c8:1:2gnc1 (etcd_worker.py - 113)
2017-05-11 04:59:47,587 [1;34mDEBUG[0m monitoring_worker - Running job create er_physical_interface:6b160a8d-fdad-4fe7-aaed-3ff5f729d6c8 (monitoring_worker.py - 178)
2017-05-11 04:59:47,588 [1;34mDEBUG[0m monitoring_worker - Template id er_physical_interface_monitoring resolved from mapping: Cer_physical_interface_monitoring (resources.py - 838)
2017-05-11 04:59:47,602 [1;34mDEBUG[0m monitoring_worker - Posted message to topic: "monitor_physical_port", data: {'gohan_resource_type': u'er_physical_interfaces', 'name': 'interface', 'tenant_id': u'0b576f6f4cbf414f829cd12f008bf08f', 'version': 1, 'action': u'create', 'gohan_id': u'6b160a8d-fdad-4fe7-aaed-3ff5f729d6c8', 'properties': {'community_name': 'EDGE_ROUTER_COMMUNITY', 'device_ip': '10.79.5.184', 'name': 'ae0'}} (monitoring_kafka.py - 61)
2017-05-11 04:59:47,602 [1;34mDEBUG[0m monitoring_worker - Finished job create er_physical_interface:6b160a8d-fdad-4fe7-aaed-3ff5f729d6c8, status:
{'interface': 'ACTIVE'} (monitoring_worker.py - 189)
2017-05-11 04:59:47,646 [1;34mDEBUG[0m monitoring_worker - Job create:monitoring_worker:er_physical_interface:6b160a8d-fdad-4fe7-aaed-3ff5f729d6c8:1:2gnc1 finished. (job_queue.py - 266)
2017-05-11 04:59:47,646 [1;34mDEBUG[0m monitoring_worker - Trying to delete internal process state for resource er_physical_interface:6b160a8d-fdad-4fe7-aaed-3ff5f729d6c8 (resources.py - 706)
2017-05-11 04:59:49,410 [1;34mDEBUG[0m monitoring_worker - Reserved job: create:monitoring_worker:er_physical_interface:f87c6efe-f590-4c29-8fc9-2f914e1eb362:1:bil92 using id: 46e226a6-fa07-4dc1-ad4d-d82c38bbf18e (job_queue.py - 245)
2017-05-11 04:59:49,411 [1;34mDEBUG[0m monitoring_worker - Waiting for a job. (etcd_worker.py - 217)
2017-05-11 04:59:49,412 [1;34mDEBUG[0m monitoring_worker - 7 job slots available (etcd_worker.py - 212)
2017-05-11 04:59:49,416 [1;34mDEBUG[0m monitoring_worker - Starting work on new ready job create:monitoring_worker:er_physical_interface:f87c6efe-f590-4c29-8fc9-2f914e1eb362:1:bil92 (etcd_worker.py - 113)
2017-05-11 04:59:49,417 [1;34mDEBUG[0m monitoring_worker - Running job create er_physical_interface:f87c6efe-f590-4c29-8fc9-2f914e1eb362 (monitoring_worker.py - 178)
2017-05-11 04:59:49,417 [1;34mDEBUG[0m monitoring_worker - Template id er_physical_interface_monitoring resolved from mapping: Cer_physical_interface_monitoring (resources.py - 838)
2017-05-11 04:59:49,424 [1;34mDEBUG[0m monitoring_worker - Posted message to topic: "monitor_physical_port", data: {'gohan_resource_type': u'er_physical_interfaces', 'name': 'interface', 'tenant_id': u'0b576f6f4cbf414f829cd12f008bf08f', 'version': 1, 'action': u'create', 'gohan_id': u'f87c6efe-f590-4c29-8fc9-2f914e1eb362', 'properties': {'community_name': 'EDGE_ROUTER_COMMUNITY', 'device_ip': '10.79.5.184', 'name': 'ge-0/0/1'}} (monitoring_kafka.py - 61)
2017-05-11 04:59:49,424 [1;34mDEBUG[0m monitoring_worker - Finished job create er_physical_interface:f87c6efe-f590-4c29-8fc9-2f914e1eb362, status:
{'interface': 'ACTIVE'} (monitoring_worker.py - 189)
2017-05-11 04:59:49,474 [1;34mDEBUG[0m monitoring_worker - Job create:monitoring_worker:er_physical_interface:f87c6efe-f590-4c29-8fc9-2f914e1eb362:1:bil92 finished. (job_queue.py - 266)
2017-05-11 04:59:49,475 [1;34mDEBUG[0m monitoring_worker - Trying to delete internal process state for resource er_physical_interface:f87c6efe-f590-4c29-8fc9-2f914e1eb362 (resources.py - 706)
2017-05-11 04:59:51,545 [1;34mDEBUG[0m monitoring_worker - Reserved job: create:monitoring_worker:ha_interface:5e552b8f-cd5a-454c-a224-33f7da0afa24:1:pfty9 using id: 31218cf6-c571-4514-9062-6cb4f92ef023 (job_queue.py - 245)
2017-05-11 04:59:51,548 [1;34mDEBUG[0m monitoring_worker - Waiting for a job. (etcd_worker.py - 217)
2017-05-11 04:59:51,548 [1;34mDEBUG[0m monitoring_worker - 7 job slots available (etcd_worker.py - 212)
2017-05-11 04:59:51,554 [1;34mDEBUG[0m monitoring_worker - Starting work on new ready job create:monitoring_worker:ha_interface:5e552b8f-cd5a-454c-a224-33f7da0afa24:1:pfty9 (etcd_worker.py - 113)
2017-05-11 04:59:51,554 [1;34mDEBUG[0m monitoring_worker - Running job create ha_interface:5e552b8f-cd5a-454c-a224-33f7da0afa24 (monitoring_worker.py - 178)
2017-05-11 04:59:51,555 [1;34mDEBUG[0m monitoring_worker - Template id ha_interface_monitoring resolved from mapping: Cha_interface_monitoring (resources.py - 838)
2017-05-11 04:59:51,562 [1;34mDEBUG[0m monitoring_worker - Finished job create ha_interface:5e552b8f-cd5a-454c-a224-33f7da0afa24, status:
{'primary': 'ACTIVE', 'secondary': 'ACTIVE'} (monitoring_worker.py - 189)
2017-05-11 04:59:51,615 [1;34mDEBUG[0m monitoring_worker - Job create:monitoring_worker:ha_interface:5e552b8f-cd5a-454c-a224-33f7da0afa24:1:pfty9 finished. (job_queue.py - 266)
2017-05-11 04:59:51,616 [1;34mDEBUG[0m monitoring_worker - Trying to delete internal process state for resource ha_interface:5e552b8f-cd5a-454c-a224-33f7da0afa24 (resources.py - 706)
2017-05-11 04:59:54,459 [1;34mDEBUG[0m monitoring_worker - Reserved job: create:monitoring_worker:ha_interface:a3a62a37-5657-4822-98e0-991ab63f0e96:1:k64ha using id: 93f20a9d-0df0-4e27-a302-364e52eb8977 (job_queue.py - 245)
2017-05-11 04:59:54,461 [1;34mDEBUG[0m monitoring_worker - Waiting for a job. (etcd_worker.py - 217)
2017-05-11 04:59:54,461 [1;34mDEBUG[0m monitoring_worker - 7 job slots available (etcd_worker.py - 212)
2017-05-11 04:59:54,471 [1;34mDEBUG[0m monitoring_worker - Starting work on new ready job create:monitoring_worker:ha_interface:a3a62a37-5657-4822-98e0-991ab63f0e96:1:k64ha (etcd_worker.py - 113)
2017-05-11 04:59:54,471 [1;34mDEBUG[0m monitoring_worker - Running job create ha_interface:a3a62a37-5657-4822-98e0-991ab63f0e96 (monitoring_worker.py - 178)
2017-05-11 04:59:54,472 [1;34mDEBUG[0m monitoring_worker - Template id ha_interface_monitoring resolved from mapping: Cha_interface_monitoring (resources.py - 838)
2017-05-11 04:59:54,475 [1;34mDEBUG[0m monitoring_worker - Finished job create ha_interface:a3a62a37-5657-4822-98e0-991ab63f0e96, status:
{'primary': 'ACTIVE', 'secondary': 'ACTIVE'} (monitoring_worker.py - 189)
2017-05-11 04:59:54,512 [1;34mDEBUG[0m monitoring_worker - Job create:monitoring_worker:ha_interface:a3a62a37-5657-4822-98e0-991ab63f0e96:1:k64ha finished. (job_queue.py - 266)
2017-05-11 04:59:54,512 [1;34mDEBUG[0m monitoring_worker - Trying to delete internal process state for resource ha_interface:a3a62a37-5657-4822-98e0-991ab63f0e96 (resources.py - 706)
2017-05-11 05:00:24,487 [1;34mDEBUG[0m monitoring_worker - GetJob timeout. (etcd_worker.py - 225)
2017-05-11 05:00:24,487 [1;34mDEBUG[0m monitoring_worker - Waiting for a job. (etcd_worker.py - 217)
2017-05-11 05:00:24,487 [1;34mDEBUG[0m monitoring_worker - 8 job slots available (etcd_worker.py - 212)
2017-05-11 05:00:27,102 [1;34mDEBUG[0m monitoring_worker - Reserved job: create:monitoring_worker:vpn_gateway:4fab887d-8f73-40e6-b2d8-2426255231bf:1:hps74 using id: 0e95575f-504b-4f26-9607-a3108760f227 (job_queue.py - 245)
2017-05-11 05:00:27,104 [1;34mDEBUG[0m monitoring_worker - Waiting for a job. (etcd_worker.py - 217)
2017-05-11 05:00:27,104 [1;34mDEBUG[0m monitoring_worker - 7 job slots available (etcd_worker.py - 212)
2017-05-11 05:00:27,107 [1;34mDEBUG[0m monitoring_worker - Starting work on new ready job create:monitoring_worker:vpn_gateway:4fab887d-8f73-40e6-b2d8-2426255231bf:1:hps74 (etcd_worker.py - 113)
2017-05-11 05:00:27,107 [1;34mDEBUG[0m monitoring_worker - Running job create vpn_gateway:4fab887d-8f73-40e6-b2d8-2426255231bf (monitoring_worker.py - 178)
2017-05-11 05:00:27,108 [1;34mDEBUG[0m monitoring_worker - Template id vpn_gateway_monitoring resolved from mapping: Cvpn_gateway_monitoring (resources.py - 838)
2017-05-11 05:00:27,127 [1;34mDEBUG[0m monitoring_worker - Updating monitoring mapping, sql:

            INSERT INTO resource_mappings(id, tenant_id, resource_type,
                                resource_id, mapped_id,
                                relation, created)
            VALUES ('7806e79c-7403-462f-abd4-57d4f4f20f54', '0b576f6f4cbf414f829cd12f008bf08f', 'vpn_gateway', '4fab887d-8f73-40e6-b2d8-2426255231bf', '10.79.5.185-a3a62a37-5657-4822-98e0-991ab63f0e96', 'instance', 1494478827)
             (mysql_client.py - 66)
2017-05-11 05:00:27,138 [1;34mDEBUG[0m monitoring_worker - Finished job create vpn_gateway:4fab887d-8f73-40e6-b2d8-2426255231bf, status:
{'downlink': 'ACTIVE'} (monitoring_worker.py - 189)
2017-05-11 05:00:27,177 [1;34mDEBUG[0m monitoring_worker - Job create:monitoring_worker:vpn_gateway:4fab887d-8f73-40e6-b2d8-2426255231bf:1:hps74 finished. (job_queue.py - 266)
2017-05-11 05:00:27,178 [1;34mDEBUG[0m monitoring_worker - Trying to delete internal process state for resource vpn_gateway:4fab887d-8f73-40e6-b2d8-2426255231bf (resources.py - 706)
2017-05-11 05:00:57,360 [1;34mDEBUG[0m monitoring_worker - GetJob timeout. (etcd_worker.py - 225)
2017-05-11 05:00:57,361 [1;34mDEBUG[0m monitoring_worker - Waiting for a job. (etcd_worker.py - 217)
2017-05-11 05:00:57,362 [1;34mDEBUG[0m monitoring_worker - 8 job slots available (etcd_worker.py - 212)
2017-05-11 05:00:58,330 [1;34mDEBUG[0m monitoring_worker - Reserved job: create:monitoring_worker:vpn_interface:0bea303d-b6eb-4edc-83ef-e32f915d3047:1:rlv12 using id: e561ef4b-a437-488f-a141-c72a3c49a22f (job_queue.py - 245)
2017-05-11 05:00:58,333 [1;34mDEBUG[0m monitoring_worker - Waiting for a job. (etcd_worker.py - 217)
2017-05-11 05:00:58,333 [1;34mDEBUG[0m monitoring_worker - 7 job slots available (etcd_worker.py - 212)
2017-05-11 05:00:58,338 [1;34mDEBUG[0m monitoring_worker - Starting work on new ready job create:monitoring_worker:vpn_interface:0bea303d-b6eb-4edc-83ef-e32f915d3047:1:rlv12 (etcd_worker.py - 113)
2017-05-11 05:00:58,338 [1;34mDEBUG[0m monitoring_worker - Running job create vpn_interface:0bea303d-b6eb-4edc-83ef-e32f915d3047 (monitoring_worker.py - 178)
2017-05-11 05:00:58,339 [1;34mDEBUG[0m monitoring_worker - Template id vpn_interface_monitoring resolved from mapping: Cvpn_interface_monitoring (resources.py - 838)
2017-05-11 05:00:58,359 [1;34mDEBUG[0m monitoring_worker - Posted message to topic: "monitor_logical_port", data: {'gohan_resource_type': u'vpn_interfaces', 'name': 'primary_uplink', 'tenant_id': u'0b576f6f4cbf414f829cd12f008bf08f', 'version': 1, 'action': u'create', 'gohan_id': u'0bea303d-b6eb-4edc-83ef-e32f915d3047', 'properties': {'community_name': 'EDGE_ROUTER_COMMUNITY', 'device_ip': '10.79.5.185', 'name': 'ge-0/0/1.122'}} (monitoring_kafka.py - 61)
2017-05-11 05:00:58,364 [1;34mDEBUG[0m monitoring_worker - Posted message to topic: "monitor_vpn_interface", data: {'gohan_resource_type': u'vpn_interfaces', 'name': 'primary', 'tenant_id': u'0b576f6f4cbf414f829cd12f008bf08f', 'version': 1, 'action': u'create', 'gohan_id': u'0bea303d-b6eb-4edc-83ef-e32f915d3047', 'properties': {'instance': 'vrf_gw_sample-ha-router-downlink_1025', 'host': '10.79.5.185', 'peer_address': '192.168.8.1', 'login': 'esi', 'password': 'esiesi0000', 'port': 830}} (monitoring_kafka.py - 61)
2017-05-11 05:00:58,367 [1;34mDEBUG[0m monitoring_worker - Posted message to topic: "monitor_logical_port", data: {'gohan_resource_type': u'vpn_interfaces', 'name': 'secondary_uplink', 'tenant_id': u'0b576f6f4cbf414f829cd12f008bf08f', 'version': 1, 'action': u'create', 'gohan_id': u'0bea303d-b6eb-4edc-83ef-e32f915d3047', 'properties': {'community_name': 'EDGE_ROUTER_COMMUNITY', 'device_ip': '10.79.5.184', 'name': 'ge-0/0/1.122'}} (monitoring_kafka.py - 61)
2017-05-11 05:00:58,372 [1;34mDEBUG[0m monitoring_worker - Posted message to topic: "monitor_vpn_interface", data: {'gohan_resource_type': u'vpn_interfaces', 'name': 'secondary', 'tenant_id': u'0b576f6f4cbf414f829cd12f008bf08f', 'version': 1, 'action': u'create', 'gohan_id': u'0bea303d-b6eb-4edc-83ef-e32f915d3047', 'properties': {'instance': 'vrf_gw_sample-ha-router-downlink_1025', 'host': '10.79.5.184', 'peer_address': '192.168.8.5', 'login': 'esi', 'password': 'esiesi0000', 'port': 830}} (monitoring_kafka.py - 61)
2017-05-11 05:00:58,373 [1;34mDEBUG[0m monitoring_worker - Updating monitoring mapping, sql:

            INSERT INTO resource_mappings(id, tenant_id, resource_type,
                                resource_id, mapped_id,
                                relation, created)
            VALUES ('1d5dcf8f-40f5-4780-8023-63bc1dd771ac', '0b576f6f4cbf414f829cd12f008bf08f', 'vpn_interface', '0bea303d-b6eb-4edc-83ef-e32f915d3047', '10.79.5.185-ge-0/0/1.122', 'primary', 1494478858)
             (mysql_client.py - 66)
2017-05-11 05:00:58,386 [1;34mDEBUG[0m monitoring_worker - Updating monitoring mapping, sql:

            INSERT INTO resource_mappings(id, tenant_id, resource_type,
                                resource_id, mapped_id,
                                relation, created)
            VALUES ('4f69c6a1-e11b-4fae-bd0b-babe7df48380', '0b576f6f4cbf414f829cd12f008bf08f', 'vpn_interface', '0bea303d-b6eb-4edc-83ef-e32f915d3047', '10.79.5.184-ge-0/0/1.122', 'secondary', 1494478858)
             (mysql_client.py - 66)
2017-05-11 05:00:58,396 [1;34mDEBUG[0m monitoring_worker - Finished job create vpn_interface:0bea303d-b6eb-4edc-83ef-e32f915d3047, status:
{'primary_uplink': 'ACTIVE', 'primary': 'ESTABLISHED', 'secondary_uplink': 'ACTIVE', 'secondary': 'ESTABLISHED'} (monitoring_worker.py - 189)
2017-05-11 05:00:58,438 [1;34mDEBUG[0m monitoring_worker - Job create:monitoring_worker:vpn_interface:0bea303d-b6eb-4edc-83ef-e32f915d3047:1:rlv12 finished. (job_queue.py - 266)
2017-05-11 05:00:58,439 [1;34mDEBUG[0m monitoring_worker - Trying to delete internal process state for resource vpn_interface:0bea303d-b6eb-4edc-83ef-e32f915d3047 (resources.py - 706)
2017-05-11 05:00:58,491 [1;34mDEBUG[0m monitoring_worker - Reserved job: delete:monitoring_worker:vpn_gateway:4fab887d-8f73-40e6-b2d8-2426255231bf:2:q2a22 using id: ce68f16e-5529-40e9-9f22-4f5f1dfae610 (job_queue.py - 245)
2017-05-11 05:00:58,493 [1;34mDEBUG[0m monitoring_worker - Waiting for a job. (etcd_worker.py - 217)
2017-05-11 05:00:58,493 [1;34mDEBUG[0m monitoring_worker - 7 job slots available (etcd_worker.py - 212)
2017-05-11 05:00:58,498 [1;34mDEBUG[0m monitoring_worker - Starting work on new ready job delete:monitoring_worker:vpn_gateway:4fab887d-8f73-40e6-b2d8-2426255231bf:2:q2a22 (etcd_worker.py - 113)
2017-05-11 05:00:58,499 [1;34mDEBUG[0m monitoring_worker - Running job delete vpn_gateway:4fab887d-8f73-40e6-b2d8-2426255231bf (monitoring_worker.py - 178)
2017-05-11 05:00:58,502 [1;34mDEBUG[0m monitoring_worker - Template id vpn_gateway_monitoring resolved from mapping: Cvpn_gateway_monitoring (resources.py - 838)
2017-05-11 05:00:58,506 [1;34mDEBUG[0m monitoring_worker - Updating monitoring mapping, sql:

            UPDATE resource_mappings SET deleted=1494478858
            WHERE resource_type='vpn_gateway' and resource_id='4fab887d-8f73-40e6-b2d8-2426255231bf'
                  and tenant_id='0b576f6f4cbf414f829cd12f008bf08f' and mapped_id='10.79.5.185-a3a62a37-5657-4822-98e0-991ab63f0e96'
                  and relation='instance' and deleted is null
             (mysql_client.py - 66)
2017-05-11 05:00:58,524 [1;34mDEBUG[0m monitoring_worker - Finished job delete vpn_gateway:4fab887d-8f73-40e6-b2d8-2426255231bf (monitoring_worker.py - 189)
2017-05-11 05:00:58,546 [1;34mDEBUG[0m monitoring_worker - Job delete:monitoring_worker:vpn_gateway:4fab887d-8f73-40e6-b2d8-2426255231bf:2:q2a22 with handler monitoring_worker is not last. (etcd_worker.py - 185)
2017-05-11 05:00:58,570 [1;34mDEBUG[0m monitoring_worker - Job delete:monitoring_worker:vpn_gateway:4fab887d-8f73-40e6-b2d8-2426255231bf:2:q2a22 finished. (job_queue.py - 266)
2017-05-11 05:01:04,371 [1;34mDEBUG[0m monitoring_worker - Reserved job: create:monitoring_worker:vpn_gateway:4fab887d-8f73-40e6-b2d8-2426255231bf:2:9ixx0 using id: b396236c-0bf9-4b7e-935a-d1727c5e3500 (job_queue.py - 245)
2017-05-11 05:01:04,373 [1;34mDEBUG[0m monitoring_worker - Waiting for a job. (etcd_worker.py - 217)
2017-05-11 05:01:04,374 [1;34mDEBUG[0m monitoring_worker - 7 job slots available (etcd_worker.py - 212)
2017-05-11 05:01:04,377 [1;34mDEBUG[0m monitoring_worker - Starting work on new ready job create:monitoring_worker:vpn_gateway:4fab887d-8f73-40e6-b2d8-2426255231bf:2:9ixx0 (etcd_worker.py - 113)
2017-05-11 05:01:04,378 [1;34mDEBUG[0m monitoring_worker - Running job create vpn_gateway:4fab887d-8f73-40e6-b2d8-2426255231bf (monitoring_worker.py - 178)
2017-05-11 05:01:04,379 [1;34mDEBUG[0m monitoring_worker - Template id vpn_gateway_monitoring resolved from mapping: Cvpn_gateway_monitoring (resources.py - 838)
2017-05-11 05:01:04,384 [1;34mDEBUG[0m monitoring_worker - Updating monitoring mapping, sql:

            INSERT INTO resource_mappings(id, tenant_id, resource_type,
                                resource_id, mapped_id,
                                relation, created)
            VALUES ('2f46f2b3-81f2-45d7-9f66-e64d131bb20b', '0b576f6f4cbf414f829cd12f008bf08f', 'vpn_gateway', '4fab887d-8f73-40e6-b2d8-2426255231bf', '10.79.5.185-a3a62a37-5657-4822-98e0-991ab63f0e96', 'instance', 1494478864)
             (mysql_client.py - 66)
2017-05-11 05:01:04,400 [1;34mDEBUG[0m monitoring_worker - Finished job create vpn_gateway:4fab887d-8f73-40e6-b2d8-2426255231bf, status:
{'downlink': 'ACTIVE'} (monitoring_worker.py - 189)
2017-05-11 05:01:04,436 [1;34mDEBUG[0m monitoring_worker - Job create:monitoring_worker:vpn_gateway:4fab887d-8f73-40e6-b2d8-2426255231bf:2:9ixx0 finished. (job_queue.py - 266)
2017-05-11 05:01:04,437 [1;34mDEBUG[0m monitoring_worker - Trying to delete internal process state for resource vpn_gateway:4fab887d-8f73-40e6-b2d8-2426255231bf (resources.py - 706)
2017-05-11 05:01:34,386 [1;34mDEBUG[0m monitoring_worker - GetJob timeout. (etcd_worker.py - 225)
2017-05-11 05:01:34,386 [1;34mDEBUG[0m monitoring_worker - Waiting for a job. (etcd_worker.py - 217)
2017-05-11 05:01:34,387 [1;34mDEBUG[0m monitoring_worker - 8 job slots available (etcd_worker.py - 212)
2017-05-11 05:01:47,552 [1;34mDEBUG[0m monitoring_worker - Reserved job: create:monitoring_worker:network:bb69041d-c654-4e9f-a763-afd4333275bc:1:iqi5y using id: 8716d35e-48b6-4f81-ad99-89ad459af5c5 (job_queue.py - 245)
2017-05-11 05:01:47,553 [1;34mDEBUG[0m monitoring_worker - Waiting for a job. (etcd_worker.py - 217)
2017-05-11 05:01:47,553 [1;34mDEBUG[0m monitoring_worker - 7 job slots available (etcd_worker.py - 212)
2017-05-11 05:01:47,557 [1;34mDEBUG[0m monitoring_worker - Starting work on new ready job create:monitoring_worker:network:bb69041d-c654-4e9f-a763-afd4333275bc:1:iqi5y (etcd_worker.py - 113)
2017-05-11 05:01:47,557 [1;34mDEBUG[0m monitoring_worker - Running job create network:bb69041d-c654-4e9f-a763-afd4333275bc (monitoring_worker.py - 178)
2017-05-11 05:01:47,558 [1;34mDEBUG[0m monitoring_worker - Template id network_monitoring resolved from mapping: Cnetwork_monitoring (resources.py - 838)
2017-05-11 05:01:47,573 [1;34mDEBUG[0m monitoring_worker - Posted message to topic: "monitor_virtual_network", data: {'gohan_resource_type': u'networks', 'name': 'network', 'tenant_id': u'0b576f6f4cbf414f829cd12f008bf08f', 'version': 1, 'action': u'create', 'gohan_id': u'bb69041d-c654-4e9f-a763-afd4333275bc', 'properties': {'fq_name': 'default-domain:admin:bb69041d-c654-4e9f-a763-afd4333275bc', 'uuid': 'bb69041d-c654-4e9f-a763-afd4333275bc'}} (monitoring_kafka.py - 61)
2017-05-11 05:01:47,574 [1;34mDEBUG[0m monitoring_worker - Updating monitoring mapping, sql:

            INSERT INTO resource_mappings(id, tenant_id, resource_type,
                                resource_id, mapped_id,
                                relation, created)
            VALUES ('883c3271-8090-4515-abaa-56ef34692cd3', '0b576f6f4cbf414f829cd12f008bf08f', 'network', 'bb69041d-c654-4e9f-a763-afd4333275bc', 'bb69041d-c654-4e9f-a763-afd4333275bc', 'instance', 1494478907)
             (mysql_client.py - 66)
2017-05-11 05:01:47,587 [1;34mDEBUG[0m monitoring_worker - Finished job create network:bb69041d-c654-4e9f-a763-afd4333275bc, status:
{'network': 'ACTIVE'} (monitoring_worker.py - 189)
2017-05-11 05:01:47,623 [1;34mDEBUG[0m monitoring_worker - Job create:monitoring_worker:network:bb69041d-c654-4e9f-a763-afd4333275bc:1:iqi5y finished. (job_queue.py - 266)
2017-05-11 05:01:47,624 [1;34mDEBUG[0m monitoring_worker - Trying to delete internal process state for resource network:bb69041d-c654-4e9f-a763-afd4333275bc (resources.py - 706)
2017-05-11 05:02:17,829 [1;34mDEBUG[0m monitoring_worker - GetJob timeout. (etcd_worker.py - 225)
2017-05-11 05:02:17,830 [1;34mDEBUG[0m monitoring_worker - Waiting for a job. (etcd_worker.py - 217)
2017-05-11 05:02:17,830 [1;34mDEBUG[0m monitoring_worker - 8 job slots available (etcd_worker.py - 212)
2017-05-11 05:02:38,959 [1;34mDEBUG[0m monitoring_worker - Reserved job: create:monitoring_worker:gw_interface:fbd7d07e-9e84-4ad7-ab85-36d46adb9435:1:6o5m6 using id: 3260410d-24bc-4f74-987f-ea72edadc0f1 (job_queue.py - 245)
2017-05-11 05:02:38,962 [1;34mDEBUG[0m monitoring_worker - Waiting for a job. (etcd_worker.py - 217)
2017-05-11 05:02:38,962 [1;34mDEBUG[0m monitoring_worker - 7 job slots available (etcd_worker.py - 212)
2017-05-11 05:02:38,970 [1;34mDEBUG[0m monitoring_worker - Starting work on new ready job create:monitoring_worker:gw_interface:fbd7d07e-9e84-4ad7-ab85-36d46adb9435:1:6o5m6 (etcd_worker.py - 113)
2017-05-11 05:02:38,970 [1;34mDEBUG[0m monitoring_worker - Running job create gw_interface:fbd7d07e-9e84-4ad7-ab85-36d46adb9435 (monitoring_worker.py - 178)
2017-05-11 05:02:38,971 [1;34mDEBUG[0m monitoring_worker - Template id gw_interface_monitoring resolved from mapping: Cgw_interface_monitoring (resources.py - 838)
2017-05-11 05:02:38,992 [1;34mDEBUG[0m monitoring_worker - Posted message to topic: "monitor_igs_interface", data: {'gohan_resource_type': u'gw_interfaces', 'name': 'primary', 'tenant_id': u'0b576f6f4cbf414f829cd12f008bf08f', 'version': 1, 'action': u'create', 'gohan_id': u'fbd7d07e-9e84-4ad7-ab85-36d46adb9435', 'properties': {'vrid': 20, 'host': '10.79.5.185', 'interface': 'ae0.1025', 'login': 'esi', 'password': 'esiesi0000', 'port': 830}} (monitoring_kafka.py - 61)
2017-05-11 05:02:39,011 [1;34mDEBUG[0m monitoring_worker - Posted message to topic: "monitor_igs_interface", data: {'gohan_resource_type': u'gw_interfaces', 'name': 'secondary', 'tenant_id': u'0b576f6f4cbf414f829cd12f008bf08f', 'version': 1, 'action': u'create', 'gohan_id': u'fbd7d07e-9e84-4ad7-ab85-36d46adb9435', 'properties': {'vrid': 20, 'host': '10.79.5.184', 'interface': 'ae0.1025', 'login': 'esi', 'password': 'esiesi0000', 'port': 830}} (monitoring_kafka.py - 61)
2017-05-11 05:02:39,014 [1;34mDEBUG[0m monitoring_worker - Updating monitoring mapping, sql:

            INSERT INTO resource_mappings(id, tenant_id, resource_type,
                                resource_id, mapped_id,
                                relation, created)
            VALUES ('050aa995-9d28-4108-b02b-6003c1de5880', '0b576f6f4cbf414f829cd12f008bf08f', 'gw_interface', 'fbd7d07e-9e84-4ad7-ab85-36d46adb9435', '10.79.5.185-ae0.1025', 'vpn_primary', 1494478959)
             (mysql_client.py - 66)
2017-05-11 05:02:39,029 [1;34mDEBUG[0m monitoring_worker - Updating monitoring mapping, sql:

            INSERT INTO resource_mappings(id, tenant_id, resource_type,
                                resource_id, mapped_id,
                                relation, created)
            VALUES ('3cc6cb24-ad8d-481d-a3f6-c60c62071697', '0b576f6f4cbf414f829cd12f008bf08f', 'gw_interface', 'fbd7d07e-9e84-4ad7-ab85-36d46adb9435', '10.79.5.184-ae0.1025', 'vpn_secondary', 1494478959)
             (mysql_client.py - 66)
2017-05-11 05:02:39,046 [1;34mDEBUG[0m monitoring_worker - Finished job create gw_interface:fbd7d07e-9e84-4ad7-ab85-36d46adb9435, status:
{'primary': 'master', 'secondary': 'backup'} (monitoring_worker.py - 189)
2017-05-11 05:02:39,092 [1;34mDEBUG[0m monitoring_worker - Job create:monitoring_worker:gw_interface:fbd7d07e-9e84-4ad7-ab85-36d46adb9435:1:6o5m6 finished. (job_queue.py - 266)
2017-05-11 05:02:39,092 [1;34mDEBUG[0m monitoring_worker - Trying to delete internal process state for resource gw_interface:fbd7d07e-9e84-4ad7-ab85-36d46adb9435 (resources.py - 706)
2017-05-11 05:02:42,909 [1;34mDEBUG[0m monitoring_worker - Reserved job: create:monitoring_worker:port:67d9f139-b5be-4082-a090-3a1a9cbf1df8:1:56hjv using id: 61ca6639-7ae3-44c3-bab1-d5e50bb76999 (job_queue.py - 245)
2017-05-11 05:02:42,911 [1;34mDEBUG[0m monitoring_worker - Waiting for a job. (etcd_worker.py - 217)
2017-05-11 05:02:42,911 [1;34mDEBUG[0m monitoring_worker - 7 job slots available (etcd_worker.py - 212)
2017-05-11 05:02:42,915 [1;34mDEBUG[0m monitoring_worker - Starting work on new ready job create:monitoring_worker:port:67d9f139-b5be-4082-a090-3a1a9cbf1df8:1:56hjv (etcd_worker.py - 113)
2017-05-11 05:02:42,916 [1;34mDEBUG[0m monitoring_worker - Running job create port:67d9f139-b5be-4082-a090-3a1a9cbf1df8 (monitoring_worker.py - 178)
2017-05-11 05:02:42,917 [1;34mDEBUG[0m monitoring_worker - Template id port_monitoring resolved from mapping: {u'else_mapping': {u'constant': u'port_monitoring'}, u'if_mapping': {u'regexp': [{u'field': u'device_owner'}, {u'constant': u'network:dhcp|network:empty'}]}, u'then_mapping': {u'constant': None}} (resources.py - 838)
2017-05-11 05:02:42,939 [1;34mDEBUG[0m monitoring_worker - Finished job create port:67d9f139-b5be-4082-a090-3a1a9cbf1df8, status:
{} (monitoring_worker.py - 189)
2017-05-11 05:02:42,970 [1;34mDEBUG[0m monitoring_worker - Reserved job: create:monitoring_worker:port:33907bcb-8689-425d-a700-fe8acfd94aed:1:ndbko using id: ad8b4b9d-e3b7-4ac3-a881-555c980c7b06 (job_queue.py - 245)
2017-05-11 05:02:42,972 [1;34mDEBUG[0m monitoring_worker - Waiting for a job. (etcd_worker.py - 217)
2017-05-11 05:02:42,972 [1;34mDEBUG[0m monitoring_worker - 6 job slots available (etcd_worker.py - 212)
2017-05-11 05:02:43,019 [1;34mDEBUG[0m monitoring_worker - Starting work on new ready job create:monitoring_worker:port:33907bcb-8689-425d-a700-fe8acfd94aed:1:ndbko (etcd_worker.py - 113)
2017-05-11 05:02:43,020 [1;34mDEBUG[0m monitoring_worker - Running job create port:33907bcb-8689-425d-a700-fe8acfd94aed (monitoring_worker.py - 178)
2017-05-11 05:02:43,020 [1;34mDEBUG[0m monitoring_worker - Template id port_monitoring resolved from mapping: {u'else_mapping': {u'constant': u'port_monitoring'}, u'if_mapping': {u'regexp': [{u'field': u'device_owner'}, {u'constant': u'network:dhcp|network:empty'}]}, u'then_mapping': {u'constant': None}} (resources.py - 838)
2017-05-11 05:02:43,029 [1;34mDEBUG[0m monitoring_worker - Finished job create port:33907bcb-8689-425d-a700-fe8acfd94aed, status:
{} (monitoring_worker.py - 189)
2017-05-11 05:02:43,041 [1;34mDEBUG[0m monitoring_worker - Job create:monitoring_worker:port:67d9f139-b5be-4082-a090-3a1a9cbf1df8:1:56hjv finished. (job_queue.py - 266)
2017-05-11 05:02:43,042 [1;34mDEBUG[0m monitoring_worker - Trying to delete internal process state for resource port:67d9f139-b5be-4082-a090-3a1a9cbf1df8 (resources.py - 706)
2017-05-11 05:02:43,078 [1;34mDEBUG[0m monitoring_worker - Job create:monitoring_worker:port:33907bcb-8689-425d-a700-fe8acfd94aed:1:ndbko finished. (job_queue.py - 266)
2017-05-11 05:02:43,079 [1;34mDEBUG[0m monitoring_worker - Trying to delete internal process state for resource port:33907bcb-8689-425d-a700-fe8acfd94aed (resources.py - 706)
2017-05-11 05:02:45,459 [1;34mDEBUG[0m monitoring_worker - Reserved job: create:monitoring_worker:ese_logical_port:ecb4c4ac-3ebc-4045-a27c-52fecc93bac5:1:1dtrn using id: 1d92bbf6-ce07-4bc2-944d-e2efff40c43a (job_queue.py - 245)
2017-05-11 05:02:45,460 [1;34mDEBUG[0m monitoring_worker - Waiting for a job. (etcd_worker.py - 217)
2017-05-11 05:02:45,461 [1;34mDEBUG[0m monitoring_worker - 7 job slots available (etcd_worker.py - 212)
2017-05-11 05:02:45,465 [1;34mDEBUG[0m monitoring_worker - Starting work on new ready job create:monitoring_worker:ese_logical_port:ecb4c4ac-3ebc-4045-a27c-52fecc93bac5:1:1dtrn (etcd_worker.py - 113)
2017-05-11 05:02:45,465 [1;34mDEBUG[0m monitoring_worker - Running job create ese_logical_port:ecb4c4ac-3ebc-4045-a27c-52fecc93bac5 (monitoring_worker.py - 178)
2017-05-11 05:02:45,466 [1;34mDEBUG[0m monitoring_worker - Template id ese_logical_port_monitoring resolved from mapping: Cese_logical_port_monitoring (resources.py - 838)
2017-05-11 05:02:45,481 [1;34mDEBUG[0m monitoring_worker - Posted message to topic: "monitor_logical_port", data: {'gohan_resource_type': u'ese_logical_ports', 'name': 'logical_port', 'tenant_id': u'0b576f6f4cbf414f829cd12f008bf08f', 'version': 1, 'action': u'create', 'gohan_id': u'ecb4c4ac-3ebc-4045-a27c-52fecc93bac5', 'properties': {'community_name': 'ESE_NODE_COMMUNITY', 'device_ip': '10.161.0.34', 'name': 'xe-0/0/4.1025'}} (monitoring_kafka.py - 61)
2017-05-11 05:02:45,482 [1;34mDEBUG[0m monitoring_worker - Updating monitoring mapping, sql:

            INSERT INTO resource_mappings(id, tenant_id, resource_type,
                                resource_id, mapped_id,
                                relation, created)
            VALUES ('35f2e482-0cc8-4371-aee5-0a0cf0ee276e', '0b576f6f4cbf414f829cd12f008bf08f', 'port', '67d9f139-b5be-4082-a090-3a1a9cbf1df8', '10.161.0.34-xe-0/0/4.1025', 'baremetal', 1494478965)
             (mysql_client.py - 66)
2017-05-11 05:02:45,496 [1;34mDEBUG[0m monitoring_worker - Finished job create ese_logical_port:ecb4c4ac-3ebc-4045-a27c-52fecc93bac5, status:
{'logical_port': 'ACTIVE'} (monitoring_worker.py - 189)
2017-05-11 05:02:45,553 [1;34mDEBUG[0m monitoring_worker - Job create:monitoring_worker:ese_logical_port:ecb4c4ac-3ebc-4045-a27c-52fecc93bac5:1:1dtrn finished. (job_queue.py - 266)
2017-05-11 05:02:45,553 [1;34mDEBUG[0m monitoring_worker - Trying to delete internal process state for resource ese_logical_port:ecb4c4ac-3ebc-4045-a27c-52fecc93bac5 (resources.py - 706)
2017-05-11 05:02:45,598 [1;34mDEBUG[0m monitoring_worker - Reserved job: create:monitoring_worker:ese_logical_port:ef450536-01c9-4380-a34d-a1ae56e0447e:1:tv0o3 using id: c1a72de0-7df6-499f-aa69-f6625b324c5d (job_queue.py - 245)
2017-05-11 05:02:45,601 [1;34mDEBUG[0m monitoring_worker - Waiting for a job. (etcd_worker.py - 217)
2017-05-11 05:02:45,602 [1;34mDEBUG[0m monitoring_worker - 7 job slots available (etcd_worker.py - 212)
2017-05-11 05:02:45,609 [1;34mDEBUG[0m monitoring_worker - Starting work on new ready job create:monitoring_worker:ese_logical_port:ef450536-01c9-4380-a34d-a1ae56e0447e:1:tv0o3 (etcd_worker.py - 113)
2017-05-11 05:02:45,610 [1;34mDEBUG[0m monitoring_worker - Running job create ese_logical_port:ef450536-01c9-4380-a34d-a1ae56e0447e (monitoring_worker.py - 178)
2017-05-11 05:02:45,610 [1;34mDEBUG[0m monitoring_worker - Template id ese_logical_port_monitoring resolved from mapping: Cese_logical_port_monitoring (resources.py - 838)
2017-05-11 05:02:45,638 [1;34mDEBUG[0m monitoring_worker - Posted message to topic: "monitor_logical_port", data: {'gohan_resource_type': u'ese_logical_ports', 'name': 'logical_port', 'tenant_id': u'0b576f6f4cbf414f829cd12f008bf08f', 'version': 1, 'action': u'create', 'gohan_id': u'ef450536-01c9-4380-a34d-a1ae56e0447e', 'properties': {'community_name': 'ESE_NODE_COMMUNITY', 'device_ip': '10.161.0.34', 'name': 'xe-0/0/3.1025'}} (monitoring_kafka.py - 61)
2017-05-11 05:02:45,638 [1;34mDEBUG[0m monitoring_worker - Updating monitoring mapping, sql:

            INSERT INTO resource_mappings(id, tenant_id, resource_type,
                                resource_id, mapped_id,
                                relation, created)
            VALUES ('620b2247-8ba2-4e1b-86fe-4de6260608bc', '0b576f6f4cbf414f829cd12f008bf08f', 'port', '33907bcb-8689-425d-a700-fe8acfd94aed', '10.161.0.34-xe-0/0/3.1025', 'baremetal', 1494478965)
             (mysql_client.py - 66)
2017-05-11 05:02:45,662 [1;34mDEBUG[0m monitoring_worker - Finished job create ese_logical_port:ef450536-01c9-4380-a34d-a1ae56e0447e, status:
{'logical_port': 'ACTIVE'} (monitoring_worker.py - 189)
2017-05-11 05:02:45,721 [1;34mDEBUG[0m monitoring_worker - Job create:monitoring_worker:ese_logical_port:ef450536-01c9-4380-a34d-a1ae56e0447e:1:tv0o3 finished. (job_queue.py - 266)
2017-05-11 05:02:45,721 [1;34mDEBUG[0m monitoring_worker - Reserved job: delete:monitoring_worker:port:67d9f139-b5be-4082-a090-3a1a9cbf1df8:2:1d1eh using id: 12b7f613-42fc-4b57-bc3e-2fb5375ae899 (job_queue.py - 245)
2017-05-11 05:02:45,722 [1;34mDEBUG[0m monitoring_worker - Trying to delete internal process state for resource ese_logical_port:ef450536-01c9-4380-a34d-a1ae56e0447e (resources.py - 706)
2017-05-11 05:02:45,728 [1;34mDEBUG[0m monitoring_worker - Waiting for a job. (etcd_worker.py - 217)
2017-05-11 05:02:45,728 [1;34mDEBUG[0m monitoring_worker - 6 job slots available (etcd_worker.py - 212)
2017-05-11 05:02:45,737 [1;34mDEBUG[0m monitoring_worker - Starting work on new ready job delete:monitoring_worker:port:67d9f139-b5be-4082-a090-3a1a9cbf1df8:2:1d1eh (etcd_worker.py - 113)
2017-05-11 05:02:45,738 [1;34mDEBUG[0m monitoring_worker - Running job delete port:67d9f139-b5be-4082-a090-3a1a9cbf1df8 (monitoring_worker.py - 178)
2017-05-11 05:02:45,738 [1;34mDEBUG[0m monitoring_worker - Template id port_monitoring resolved from mapping: {u'else_mapping': {u'constant': u'port_monitoring'}, u'if_mapping': {u'regexp': [{u'field': u'device_owner'}, {u'constant': u'network:dhcp|network:empty'}]}, u'then_mapping': {u'constant': None}} (resources.py - 838)
2017-05-11 05:02:45,750 [1;34mDEBUG[0m monitoring_worker - Finished job delete port:67d9f139-b5be-4082-a090-3a1a9cbf1df8 (monitoring_worker.py - 189)
2017-05-11 05:02:45,767 [1;34mDEBUG[0m monitoring_worker - Job delete:monitoring_worker:port:67d9f139-b5be-4082-a090-3a1a9cbf1df8:2:1d1eh with handler monitoring_worker is not last. (etcd_worker.py - 185)
2017-05-11 05:02:45,793 [1;34mDEBUG[0m monitoring_worker - Job delete:monitoring_worker:port:67d9f139-b5be-4082-a090-3a1a9cbf1df8:2:1d1eh finished. (job_queue.py - 266)
2017-05-11 05:02:45,897 [1;34mDEBUG[0m monitoring_worker - Reserved job: delete:monitoring_worker:port:33907bcb-8689-425d-a700-fe8acfd94aed:2:nlk28 using id: aba94642-afd9-4b6e-8553-a3090553c80d (job_queue.py - 245)
2017-05-11 05:02:45,899 [1;34mDEBUG[0m monitoring_worker - Waiting for a job. (etcd_worker.py - 217)
2017-05-11 05:02:45,899 [1;34mDEBUG[0m monitoring_worker - 7 job slots available (etcd_worker.py - 212)
2017-05-11 05:02:45,905 [1;34mDEBUG[0m monitoring_worker - Starting work on new ready job delete:monitoring_worker:port:33907bcb-8689-425d-a700-fe8acfd94aed:2:nlk28 (etcd_worker.py - 113)
2017-05-11 05:02:45,905 [1;34mDEBUG[0m monitoring_worker - Running job delete port:33907bcb-8689-425d-a700-fe8acfd94aed (monitoring_worker.py - 178)
2017-05-11 05:02:45,905 [1;34mDEBUG[0m monitoring_worker - Template id port_monitoring resolved from mapping: {u'else_mapping': {u'constant': u'port_monitoring'}, u'if_mapping': {u'regexp': [{u'field': u'device_owner'}, {u'constant': u'network:dhcp|network:empty'}]}, u'then_mapping': {u'constant': None}} (resources.py - 838)
2017-05-11 05:02:45,930 [1;34mDEBUG[0m monitoring_worker - Finished job delete port:33907bcb-8689-425d-a700-fe8acfd94aed (monitoring_worker.py - 189)
2017-05-11 05:02:45,964 [1;34mDEBUG[0m monitoring_worker - Job delete:monitoring_worker:port:33907bcb-8689-425d-a700-fe8acfd94aed:2:nlk28 with handler monitoring_worker is not last. (etcd_worker.py - 185)
2017-05-11 05:02:45,987 [1;34mDEBUG[0m monitoring_worker - Job delete:monitoring_worker:port:33907bcb-8689-425d-a700-fe8acfd94aed:2:nlk28 finished. (job_queue.py - 266)
2017-05-11 05:02:56,373 [1;34mDEBUG[0m monitoring_worker - Reserved job: create:monitoring_worker:port:67d9f139-b5be-4082-a090-3a1a9cbf1df8:2:t549r using id: 90c33073-7f0c-4b7e-ad99-a8812adf9e2a (job_queue.py - 245)
2017-05-11 05:02:56,375 [1;34mDEBUG[0m monitoring_worker - Waiting for a job. (etcd_worker.py - 217)
2017-05-11 05:02:56,375 [1;34mDEBUG[0m monitoring_worker - 7 job slots available (etcd_worker.py - 212)
2017-05-11 05:02:56,381 [1;34mDEBUG[0m monitoring_worker - Starting work on new ready job create:monitoring_worker:port:67d9f139-b5be-4082-a090-3a1a9cbf1df8:2:t549r (etcd_worker.py - 113)
2017-05-11 05:02:56,381 [1;34mDEBUG[0m monitoring_worker - Running job create port:67d9f139-b5be-4082-a090-3a1a9cbf1df8 (monitoring_worker.py - 178)
2017-05-11 05:02:56,382 [1;34mDEBUG[0m monitoring_worker - Template id port_monitoring resolved from mapping: {u'else_mapping': {u'constant': u'port_monitoring'}, u'if_mapping': {u'regexp': [{u'field': u'device_owner'}, {u'constant': u'network:dhcp|network:empty'}]}, u'then_mapping': {u'constant': None}} (resources.py - 838)
2017-05-11 05:02:56,401 [1;34mDEBUG[0m monitoring_worker - Posted message to topic: "monitor_virtual_machine_interface", data: {'gohan_resource_type': u'ports', 'name': 'vmi', 'tenant_id': u'0b576f6f4cbf414f829cd12f008bf08f', 'version': 2, 'action': u'create', 'gohan_id': u'67d9f139-b5be-4082-a090-3a1a9cbf1df8', 'properties': {'fq_name': 'default-domain:admin:67d9f139-b5be-4082-a090-3a1a9cbf1df8', 'uuid': '67d9f139-b5be-4082-a090-3a1a9cbf1df8'}} (monitoring_kafka.py - 61)
2017-05-11 05:02:56,401 [1;34mDEBUG[0m monitoring_worker - Finished job create port:67d9f139-b5be-4082-a090-3a1a9cbf1df8, status:
{'vmi': 'ACTIVE'} (monitoring_worker.py - 189)
2017-05-11 05:02:56,444 [1;34mDEBUG[0m monitoring_worker - Job create:monitoring_worker:port:67d9f139-b5be-4082-a090-3a1a9cbf1df8:2:t549r finished. (job_queue.py - 266)
2017-05-11 05:02:56,444 [1;34mDEBUG[0m monitoring_worker - Trying to delete internal process state for resource port:67d9f139-b5be-4082-a090-3a1a9cbf1df8 (resources.py - 706)
2017-05-11 05:02:56,850 [1;34mDEBUG[0m monitoring_worker - Reserved job: create:monitoring_worker:port:33907bcb-8689-425d-a700-fe8acfd94aed:2:pfizf using id: c57ac67f-3b20-436e-8ac7-73ce05a51338 (job_queue.py - 245)
2017-05-11 05:02:56,852 [1;34mDEBUG[0m monitoring_worker - Waiting for a job. (etcd_worker.py - 217)
2017-05-11 05:02:56,852 [1;34mDEBUG[0m monitoring_worker - 7 job slots available (etcd_worker.py - 212)
2017-05-11 05:02:56,855 [1;34mDEBUG[0m monitoring_worker - Starting work on new ready job create:monitoring_worker:port:33907bcb-8689-425d-a700-fe8acfd94aed:2:pfizf (etcd_worker.py - 113)
2017-05-11 05:02:56,855 [1;34mDEBUG[0m monitoring_worker - Running job create port:33907bcb-8689-425d-a700-fe8acfd94aed (monitoring_worker.py - 178)
2017-05-11 05:02:56,855 [1;34mDEBUG[0m monitoring_worker - Template id port_monitoring resolved from mapping: {u'else_mapping': {u'constant': u'port_monitoring'}, u'if_mapping': {u'regexp': [{u'field': u'device_owner'}, {u'constant': u'network:dhcp|network:empty'}]}, u'then_mapping': {u'constant': None}} (resources.py - 838)
2017-05-11 05:02:56,868 [1;34mDEBUG[0m monitoring_worker - Posted message to topic: "monitor_virtual_machine_interface", data: {'gohan_resource_type': u'ports', 'name': 'vmi', 'tenant_id': u'0b576f6f4cbf414f829cd12f008bf08f', 'version': 2, 'action': u'create', 'gohan_id': u'33907bcb-8689-425d-a700-fe8acfd94aed', 'properties': {'fq_name': 'default-domain:admin:33907bcb-8689-425d-a700-fe8acfd94aed', 'uuid': '33907bcb-8689-425d-a700-fe8acfd94aed'}} (monitoring_kafka.py - 61)
2017-05-11 05:02:56,869 [1;34mDEBUG[0m monitoring_worker - Finished job create port:33907bcb-8689-425d-a700-fe8acfd94aed, status:
{'vmi': 'ACTIVE'} (monitoring_worker.py - 189)
2017-05-11 05:02:56,924 [1;34mDEBUG[0m monitoring_worker - Job create:monitoring_worker:port:33907bcb-8689-425d-a700-fe8acfd94aed:2:pfizf finished. (job_queue.py - 266)
2017-05-11 05:02:56,924 [1;34mDEBUG[0m monitoring_worker - Trying to delete internal process state for resource port:33907bcb-8689-425d-a700-fe8acfd94aed (resources.py - 706)
2017-05-11 05:03:26,857 [1;34mDEBUG[0m monitoring_worker - GetJob timeout. (etcd_worker.py - 225)
2017-05-11 05:03:26,858 [1;34mDEBUG[0m monitoring_worker - Waiting for a job. (etcd_worker.py - 217)
2017-05-11 05:03:26,858 [1;34mDEBUG[0m monitoring_worker - 8 job slots available (etcd_worker.py - 212)
2017-05-11 05:03:57,363 [1;34mDEBUG[0m monitoring_worker - GetJob timeout. (etcd_worker.py - 225)
2017-05-11 05:03:57,364 [1;34mDEBUG[0m monitoring_worker - Waiting for a job. (etcd_worker.py - 217)
2017-05-11 05:03:57,364 [1;34mDEBUG[0m monitoring_worker - 8 job slots available (etcd_worker.py - 212)
2017-05-11 05:04:27,373 [1;34mDEBUG[0m monitoring_worker - GetJob timeout. (etcd_worker.py - 225)
2017-05-11 05:04:27,374 [1;34mDEBUG[0m monitoring_worker - Waiting for a job. (etcd_worker.py - 217)
2017-05-11 05:04:27,374 [1;34mDEBUG[0m monitoring_worker - 8 job slots available (etcd_worker.py - 212)
2017-05-11 05:04:57,386 [1;34mDEBUG[0m monitoring_worker - GetJob timeout. (etcd_worker.py - 225)
2017-05-11 05:04:57,386 [1;34mDEBUG[0m monitoring_worker - Waiting for a job. (etcd_worker.py - 217)
2017-05-11 05:04:57,387 [1;34mDEBUG[0m monitoring_worker - 8 job slots available (etcd_worker.py - 212)
2017-05-11 05:05:27,397 [1;34mDEBUG[0m monitoring_worker - GetJob timeout. (etcd_worker.py - 225)
2017-05-11 05:05:27,397 [1;34mDEBUG[0m monitoring_worker - Waiting for a job. (etcd_worker.py - 217)
2017-05-11 05:05:27,398 [1;34mDEBUG[0m monitoring_worker - 8 job slots available (etcd_worker.py - 212)
2017-05-11 05:05:57,409 [1;34mDEBUG[0m monitoring_worker - GetJob timeout. (etcd_worker.py - 225)
2017-05-11 05:05:57,409 [1;34mDEBUG[0m monitoring_worker - Waiting for a job. (etcd_worker.py - 217)
2017-05-11 05:05:57,410 [1;34mDEBUG[0m monitoring_worker - 8 job slots available (etcd_worker.py - 212)
2017-05-11 05:06:27,417 [1;34mDEBUG[0m monitoring_worker - GetJob timeout. (etcd_worker.py - 225)
2017-05-11 05:06:27,417 [1;34mDEBUG[0m monitoring_worker - Waiting for a job. (etcd_worker.py - 217)
2017-05-11 05:06:27,417 [1;34mDEBUG[0m monitoring_worker - 8 job slots available (etcd_worker.py - 212)
2017-05-11 05:06:57,427 [1;34mDEBUG[0m monitoring_worker - GetJob timeout. (etcd_worker.py - 225)
2017-05-11 05:06:57,428 [1;34mDEBUG[0m monitoring_worker - Waiting for a job. (etcd_worker.py - 217)
2017-05-11 05:06:57,428 [1;34mDEBUG[0m monitoring_worker - 8 job slots available (etcd_worker.py - 212)
2017-05-11 05:07:27,436 [1;34mDEBUG[0m monitoring_worker - GetJob timeout. (etcd_worker.py - 225)
2017-05-11 05:07:27,436 [1;34mDEBUG[0m monitoring_worker - Waiting for a job. (etcd_worker.py - 217)
2017-05-11 05:07:27,437 [1;34mDEBUG[0m monitoring_worker - 8 job slots available (etcd_worker.py - 212)
2017-05-11 05:07:57,448 [1;34mDEBUG[0m monitoring_worker - GetJob timeout. (etcd_worker.py - 225)
2017-05-11 05:07:57,448 [1;34mDEBUG[0m monitoring_worker - Waiting for a job. (etcd_worker.py - 217)
2017-05-11 05:07:57,449 [1;34mDEBUG[0m monitoring_worker - 8 job slots available (etcd_worker.py - 212)
2017-05-11 05:08:27,460 [1;34mDEBUG[0m monitoring_worker - GetJob timeout. (etcd_worker.py - 225)
2017-05-11 05:08:27,461 [1;34mDEBUG[0m monitoring_worker - Waiting for a job. (etcd_worker.py - 217)
2017-05-11 05:08:27,461 [1;34mDEBUG[0m monitoring_worker - 8 job slots available (etcd_worker.py - 212)
2017-05-11 05:08:57,473 [1;34mDEBUG[0m monitoring_worker - GetJob timeout. (etcd_worker.py - 225)
2017-05-11 05:08:57,473 [1;34mDEBUG[0m monitoring_worker - Waiting for a job. (etcd_worker.py - 217)
2017-05-11 05:08:57,473 [1;34mDEBUG[0m monitoring_worker - 8 job slots available (etcd_worker.py - 212)
2017-05-11 05:09:27,482 [1;34mDEBUG[0m monitoring_worker - GetJob timeout. (etcd_worker.py - 225)
2017-05-11 05:09:27,482 [1;34mDEBUG[0m monitoring_worker - Waiting for a job. (etcd_worker.py - 217)
2017-05-11 05:09:27,483 [1;34mDEBUG[0m monitoring_worker - 8 job slots available (etcd_worker.py - 212)
2017-05-11 05:09:57,494 [1;34mDEBUG[0m monitoring_worker - GetJob timeout. (etcd_worker.py - 225)
2017-05-11 05:09:57,494 [1;34mDEBUG[0m monitoring_worker - Waiting for a job. (etcd_worker.py - 217)
2017-05-11 05:09:57,495 [1;34mDEBUG[0m monitoring_worker - 8 job slots available (etcd_worker.py - 212)
2017-05-11 05:10:27,499 [1;34mDEBUG[0m monitoring_worker - GetJob timeout. (etcd_worker.py - 225)
2017-05-11 05:10:27,500 [1;34mDEBUG[0m monitoring_worker - Waiting for a job. (etcd_worker.py - 217)
2017-05-11 05:10:27,500 [1;34mDEBUG[0m monitoring_worker - 8 job slots available (etcd_worker.py - 212)
2017-05-11 05:10:57,513 [1;34mDEBUG[0m monitoring_worker - GetJob timeout. (etcd_worker.py - 225)
2017-05-11 05:10:57,514 [1;34mDEBUG[0m monitoring_worker - Waiting for a job. (etcd_worker.py - 217)
2017-05-11 05:10:57,514 [1;34mDEBUG[0m monitoring_worker - 8 job slots available (etcd_worker.py - 212)
2017-05-11 05:11:27,525 [1;34mDEBUG[0m monitoring_worker - GetJob timeout. (etcd_worker.py - 225)
2017-05-11 05:11:27,525 [1;34mDEBUG[0m monitoring_worker - Waiting for a job. (etcd_worker.py - 217)
2017-05-11 05:11:27,526 [1;34mDEBUG[0m monitoring_worker - 8 job slots available (etcd_worker.py - 212)
2017-05-11 05:11:57,537 [1;34mDEBUG[0m monitoring_worker - GetJob timeout. (etcd_worker.py - 225)
2017-05-11 05:11:57,537 [1;34mDEBUG[0m monitoring_worker - Waiting for a job. (etcd_worker.py - 217)
2017-05-11 05:11:57,538 [1;34mDEBUG[0m monitoring_worker - 8 job slots available (etcd_worker.py - 212)
2017-05-11 05:12:27,552 [1;34mDEBUG[0m monitoring_worker - GetJob timeout. (etcd_worker.py - 225)
2017-05-11 05:12:27,553 [1;34mDEBUG[0m monitoring_worker - Waiting for a job. (etcd_worker.py - 217)
2017-05-11 05:12:27,553 [1;34mDEBUG[0m monitoring_worker - 8 job slots available (etcd_worker.py - 212)
2017-05-11 05:12:57,564 [1;34mDEBUG[0m monitoring_worker - GetJob timeout. (etcd_worker.py - 225)
2017-05-11 05:12:57,565 [1;34mDEBUG[0m monitoring_worker - Waiting for a job. (etcd_worker.py - 217)
2017-05-11 05:12:57,565 [1;34mDEBUG[0m monitoring_worker - 8 job slots available (etcd_worker.py - 212)
2017-05-11 05:13:27,570 [1;34mDEBUG[0m monitoring_worker - GetJob timeout. (etcd_worker.py - 225)
2017-05-11 05:13:27,571 [1;34mDEBUG[0m monitoring_worker - Waiting for a job. (etcd_worker.py - 217)
2017-05-11 05:13:27,571 [1;34mDEBUG[0m monitoring_worker - 8 job slots available (etcd_worker.py - 212)
2017-05-11 05:13:57,575 [1;34mDEBUG[0m monitoring_worker - GetJob timeout. (etcd_worker.py - 225)
2017-05-11 05:13:57,576 [1;34mDEBUG[0m monitoring_worker - Waiting for a job. (etcd_worker.py - 217)
2017-05-11 05:13:57,576 [1;34mDEBUG[0m monitoring_worker - 8 job slots available (etcd_worker.py - 212)
2017-05-11 05:14:27,588 [1;34mDEBUG[0m monitoring_worker - GetJob timeout. (etcd_worker.py - 225)
2017-05-11 05:14:27,589 [1;34mDEBUG[0m monitoring_worker - Waiting for a job. (etcd_worker.py - 217)
2017-05-11 05:14:27,589 [1;34mDEBUG[0m monitoring_worker - 8 job slots available (etcd_worker.py - 212)
2017-05-11 05:14:57,600 [1;34mDEBUG[0m monitoring_worker - GetJob timeout. (etcd_worker.py - 225)
2017-05-11 05:14:57,600 [1;34mDEBUG[0m monitoring_worker - Waiting for a job. (etcd_worker.py - 217)
2017-05-11 05:14:57,600 [1;34mDEBUG[0m monitoring_worker - 8 job slots available (etcd_worker.py - 212)
2017-05-11 05:15:27,613 [1;34mDEBUG[0m monitoring_worker - GetJob timeout. (etcd_worker.py - 225)
2017-05-11 05:15:27,614 [1;34mDEBUG[0m monitoring_worker - Waiting for a job. (etcd_worker.py - 217)
2017-05-11 05:15:27,614 [1;34mDEBUG[0m monitoring_worker - 8 job slots available (etcd_worker.py - 212)
2017-05-11 05:15:57,629 [1;34mDEBUG[0m monitoring_worker - GetJob timeout. (etcd_worker.py - 225)
2017-05-11 05:15:57,629 [1;34mDEBUG[0m monitoring_worker - Waiting for a job. (etcd_worker.py - 217)
2017-05-11 05:15:57,630 [1;34mDEBUG[0m monitoring_worker - 8 job slots available (etcd_worker.py - 212)
2017-05-11 05:16:27,642 [1;34mDEBUG[0m monitoring_worker - GetJob timeout. (etcd_worker.py - 225)
2017-05-11 05:16:27,642 [1;34mDEBUG[0m monitoring_worker - Waiting for a job. (etcd_worker.py - 217)
2017-05-11 05:16:27,643 [1;34mDEBUG[0m monitoring_worker - 8 job slots available (etcd_worker.py - 212)
2017-05-11 05:16:57,654 [1;34mDEBUG[0m monitoring_worker - GetJob timeout. (etcd_worker.py - 225)
2017-05-11 05:16:57,655 [1;34mDEBUG[0m monitoring_worker - Waiting for a job. (etcd_worker.py - 217)
2017-05-11 05:16:57,655 [1;34mDEBUG[0m monitoring_worker - 8 job slots available (etcd_worker.py - 212)
2017-05-11 05:17:27,659 [1;34mDEBUG[0m monitoring_worker - GetJob timeout. (etcd_worker.py - 225)
2017-05-11 05:17:27,659 [1;34mDEBUG[0m monitoring_worker - Waiting for a job. (etcd_worker.py - 217)
2017-05-11 05:17:27,659 [1;34mDEBUG[0m monitoring_worker - 8 job slots available (etcd_worker.py - 212)
2017-05-11 05:17:57,669 [1;34mDEBUG[0m monitoring_worker - GetJob timeout. (etcd_worker.py - 225)
2017-05-11 05:17:57,669 [1;34mDEBUG[0m monitoring_worker - Waiting for a job. (etcd_worker.py - 217)
2017-05-11 05:17:57,670 [1;34mDEBUG[0m monitoring_worker - 8 job slots available (etcd_worker.py - 212)
2017-05-11 05:18:27,676 [1;34mDEBUG[0m monitoring_worker - GetJob timeout. (etcd_worker.py - 225)
2017-05-11 05:18:27,677 [1;34mDEBUG[0m monitoring_worker - Waiting for a job. (etcd_worker.py - 217)
2017-05-11 05:18:27,677 [1;34mDEBUG[0m monitoring_worker - 8 job slots available (etcd_worker.py - 212)
2017-05-11 05:18:57,690 [1;34mDEBUG[0m monitoring_worker - GetJob timeout. (etcd_worker.py - 225)
2017-05-11 05:18:57,690 [1;34mDEBUG[0m monitoring_worker - Waiting for a job. (etcd_worker.py - 217)
2017-05-11 05:18:57,690 [1;34mDEBUG[0m monitoring_worker - 8 job slots available (etcd_worker.py - 212)
2017-05-11 05:19:27,700 [1;34mDEBUG[0m monitoring_worker - GetJob timeout. (etcd_worker.py - 225)
2017-05-11 05:19:27,701 [1;34mDEBUG[0m monitoring_worker - Waiting for a job. (etcd_worker.py - 217)
2017-05-11 05:19:27,701 [1;34mDEBUG[0m monitoring_worker - 8 job slots available (etcd_worker.py - 212)
2017-05-11 05:19:57,712 [1;34mDEBUG[0m monitoring_worker - GetJob timeout. (etcd_worker.py - 225)
2017-05-11 05:19:57,713 [1;34mDEBUG[0m monitoring_worker - Waiting for a job. (etcd_worker.py - 217)
2017-05-11 05:19:57,713 [1;34mDEBUG[0m monitoring_worker - 8 job slots available (etcd_worker.py - 212)
