2018-02-15 06:51:21,045:DEBUG:New etcd client created for etcd-server:2379/v2
2018-02-15 06:51:21,045:DEBUG:About to wait on key /esi-worker/job_state, index None
2018-02-15 06:51:21,046:DEBUG:Issuing read for key /esi-worker/job_state with args {'recursive': True, 'timeout': None, 'wait': True}
2018-02-15 06:51:21,046:DEBUG:Starting new HTTP connection (1): etcd-server
2018-02-15 06:51:21,053:DEBUG:http://etcd-server:2379 "GET /v2/keys/esi-worker/job_state?recursive=true&wait=true HTTP/1.1" 200 None
2018-02-15 06:52:48,056:DEBUG:
*** Consume stored data in etcd ***
 action=[set], key=[/esi-worker/job_state/v2.0/ese_devices/718148aa-4483-47d5-bbd1-a0e0738dc018],
 value=[{}]
2018-02-15 06:52:48,056:DEBUG:New etcd client created for etcd-server:2379/v2
2018-02-15 06:52:48,057:DEBUG:About to wait on key /esi-worker/job_state, index None
2018-02-15 06:52:48,057:DEBUG:Issuing read for key /esi-worker/job_state with args {'recursive': True, 'timeout': None, 'wait': True}
2018-02-15 06:52:48,058:DEBUG:Starting new HTTP connection (1): etcd-server
2018-02-15 06:52:48,061:DEBUG:http://etcd-server:2379 "GET /v2/keys/esi-worker/job_state?recursive=true&wait=true HTTP/1.1" 200 None
2018-02-15 06:52:51,502:DEBUG:
*** Consume stored data in etcd ***
 action=[compareAndSwap], key=[/esi-worker/job_state/v2.0/ese_devices/718148aa-4483-47d5-bbd1-a0e0738dc018],
 value=[{
    "heat_outputs": [
        {
            "output_value": "edd4b769-1665-429f-aef4-f428aca34a0b", 
            "description": "Monitoring Target ID", 
            "output_key": "monitoring_target_id"
        }, 
        {
            "output_value": [
                "default-global-system-config", 
                "NWSDP-JNPR-02"
            ], 
            "description": "The FQ name of the physical router.", 
            "output_key": "fq_name"
        }, 
        {
            "output_value": "7e5c78fa-71c0-427e-947f-586b1fc3c470", 
            "description": "A unique id for the physical router.", 
            "output_key": "id"
        }, 
        {
            "output_value": "http://collector-agents-se:7070/targets/edd4b769-1665-429f-aef4-f428aca34a0b", 
            "description": "Monitoring Process Link", 
            "output_key": "monitoring_link"
        }, 
        {
            "output_value": "NWSDP-JNPR-02", 
            "description": "The name of the physical router.", 
            "output_key": "name"
        }
    ], 
    "orchestration_state": "CREATE_COMPLETE"
}]
2018-02-15 06:52:51,503:DEBUG:New etcd client created for etcd-server:2379/v2
2018-02-15 06:52:51,504:DEBUG:About to wait on key /esi-worker/job_state, index None
2018-02-15 06:52:51,505:DEBUG:Issuing read for key /esi-worker/job_state with args {'recursive': True, 'timeout': None, 'wait': True}
2018-02-15 06:52:51,506:DEBUG:Starting new HTTP connection (1): etcd-server
2018-02-15 06:52:51,508:DEBUG:http://etcd-server:2379 "GET /v2/keys/esi-worker/job_state?recursive=true&wait=true HTTP/1.1" 200 None
2018-02-15 06:52:51,519:DEBUG:
*** Consume stored data in etcd ***
 action=[compareAndDelete], key=[/esi-worker/job_state/v2.0/ese_devices/718148aa-4483-47d5-bbd1-a0e0738dc018],
 value=[]
2018-02-15 06:52:51,520:DEBUG:New etcd client created for etcd-server:2379/v2
2018-02-15 06:52:51,520:DEBUG:About to wait on key /esi-worker/job_state, index None
2018-02-15 06:52:51,521:DEBUG:Issuing read for key /esi-worker/job_state with args {'recursive': True, 'timeout': None, 'wait': True}
2018-02-15 06:52:51,521:DEBUG:Starting new HTTP connection (1): etcd-server
2018-02-15 06:52:51,523:DEBUG:http://etcd-server:2379 "GET /v2/keys/esi-worker/job_state?recursive=true&wait=true HTTP/1.1" 200 None
2018-02-15 06:53:59,384:DEBUG:
*** Consume stored data in etcd ***
 action=[set], key=[/esi-worker/job_state/v2.0/ese_physical_ports/24dd42cf-b343-47a9-966a-8f7486378c46],
 value=[{}]
2018-02-15 06:53:59,385:DEBUG:New etcd client created for etcd-server:2379/v2
2018-02-15 06:53:59,386:DEBUG:About to wait on key /esi-worker/job_state, index None
2018-02-15 06:53:59,386:DEBUG:Issuing read for key /esi-worker/job_state with args {'recursive': True, 'timeout': None, 'wait': True}
2018-02-15 06:53:59,387:DEBUG:Starting new HTTP connection (1): etcd-server
2018-02-15 06:53:59,389:DEBUG:http://etcd-server:2379 "GET /v2/keys/esi-worker/job_state?recursive=true&wait=true HTTP/1.1" 200 None
2018-02-15 06:54:03,620:DEBUG:
*** Consume stored data in etcd ***
 action=[compareAndSwap], key=[/esi-worker/job_state/v2.0/ese_physical_ports/24dd42cf-b343-47a9-966a-8f7486378c46],
 value=[{
    "heat_outputs": [
        {
            "output_value": "a481c2c4-e9cd-41f3-8e27-3a4184119abf", 
            "description": "Monitoring Target ID", 
            "output_key": "monitoring_target_id"
        }, 
        {
            "output_value": "5a79909b-2bf3-4e26-8a9c-0bf6bb175457", 
            "description": "A unique id for the physical interface", 
            "output_key": "id"
        }, 
        {
            "output_value": "http://collector-agents-se:7070/targets/a481c2c4-e9cd-41f3-8e27-3a4184119abf", 
            "description": "Monitoring Process Link", 
            "output_key": "monitoring_link"
        }, 
        {
            "output_value": "xe-0/0/38", 
            "description": "The name of the physical interface.", 
            "output_key": "name"
        }
    ], 
    "orchestration_state": "CREATE_COMPLETE"
}]
2018-02-15 06:54:03,621:DEBUG:New etcd client created for etcd-server:2379/v2
2018-02-15 06:54:03,622:DEBUG:About to wait on key /esi-worker/job_state, index None
2018-02-15 06:54:03,623:DEBUG:Issuing read for key /esi-worker/job_state with args {'recursive': True, 'timeout': None, 'wait': True}
2018-02-15 06:54:03,624:DEBUG:Starting new HTTP connection (1): etcd-server
2018-02-15 06:54:03,627:DEBUG:http://etcd-server:2379 "GET /v2/keys/esi-worker/job_state?recursive=true&wait=true HTTP/1.1" 200 None
2018-02-15 06:54:03,645:DEBUG:
*** Consume stored data in etcd ***
 action=[compareAndDelete], key=[/esi-worker/job_state/v2.0/ese_physical_ports/24dd42cf-b343-47a9-966a-8f7486378c46],
 value=[]
2018-02-15 06:54:03,645:DEBUG:New etcd client created for etcd-server:2379/v2
2018-02-15 06:54:03,646:DEBUG:About to wait on key /esi-worker/job_state, index None
2018-02-15 06:54:03,647:DEBUG:Issuing read for key /esi-worker/job_state with args {'recursive': True, 'timeout': None, 'wait': True}
2018-02-15 06:54:03,647:DEBUG:Starting new HTTP connection (1): etcd-server
2018-02-15 06:54:03,650:DEBUG:http://etcd-server:2379 "GET /v2/keys/esi-worker/job_state?recursive=true&wait=true HTTP/1.1" 200 None
2018-02-15 06:55:04,436:DEBUG:
*** Consume stored data in etcd ***
 action=[set], key=[/esi-worker/job_state/v2.0/networks/35bc496f-3c0e-46b4-a5c0-33810e8e7263],
 value=[{}]
2018-02-15 06:55:04,437:DEBUG:New etcd client created for etcd-server:2379/v2
2018-02-15 06:55:04,438:DEBUG:About to wait on key /esi-worker/job_state, index None
2018-02-15 06:55:04,438:DEBUG:Issuing read for key /esi-worker/job_state with args {'recursive': True, 'timeout': None, 'wait': True}
2018-02-15 06:55:04,439:DEBUG:Starting new HTTP connection (1): etcd-server
2018-02-15 06:55:04,441:DEBUG:http://etcd-server:2379 "GET /v2/keys/esi-worker/job_state?recursive=true&wait=true HTTP/1.1" 200 None
2018-02-15 06:55:06,487:DEBUG:
*** Consume stored data in etcd ***
 action=[compareAndSwap], key=[/esi-worker/job_state/v2.0/networks/35bc496f-3c0e-46b4-a5c0-33810e8e7263],
 value=[{
    "heat_outputs": [
        {
            "output_value": [], 
            "description": "The name of the virtual network.", 
            "output_key": "route_targets"
        }, 
        {
            "output_value": "default-domain:usertenant:35bc496f-3c0e-46b4-a5c0-33810e8e7263", 
            "description": "The FQ name of the virtual network.", 
            "output_key": "fq_name"
        }, 
        {
            "output_value": "35bc496f-3c0e-46b4-a5c0-33810e8e7263", 
            "description": "A unique id for the virtual network.", 
            "output_key": "id"
        }, 
        {
            "output_value": "35bc496f-3c0e-46b4-a5c0-33810e8e7263", 
            "description": "The name of the virtual network.", 
            "output_key": "name"
        }
    ], 
    "orchestration_state": "CREATE_COMPLETE"
}]
2018-02-15 06:55:06,487:DEBUG:New etcd client created for etcd-server:2379/v2
2018-02-15 06:55:06,488:DEBUG:About to wait on key /esi-worker/job_state, index None
2018-02-15 06:55:06,488:DEBUG:Issuing read for key /esi-worker/job_state with args {'recursive': True, 'timeout': None, 'wait': True}
2018-02-15 06:55:06,489:DEBUG:Starting new HTTP connection (1): etcd-server
2018-02-15 06:55:06,490:DEBUG:http://etcd-server:2379 "GET /v2/keys/esi-worker/job_state?recursive=true&wait=true HTTP/1.1" 200 None
2018-02-15 06:55:06,502:DEBUG:
*** Consume stored data in etcd ***
 action=[compareAndDelete], key=[/esi-worker/job_state/v2.0/networks/35bc496f-3c0e-46b4-a5c0-33810e8e7263],
 value=[]
2018-02-15 06:55:06,503:DEBUG:New etcd client created for etcd-server:2379/v2
2018-02-15 06:55:06,503:DEBUG:About to wait on key /esi-worker/job_state, index None
2018-02-15 06:55:06,504:DEBUG:Issuing read for key /esi-worker/job_state with args {'recursive': True, 'timeout': None, 'wait': True}
2018-02-15 06:55:06,504:DEBUG:Starting new HTTP connection (1): etcd-server
2018-02-15 06:55:06,506:DEBUG:http://etcd-server:2379 "GET /v2/keys/esi-worker/job_state?recursive=true&wait=true HTTP/1.1" 200 None
2018-02-15 06:55:10,315:DEBUG:
*** Consume stored data in etcd ***
 action=[set], key=[/esi-worker/job_state/v2.0/subnets/3cfa93ac-251a-4a60-9434-ff4c88bf3655],
 value=[{}]
2018-02-15 06:55:10,316:DEBUG:New etcd client created for etcd-server:2379/v2
2018-02-15 06:55:10,316:DEBUG:About to wait on key /esi-worker/job_state, index None
2018-02-15 06:55:10,317:DEBUG:Issuing read for key /esi-worker/job_state with args {'recursive': True, 'timeout': None, 'wait': True}
2018-02-15 06:55:10,318:DEBUG:Starting new HTTP connection (1): etcd-server
2018-02-15 06:55:10,324:DEBUG:http://etcd-server:2379 "GET /v2/keys/esi-worker/job_state?recursive=true&wait=true HTTP/1.1" 200 None
2018-02-15 06:55:12,564:DEBUG:
*** Consume stored data in etcd ***
 action=[compareAndSwap], key=[/esi-worker/job_state/v2.0/subnets/3cfa93ac-251a-4a60-9434-ff4c88bf3655],
 value=[{
    "heat_outputs": [
        {
            "output_value": "192.168.200.0/24", 
            "description": "IP prefix of local subnet.", 
            "output_key": "ip_prefix"
        }, 
        {
            "output_value": "3cfa93ac-251a-4a60-9434-ff4c88bf3655", 
            "description": "The name of the local subnet.", 
            "output_key": "name"
        }, 
        {
            "output_value": "192.168.200.1", 
            "description": "Default gateway of local subnet.", 
            "output_key": "default_gateway"
        }, 
        {
            "output_value": "35bc496f-3c0e-46b4-a5c0-33810e8e7263", 
            "description": "A unique id for the network.", 
            "output_key": "network_id"
        }, 
        {
            "output_value": "5a79909b-2bf3-4e26-8a9c-0bf6bb175457", 
            "description": "IPAM this local subnet uses.", 
            "output_key": "ipam"
        }, 
        {
            "output_value": "15711909-5d0a-46c8-83f5-c739380ebbb9", 
            "description": "A unique id for the local subnet.", 
            "output_key": "id"
        }
    ], 
    "orchestration_state": "CREATE_COMPLETE"
}]
2018-02-15 06:55:12,565:DEBUG:New etcd client created for etcd-server:2379/v2
2018-02-15 06:55:12,565:DEBUG:About to wait on key /esi-worker/job_state, index None
2018-02-15 06:55:12,566:DEBUG:Issuing read for key /esi-worker/job_state with args {'recursive': True, 'timeout': None, 'wait': True}
2018-02-15 06:55:12,567:DEBUG:Starting new HTTP connection (1): etcd-server
2018-02-15 06:55:12,569:DEBUG:http://etcd-server:2379 "GET /v2/keys/esi-worker/job_state?recursive=true&wait=true HTTP/1.1" 200 None
2018-02-15 06:55:12,579:DEBUG:
*** Consume stored data in etcd ***
 action=[compareAndDelete], key=[/esi-worker/job_state/v2.0/subnets/3cfa93ac-251a-4a60-9434-ff4c88bf3655],
 value=[]
2018-02-15 06:55:12,579:DEBUG:New etcd client created for etcd-server:2379/v2
2018-02-15 06:55:12,580:DEBUG:About to wait on key /esi-worker/job_state, index None
2018-02-15 06:55:12,581:DEBUG:Issuing read for key /esi-worker/job_state with args {'recursive': True, 'timeout': None, 'wait': True}
2018-02-15 06:55:12,581:DEBUG:Starting new HTTP connection (1): etcd-server
2018-02-15 06:55:12,583:DEBUG:http://etcd-server:2379 "GET /v2/keys/esi-worker/job_state?recursive=true&wait=true HTTP/1.1" 200 None
2018-02-15 06:55:17,486:DEBUG:
*** Consume stored data in etcd ***
 action=[set], key=[/esi-worker/job_state/v2.0/ports/fde61b02-9615-4e75-aac0-30a333657c1b],
 value=[{}]
2018-02-15 06:55:17,487:DEBUG:New etcd client created for etcd-server:2379/v2
2018-02-15 06:55:17,487:DEBUG:About to wait on key /esi-worker/job_state, index None
2018-02-15 06:55:17,488:DEBUG:Issuing read for key /esi-worker/job_state with args {'recursive': True, 'timeout': None, 'wait': True}
2018-02-15 06:55:17,489:DEBUG:Starting new HTTP connection (1): etcd-server
2018-02-15 06:55:17,497:DEBUG:http://etcd-server:2379 "GET /v2/keys/esi-worker/job_state?recursive=true&wait=true HTTP/1.1" 200 None
2018-02-15 06:55:20,749:DEBUG:
*** Consume stored data in etcd ***
 action=[compareAndSwap], key=[/esi-worker/job_state/v2.0/ports/fde61b02-9615-4e75-aac0-30a333657c1b],
 value=[{
    "heat_outputs": [
        {
            "output_value": [
                [
                    "default-domain", 
                    "admin", 
                    "b62eefe0-0872-478d-adfe-1a606320f0e7"
                ]
            ], 
            "description": "Virtual network.", 
            "output_key": "virtual_network"
        }, 
        {
            "output_value": "default-domain:admin:f68d0924-ef20-4c1b-ac45-0e6b879af5e7", 
            "description": "Fully Qualified Name of the VMI", 
            "output_key": "fq_name"
        }, 
        {
            "output_value": "f68d0924-ef20-4c1b-ac45-0e6b879af5e7", 
            "description": "A unique id for the virtual machine interface.", 
            "output_key": "id"
        }, 
        {
            "output_value": {
                "allowed_address_pair": []
            }, 
            "description": "Virtual machine allowed address pairs.", 
            "output_key": "allowed_address_pairs"
        }, 
        {
            "output_value": [
                "fa:16:3e:f7:60:7f"
            ], 
            "description": "Virtual machine interface mac address.", 
            "output_key": "mac_address"
        }
    ], 
    "orchestration_state": "CREATE_COMPLETE"
}]
2018-02-15 06:55:20,750:DEBUG:New etcd client created for etcd-server:2379/v2
2018-02-15 06:55:20,751:DEBUG:About to wait on key /esi-worker/job_state, index None
2018-02-15 06:55:20,751:DEBUG:Issuing read for key /esi-worker/job_state with args {'recursive': True, 'timeout': None, 'wait': True}
2018-02-15 06:55:20,752:DEBUG:Starting new HTTP connection (1): etcd-server
2018-02-15 06:55:20,754:DEBUG:http://etcd-server:2379 "GET /v2/keys/esi-worker/job_state?recursive=true&wait=true HTTP/1.1" 200 None
2018-02-15 06:55:20,780:DEBUG:
*** Consume stored data in etcd ***
 action=[compareAndDelete], key=[/esi-worker/job_state/v2.0/ports/fde61b02-9615-4e75-aac0-30a333657c1b],
 value=[]
2018-02-15 06:55:20,780:DEBUG:New etcd client created for etcd-server:2379/v2
2018-02-15 06:55:20,781:DEBUG:About to wait on key /esi-worker/job_state, index None
2018-02-15 06:55:20,782:DEBUG:Issuing read for key /esi-worker/job_state with args {'recursive': True, 'timeout': None, 'wait': True}
2018-02-15 06:55:20,783:DEBUG:Starting new HTTP connection (1): etcd-server
2018-02-15 06:55:20,785:DEBUG:http://etcd-server:2379 "GET /v2/keys/esi-worker/job_state?recursive=true&wait=true HTTP/1.1" 200 None
2018-02-15 06:55:20,803:DEBUG:
*** Consume stored data in etcd ***
 action=[set], key=[/esi-worker/job_state/v2.0/ese_logical_ports/ced1435d-6dfa-4dab-bb7c-19da4d8e48b7],
 value=[{}]
2018-02-15 06:55:20,804:DEBUG:New etcd client created for etcd-server:2379/v2
2018-02-15 06:55:20,804:DEBUG:About to wait on key /esi-worker/job_state, index None
2018-02-15 06:55:20,805:DEBUG:Issuing read for key /esi-worker/job_state with args {'recursive': True, 'timeout': None, 'wait': True}
2018-02-15 06:55:20,806:DEBUG:Starting new HTTP connection (1): etcd-server
2018-02-15 06:55:20,811:DEBUG:http://etcd-server:2379 "GET /v2/keys/esi-worker/job_state?recursive=true&wait=true HTTP/1.1" 200 None
2018-02-15 06:55:23,999:DEBUG:
*** Consume stored data in etcd ***
 action=[compareAndSwap], key=[/esi-worker/job_state/v2.0/ese_logical_ports/ced1435d-6dfa-4dab-bb7c-19da4d8e48b7],
 value=[{
    "heat_outputs": [
        {
            "output_value": "9dcbbbbc-e9ea-4276-ba65-68ce8737e568", 
            "description": "Monitoring Target ID", 
            "output_key": "monitoring_target_id"
        }, 
        {
            "output_value": "46b0cd68-d0fb-4d72-9def-830164f9e215", 
            "description": "A unique id for the logical interface", 
            "output_key": "id"
        }, 
        {
            "output_value": "http://collector-agents-se:7070/targets/9dcbbbbc-e9ea-4276-ba65-68ce8737e568", 
            "description": "Monitoring Process Link", 
            "output_key": "monitoring_link"
        }, 
        {
            "output_value": "xe-0/0/38.0", 
            "description": "The name of the logical interface.", 
            "output_key": "name"
        }
    ], 
    "orchestration_state": "CREATE_COMPLETE"
}]
2018-02-15 06:55:23,999:DEBUG:New etcd client created for etcd-server:2379/v2
2018-02-15 06:55:23,999:DEBUG:About to wait on key /esi-worker/job_state, index None
2018-02-15 06:55:24,000:DEBUG:Issuing read for key /esi-worker/job_state with args {'recursive': True, 'timeout': None, 'wait': True}
2018-02-15 06:55:24,000:DEBUG:Starting new HTTP connection (1): etcd-server
2018-02-15 06:55:24,002:DEBUG:http://etcd-server:2379 "GET /v2/keys/esi-worker/job_state?recursive=true&wait=true HTTP/1.1" 200 None
2018-02-15 06:55:24,010:DEBUG:
*** Consume stored data in etcd ***
 action=[compareAndDelete], key=[/esi-worker/job_state/v2.0/ese_logical_ports/ced1435d-6dfa-4dab-bb7c-19da4d8e48b7],
 value=[]
2018-02-15 06:55:24,011:DEBUG:New etcd client created for etcd-server:2379/v2
2018-02-15 06:55:24,011:DEBUG:About to wait on key /esi-worker/job_state, index None
2018-02-15 06:55:24,012:DEBUG:Issuing read for key /esi-worker/job_state with args {'recursive': True, 'timeout': None, 'wait': True}
2018-02-15 06:55:24,012:DEBUG:Starting new HTTP connection (1): etcd-server
2018-02-15 06:55:24,014:DEBUG:http://etcd-server:2379 "GET /v2/keys/esi-worker/job_state?recursive=true&wait=true HTTP/1.1" 200 None
2018-02-15 06:55:24,104:DEBUG:
*** Consume stored data in etcd ***
 action=[set], key=[/esi-worker/job_state/v2.0/ports/fde61b02-9615-4e75-aac0-30a333657c1b],
 value=[{}]
2018-02-15 06:55:24,105:DEBUG:New etcd client created for etcd-server:2379/v2
2018-02-15 06:55:24,105:DEBUG:About to wait on key /esi-worker/job_state, index None
2018-02-15 06:55:24,106:DEBUG:Issuing read for key /esi-worker/job_state with args {'recursive': True, 'timeout': None, 'wait': True}
2018-02-15 06:55:24,106:DEBUG:Starting new HTTP connection (1): etcd-server
2018-02-15 06:55:24,108:DEBUG:http://etcd-server:2379 "GET /v2/keys/esi-worker/job_state?recursive=true&wait=true HTTP/1.1" 200 None
2018-02-15 06:55:34,470:DEBUG:
*** Consume stored data in etcd ***
 action=[compareAndSwap], key=[/esi-worker/job_state/v2.0/ports/fde61b02-9615-4e75-aac0-30a333657c1b],
 value=[{
    "heat_outputs": [
        {
            "output_value": "default-domain:admin:f68d0924-ef20-4c1b-ac45-0e6b879af5e7", 
            "description": "Fully Qualified Name of the VMI", 
            "output_key": "fq_name"
        }, 
        {
            "output_value": {
                "allowed_address_pair": []
            }, 
            "description": "Virtual machine allowed address pairs.", 
            "output_key": "allowed_address_pairs"
        }, 
        {
            "output_value": "31ac332f-d172-4a39-8fa5-976ada238eff", 
            "description": "Monitoring Target ID", 
            "output_key": "monitoring_target_id"
        }, 
        {
            "output_value": [
                "fa:16:3e:f7:60:7f"
            ], 
            "description": "Virtual machine interface mac address.", 
            "output_key": "mac_address"
        }, 
        {
            "output_value": [
                [
                    "default-domain", 
                    "admin", 
                    "b62eefe0-0872-478d-adfe-1a606320f0e7"
                ]
            ], 
            "description": "Virtual network.", 
            "output_key": "virtual_network"
        }, 
        {
            "output_value": "f68d0924-ef20-4c1b-ac45-0e6b879af5e7", 
            "description": "A unique id for the virtual machine interface.", 
            "output_key": "id"
        }, 
        {
            "output_value": "http://collector-agents-se:7070/targets/31ac332f-d172-4a39-8fa5-976ada238eff", 
            "description": "Monitoring Process Link", 
            "output_key": "monitoring_link"
        }
    ], 
    "orchestration_state": "UPDATE_COMPLETE"
}]
2018-02-15 06:55:34,470:DEBUG:New etcd client created for etcd-server:2379/v2
2018-02-15 06:55:34,470:DEBUG:About to wait on key /esi-worker/job_state, index None
2018-02-15 06:55:34,471:DEBUG:Issuing read for key /esi-worker/job_state with args {'recursive': True, 'timeout': None, 'wait': True}
2018-02-15 06:55:34,471:DEBUG:Starting new HTTP connection (1): etcd-server
2018-02-15 06:55:34,473:DEBUG:http://etcd-server:2379 "GET /v2/keys/esi-worker/job_state?recursive=true&wait=true HTTP/1.1" 200 None
2018-02-15 06:55:34,485:DEBUG:
*** Consume stored data in etcd ***
 action=[compareAndDelete], key=[/esi-worker/job_state/v2.0/ports/fde61b02-9615-4e75-aac0-30a333657c1b],
 value=[]
2018-02-15 06:55:34,485:DEBUG:New etcd client created for etcd-server:2379/v2
2018-02-15 06:55:34,486:DEBUG:About to wait on key /esi-worker/job_state, index None
2018-02-15 06:55:34,486:DEBUG:Issuing read for key /esi-worker/job_state with args {'recursive': True, 'timeout': None, 'wait': True}
2018-02-15 06:55:34,487:DEBUG:Starting new HTTP connection (1): etcd-server
2018-02-15 06:55:34,488:DEBUG:http://etcd-server:2379 "GET /v2/keys/esi-worker/job_state?recursive=true&wait=true HTTP/1.1" 200 None
