2019-02-01 00:26:11,319:DEBUG:New etcd client created for etcd-server:2379/v2
2019-02-01 00:26:11,320:DEBUG:Starting new HTTP connection (1): etcd-server:2379
2019-02-01 00:26:11,322:DEBUG:http://etcd-server:2379 "GET /v2/machines HTTP/1.1" 200 23
2019-02-01 00:26:11,323:DEBUG:Retrieved list of machines: [u'http://etcd-server:2379']
2019-02-01 00:26:11,323:DEBUG:Machines cache initialised to []
2019-02-01 00:26:11,323:DEBUG:About to wait on key /esi-worker/heat_stacks, index None
2019-02-01 00:26:11,323:DEBUG:Issuing read for key /esi-worker/heat_stacks with args {'recursive': True, 'timeout': None, 'wait': True}
2019-02-01 00:26:11,324:DEBUG:http://etcd-server:2379 "GET /v2/keys/esi-worker/heat_stacks?recursive=true&wait=true HTTP/1.1" 200 None
2019-02-01 00:26:31,343:ERROR:Request to server http://etcd-server:2379 failed: ReadTimeoutError("HTTPConnectionPool(host='etcd-server', port=2379): Read timed out.",)
2019-02-01 00:26:31,343:INFO:Reconnection allowed, looking for another server.
2019-02-01 00:26:31,344:DEBUG:Selection next machine in cache. Available machines: []
2019-02-01 00:26:31,344:ERROR:Machines cache is empty, no machines to try.
2019-02-01 00:26:31,344:DEBUG:About to wait on key /esi-worker/heat_stacks, index None
2019-02-01 00:26:31,344:DEBUG:Issuing read for key /esi-worker/heat_stacks with args {'recursive': True, 'timeout': None, 'wait': True}
2019-02-01 00:26:31,344:DEBUG:Resetting dropped connection: etcd-server
2019-02-01 00:26:31,346:DEBUG:http://etcd-server:2379 "GET /v2/keys/esi-worker/heat_stacks?recursive=true&wait=true HTTP/1.1" 200 None
2019-02-01 00:26:51,363:ERROR:Request to server http://etcd-server:2379 failed: ReadTimeoutError("HTTPConnectionPool(host='etcd-server', port=2379): Read timed out.",)
2019-02-01 00:26:51,363:INFO:Reconnection allowed, looking for another server.
2019-02-01 00:26:51,363:DEBUG:Selection next machine in cache. Available machines: []
2019-02-01 00:26:51,364:ERROR:Machines cache is empty, no machines to try.
2019-02-01 00:26:51,364:DEBUG:About to wait on key /esi-worker/heat_stacks, index None
2019-02-01 00:26:51,364:DEBUG:Issuing read for key /esi-worker/heat_stacks with args {'recursive': True, 'timeout': None, 'wait': True}
2019-02-01 00:26:51,364:DEBUG:Resetting dropped connection: etcd-server
2019-02-01 00:26:51,366:DEBUG:http://etcd-server:2379 "GET /v2/keys/esi-worker/heat_stacks?recursive=true&wait=true HTTP/1.1" 200 None
2019-02-01 00:27:11,384:ERROR:Request to server http://etcd-server:2379 failed: ReadTimeoutError("HTTPConnectionPool(host='etcd-server', port=2379): Read timed out.",)
2019-02-01 00:27:11,384:INFO:Reconnection allowed, looking for another server.
2019-02-01 00:27:11,384:DEBUG:Selection next machine in cache. Available machines: []
2019-02-01 00:27:11,384:ERROR:Machines cache is empty, no machines to try.
2019-02-01 00:27:11,384:DEBUG:About to wait on key /esi-worker/heat_stacks, index None
2019-02-01 00:27:11,384:DEBUG:Issuing read for key /esi-worker/heat_stacks with args {'recursive': True, 'timeout': None, 'wait': True}
2019-02-01 00:27:11,385:DEBUG:Resetting dropped connection: etcd-server
2019-02-01 00:27:11,386:DEBUG:http://etcd-server:2379 "GET /v2/keys/esi-worker/heat_stacks?recursive=true&wait=true HTTP/1.1" 200 None
2019-02-01 00:27:20,495:DEBUG:
*** Consume stored data in etcd ***
 action=[set], key=[/esi-worker/heat_stacks/v2.0/ese_devices/61a05e50-71f9-495d-b1cc-74382dfaec83],
 value=[{
    "stack_id": "ese_device_61a05e50-71f9-495d-b1cc-74382dfaec83", 
    "tenant_id": "4b4cb858859842a389d0b0c8eb567d59", 
    "stack_status": "CREATE_COMPLETE", 
    "output": [
        {
            "output_value": "259db18a-5c51-45d5-847e-9a05da626f80", 
            "description": "Monitoring Target ID", 
            "output_key": "monitoring_target_id"
        }, 
        {
            "output_value": [
                "default-global-system-config", 
                "NWSDP-JNPR-02"
            ], 
            "description": "The FQ name of the physical router.", 
            "output_key": "fq_name"
        }, 
        {
            "output_value": "7e5c78fa-71c0-427e-947f-586b1fc3c470", 
            "description": "A unique id for the physical router.", 
            "output_key": "id"
        }, 
        {
            "output_value": "http://collector-agents-se:7070/targets/259db18a-5c51-45d5-847e-9a05da626f80", 
            "description": "Monitoring Process Link", 
            "output_key": "monitoring_link"
        }, 
        {
            "output_value": "NWSDP-JNPR-02", 
            "description": "The name of the physical router.", 
            "output_key": "name"
        }
    ], 
    "status_reason": "Stack CREATE completed successfully", 
    "id": "ese_device:61a05e50-71f9-495d-b1cc-74382dfaec83"
}]
2019-02-01 00:27:20,495:DEBUG:About to wait on key /esi-worker/heat_stacks, index None
2019-02-01 00:27:20,495:DEBUG:Issuing read for key /esi-worker/heat_stacks with args {'recursive': True, 'timeout': None, 'wait': True}
2019-02-01 00:27:20,496:DEBUG:http://etcd-server:2379 "GET /v2/keys/esi-worker/heat_stacks?recursive=true&wait=true HTTP/1.1" 200 None
2019-02-01 00:27:40,510:ERROR:Request to server http://etcd-server:2379 failed: ReadTimeoutError("HTTPConnectionPool(host='etcd-server', port=2379): Read timed out.",)
2019-02-01 00:27:40,510:INFO:Reconnection allowed, looking for another server.
2019-02-01 00:27:40,510:DEBUG:Selection next machine in cache. Available machines: []
2019-02-01 00:27:40,510:ERROR:Machines cache is empty, no machines to try.
2019-02-01 00:27:40,511:DEBUG:About to wait on key /esi-worker/heat_stacks, index None
2019-02-01 00:27:40,511:DEBUG:Issuing read for key /esi-worker/heat_stacks with args {'recursive': True, 'timeout': None, 'wait': True}
2019-02-01 00:27:40,511:DEBUG:Resetting dropped connection: etcd-server
2019-02-01 00:27:40,512:DEBUG:http://etcd-server:2379 "GET /v2/keys/esi-worker/heat_stacks?recursive=true&wait=true HTTP/1.1" 200 None
2019-02-01 00:28:00,530:ERROR:Request to server http://etcd-server:2379 failed: ReadTimeoutError("HTTPConnectionPool(host='etcd-server', port=2379): Read timed out.",)
2019-02-01 00:28:00,530:INFO:Reconnection allowed, looking for another server.
2019-02-01 00:28:00,530:DEBUG:Selection next machine in cache. Available machines: []
2019-02-01 00:28:00,530:ERROR:Machines cache is empty, no machines to try.
2019-02-01 00:28:00,530:DEBUG:About to wait on key /esi-worker/heat_stacks, index None
2019-02-01 00:28:00,530:DEBUG:Issuing read for key /esi-worker/heat_stacks with args {'recursive': True, 'timeout': None, 'wait': True}
2019-02-01 00:28:00,531:DEBUG:Resetting dropped connection: etcd-server
2019-02-01 00:28:00,532:DEBUG:http://etcd-server:2379 "GET /v2/keys/esi-worker/heat_stacks?recursive=true&wait=true HTTP/1.1" 200 None
2019-02-01 00:28:20,533:ERROR:Request to server http://etcd-server:2379 failed: ReadTimeoutError("HTTPConnectionPool(host='etcd-server', port=2379): Read timed out.",)
2019-02-01 00:28:20,533:INFO:Reconnection allowed, looking for another server.
2019-02-01 00:28:20,533:DEBUG:Selection next machine in cache. Available machines: []
2019-02-01 00:28:20,534:ERROR:Machines cache is empty, no machines to try.
2019-02-01 00:28:20,534:DEBUG:About to wait on key /esi-worker/heat_stacks, index None
2019-02-01 00:28:20,534:DEBUG:Issuing read for key /esi-worker/heat_stacks with args {'recursive': True, 'timeout': None, 'wait': True}
2019-02-01 00:28:20,534:DEBUG:Resetting dropped connection: etcd-server
2019-02-01 00:28:20,536:DEBUG:http://etcd-server:2379 "GET /v2/keys/esi-worker/heat_stacks?recursive=true&wait=true HTTP/1.1" 200 None
2019-02-01 00:28:40,552:ERROR:Request to server http://etcd-server:2379 failed: ReadTimeoutError("HTTPConnectionPool(host='etcd-server', port=2379): Read timed out.",)
2019-02-01 00:28:40,552:INFO:Reconnection allowed, looking for another server.
2019-02-01 00:28:40,552:DEBUG:Selection next machine in cache. Available machines: []
2019-02-01 00:28:40,552:ERROR:Machines cache is empty, no machines to try.
2019-02-01 00:28:40,552:DEBUG:About to wait on key /esi-worker/heat_stacks, index None
2019-02-01 00:28:40,552:DEBUG:Issuing read for key /esi-worker/heat_stacks with args {'recursive': True, 'timeout': None, 'wait': True}
2019-02-01 00:28:40,553:DEBUG:Resetting dropped connection: etcd-server
2019-02-01 00:28:40,554:DEBUG:http://etcd-server:2379 "GET /v2/keys/esi-worker/heat_stacks?recursive=true&wait=true HTTP/1.1" 200 None
2019-02-01 00:28:41,618:DEBUG:
*** Consume stored data in etcd ***
 action=[set], key=[/esi-worker/heat_stacks/v2.0/ese_physical_ports/0915a040-2f84-44fc-9083-1e2f719ae2eb],
 value=[{
    "stack_id": "ese_physical_port_0915a040-2f84-44fc-9083-1e2f719ae2eb", 
    "tenant_id": "4b4cb858859842a389d0b0c8eb567d59", 
    "stack_status": "CREATE_COMPLETE", 
    "output": [
        {
            "output_value": "39ab4e06-ac66-4e84-81c5-93b888427955", 
            "description": "Monitoring Target ID", 
            "output_key": "monitoring_target_id"
        }, 
        {
            "output_value": "5a79909b-2bf3-4e26-8a9c-0bf6bb175457", 
            "description": "A unique id for the physical interface", 
            "output_key": "id"
        }, 
        {
            "output_value": "http://collector-agents-se:7070/targets/39ab4e06-ac66-4e84-81c5-93b888427955", 
            "description": "Monitoring Process Link", 
            "output_key": "monitoring_link"
        }, 
        {
            "output_value": "xe-0/0/38", 
            "description": "The name of the physical interface.", 
            "output_key": "name"
        }
    ], 
    "status_reason": "Stack CREATE completed successfully", 
    "id": "ese_physical_port:0915a040-2f84-44fc-9083-1e2f719ae2eb"
}]
2019-02-01 00:28:41,619:DEBUG:About to wait on key /esi-worker/heat_stacks, index None
2019-02-01 00:28:41,619:DEBUG:Issuing read for key /esi-worker/heat_stacks with args {'recursive': True, 'timeout': None, 'wait': True}
2019-02-01 00:28:41,620:DEBUG:http://etcd-server:2379 "GET /v2/keys/esi-worker/heat_stacks?recursive=true&wait=true HTTP/1.1" 200 None
2019-02-01 00:29:01,639:ERROR:Request to server http://etcd-server:2379 failed: ReadTimeoutError("HTTPConnectionPool(host='etcd-server', port=2379): Read timed out.",)
2019-02-01 00:29:01,639:INFO:Reconnection allowed, looking for another server.
2019-02-01 00:29:01,640:DEBUG:Selection next machine in cache. Available machines: []
2019-02-01 00:29:01,640:ERROR:Machines cache is empty, no machines to try.
2019-02-01 00:29:01,640:DEBUG:About to wait on key /esi-worker/heat_stacks, index None
2019-02-01 00:29:01,640:DEBUG:Issuing read for key /esi-worker/heat_stacks with args {'recursive': True, 'timeout': None, 'wait': True}
2019-02-01 00:29:01,640:DEBUG:Resetting dropped connection: etcd-server
2019-02-01 00:29:01,642:DEBUG:http://etcd-server:2379 "GET /v2/keys/esi-worker/heat_stacks?recursive=true&wait=true HTTP/1.1" 200 None
2019-02-01 00:29:21,663:ERROR:Request to server http://etcd-server:2379 failed: ReadTimeoutError("HTTPConnectionPool(host='etcd-server', port=2379): Read timed out.",)
2019-02-01 00:29:21,663:INFO:Reconnection allowed, looking for another server.
2019-02-01 00:29:21,663:DEBUG:Selection next machine in cache. Available machines: []
2019-02-01 00:29:21,663:ERROR:Machines cache is empty, no machines to try.
2019-02-01 00:29:21,664:DEBUG:About to wait on key /esi-worker/heat_stacks, index None
2019-02-01 00:29:21,664:DEBUG:Issuing read for key /esi-worker/heat_stacks with args {'recursive': True, 'timeout': None, 'wait': True}
2019-02-01 00:29:21,664:DEBUG:Resetting dropped connection: etcd-server
2019-02-01 00:29:21,665:DEBUG:http://etcd-server:2379 "GET /v2/keys/esi-worker/heat_stacks?recursive=true&wait=true HTTP/1.1" 200 None
2019-02-01 00:29:41,683:ERROR:Request to server http://etcd-server:2379 failed: ReadTimeoutError("HTTPConnectionPool(host='etcd-server', port=2379): Read timed out.",)
2019-02-01 00:29:41,683:INFO:Reconnection allowed, looking for another server.
2019-02-01 00:29:41,683:DEBUG:Selection next machine in cache. Available machines: []
2019-02-01 00:29:41,683:ERROR:Machines cache is empty, no machines to try.
2019-02-01 00:29:41,684:DEBUG:About to wait on key /esi-worker/heat_stacks, index None
2019-02-01 00:29:41,684:DEBUG:Issuing read for key /esi-worker/heat_stacks with args {'recursive': True, 'timeout': None, 'wait': True}
2019-02-01 00:29:41,684:DEBUG:Resetting dropped connection: etcd-server
2019-02-01 00:29:41,685:DEBUG:http://etcd-server:2379 "GET /v2/keys/esi-worker/heat_stacks?recursive=true&wait=true HTTP/1.1" 200 None
2019-02-01 00:29:50,675:DEBUG:
*** Consume stored data in etcd ***
 action=[set], key=[/esi-worker/heat_stacks/v2.0/networks/b761b0cd-d7c3-4b7a-b596-cea1cf9cc1e1],
 value=[{
    "stack_id": "network_b761b0cd-d7c3-4b7a-b596-cea1cf9cc1e1", 
    "tenant_id": "4b4cb858859842a389d0b0c8eb567d59", 
    "stack_status": "CREATE_COMPLETE", 
    "output": [
        {
            "output_value": [], 
            "description": "The name of the virtual network.", 
            "output_key": "route_targets"
        }, 
        {
            "output_value": "default-domain:usertenant:b761b0cd-d7c3-4b7a-b596-cea1cf9cc1e1", 
            "description": "The FQ name of the virtual network.", 
            "output_key": "fq_name"
        }, 
        {
            "output_value": "b761b0cd-d7c3-4b7a-b596-cea1cf9cc1e1", 
            "description": "A unique id for the virtual network.", 
            "output_key": "id"
        }, 
        {
            "output_value": "b761b0cd-d7c3-4b7a-b596-cea1cf9cc1e1", 
            "description": "The name of the virtual network.", 
            "output_key": "name"
        }
    ], 
    "status_reason": "Stack CREATE completed successfully", 
    "id": "network:b761b0cd-d7c3-4b7a-b596-cea1cf9cc1e1"
}]
2019-02-01 00:29:50,675:DEBUG:About to wait on key /esi-worker/heat_stacks, index None
2019-02-01 00:29:50,675:DEBUG:Issuing read for key /esi-worker/heat_stacks with args {'recursive': True, 'timeout': None, 'wait': True}
2019-02-01 00:29:50,676:DEBUG:http://etcd-server:2379 "GET /v2/keys/esi-worker/heat_stacks?recursive=true&wait=true HTTP/1.1" 200 None
2019-02-01 00:30:03,722:DEBUG:
*** Consume stored data in etcd ***
 action=[set], key=[/esi-worker/heat_stacks/v2.0/subnets/215cb166-b0c5-4fbb-ad5f-948cb93119fe],
 value=[{
    "stack_id": "subnet_215cb166-b0c5-4fbb-ad5f-948cb93119fe", 
    "tenant_id": "4b4cb858859842a389d0b0c8eb567d59", 
    "stack_status": "CREATE_COMPLETE", 
    "output": [
        {
            "output_value": "192.168.200.0/24", 
            "description": "IP prefix of local subnet.", 
            "output_key": "ip_prefix"
        }, 
        {
            "output_value": "215cb166-b0c5-4fbb-ad5f-948cb93119fe", 
            "description": "The name of the local subnet.", 
            "output_key": "name"
        }, 
        {
            "output_value": "192.168.200.1", 
            "description": "Default gateway of local subnet.", 
            "output_key": "default_gateway"
        }, 
        {
            "output_value": "b761b0cd-d7c3-4b7a-b596-cea1cf9cc1e1", 
            "description": "A unique id for the network.", 
            "output_key": "network_id"
        }, 
        {
            "output_value": "5a79909b-2bf3-4e26-8a9c-0bf6bb175457", 
            "description": "IPAM this local subnet uses.", 
            "output_key": "ipam"
        }, 
        {
            "output_value": "622495a6-b651-4033-9d30-c634e4b08851", 
            "description": "A unique id for the local subnet.", 
            "output_key": "id"
        }
    ], 
    "status_reason": "Stack CREATE completed successfully", 
    "id": "subnet:215cb166-b0c5-4fbb-ad5f-948cb93119fe"
}]
2019-02-01 00:30:03,723:DEBUG:About to wait on key /esi-worker/heat_stacks, index None
2019-02-01 00:30:03,723:DEBUG:Issuing read for key /esi-worker/heat_stacks with args {'recursive': True, 'timeout': None, 'wait': True}
2019-02-01 00:30:03,725:DEBUG:http://etcd-server:2379 "GET /v2/keys/esi-worker/heat_stacks?recursive=true&wait=true HTTP/1.1" 200 None
2019-02-01 00:30:17,928:DEBUG:
*** Consume stored data in etcd ***
 action=[set], key=[/esi-worker/heat_stacks/v2.0/ports/3a04e6ed-68fb-4534-8822-d5162d19f35a],
 value=[{
    "stack_id": "port_3a04e6ed-68fb-4534-8822-d5162d19f35a", 
    "tenant_id": "4b4cb858859842a389d0b0c8eb567d59", 
    "stack_status": "CREATE_COMPLETE", 
    "output": [
        {
            "output_value": [
                [
                    "default-domain", 
                    "admin", 
                    "b62eefe0-0872-478d-adfe-1a606320f0e7"
                ]
            ], 
            "description": "Virtual network.", 
            "output_key": "virtual_network"
        }, 
        {
            "output_value": "default-domain:admin:f68d0924-ef20-4c1b-ac45-0e6b879af5e7", 
            "description": "Fully Qualified Name of the VMI", 
            "output_key": "fq_name"
        }, 
        {
            "output_value": "f68d0924-ef20-4c1b-ac45-0e6b879af5e7", 
            "description": "A unique id for the virtual machine interface.", 
            "output_key": "id"
        }, 
        {
            "output_value": {
                "allowed_address_pair": []
            }, 
            "description": "Virtual machine allowed address pairs.", 
            "output_key": "allowed_address_pairs"
        }, 
        {
            "output_value": [
                "fa:16:3e:f7:60:7f"
            ], 
            "description": "Virtual machine interface mac address.", 
            "output_key": "mac_address"
        }
    ], 
    "status_reason": "Stack CREATE completed successfully", 
    "id": "port:3a04e6ed-68fb-4534-8822-d5162d19f35a"
}]
2019-02-01 00:30:17,929:DEBUG:About to wait on key /esi-worker/heat_stacks, index None
2019-02-01 00:30:17,929:DEBUG:Issuing read for key /esi-worker/heat_stacks with args {'recursive': True, 'timeout': None, 'wait': True}
2019-02-01 00:30:17,930:DEBUG:http://etcd-server:2379 "GET /v2/keys/esi-worker/heat_stacks?recursive=true&wait=true HTTP/1.1" 200 None
2019-02-01 00:30:22,485:DEBUG:
*** Consume stored data in etcd ***
 action=[set], key=[/esi-worker/heat_stacks/v2.0/ese_logical_ports/74522211-c8db-41b6-8a35-4fac9656713c],
 value=[{
    "stack_id": "ese_logical_port_74522211-c8db-41b6-8a35-4fac9656713c", 
    "tenant_id": "4b4cb858859842a389d0b0c8eb567d59", 
    "stack_status": "CREATE_COMPLETE", 
    "output": [
        {
            "output_value": "17a787f7-e191-48c3-adaf-692a20a3768f", 
            "description": "Monitoring Target ID", 
            "output_key": "monitoring_target_id"
        }, 
        {
            "output_value": "46b0cd68-d0fb-4d72-9def-830164f9e215", 
            "description": "A unique id for the logical interface", 
            "output_key": "id"
        }, 
        {
            "output_value": "http://collector-agents-se:7070/targets/17a787f7-e191-48c3-adaf-692a20a3768f", 
            "description": "Monitoring Process Link", 
            "output_key": "monitoring_link"
        }, 
        {
            "output_value": "xe-0/0/38.0", 
            "description": "The name of the logical interface.", 
            "output_key": "name"
        }
    ], 
    "status_reason": "Stack CREATE completed successfully", 
    "id": "ese_logical_port:74522211-c8db-41b6-8a35-4fac9656713c"
}]
2019-02-01 00:30:22,485:DEBUG:About to wait on key /esi-worker/heat_stacks, index None
2019-02-01 00:30:22,485:DEBUG:Issuing read for key /esi-worker/heat_stacks with args {'recursive': True, 'timeout': None, 'wait': True}
2019-02-01 00:30:22,487:DEBUG:http://etcd-server:2379 "GET /v2/keys/esi-worker/heat_stacks?recursive=true&wait=true HTTP/1.1" 200 None
2019-02-01 00:30:33,191:DEBUG:
*** Consume stored data in etcd ***
 action=[set], key=[/esi-worker/heat_stacks/v2.0/ports/3a04e6ed-68fb-4534-8822-d5162d19f35a],
 value=[{
    "stack_id": "port_3a04e6ed-68fb-4534-8822-d5162d19f35a", 
    "tenant_id": "4b4cb858859842a389d0b0c8eb567d59", 
    "stack_status": "UPDATE_COMPLETE", 
    "output": [
        {
            "output_value": "default-domain:admin:f68d0924-ef20-4c1b-ac45-0e6b879af5e7", 
            "description": "Fully Qualified Name of the VMI", 
            "output_key": "fq_name"
        }, 
        {
            "output_value": {
                "allowed_address_pair": []
            }, 
            "description": "Virtual machine allowed address pairs.", 
            "output_key": "allowed_address_pairs"
        }, 
        {
            "output_value": "bb927b26-ba6b-4049-9b55-54af3e1ea997", 
            "description": "Monitoring Target ID", 
            "output_key": "monitoring_target_id"
        }, 
        {
            "output_value": [
                "fa:16:3e:f7:60:7f"
            ], 
            "description": "Virtual machine interface mac address.", 
            "output_key": "mac_address"
        }, 
        {
            "output_value": [
                [
                    "default-domain", 
                    "admin", 
                    "b62eefe0-0872-478d-adfe-1a606320f0e7"
                ]
            ], 
            "description": "Virtual network.", 
            "output_key": "virtual_network"
        }, 
        {
            "output_value": "f68d0924-ef20-4c1b-ac45-0e6b879af5e7", 
            "description": "A unique id for the virtual machine interface.", 
            "output_key": "id"
        }, 
        {
            "output_value": "http://collector-agents-se:7070/targets/bb927b26-ba6b-4049-9b55-54af3e1ea997", 
            "description": "Monitoring Process Link", 
            "output_key": "monitoring_link"
        }
    ], 
    "status_reason": "Stack successfully updated", 
    "id": "port:3a04e6ed-68fb-4534-8822-d5162d19f35a"
}]
2019-02-01 00:30:33,191:DEBUG:About to wait on key /esi-worker/heat_stacks, index None
2019-02-01 00:30:33,191:DEBUG:Issuing read for key /esi-worker/heat_stacks with args {'recursive': True, 'timeout': None, 'wait': True}
2019-02-01 00:30:33,192:DEBUG:http://etcd-server:2379 "GET /v2/keys/esi-worker/heat_stacks?recursive=true&wait=true HTTP/1.1" 200 None
2019-02-01 00:30:53,211:ERROR:Request to server http://etcd-server:2379 failed: ReadTimeoutError("HTTPConnectionPool(host='etcd-server', port=2379): Read timed out.",)
2019-02-01 00:30:53,211:INFO:Reconnection allowed, looking for another server.
2019-02-01 00:30:53,211:DEBUG:Selection next machine in cache. Available machines: []
2019-02-01 00:30:53,211:ERROR:Machines cache is empty, no machines to try.
2019-02-01 00:30:53,212:DEBUG:About to wait on key /esi-worker/heat_stacks, index None
2019-02-01 00:30:53,212:DEBUG:Issuing read for key /esi-worker/heat_stacks with args {'recursive': True, 'timeout': None, 'wait': True}
2019-02-01 00:30:53,212:DEBUG:Resetting dropped connection: etcd-server
2019-02-01 00:30:53,213:DEBUG:http://etcd-server:2379 "GET /v2/keys/esi-worker/heat_stacks?recursive=true&wait=true HTTP/1.1" 200 None
2019-02-01 00:31:13,232:ERROR:Request to server http://etcd-server:2379 failed: ReadTimeoutError("HTTPConnectionPool(host='etcd-server', port=2379): Read timed out.",)
2019-02-01 00:31:13,233:INFO:Reconnection allowed, looking for another server.
2019-02-01 00:31:13,233:DEBUG:Selection next machine in cache. Available machines: []
2019-02-01 00:31:13,233:ERROR:Machines cache is empty, no machines to try.
2019-02-01 00:31:13,233:DEBUG:About to wait on key /esi-worker/heat_stacks, index None
2019-02-01 00:31:13,233:DEBUG:Issuing read for key /esi-worker/heat_stacks with args {'recursive': True, 'timeout': None, 'wait': True}
2019-02-01 00:31:13,234:DEBUG:Resetting dropped connection: etcd-server
2019-02-01 00:31:13,236:DEBUG:http://etcd-server:2379 "GET /v2/keys/esi-worker/heat_stacks?recursive=true&wait=true HTTP/1.1" 200 None
2019-02-01 00:31:33,241:ERROR:Request to server http://etcd-server:2379 failed: ReadTimeoutError("HTTPConnectionPool(host='etcd-server', port=2379): Read timed out.",)
2019-02-01 00:31:33,241:INFO:Reconnection allowed, looking for another server.
2019-02-01 00:31:33,241:DEBUG:Selection next machine in cache. Available machines: []
2019-02-01 00:31:33,241:ERROR:Machines cache is empty, no machines to try.
2019-02-01 00:31:33,242:DEBUG:About to wait on key /esi-worker/heat_stacks, index None
2019-02-01 00:31:33,242:DEBUG:Issuing read for key /esi-worker/heat_stacks with args {'recursive': True, 'timeout': None, 'wait': True}
2019-02-01 00:31:33,242:DEBUG:Resetting dropped connection: etcd-server
2019-02-01 00:31:33,243:DEBUG:http://etcd-server:2379 "GET /v2/keys/esi-worker/heat_stacks?recursive=true&wait=true HTTP/1.1" 200 None
2019-02-01 00:31:53,258:ERROR:Request to server http://etcd-server:2379 failed: ReadTimeoutError("HTTPConnectionPool(host='etcd-server', port=2379): Read timed out.",)
2019-02-01 00:31:53,258:INFO:Reconnection allowed, looking for another server.
2019-02-01 00:31:53,259:DEBUG:Selection next machine in cache. Available machines: []
2019-02-01 00:31:53,259:ERROR:Machines cache is empty, no machines to try.
2019-02-01 00:31:53,259:DEBUG:About to wait on key /esi-worker/heat_stacks, index None
2019-02-01 00:31:53,259:DEBUG:Issuing read for key /esi-worker/heat_stacks with args {'recursive': True, 'timeout': None, 'wait': True}
2019-02-01 00:31:53,260:DEBUG:Resetting dropped connection: etcd-server
2019-02-01 00:31:53,262:DEBUG:http://etcd-server:2379 "GET /v2/keys/esi-worker/heat_stacks?recursive=true&wait=true HTTP/1.1" 200 None
2019-02-01 00:32:13,279:ERROR:Request to server http://etcd-server:2379 failed: ReadTimeoutError("HTTPConnectionPool(host='etcd-server', port=2379): Read timed out.",)
2019-02-01 00:32:13,279:INFO:Reconnection allowed, looking for another server.
2019-02-01 00:32:13,279:DEBUG:Selection next machine in cache. Available machines: []
2019-02-01 00:32:13,279:ERROR:Machines cache is empty, no machines to try.
2019-02-01 00:32:13,280:DEBUG:About to wait on key /esi-worker/heat_stacks, index None
2019-02-01 00:32:13,280:DEBUG:Issuing read for key /esi-worker/heat_stacks with args {'recursive': True, 'timeout': None, 'wait': True}
2019-02-01 00:32:13,280:DEBUG:Resetting dropped connection: etcd-server
2019-02-01 00:32:13,281:DEBUG:http://etcd-server:2379 "GET /v2/keys/esi-worker/heat_stacks?recursive=true&wait=true HTTP/1.1" 200 None
2019-02-01 00:32:33,301:ERROR:Request to server http://etcd-server:2379 failed: ReadTimeoutError("HTTPConnectionPool(host='etcd-server', port=2379): Read timed out.",)
2019-02-01 00:32:33,301:INFO:Reconnection allowed, looking for another server.
2019-02-01 00:32:33,301:DEBUG:Selection next machine in cache. Available machines: []
2019-02-01 00:32:33,301:ERROR:Machines cache is empty, no machines to try.
2019-02-01 00:32:33,301:DEBUG:About to wait on key /esi-worker/heat_stacks, index None
2019-02-01 00:32:33,302:DEBUG:Issuing read for key /esi-worker/heat_stacks with args {'recursive': True, 'timeout': None, 'wait': True}
2019-02-01 00:32:33,302:DEBUG:Resetting dropped connection: etcd-server
2019-02-01 00:32:33,303:DEBUG:http://etcd-server:2379 "GET /v2/keys/esi-worker/heat_stacks?recursive=true&wait=true HTTP/1.1" 200 None
2019-02-01 00:32:53,324:ERROR:Request to server http://etcd-server:2379 failed: ReadTimeoutError("HTTPConnectionPool(host='etcd-server', port=2379): Read timed out.",)
2019-02-01 00:32:53,324:INFO:Reconnection allowed, looking for another server.
2019-02-01 00:32:53,324:DEBUG:Selection next machine in cache. Available machines: []
2019-02-01 00:32:53,325:ERROR:Machines cache is empty, no machines to try.
2019-02-01 00:32:53,325:DEBUG:About to wait on key /esi-worker/heat_stacks, index None
2019-02-01 00:32:53,325:DEBUG:Issuing read for key /esi-worker/heat_stacks with args {'recursive': True, 'timeout': None, 'wait': True}
2019-02-01 00:32:53,325:DEBUG:Resetting dropped connection: etcd-server
2019-02-01 00:32:53,327:DEBUG:http://etcd-server:2379 "GET /v2/keys/esi-worker/heat_stacks?recursive=true&wait=true HTTP/1.1" 200 None
2019-02-01 00:33:13,327:ERROR:Request to server http://etcd-server:2379 failed: ReadTimeoutError("HTTPConnectionPool(host='etcd-server', port=2379): Read timed out.",)
2019-02-01 00:33:13,328:INFO:Reconnection allowed, looking for another server.
2019-02-01 00:33:13,328:DEBUG:Selection next machine in cache. Available machines: []
2019-02-01 00:33:13,328:ERROR:Machines cache is empty, no machines to try.
2019-02-01 00:33:13,328:DEBUG:About to wait on key /esi-worker/heat_stacks, index None
2019-02-01 00:33:13,328:DEBUG:Issuing read for key /esi-worker/heat_stacks with args {'recursive': True, 'timeout': None, 'wait': True}
2019-02-01 00:33:13,328:DEBUG:Resetting dropped connection: etcd-server
2019-02-01 00:33:13,330:DEBUG:http://etcd-server:2379 "GET /v2/keys/esi-worker/heat_stacks?recursive=true&wait=true HTTP/1.1" 200 None
2019-02-01 00:33:33,349:ERROR:Request to server http://etcd-server:2379 failed: ReadTimeoutError("HTTPConnectionPool(host='etcd-server', port=2379): Read timed out.",)
2019-02-01 00:33:33,350:INFO:Reconnection allowed, looking for another server.
2019-02-01 00:33:33,350:DEBUG:Selection next machine in cache. Available machines: []
2019-02-01 00:33:33,350:ERROR:Machines cache is empty, no machines to try.
2019-02-01 00:33:33,350:DEBUG:About to wait on key /esi-worker/heat_stacks, index None
2019-02-01 00:33:33,350:DEBUG:Issuing read for key /esi-worker/heat_stacks with args {'recursive': True, 'timeout': None, 'wait': True}
2019-02-01 00:33:33,350:DEBUG:Resetting dropped connection: etcd-server
2019-02-01 00:33:33,352:DEBUG:http://etcd-server:2379 "GET /v2/keys/esi-worker/heat_stacks?recursive=true&wait=true HTTP/1.1" 200 None
2019-02-01 00:33:53,371:ERROR:Request to server http://etcd-server:2379 failed: ReadTimeoutError("HTTPConnectionPool(host='etcd-server', port=2379): Read timed out.",)
2019-02-01 00:33:53,371:INFO:Reconnection allowed, looking for another server.
2019-02-01 00:33:53,371:DEBUG:Selection next machine in cache. Available machines: []
2019-02-01 00:33:53,372:ERROR:Machines cache is empty, no machines to try.
2019-02-01 00:33:53,372:DEBUG:About to wait on key /esi-worker/heat_stacks, index None
2019-02-01 00:33:53,372:DEBUG:Issuing read for key /esi-worker/heat_stacks with args {'recursive': True, 'timeout': None, 'wait': True}
2019-02-01 00:33:53,372:DEBUG:Resetting dropped connection: etcd-server
2019-02-01 00:33:53,373:DEBUG:http://etcd-server:2379 "GET /v2/keys/esi-worker/heat_stacks?recursive=true&wait=true HTTP/1.1" 200 None
2019-02-01 00:34:13,389:ERROR:Request to server http://etcd-server:2379 failed: ReadTimeoutError("HTTPConnectionPool(host='etcd-server', port=2379): Read timed out.",)
2019-02-01 00:34:13,389:INFO:Reconnection allowed, looking for another server.
2019-02-01 00:34:13,389:DEBUG:Selection next machine in cache. Available machines: []
2019-02-01 00:34:13,389:ERROR:Machines cache is empty, no machines to try.
2019-02-01 00:34:13,389:DEBUG:About to wait on key /esi-worker/heat_stacks, index None
2019-02-01 00:34:13,390:DEBUG:Issuing read for key /esi-worker/heat_stacks with args {'recursive': True, 'timeout': None, 'wait': True}
2019-02-01 00:34:13,390:DEBUG:Resetting dropped connection: etcd-server
2019-02-01 00:34:13,391:DEBUG:http://etcd-server:2379 "GET /v2/keys/esi-worker/heat_stacks?recursive=true&wait=true HTTP/1.1" 200 None
