2018-02-15 06:51:42,480 [1;37mINFO[0m job_manager - Registered gohan 2-step delete flag: marked_for_deletion (resources.py - 62)
2018-02-15 06:51:42,482 [1;37mINFO[0m job_manager - Gohan config path: /config (resources.py - 274)
2018-02-15 06:51:42,482 [1;37mINFO[0m job_manager - Gohan state path: /state (resources.py - 298)
2018-02-15 06:51:42,573 [1;33mWARNING[0m job_manager - Could not reach gohan. Retrying in 1s. (gohan.py - 28)
2018-02-15 06:51:43,577 [1;33mWARNING[0m job_manager - Could not reach gohan. Retrying in 2s. (gohan.py - 28)
2018-02-15 06:51:45,581 [1;33mWARNING[0m job_manager - Could not reach gohan. Retrying in 4s. (gohan.py - 28)
2018-02-15 06:51:49,586 [1;33mWARNING[0m job_manager - Could not reach gohan. Retrying in 8s. (gohan.py - 28)
2018-02-15 06:51:57,681 [1;37mINFO[0m job_manager - Gohan config path: /config (resources.py - 274)
2018-02-15 06:51:57,682 [1;37mINFO[0m job_manager - Gohan state path: /state (resources.py - 298)
2018-02-15 06:51:57,813 [1;37mINFO[0m job_manager - Initializing JobsWorker, id: 32fa4b7a-9e4c-4c20-8140-f7f51b3f99a2 (jobs_worker.py - 91)
================================================
2018-02-15 06:51:57,815 [1;34mDEBUG[0m job_manager - Starting worker. (jobs_worker.py - 257)
2018-02-15 06:51:57,816 [1;37mINFO[0m job_manager - Worker started. (jobs_worker.py - 260)
2018-02-15 06:51:57,817 [1;37mINFO[0m job_manager - Will sync master selection thread (jobs_worker.py - 94)
2018-02-15 06:51:57,818 [1;37mINFO[0m job_manager - No master key found on master selection sync (jobs_worker.py - 100)
2018-02-15 06:51:57,819 [1;37mINFO[0m job_manager - Updating master state to False (jobs_worker.py - 110)
2018-02-15 06:51:57,820 [1;37mINFO[0m job_manager - Stopping JobsWorker threads. (jobs_worker.py - 237)
2018-02-15 06:51:57,820 [1;37mINFO[0m job_manager - Waiting for job manager to stop. (job_manager.py - 453)
2018-02-15 06:51:57,821 [1;37mINFO[0m job_manager - Job manager stopped. (job_manager.py - 460)
2018-02-15 06:51:57,821 [1;37mINFO[0m job_manager - Stopped working threads, will stop ttl. (jobs_worker.py - 240)
2018-02-15 06:51:57,822 [1;37mINFO[0m job_manager - All working threads stopped; will keep trying to get master key and restart. (jobs_worker.py - 253)
2018-02-15 06:51:57,824 [1;37mINFO[0m job_manager - I am a master! (jobs_worker.py - 123)
2018-02-15 06:51:57,825 [1;37mINFO[0m job_manager - Updating master state to True (jobs_worker.py - 110)
2018-02-15 06:51:57,825 [1;37mINFO[0m job_manager - Starting jobs worker threads (jobs_worker.py - 220)
2018-02-15 06:51:57,826 [1;37mINFO[0m job_manager - Cleaned up 0 old reactor events. (job_manager.py - 227)
2018-02-15 06:51:57,827 [1;37mINFO[0m job_manager - Starting job manager. (job_manager.py - 435)
2018-02-15 06:51:57,827 [1;37mINFO[0m job_manager - Job manager started. (job_manager.py - 438)
2018-02-15 06:51:57,830 [1;37mINFO[0m job_manager - Sync job manager request. (job_manager.py - 95)
2018-02-15 06:51:57,830 [1;37mINFO[0m job_manager - Wait for reactor request. (job_manager.py - 109)
2018-02-15 06:51:57,831 [1;34mDEBUG[0m job_manager - TTL thread wakeup, will check job manager health and refresh TTL (jobs_worker.py - 193)
2018-02-15 06:51:57,834 [1;37mINFO[0m job_manager - Running reactor start handler: <bound method WorkflowScheduler.on_reactor_start of <esi_worker.job_manager.workflow_scheduler.WorkflowScheduler object at 0x7ff7c9e95e50>>. (job_manager.py - 417)
2018-02-15 06:51:57,835 [1;37mINFO[0m job_manager - TTL for master job manager ID entry 32fa4b7a-9e4c-4c20-8140-f7f51b3f99a2 updated. (jobs_worker.py - 199)
2018-02-15 06:51:57,837 [1;37mINFO[0m job_manager - Starting reactor event loop. (job_manager.py - 419)
2018-02-15 06:51:57,838 [1;37mINFO[0m job_manager - Reactor found event with function: sync (job_manager.py - 423)
2018-02-15 06:51:57,848 [1;37mINFO[0m job_manager - Jobs counter: 0. (job_manager.py - 426)
2018-02-15 06:51:57,848 [1;37mINFO[0m job_manager - Reactor found event with function: wait (job_manager.py - 423)
2018-02-15 06:51:57,849 [1;37mINFO[0m job_manager - Jobs counter: 0. (job_manager.py - 426)
2018-02-15 06:51:57,850 [1;37mINFO[0m job_manager - Synced job manager listener thread (job_manager.py - 405)
2018-02-15 06:51:57,864 [1;34mDEBUG[0m job_manager - Current resources for type common_function_pool: [] (resources.py - 504)
2018-02-15 06:51:57,865 [1;34mDEBUG[0m job_manager - Etcd resources for type common_function_pool: [] (resources.py - 507)
2018-02-15 06:51:57,867 [1;34mDEBUG[0m job_manager - Current resources for type schema: [] (resources.py - 504)
2018-02-15 06:51:57,867 [1;34mDEBUG[0m job_manager - Etcd resources for type schema: [] (resources.py - 507)
2018-02-15 06:51:57,869 [1;34mDEBUG[0m job_manager - Current resources for type extension: [] (resources.py - 504)
2018-02-15 06:51:57,869 [1;34mDEBUG[0m job_manager - Etcd resources for type extension: [] (resources.py - 507)
2018-02-15 06:51:57,870 [1;34mDEBUG[0m job_manager - Current resources for type colocation_physical_link: [] (resources.py - 504)
2018-02-15 06:51:57,871 [1;34mDEBUG[0m job_manager - Etcd resources for type colocation_physical_link: [] (resources.py - 507)
2018-02-15 06:51:57,872 [1;34mDEBUG[0m job_manager - Current resources for type vpn_service: [] (resources.py - 504)
2018-02-15 06:51:57,873 [1;34mDEBUG[0m job_manager - Etcd resources for type vpn_service: [] (resources.py - 507)
2018-02-15 06:51:57,874 [1;34mDEBUG[0m job_manager - Current resources for type reserve_address: [] (resources.py - 504)
2018-02-15 06:51:57,875 [1;34mDEBUG[0m job_manager - Etcd resources for type reserve_address: [u'default'] (resources.py - 507)
2018-02-15 06:51:57,875 [1;37mINFO[0m job_manager - Found new resource default of type reserve_address (resources.py - 520)
2018-02-15 06:51:57,877 [1;34mDEBUG[0m job_manager - Current resources for type ese_logical_port: [] (resources.py - 504)
2018-02-15 06:51:57,877 [1;34mDEBUG[0m job_manager - Etcd resources for type ese_logical_port: [] (resources.py - 507)
2018-02-15 06:51:57,879 [1;34mDEBUG[0m job_manager - Current resources for type public_ip: [] (resources.py - 504)
2018-02-15 06:51:57,880 [1;34mDEBUG[0m job_manager - Etcd resources for type public_ip: [] (resources.py - 507)
2018-02-15 06:51:57,881 [1;34mDEBUG[0m job_manager - Current resources for type internet_service: [] (resources.py - 504)
2018-02-15 06:51:57,881 [1;34mDEBUG[0m job_manager - Etcd resources for type internet_service: [] (resources.py - 507)
2018-02-15 06:51:57,882 [1;34mDEBUG[0m job_manager - Current resources for type load_balancer_syslog_server: [] (resources.py - 504)
2018-02-15 06:51:57,883 [1;34mDEBUG[0m job_manager - Etcd resources for type load_balancer_syslog_server: [] (resources.py - 507)
2018-02-15 06:51:57,884 [1;34mDEBUG[0m job_manager - Current resources for type azure_interface: [] (resources.py - 504)
2018-02-15 06:51:57,885 [1;34mDEBUG[0m job_manager - Etcd resources for type azure_interface: [] (resources.py - 507)
2018-02-15 06:51:57,886 [1;34mDEBUG[0m job_manager - Current resources for type static_route: [] (resources.py - 504)
2018-02-15 06:51:57,887 [1;34mDEBUG[0m job_manager - Etcd resources for type static_route: [] (resources.py - 507)
2018-02-15 06:51:57,888 [1;34mDEBUG[0m job_manager - Current resources for type tenant: [] (resources.py - 504)
2018-02-15 06:51:57,889 [1;34mDEBUG[0m job_manager - Etcd resources for type tenant: [] (resources.py - 507)
2018-02-15 06:51:57,890 [1;34mDEBUG[0m job_manager - Current resources for type ha_router: [] (resources.py - 504)
2018-02-15 06:51:57,890 [1;34mDEBUG[0m job_manager - Etcd resources for type ha_router: [] (resources.py - 507)
2018-02-15 06:51:57,891 [1;34mDEBUG[0m job_manager - Current resources for type billing_resource: [] (resources.py - 504)
2018-02-15 06:51:57,892 [1;34mDEBUG[0m job_manager - Etcd resources for type billing_resource: [] (resources.py - 507)
2018-02-15 06:51:57,893 [1;34mDEBUG[0m job_manager - Current resources for type monitoring_history: [] (resources.py - 504)
2018-02-15 06:51:57,894 [1;34mDEBUG[0m job_manager - Etcd resources for type monitoring_history: [] (resources.py - 507)
2018-02-15 06:51:57,895 [1;34mDEBUG[0m job_manager - Current resources for type billing_usage: [] (resources.py - 504)
2018-02-15 06:51:57,896 [1;34mDEBUG[0m job_manager - Etcd resources for type billing_usage: [] (resources.py - 507)
2018-02-15 06:51:57,897 [1;34mDEBUG[0m job_manager - Current resources for type interdc_gateway: [] (resources.py - 504)
2018-02-15 06:51:57,897 [1;34mDEBUG[0m job_manager - Etcd resources for type interdc_gateway: [] (resources.py - 507)
2018-02-15 06:51:57,898 [1;34mDEBUG[0m job_manager - Current resources for type quota: [] (resources.py - 504)
2018-02-15 06:51:57,899 [1;34mDEBUG[0m job_manager - Etcd resources for type quota: [u'default'] (resources.py - 507)
2018-02-15 06:51:57,900 [1;37mINFO[0m job_manager - Found new resource default of type quota (resources.py - 520)
2018-02-15 06:51:57,901 [1;34mDEBUG[0m job_manager - Current resources for type aws_interface: [] (resources.py - 504)
2018-02-15 06:51:57,901 [1;34mDEBUG[0m job_manager - Etcd resources for type aws_interface: [] (resources.py - 507)
2018-02-15 06:51:57,903 [1;34mDEBUG[0m job_manager - Current resources for type subnet: [] (resources.py - 504)
2018-02-15 06:51:57,903 [1;34mDEBUG[0m job_manager - Etcd resources for type subnet: [] (resources.py - 507)
2018-02-15 06:51:57,904 [1;34mDEBUG[0m job_manager - Current resources for type ha_interface: [] (resources.py - 504)
2018-02-15 06:51:57,905 [1;34mDEBUG[0m job_manager - Etcd resources for type ha_interface: [] (resources.py - 507)
2018-02-15 06:51:57,906 [1;34mDEBUG[0m job_manager - Current resources for type qos_option: [] (resources.py - 504)
2018-02-15 06:51:57,907 [1;34mDEBUG[0m job_manager - Etcd resources for type qos_option: [] (resources.py - 507)
2018-02-15 06:51:57,908 [1;34mDEBUG[0m job_manager - Current resources for type vnf_template: [] (resources.py - 504)
2018-02-15 06:51:57,909 [1;34mDEBUG[0m job_manager - Etcd resources for type vnf_template: [] (resources.py - 507)
2018-02-15 06:51:57,910 [1;34mDEBUG[0m job_manager - Current resources for type vpn_gateway: [] (resources.py - 504)
2018-02-15 06:51:57,911 [1;34mDEBUG[0m job_manager - Etcd resources for type vpn_gateway: [] (resources.py - 507)
2018-02-15 06:51:57,912 [1;34mDEBUG[0m job_manager - Current resources for type event: [] (resources.py - 504)
2018-02-15 06:51:57,912 [1;34mDEBUG[0m job_manager - Etcd resources for type event: [] (resources.py - 507)
2018-02-15 06:51:57,913 [1;34mDEBUG[0m job_manager - Current resources for type colocation_logical_link: [] (resources.py - 504)
2018-02-15 06:51:57,914 [1;34mDEBUG[0m job_manager - Etcd resources for type colocation_logical_link: [] (resources.py - 507)
2018-02-15 06:51:57,916 [1;34mDEBUG[0m job_manager - Current resources for type ese_device: [] (resources.py - 504)
2018-02-15 06:51:57,916 [1;34mDEBUG[0m job_manager - Etcd resources for type ese_device: [] (resources.py - 507)
2018-02-15 06:51:57,917 [1;34mDEBUG[0m job_manager - Current resources for type tenant_connection: [] (resources.py - 504)
2018-02-15 06:51:57,918 [1;34mDEBUG[0m job_manager - Etcd resources for type tenant_connection: [] (resources.py - 507)
2018-02-15 06:51:57,919 [1;34mDEBUG[0m job_manager - Current resources for type edge_router: [] (resources.py - 504)
2018-02-15 06:51:57,920 [1;34mDEBUG[0m job_manager - Etcd resources for type edge_router: [] (resources.py - 507)
2018-02-15 06:51:57,921 [1;34mDEBUG[0m job_manager - Current resources for type gcp_service: [] (resources.py - 504)
2018-02-15 06:51:57,922 [1;34mDEBUG[0m job_manager - Etcd resources for type gcp_service: [] (resources.py - 507)
2018-02-15 06:51:57,923 [1;34mDEBUG[0m job_manager - Current resources for type local_subnet: [] (resources.py - 504)
2018-02-15 06:51:57,923 [1;34mDEBUG[0m job_manager - Etcd resources for type local_subnet: [] (resources.py - 507)
2018-02-15 06:51:57,925 [1;34mDEBUG[0m job_manager - Current resources for type interdc_interface: [] (resources.py - 504)
2018-02-15 06:51:57,925 [1;34mDEBUG[0m job_manager - Etcd resources for type interdc_interface: [] (resources.py - 507)
2018-02-15 06:51:57,927 [1;34mDEBUG[0m job_manager - Current resources for type colocation_space: [] (resources.py - 504)
2018-02-15 06:51:57,927 [1;34mDEBUG[0m job_manager - Etcd resources for type colocation_space: [] (resources.py - 507)
2018-02-15 06:51:57,928 [1;34mDEBUG[0m job_manager - Current resources for type load_balancer_interface: [] (resources.py - 504)
2018-02-15 06:51:57,929 [1;34mDEBUG[0m job_manager - Etcd resources for type load_balancer_interface: [] (resources.py - 507)
2018-02-15 06:51:57,930 [1;34mDEBUG[0m job_manager - Current resources for type nat_ip_pool: [] (resources.py - 504)
2018-02-15 06:51:57,931 [1;34mDEBUG[0m job_manager - Etcd resources for type nat_ip_pool: [] (resources.py - 507)
2018-02-15 06:51:57,932 [1;34mDEBUG[0m job_manager - Current resources for type monitoring: [] (resources.py - 504)
2018-02-15 06:51:57,933 [1;34mDEBUG[0m job_manager - Etcd resources for type monitoring: [] (resources.py - 507)
2018-02-15 06:51:57,934 [1;34mDEBUG[0m job_manager - Current resources for type internet_gateway: [] (resources.py - 504)
2018-02-15 06:51:57,934 [1;34mDEBUG[0m job_manager - Etcd resources for type internet_gateway: [] (resources.py - 507)
2018-02-15 06:51:57,936 [1;34mDEBUG[0m job_manager - Current resources for type policy: [] (resources.py - 504)
2018-02-15 06:51:57,936 [1;34mDEBUG[0m job_manager - Etcd resources for type policy: [] (resources.py - 507)
2018-02-15 06:51:57,938 [1;34mDEBUG[0m job_manager - Current resources for type neutron_extension: [] (resources.py - 504)
2018-02-15 06:51:57,938 [1;34mDEBUG[0m job_manager - Etcd resources for type neutron_extension: [] (resources.py - 507)
2018-02-15 06:51:57,939 [1;34mDEBUG[0m job_manager - Current resources for type vnf_plan: [] (resources.py - 504)
2018-02-15 06:51:57,940 [1;34mDEBUG[0m job_manager - Etcd resources for type vnf_plan: [] (resources.py - 507)
2018-02-15 06:51:57,941 [1;34mDEBUG[0m job_manager - Current resources for type firewall_interface: [] (resources.py - 504)
2018-02-15 06:51:57,942 [1;34mDEBUG[0m job_manager - Etcd resources for type firewall_interface: [] (resources.py - 507)
2018-02-15 06:51:57,943 [1;34mDEBUG[0m job_manager - Current resources for type port: [] (resources.py - 504)
2018-02-15 06:51:57,943 [1;34mDEBUG[0m job_manager - Etcd resources for type port: [] (resources.py - 507)
2018-02-15 06:51:57,945 [1;34mDEBUG[0m job_manager - Current resources for type public_ip_pool: [] (resources.py - 504)
2018-02-15 06:51:57,945 [1;34mDEBUG[0m job_manager - Etcd resources for type public_ip_pool: [] (resources.py - 507)
2018-02-15 06:51:57,947 [1;34mDEBUG[0m job_manager - Current resources for type common_function_gateway: [] (resources.py - 504)
2018-02-15 06:51:57,948 [1;34mDEBUG[0m job_manager - Etcd resources for type common_function_gateway: [] (resources.py - 507)
2018-02-15 06:51:57,949 [1;34mDEBUG[0m job_manager - Current resources for type azure_gateway: [] (resources.py - 504)
2018-02-15 06:51:57,950 [1;34mDEBUG[0m job_manager - Etcd resources for type azure_gateway: [] (resources.py - 507)
2018-02-15 06:51:57,951 [1;34mDEBUG[0m job_manager - Current resources for type gcp_gateway: [] (resources.py - 504)
2018-02-15 06:51:57,951 [1;34mDEBUG[0m job_manager - Etcd resources for type gcp_gateway: [] (resources.py - 507)
2018-02-15 06:51:57,953 [1;34mDEBUG[0m job_manager - Current resources for type hosting_logical_link: [] (resources.py - 504)
2018-02-15 06:51:57,953 [1;34mDEBUG[0m job_manager - Etcd resources for type hosting_logical_link: [] (resources.py - 507)
2018-02-15 06:51:57,954 [1;34mDEBUG[0m job_manager - Current resources for type firewall: [] (resources.py - 504)
2018-02-15 06:51:57,955 [1;34mDEBUG[0m job_manager - Etcd resources for type firewall: [] (resources.py - 507)
2018-02-15 06:51:57,956 [1;34mDEBUG[0m job_manager - Current resources for type gcp_interface: [] (resources.py - 504)
2018-02-15 06:51:57,957 [1;34mDEBUG[0m job_manager - Etcd resources for type gcp_interface: [] (resources.py - 507)
2018-02-15 06:51:57,958 [1;34mDEBUG[0m job_manager - Current resources for type ese_physical_port: [] (resources.py - 504)
2018-02-15 06:51:57,959 [1;34mDEBUG[0m job_manager - Etcd resources for type ese_physical_port: [] (resources.py - 507)
2018-02-15 06:51:57,960 [1;34mDEBUG[0m job_manager - Current resources for type load_balancer: [] (resources.py - 504)
2018-02-15 06:51:57,961 [1;34mDEBUG[0m job_manager - Etcd resources for type load_balancer: [] (resources.py - 507)
2018-02-15 06:51:57,962 [1;34mDEBUG[0m job_manager - Current resources for type heat_template: [] (resources.py - 504)
2018-02-15 06:51:57,963 [1;34mDEBUG[0m job_manager - Etcd resources for type heat_template: [u'static_route_internet', u'aws_interface', u'internet_gateway', u'load_balancer_interface', u'public_ip', u'qos_option_internet', u'qos_option_vpn', u'interdc_interface', u'vpn_gateway', u'ese_physical_port_existing', u'vpn_interface', u'static_route_interdc', u'subnet', u'static_route_aws', u'gw_interface_internet', u'network', u'local_subnet', u'port', u'qos_option_aws', u'load_balancer_conf', u'ese_device_existing', u'ese_device_new', u'load_balancer', u'gw_interface_aws', u'load_balancer_syslog_server', u'firewall_interface', u'common_function_gateway', u'gw_interface_vpn', u'aws_gateway', u'ese_logical_port', u'firewall_config', u'ese_physical_port_new', u'vnf_instance', u'static_route_vpn', u'interdc_gateway', u'common_function', u'gw_interface_interdc', u'qos_option_interdc'] (resources.py - 507)
2018-02-15 06:51:57,963 [1;37mINFO[0m job_manager - Found new resource static_route_internet of type heat_template (resources.py - 520)
2018-02-15 06:51:57,964 [1;37mINFO[0m job_manager - Found new resource aws_interface of type heat_template (resources.py - 520)
2018-02-15 06:51:57,964 [1;37mINFO[0m job_manager - Found new resource internet_gateway of type heat_template (resources.py - 520)
2018-02-15 06:51:57,965 [1;37mINFO[0m job_manager - Found new resource load_balancer_interface of type heat_template (resources.py - 520)
2018-02-15 06:51:57,966 [1;37mINFO[0m job_manager - Found new resource public_ip of type heat_template (resources.py - 520)
2018-02-15 06:51:57,966 [1;37mINFO[0m job_manager - Found new resource qos_option_internet of type heat_template (resources.py - 520)
2018-02-15 06:51:57,967 [1;37mINFO[0m job_manager - Found new resource qos_option_vpn of type heat_template (resources.py - 520)
2018-02-15 06:51:57,968 [1;37mINFO[0m job_manager - Found new resource interdc_interface of type heat_template (resources.py - 520)
2018-02-15 06:51:57,968 [1;37mINFO[0m job_manager - Found new resource vpn_gateway of type heat_template (resources.py - 520)
2018-02-15 06:51:57,969 [1;37mINFO[0m job_manager - Found new resource ese_physical_port_existing of type heat_template (resources.py - 520)
2018-02-15 06:51:57,969 [1;37mINFO[0m job_manager - Found new resource vpn_interface of type heat_template (resources.py - 520)
2018-02-15 06:51:57,970 [1;37mINFO[0m job_manager - Found new resource static_route_interdc of type heat_template (resources.py - 520)
2018-02-15 06:51:57,971 [1;37mINFO[0m job_manager - Found new resource subnet of type heat_template (resources.py - 520)
2018-02-15 06:51:57,971 [1;37mINFO[0m job_manager - Found new resource static_route_aws of type heat_template (resources.py - 520)
2018-02-15 06:51:57,972 [1;37mINFO[0m job_manager - Found new resource gw_interface_internet of type heat_template (resources.py - 520)
2018-02-15 06:51:57,972 [1;37mINFO[0m job_manager - Found new resource network of type heat_template (resources.py - 520)
2018-02-15 06:51:57,973 [1;37mINFO[0m job_manager - Found new resource local_subnet of type heat_template (resources.py - 520)
2018-02-15 06:51:57,974 [1;37mINFO[0m job_manager - Found new resource port of type heat_template (resources.py - 520)
2018-02-15 06:51:57,974 [1;37mINFO[0m job_manager - Found new resource qos_option_aws of type heat_template (resources.py - 520)
2018-02-15 06:51:57,975 [1;37mINFO[0m job_manager - Found new resource load_balancer_conf of type heat_template (resources.py - 520)
2018-02-15 06:51:57,976 [1;37mINFO[0m job_manager - Found new resource ese_device_existing of type heat_template (resources.py - 520)
2018-02-15 06:51:57,976 [1;37mINFO[0m job_manager - Found new resource ese_device_new of type heat_template (resources.py - 520)
2018-02-15 06:51:57,977 [1;37mINFO[0m job_manager - Found new resource load_balancer of type heat_template (resources.py - 520)
2018-02-15 06:51:57,978 [1;37mINFO[0m job_manager - Found new resource gw_interface_aws of type heat_template (resources.py - 520)
2018-02-15 06:51:57,978 [1;37mINFO[0m job_manager - Found new resource load_balancer_syslog_server of type heat_template (resources.py - 520)
2018-02-15 06:51:57,979 [1;37mINFO[0m job_manager - Found new resource firewall_interface of type heat_template (resources.py - 520)
2018-02-15 06:51:57,980 [1;37mINFO[0m job_manager - Found new resource common_function_gateway of type heat_template (resources.py - 520)
2018-02-15 06:51:57,980 [1;37mINFO[0m job_manager - Found new resource gw_interface_vpn of type heat_template (resources.py - 520)
2018-02-15 06:51:57,981 [1;37mINFO[0m job_manager - Found new resource aws_gateway of type heat_template (resources.py - 520)
2018-02-15 06:51:57,981 [1;37mINFO[0m job_manager - Found new resource ese_logical_port of type heat_template (resources.py - 520)
2018-02-15 06:51:57,982 [1;37mINFO[0m job_manager - Found new resource firewall_config of type heat_template (resources.py - 520)
2018-02-15 06:51:57,983 [1;37mINFO[0m job_manager - Found new resource ese_physical_port_new of type heat_template (resources.py - 520)
2018-02-15 06:51:57,983 [1;37mINFO[0m job_manager - Found new resource vnf_instance of type heat_template (resources.py - 520)
2018-02-15 06:51:57,984 [1;37mINFO[0m job_manager - Found new resource static_route_vpn of type heat_template (resources.py - 520)
2018-02-15 06:51:57,984 [1;37mINFO[0m job_manager - Found new resource interdc_gateway of type heat_template (resources.py - 520)
2018-02-15 06:51:57,985 [1;37mINFO[0m job_manager - Found new resource common_function of type heat_template (resources.py - 520)
2018-02-15 06:51:57,986 [1;37mINFO[0m job_manager - Found new resource gw_interface_interdc of type heat_template (resources.py - 520)
2018-02-15 06:51:57,986 [1;37mINFO[0m job_manager - Found new resource qos_option_interdc of type heat_template (resources.py - 520)
2018-02-15 06:51:57,988 [1;34mDEBUG[0m job_manager - Current resources for type server: [] (resources.py - 504)
2018-02-15 06:51:57,989 [1;34mDEBUG[0m job_manager - Etcd resources for type server: [] (resources.py - 507)
2018-02-15 06:51:57,990 [1;34mDEBUG[0m job_manager - Current resources for type load_balancer_plan: [] (resources.py - 504)
2018-02-15 06:51:57,991 [1;34mDEBUG[0m job_manager - Etcd resources for type load_balancer_plan: [] (resources.py - 507)
2018-02-15 06:51:57,992 [1;34mDEBUG[0m job_manager - Current resources for type aws_service: [] (resources.py - 504)
2018-02-15 06:51:57,992 [1;34mDEBUG[0m job_manager - Etcd resources for type aws_service: [] (resources.py - 507)
2018-02-15 06:51:57,994 [1;34mDEBUG[0m job_manager - Current resources for type worker_data: [] (resources.py - 504)
2018-02-15 06:51:57,994 [1;34mDEBUG[0m job_manager - Etcd resources for type worker_data: [] (resources.py - 507)
2018-02-15 06:51:57,995 [1;34mDEBUG[0m job_manager - Current resources for type location: [] (resources.py - 504)
2018-02-15 06:51:57,996 [1;34mDEBUG[0m job_manager - Etcd resources for type location: [] (resources.py - 507)
2018-02-15 06:51:57,997 [1;34mDEBUG[0m job_manager - Current resources for type firewall_plan: [] (resources.py - 504)
2018-02-15 06:51:57,998 [1;34mDEBUG[0m job_manager - Etcd resources for type firewall_plan: [] (resources.py - 507)
2018-02-15 06:51:57,999 [1;34mDEBUG[0m job_manager - Current resources for type vnf_interface: [] (resources.py - 504)
2018-02-15 06:51:58,000 [1;34mDEBUG[0m job_manager - Etcd resources for type vnf_interface: [] (resources.py - 507)
2018-02-15 06:51:58,001 [1;34mDEBUG[0m job_manager - Current resources for type hosting_physical_link: [] (resources.py - 504)
2018-02-15 06:51:58,002 [1;34mDEBUG[0m job_manager - Etcd resources for type hosting_physical_link: [] (resources.py - 507)
2018-02-15 06:51:58,003 [1;34mDEBUG[0m job_manager - Current resources for type azure_service: [] (resources.py - 504)
2018-02-15 06:51:58,004 [1;34mDEBUG[0m job_manager - Etcd resources for type azure_service: [] (resources.py - 507)
2018-02-15 06:51:58,005 [1;34mDEBUG[0m job_manager - Current resources for type namespace: [] (resources.py - 504)
2018-02-15 06:51:58,006 [1;34mDEBUG[0m job_manager - Etcd resources for type namespace: [] (resources.py - 507)
2018-02-15 06:51:58,008 [1;34mDEBUG[0m job_manager - Current resources for type er_physical_interface: [] (resources.py - 504)
2018-02-15 06:51:58,008 [1;34mDEBUG[0m job_manager - Etcd resources for type er_physical_interface: [] (resources.py - 507)
2018-02-15 06:51:58,009 [1;34mDEBUG[0m job_manager - Current resources for type common_function: [] (resources.py - 504)
2018-02-15 06:51:58,010 [1;34mDEBUG[0m job_manager - Etcd resources for type common_function: [] (resources.py - 507)
2018-02-15 06:51:58,011 [1;34mDEBUG[0m job_manager - Current resources for type load_balancer_conf: [] (resources.py - 504)
2018-02-15 06:51:58,012 [1;34mDEBUG[0m job_manager - Etcd resources for type load_balancer_conf: [] (resources.py - 507)
2018-02-15 06:51:58,013 [1;34mDEBUG[0m job_manager - Current resources for type physical_port: [] (resources.py - 504)
2018-02-15 06:51:58,014 [1;34mDEBUG[0m job_manager - Etcd resources for type physical_port: [] (resources.py - 507)
2018-02-15 06:51:58,015 [1;34mDEBUG[0m job_manager - Current resources for type vpn_interface: [] (resources.py - 504)
2018-02-15 06:51:58,016 [1;34mDEBUG[0m job_manager - Etcd resources for type vpn_interface: [] (resources.py - 507)
2018-02-15 06:51:58,017 [1;34mDEBUG[0m job_manager - Current resources for type suspended_public_ip: [] (resources.py - 504)
2018-02-15 06:51:58,018 [1;34mDEBUG[0m job_manager - Etcd resources for type suspended_public_ip: [] (resources.py - 507)
2018-02-15 06:51:58,019 [1;34mDEBUG[0m job_manager - Current resources for type aws_gateway: [] (resources.py - 504)
2018-02-15 06:51:58,019 [1;34mDEBUG[0m job_manager - Etcd resources for type aws_gateway: [] (resources.py - 507)
2018-02-15 06:51:58,021 [1;34mDEBUG[0m job_manager - Current resources for type interdc_service: [] (resources.py - 504)
2018-02-15 06:51:58,021 [1;34mDEBUG[0m job_manager - Etcd resources for type interdc_service: [] (resources.py - 507)
2018-02-15 06:51:58,022 [1;34mDEBUG[0m job_manager - Current resources for type network: [] (resources.py - 504)
2018-02-15 06:51:58,023 [1;34mDEBUG[0m job_manager - Etcd resources for type network: [] (resources.py - 507)
2018-02-15 06:51:58,024 [1;34mDEBUG[0m job_manager - Current resources for type gw_interface: [] (resources.py - 504)
2018-02-15 06:51:58,025 [1;34mDEBUG[0m job_manager - Etcd resources for type gw_interface: [] (resources.py - 507)
2018-02-15 06:51:58,026 [1;34mDEBUG[0m job_manager - Current resources for type vnf_instance: [] (resources.py - 504)
2018-02-15 06:51:58,027 [1;34mDEBUG[0m job_manager - Etcd resources for type vnf_instance: [] (resources.py - 507)
2018-02-15 06:51:58,043 [1;34mDEBUG[0m job_manager - Updating worker db cache with resource: reserve_address:default (resource_reader.py - 46)
2018-02-15 06:51:58,060 [1;34mDEBUG[0m job_manager - Updating worker db cache with resource: quota:default (resource_reader.py - 46)
2018-02-15 06:51:58,066 [1;34mDEBUG[0m job_manager - Updating worker db cache with resource: heat_template:static_route_internet (resource_reader.py - 46)
2018-02-15 06:51:58,068 [1;34mDEBUG[0m job_manager - Updating worker db cache with resource: heat_template:aws_interface (resource_reader.py - 46)
2018-02-15 06:51:58,069 [1;34mDEBUG[0m job_manager - Updating worker db cache with resource: heat_template:internet_gateway (resource_reader.py - 46)
2018-02-15 06:51:58,069 [1;34mDEBUG[0m job_manager - Updating worker db cache with resource: heat_template:load_balancer_interface (resource_reader.py - 46)
2018-02-15 06:51:58,070 [1;34mDEBUG[0m job_manager - Updating worker db cache with resource: heat_template:public_ip (resource_reader.py - 46)
2018-02-15 06:51:58,071 [1;34mDEBUG[0m job_manager - Updating worker db cache with resource: heat_template:qos_option_internet (resource_reader.py - 46)
2018-02-15 06:51:58,071 [1;34mDEBUG[0m job_manager - Updating worker db cache with resource: heat_template:qos_option_vpn (resource_reader.py - 46)
2018-02-15 06:51:58,072 [1;34mDEBUG[0m job_manager - Updating worker db cache with resource: heat_template:interdc_interface (resource_reader.py - 46)
2018-02-15 06:51:58,073 [1;34mDEBUG[0m job_manager - Updating worker db cache with resource: heat_template:vpn_gateway (resource_reader.py - 46)
2018-02-15 06:51:58,073 [1;34mDEBUG[0m job_manager - Updating worker db cache with resource: heat_template:ese_physical_port_existing (resource_reader.py - 46)
2018-02-15 06:51:58,074 [1;34mDEBUG[0m job_manager - Updating worker db cache with resource: heat_template:vpn_interface (resource_reader.py - 46)
2018-02-15 06:51:58,075 [1;34mDEBUG[0m job_manager - Updating worker db cache with resource: heat_template:static_route_interdc (resource_reader.py - 46)
2018-02-15 06:51:58,075 [1;34mDEBUG[0m job_manager - Updating worker db cache with resource: heat_template:subnet (resource_reader.py - 46)
2018-02-15 06:51:58,076 [1;34mDEBUG[0m job_manager - Updating worker db cache with resource: heat_template:static_route_aws (resource_reader.py - 46)
2018-02-15 06:51:58,077 [1;34mDEBUG[0m job_manager - Updating worker db cache with resource: heat_template:gw_interface_internet (resource_reader.py - 46)
2018-02-15 06:51:58,077 [1;34mDEBUG[0m job_manager - Updating worker db cache with resource: heat_template:network (resource_reader.py - 46)
2018-02-15 06:51:58,078 [1;34mDEBUG[0m job_manager - Updating worker db cache with resource: heat_template:local_subnet (resource_reader.py - 46)
2018-02-15 06:51:58,079 [1;34mDEBUG[0m job_manager - Updating worker db cache with resource: heat_template:port (resource_reader.py - 46)
2018-02-15 06:51:58,079 [1;34mDEBUG[0m job_manager - Updating worker db cache with resource: heat_template:qos_option_aws (resource_reader.py - 46)
2018-02-15 06:51:58,080 [1;34mDEBUG[0m job_manager - Updating worker db cache with resource: heat_template:load_balancer_conf (resource_reader.py - 46)
2018-02-15 06:51:58,081 [1;34mDEBUG[0m job_manager - Updating worker db cache with resource: heat_template:ese_device_existing (resource_reader.py - 46)
2018-02-15 06:51:58,081 [1;34mDEBUG[0m job_manager - Updating worker db cache with resource: heat_template:ese_device_new (resource_reader.py - 46)
2018-02-15 06:51:58,082 [1;34mDEBUG[0m job_manager - Updating worker db cache with resource: heat_template:load_balancer (resource_reader.py - 46)
2018-02-15 06:51:58,083 [1;34mDEBUG[0m job_manager - Updating worker db cache with resource: heat_template:gw_interface_aws (resource_reader.py - 46)
2018-02-15 06:51:58,083 [1;34mDEBUG[0m job_manager - Updating worker db cache with resource: heat_template:load_balancer_syslog_server (resource_reader.py - 46)
2018-02-15 06:51:58,084 [1;34mDEBUG[0m job_manager - Updating worker db cache with resource: heat_template:firewall_interface (resource_reader.py - 46)
2018-02-15 06:51:58,084 [1;34mDEBUG[0m job_manager - Updating worker db cache with resource: heat_template:common_function_gateway (resource_reader.py - 46)
2018-02-15 06:51:58,085 [1;34mDEBUG[0m job_manager - Updating worker db cache with resource: heat_template:gw_interface_vpn (resource_reader.py - 46)
2018-02-15 06:51:58,086 [1;34mDEBUG[0m job_manager - Updating worker db cache with resource: heat_template:aws_gateway (resource_reader.py - 46)
2018-02-15 06:51:58,086 [1;34mDEBUG[0m job_manager - Updating worker db cache with resource: heat_template:ese_logical_port (resource_reader.py - 46)
2018-02-15 06:51:58,087 [1;34mDEBUG[0m job_manager - Updating worker db cache with resource: heat_template:firewall_config (resource_reader.py - 46)
2018-02-15 06:51:58,088 [1;34mDEBUG[0m job_manager - Updating worker db cache with resource: heat_template:ese_physical_port_new (resource_reader.py - 46)
2018-02-15 06:51:58,088 [1;34mDEBUG[0m job_manager - Updating worker db cache with resource: heat_template:vnf_instance (resource_reader.py - 46)
2018-02-15 06:51:58,089 [1;34mDEBUG[0m job_manager - Updating worker db cache with resource: heat_template:static_route_vpn (resource_reader.py - 46)
2018-02-15 06:51:58,090 [1;34mDEBUG[0m job_manager - Updating worker db cache with resource: heat_template:interdc_gateway (resource_reader.py - 46)
2018-02-15 06:51:58,090 [1;34mDEBUG[0m job_manager - Updating worker db cache with resource: heat_template:common_function (resource_reader.py - 46)
2018-02-15 06:51:58,091 [1;34mDEBUG[0m job_manager - Updating worker db cache with resource: heat_template:gw_interface_interdc (resource_reader.py - 46)
2018-02-15 06:51:58,092 [1;34mDEBUG[0m job_manager - Updating worker db cache with resource: heat_template:qos_option_interdc (resource_reader.py - 46)
2018-02-15 06:51:58,092 [1;34mDEBUG[0m job_manager - No changes. Resync not required (resource_reader.py - 389)
2018-02-15 06:51:58,102 [1;37mINFO[0m job_manager - Resync finished. (resource_reader.py - 500)
2018-02-15 06:51:58,103 [1;37mINFO[0m job_manager - Worker etcd resource reading started. (resource_reader.py - 509)
2018-02-15 06:52:17,840 [1;37mINFO[0m job_manager - Read timeout, retrying... (esi_etcd.py - 160)
2018-02-15 06:52:17,851 [1;37mINFO[0m job_manager - Read timeout, retrying... (esi_etcd.py - 160)
2018-02-15 06:52:18,104 [1;37mINFO[0m job_manager - Read timeout, retrying... (esi_etcd.py - 160)
2018-02-15 06:52:27,839 [1;34mDEBUG[0m job_manager - TTL thread wakeup, will check job manager health and refresh TTL (jobs_worker.py - 193)
2018-02-15 06:52:27,844 [1;37mINFO[0m job_manager - TTL for master job manager ID entry 32fa4b7a-9e4c-4c20-8140-f7f51b3f99a2 updated. (jobs_worker.py - 199)
2018-02-15 06:52:37,855 [1;37mINFO[0m job_manager - Read timeout, retrying... (esi_etcd.py - 160)
2018-02-15 06:52:38,108 [1;37mINFO[0m job_manager - Read timeout, retrying... (esi_etcd.py - 160)
2018-02-15 06:52:47,848 [1;37mINFO[0m job_manager - Read timeout, retrying... (esi_etcd.py - 160)
2018-02-15 06:52:47,992 [1;34mDEBUG[0m job_manager - Updating worker db cache with resource: tenant:ae69b52f46ba480bb9636f62736436f4 (resource_reader.py - 46)
2018-02-15 06:52:47,996 [1;34mDEBUG[0m job_manager - Read resource change from etcd for resource: tenant:ae69b52f46ba480bb9636f62736436f4 (resource_reader.py - 121)
2018-02-15 06:52:47,997 [1;37mINFO[0m job_manager - Looking for the state of resource tenant:ae69b52f46ba480bb9636f62736436f4 (resources.py - 425)
2018-02-15 06:52:48,000 [1;34mDEBUG[0m job_manager - No state found for /config/common/v1.0/tenants/ae69b52f46ba480bb9636f62736436f4 - new resource. (resource_reader.py - 130)
2018-02-15 06:52:48,001 [1;37mINFO[0m job_manager - Non workable resource: tenant:ae69b52f46ba480bb9636f62736436f4 (resource_reader.py - 161)
2018-02-15 06:52:48,010 [1;34mDEBUG[0m job_manager - Updating worker db cache with resource: ese_device:718148aa-4483-47d5-bbd1-a0e0738dc018 (resource_reader.py - 46)
2018-02-15 06:52:48,011 [1;34mDEBUG[0m job_manager - Read resource change from etcd for resource: ese_device:718148aa-4483-47d5-bbd1-a0e0738dc018 (resource_reader.py - 121)
2018-02-15 06:52:48,012 [1;37mINFO[0m job_manager - Looking for the state of resource ese_device:718148aa-4483-47d5-bbd1-a0e0738dc018 (resources.py - 425)
2018-02-15 06:52:48,013 [1;34mDEBUG[0m job_manager - No state found for /config/v2.0/ese_devices/718148aa-4483-47d5-bbd1-a0e0738dc018 - new resource. (resource_reader.py - 130)
2018-02-15 06:52:48,014 [1;37mINFO[0m job_manager - Workable resource ese_device:718148aa-4483-47d5-bbd1-a0e0738dc018 config has changed. Processing the change. (resource_reader.py - 151)
2018-02-15 06:52:48,016 [1;37mINFO[0m job_manager - Template id ese_device_existing resolved from mapping: ACese_device_&Pexisting (resources.py - 835)
2018-02-15 06:52:48,022 [1;37mINFO[0m job_manager - add_workflow request. (job_manager.py - 148)
2018-02-15 06:52:48,024 [1;37mINFO[0m job_manager - Reactor found event with function: add_workflow (job_manager.py - 423)
2018-02-15 06:52:48,028 [1;37mINFO[0m job_manager - Started scheduling workflow for ese_device:718148aa-4483-47d5-bbd1-a0e0738dc018 (workflow_scheduler.py - 245)
2018-02-15 06:52:48,032 [1;37mINFO[0m job_manager - Job create:heat_worker:ese_device:718148aa-4483-47d5-bbd1-a0e0738dc018:1:91uyh dependencies: [] (job_manager.py - 293)
2018-02-15 06:52:48,042 [1;37mINFO[0m job_manager - Job create:heat_worker:ese_device:718148aa-4483-47d5-bbd1-a0e0738dc018:1:91uyh added to ready. (job_manager.py - 301)
2018-02-15 06:52:48,045 [1;37mINFO[0m job_manager - Workflow scheduled successfully (workflow_scheduler.py - 261)
2018-02-15 06:52:48,047 [1;37mINFO[0m job_manager - Jobs counter: 1. (job_manager.py - 426)
2018-02-15 06:52:51,510 [1;37mINFO[0m job_manager - Wait for finished found job: create:heat_worker:ese_device:718148aa-4483-47d5-bbd1-a0e0738dc018:1:91uyh with worker id: e2e41d73-a7ce-42c0-9669-b9329b0d465a (job_queue.py - 466)
2018-02-15 06:52:51,514 [1;37mINFO[0m job_manager - Mark job create:heat_worker:ese_device:718148aa-4483-47d5-bbd1-a0e0738dc018:1:91uyh as finished request. (job_manager.py - 81)
2018-02-15 06:52:51,516 [1;37mINFO[0m job_manager - Reactor found event with function: mark_job_finished (job_manager.py - 423)
2018-02-15 06:52:51,525 [1;37mINFO[0m job_manager - Jobs counter: 0. (job_manager.py - 426)
2018-02-15 06:52:57,847 [1;34mDEBUG[0m job_manager - TTL thread wakeup, will check job manager health and refresh TTL (jobs_worker.py - 193)
2018-02-15 06:52:57,852 [1;37mINFO[0m job_manager - TTL for master job manager ID entry 32fa4b7a-9e4c-4c20-8140-f7f51b3f99a2 updated. (jobs_worker.py - 199)
2018-02-15 06:53:08,025 [1;37mINFO[0m job_manager - Read timeout, retrying... (esi_etcd.py - 160)
2018-02-15 06:53:11,521 [1;37mINFO[0m job_manager - Read timeout, retrying... (esi_etcd.py - 160)
2018-02-15 06:53:17,855 [1;37mINFO[0m job_manager - Read timeout, retrying... (esi_etcd.py - 160)
2018-02-15 06:53:27,860 [1;34mDEBUG[0m job_manager - TTL thread wakeup, will check job manager health and refresh TTL (jobs_worker.py - 193)
2018-02-15 06:53:27,866 [1;37mINFO[0m job_manager - TTL for master job manager ID entry 32fa4b7a-9e4c-4c20-8140-f7f51b3f99a2 updated. (jobs_worker.py - 199)
2018-02-15 06:53:28,030 [1;37mINFO[0m job_manager - Read timeout, retrying... (esi_etcd.py - 160)
2018-02-15 06:53:31,527 [1;37mINFO[0m job_manager - Read timeout, retrying... (esi_etcd.py - 160)
2018-02-15 06:53:47,873 [1;37mINFO[0m job_manager - Read timeout, retrying... (esi_etcd.py - 160)
2018-02-15 06:53:48,034 [1;37mINFO[0m job_manager - Read timeout, retrying... (esi_etcd.py - 160)
2018-02-15 06:53:51,534 [1;37mINFO[0m job_manager - Read timeout, retrying... (esi_etcd.py - 160)
2018-02-15 06:53:57,868 [1;34mDEBUG[0m job_manager - TTL thread wakeup, will check job manager health and refresh TTL (jobs_worker.py - 193)
2018-02-15 06:53:57,874 [1;37mINFO[0m job_manager - TTL for master job manager ID entry 32fa4b7a-9e4c-4c20-8140-f7f51b3f99a2 updated. (jobs_worker.py - 199)
2018-02-15 06:53:58,584 [1;34mDEBUG[0m job_manager - Updating worker db cache with resource: physical_port:7ff183de-0188-46bf-b7d0-68d08ad2b54f (resource_reader.py - 46)
2018-02-15 06:53:58,585 [1;34mDEBUG[0m job_manager - Read resource change from etcd for resource: physical_port:7ff183de-0188-46bf-b7d0-68d08ad2b54f (resource_reader.py - 121)
2018-02-15 06:53:58,586 [1;37mINFO[0m job_manager - Looking for the state of resource physical_port:7ff183de-0188-46bf-b7d0-68d08ad2b54f (resources.py - 425)
2018-02-15 06:53:58,589 [1;34mDEBUG[0m job_manager - No state found for /config/v2.0/physical_ports/7ff183de-0188-46bf-b7d0-68d08ad2b54f - new resource. (resource_reader.py - 130)
2018-02-15 06:53:58,590 [1;37mINFO[0m job_manager - Non workable resource: physical_port:7ff183de-0188-46bf-b7d0-68d08ad2b54f (resource_reader.py - 161)
2018-02-15 06:53:59,343 [1;34mDEBUG[0m job_manager - Updating worker db cache with resource: ese_physical_port:24dd42cf-b343-47a9-966a-8f7486378c46 (resource_reader.py - 46)
2018-02-15 06:53:59,344 [1;34mDEBUG[0m job_manager - Read resource change from etcd for resource: ese_physical_port:24dd42cf-b343-47a9-966a-8f7486378c46 (resource_reader.py - 121)
2018-02-15 06:53:59,345 [1;37mINFO[0m job_manager - Looking for the state of resource ese_physical_port:24dd42cf-b343-47a9-966a-8f7486378c46 (resources.py - 425)
2018-02-15 06:53:59,348 [1;34mDEBUG[0m job_manager - No state found for /config/v2.0/ese_physical_ports/24dd42cf-b343-47a9-966a-8f7486378c46 - new resource. (resource_reader.py - 130)
2018-02-15 06:53:59,349 [1;37mINFO[0m job_manager - Workable resource ese_physical_port:24dd42cf-b343-47a9-966a-8f7486378c46 config has changed. Processing the change. (resource_reader.py - 151)
2018-02-15 06:53:59,351 [1;37mINFO[0m job_manager - Template id ese_physical_port_existing resolved from mapping: ACese_physical_port_&Pexisting (resources.py - 835)
2018-02-15 06:53:59,354 [1;37mINFO[0m job_manager - add_workflow request. (job_manager.py - 148)
2018-02-15 06:53:59,355 [1;37mINFO[0m job_manager - Reactor found event with function: add_workflow (job_manager.py - 423)
2018-02-15 06:53:59,358 [1;37mINFO[0m job_manager - Started scheduling workflow for ese_physical_port:24dd42cf-b343-47a9-966a-8f7486378c46 (workflow_scheduler.py - 245)
2018-02-15 06:53:59,362 [1;37mINFO[0m job_manager - Job create:heat_worker:ese_physical_port:24dd42cf-b343-47a9-966a-8f7486378c46:1:paaak dependencies: [] (job_manager.py - 293)
2018-02-15 06:53:59,369 [1;37mINFO[0m job_manager - Job create:heat_worker:ese_physical_port:24dd42cf-b343-47a9-966a-8f7486378c46:1:paaak added to ready. (job_manager.py - 301)
2018-02-15 06:53:59,376 [1;37mINFO[0m job_manager - Workflow scheduled successfully (workflow_scheduler.py - 261)
2018-02-15 06:53:59,378 [1;37mINFO[0m job_manager - Jobs counter: 1. (job_manager.py - 426)
2018-02-15 06:54:03,638 [1;37mINFO[0m job_manager - Wait for finished found job: create:heat_worker:ese_physical_port:24dd42cf-b343-47a9-966a-8f7486378c46:1:paaak with worker id: 3dd11869-61a6-4a1d-bfe1-3ee3c43a2be3 (job_queue.py - 466)
2018-02-15 06:54:03,642 [1;37mINFO[0m job_manager - Mark job create:heat_worker:ese_physical_port:24dd42cf-b343-47a9-966a-8f7486378c46:1:paaak as finished request. (job_manager.py - 81)
2018-02-15 06:54:03,643 [1;37mINFO[0m job_manager - Reactor found event with function: mark_job_finished (job_manager.py - 423)
2018-02-15 06:54:03,652 [1;37mINFO[0m job_manager - Jobs counter: 0. (job_manager.py - 426)
2018-02-15 06:54:17,877 [1;37mINFO[0m job_manager - Read timeout, retrying... (esi_etcd.py - 160)
2018-02-15 06:54:19,358 [1;37mINFO[0m job_manager - Read timeout, retrying... (esi_etcd.py - 160)
2018-02-15 06:54:23,645 [1;37mINFO[0m job_manager - Read timeout, retrying... (esi_etcd.py - 160)
2018-02-15 06:54:27,875 [1;34mDEBUG[0m job_manager - TTL thread wakeup, will check job manager health and refresh TTL (jobs_worker.py - 193)
2018-02-15 06:54:27,882 [1;37mINFO[0m job_manager - TTL for master job manager ID entry 32fa4b7a-9e4c-4c20-8140-f7f51b3f99a2 updated. (jobs_worker.py - 199)
2018-02-15 06:54:39,363 [1;37mINFO[0m job_manager - Read timeout, retrying... (esi_etcd.py - 160)
2018-02-15 06:54:43,653 [1;37mINFO[0m job_manager - Read timeout, retrying... (esi_etcd.py - 160)
2018-02-15 06:54:47,885 [1;37mINFO[0m job_manager - Read timeout, retrying... (esi_etcd.py - 160)
2018-02-15 06:54:57,892 [1;34mDEBUG[0m job_manager - TTL thread wakeup, will check job manager health and refresh TTL (jobs_worker.py - 193)
2018-02-15 06:54:57,901 [1;37mINFO[0m job_manager - TTL for master job manager ID entry 32fa4b7a-9e4c-4c20-8140-f7f51b3f99a2 updated. (jobs_worker.py - 199)
2018-02-15 06:54:59,370 [1;37mINFO[0m job_manager - Read timeout, retrying... (esi_etcd.py - 160)
2018-02-15 06:55:03,658 [1;37mINFO[0m job_manager - Read timeout, retrying... (esi_etcd.py - 160)
2018-02-15 06:55:04,401 [1;34mDEBUG[0m job_manager - Updating worker db cache with resource: network:35bc496f-3c0e-46b4-a5c0-33810e8e7263 (resource_reader.py - 46)
2018-02-15 06:55:04,404 [1;34mDEBUG[0m job_manager - Read resource change from etcd for resource: network:35bc496f-3c0e-46b4-a5c0-33810e8e7263 (resource_reader.py - 121)
2018-02-15 06:55:04,405 [1;37mINFO[0m job_manager - Looking for the state of resource network:35bc496f-3c0e-46b4-a5c0-33810e8e7263 (resources.py - 425)
2018-02-15 06:55:04,408 [1;34mDEBUG[0m job_manager - No state found for /config/v2.0/networks/35bc496f-3c0e-46b4-a5c0-33810e8e7263 - new resource. (resource_reader.py - 130)
2018-02-15 06:55:04,409 [1;37mINFO[0m job_manager - Workable resource network:35bc496f-3c0e-46b4-a5c0-33810e8e7263 config has changed. Processing the change. (resource_reader.py - 151)
2018-02-15 06:55:04,410 [1;37mINFO[0m job_manager - Template id network resolved from mapping: Cnetwork (resources.py - 835)
2018-02-15 06:55:04,414 [1;37mINFO[0m job_manager - add_workflow request. (job_manager.py - 148)
2018-02-15 06:55:04,416 [1;37mINFO[0m job_manager - Reactor found event with function: add_workflow (job_manager.py - 423)
2018-02-15 06:55:04,419 [1;37mINFO[0m job_manager - Started scheduling workflow for network:35bc496f-3c0e-46b4-a5c0-33810e8e7263 (workflow_scheduler.py - 245)
2018-02-15 06:55:04,423 [1;37mINFO[0m job_manager - Job create:heat_worker:network:35bc496f-3c0e-46b4-a5c0-33810e8e7263:1:pp459 dependencies: [] (job_manager.py - 293)
2018-02-15 06:55:04,428 [1;37mINFO[0m job_manager - Job create:heat_worker:network:35bc496f-3c0e-46b4-a5c0-33810e8e7263:1:pp459 added to ready. (job_manager.py - 301)
2018-02-15 06:55:04,432 [1;37mINFO[0m job_manager - Workflow scheduled successfully (workflow_scheduler.py - 261)
2018-02-15 06:55:04,436 [1;37mINFO[0m job_manager - Jobs counter: 1. (job_manager.py - 426)
2018-02-15 06:55:06,494 [1;37mINFO[0m job_manager - Wait for finished found job: create:heat_worker:network:35bc496f-3c0e-46b4-a5c0-33810e8e7263:1:pp459 with worker id: 635b122d-1182-4723-b547-71e674632741 (job_queue.py - 466)
2018-02-15 06:55:06,498 [1;37mINFO[0m job_manager - Mark job create:heat_worker:network:35bc496f-3c0e-46b4-a5c0-33810e8e7263:1:pp459 as finished request. (job_manager.py - 81)
2018-02-15 06:55:06,501 [1;37mINFO[0m job_manager - Reactor found event with function: mark_job_finished (job_manager.py - 423)
2018-02-15 06:55:06,507 [1;37mINFO[0m job_manager - Jobs counter: 0. (job_manager.py - 426)
2018-02-15 06:55:10,255 [1;34mDEBUG[0m job_manager - Updating worker db cache with resource: subnet:3cfa93ac-251a-4a60-9434-ff4c88bf3655 (resource_reader.py - 46)
2018-02-15 06:55:10,256 [1;34mDEBUG[0m job_manager - Read resource change from etcd for resource: subnet:3cfa93ac-251a-4a60-9434-ff4c88bf3655 (resource_reader.py - 121)
2018-02-15 06:55:10,257 [1;37mINFO[0m job_manager - Looking for the state of resource subnet:3cfa93ac-251a-4a60-9434-ff4c88bf3655 (resources.py - 425)
2018-02-15 06:55:10,262 [1;34mDEBUG[0m job_manager - No state found for /config/v2.0/subnets/3cfa93ac-251a-4a60-9434-ff4c88bf3655 - new resource. (resource_reader.py - 130)
2018-02-15 06:55:10,263 [1;37mINFO[0m job_manager - Workable resource subnet:3cfa93ac-251a-4a60-9434-ff4c88bf3655 config has changed. Processing the change. (resource_reader.py - 151)
2018-02-15 06:55:10,264 [1;37mINFO[0m job_manager - Template id subnet resolved from mapping: Csubnet (resources.py - 835)
2018-02-15 06:55:10,268 [1;37mINFO[0m job_manager - add_workflow request. (job_manager.py - 148)
2018-02-15 06:55:10,270 [1;37mINFO[0m job_manager - Reactor found event with function: add_workflow (job_manager.py - 423)
2018-02-15 06:55:10,273 [1;37mINFO[0m job_manager - Started scheduling workflow for subnet:3cfa93ac-251a-4a60-9434-ff4c88bf3655 (workflow_scheduler.py - 245)
2018-02-15 06:55:10,280 [1;34mDEBUG[0m job_manager - Updating worker db cache with resource: port:3836f376-21ad-4ec2-975b-b7f0c671c5c8 (resource_reader.py - 46)
2018-02-15 06:55:10,283 [1;34mDEBUG[0m job_manager - Read resource change from etcd for resource: port:3836f376-21ad-4ec2-975b-b7f0c671c5c8 (resource_reader.py - 121)
2018-02-15 06:55:10,284 [1;37mINFO[0m job_manager - Looking for the state of resource port:3836f376-21ad-4ec2-975b-b7f0c671c5c8 (resources.py - 425)
2018-02-15 06:55:10,287 [1;34mDEBUG[0m job_manager - No state found for /config/v2.0/ports/3836f376-21ad-4ec2-975b-b7f0c671c5c8 - new resource. (resource_reader.py - 130)
2018-02-15 06:55:10,289 [1;37mINFO[0m job_manager - Workable resource port:3836f376-21ad-4ec2-975b-b7f0c671c5c8 config has changed. Processing the change. (resource_reader.py - 151)
2018-02-15 06:55:10,290 [1;33mWARNING[0m job_manager - Could not find template for resource: port:3836f376-21ad-4ec2-975b-b7f0c671c5c8, handlingit as non workable (resource_reader.py - 231)
2018-02-15 06:55:10,297 [1;37mINFO[0m job_manager - Job create:heat_worker:subnet:3cfa93ac-251a-4a60-9434-ff4c88bf3655:1:igwm1 dependencies: [] (job_manager.py - 293)
2018-02-15 06:55:10,306 [1;37mINFO[0m job_manager - Job create:heat_worker:subnet:3cfa93ac-251a-4a60-9434-ff4c88bf3655:1:igwm1 added to ready. (job_manager.py - 301)
2018-02-15 06:55:10,312 [1;37mINFO[0m job_manager - Workflow scheduled successfully (workflow_scheduler.py - 261)
2018-02-15 06:55:10,313 [1;37mINFO[0m job_manager - Jobs counter: 1. (job_manager.py - 426)
2018-02-15 06:55:12,575 [1;37mINFO[0m job_manager - Wait for finished found job: create:heat_worker:subnet:3cfa93ac-251a-4a60-9434-ff4c88bf3655:1:igwm1 with worker id: 6b106ee7-e635-4aab-9806-0fe0c26fc0b7 (job_queue.py - 466)
2018-02-15 06:55:12,578 [1;37mINFO[0m job_manager - Mark job create:heat_worker:subnet:3cfa93ac-251a-4a60-9434-ff4c88bf3655:1:igwm1 as finished request. (job_manager.py - 81)
2018-02-15 06:55:12,580 [1;37mINFO[0m job_manager - Reactor found event with function: mark_job_finished (job_manager.py - 423)
2018-02-15 06:55:12,586 [1;37mINFO[0m job_manager - Jobs counter: 0. (job_manager.py - 426)
2018-02-15 06:55:17,434 [1;34mDEBUG[0m job_manager - Updating worker db cache with resource: port:fde61b02-9615-4e75-aac0-30a333657c1b (resource_reader.py - 46)
2018-02-15 06:55:17,435 [1;34mDEBUG[0m job_manager - Read resource change from etcd for resource: port:fde61b02-9615-4e75-aac0-30a333657c1b (resource_reader.py - 121)
2018-02-15 06:55:17,436 [1;37mINFO[0m job_manager - Looking for the state of resource port:fde61b02-9615-4e75-aac0-30a333657c1b (resources.py - 425)
2018-02-15 06:55:17,438 [1;34mDEBUG[0m job_manager - No state found for /config/v2.0/ports/fde61b02-9615-4e75-aac0-30a333657c1b - new resource. (resource_reader.py - 130)
2018-02-15 06:55:17,439 [1;37mINFO[0m job_manager - Workable resource port:fde61b02-9615-4e75-aac0-30a333657c1b config has changed. Processing the change. (resource_reader.py - 151)
2018-02-15 06:55:17,440 [1;37mINFO[0m job_manager - Template id port resolved from mapping: {u'else_mapping': {u'constant': u'port'}, u'if_mapping': {u'regexp': [{u'field': u'device_owner'}, {u'constant': u'network:dhcp|network:empty'}]}, u'then_mapping': {u'constant': None}} (resources.py - 835)
2018-02-15 06:55:17,447 [1;37mINFO[0m job_manager - add_workflow request. (job_manager.py - 148)
2018-02-15 06:55:17,449 [1;37mINFO[0m job_manager - Reactor found event with function: add_workflow (job_manager.py - 423)
2018-02-15 06:55:17,451 [1;37mINFO[0m job_manager - Started scheduling workflow for port:fde61b02-9615-4e75-aac0-30a333657c1b (workflow_scheduler.py - 245)
2018-02-15 06:55:17,455 [1;34mDEBUG[0m job_manager - Updating worker db cache with resource: ese_logical_port:ced1435d-6dfa-4dab-bb7c-19da4d8e48b7 (resource_reader.py - 46)
2018-02-15 06:55:17,457 [1;34mDEBUG[0m job_manager - Read resource change from etcd for resource: ese_logical_port:ced1435d-6dfa-4dab-bb7c-19da4d8e48b7 (resource_reader.py - 121)
2018-02-15 06:55:17,457 [1;37mINFO[0m job_manager - Looking for the state of resource ese_logical_port:ced1435d-6dfa-4dab-bb7c-19da4d8e48b7 (resources.py - 425)
2018-02-15 06:55:17,459 [1;34mDEBUG[0m job_manager - No state found for /config/v2.0/ese_logical_ports/ced1435d-6dfa-4dab-bb7c-19da4d8e48b7 - new resource. (resource_reader.py - 130)
2018-02-15 06:55:17,460 [1;37mINFO[0m job_manager - Workable resource ese_logical_port:ced1435d-6dfa-4dab-bb7c-19da4d8e48b7 config has changed. Processing the change. (resource_reader.py - 151)
2018-02-15 06:55:17,461 [1;37mINFO[0m job_manager - Template id ese_logical_port resolved from mapping: Cese_logical_port (resources.py - 835)
2018-02-15 06:55:17,464 [1;37mINFO[0m job_manager - add_workflow request. (job_manager.py - 148)
2018-02-15 06:55:17,465 [1;37mINFO[0m job_manager - Job create:heat_worker:port:fde61b02-9615-4e75-aac0-30a333657c1b:1:s23ew dependencies: [] (job_manager.py - 293)
2018-02-15 06:55:17,470 [1;37mINFO[0m job_manager - Job create:heat_worker:port:fde61b02-9615-4e75-aac0-30a333657c1b:1:s23ew added to ready. (job_manager.py - 301)
2018-02-15 06:55:17,474 [1;37mINFO[0m job_manager - Workflow scheduled successfully (workflow_scheduler.py - 261)
2018-02-15 06:55:17,475 [1;37mINFO[0m job_manager - Jobs counter: 1. (job_manager.py - 426)
2018-02-15 06:55:17,476 [1;37mINFO[0m job_manager - Reactor found event with function: add_workflow (job_manager.py - 423)
2018-02-15 06:55:17,480 [1;37mINFO[0m job_manager - Started scheduling workflow for ese_logical_port:ced1435d-6dfa-4dab-bb7c-19da4d8e48b7 (workflow_scheduler.py - 245)
2018-02-15 06:55:17,511 [1;37mINFO[0m job_manager - Job create:heat_worker:ese_logical_port:ced1435d-6dfa-4dab-bb7c-19da4d8e48b7:1:vcoy8 dependencies: [u'create:heat_worker:port:fde61b02-9615-4e75-aac0-30a333657c1b:1:s23ew'] (job_manager.py - 293)
2018-02-15 06:55:17,517 [1;37mINFO[0m job_manager - Job create:heat_worker:ese_logical_port:ced1435d-6dfa-4dab-bb7c-19da4d8e48b7:1:vcoy8 added to waiting. (job_manager.py - 306)
2018-02-15 06:55:17,520 [1;37mINFO[0m job_manager - Workflow scheduled successfully (workflow_scheduler.py - 261)
2018-02-15 06:55:17,521 [1;37mINFO[0m job_manager - Jobs counter: 2. (job_manager.py - 426)
2018-02-15 06:55:17,905 [1;37mINFO[0m job_manager - Read timeout, retrying... (esi_etcd.py - 160)
2018-02-15 06:55:20,762 [1;37mINFO[0m job_manager - Wait for finished found job: create:heat_worker:port:fde61b02-9615-4e75-aac0-30a333657c1b:1:s23ew with worker id: 2b801bcc-8671-4540-8942-d6b8938f9a18 (job_queue.py - 466)
2018-02-15 06:55:20,770 [1;37mINFO[0m job_manager - Mark job create:heat_worker:port:fde61b02-9615-4e75-aac0-30a333657c1b:1:s23ew as finished request. (job_manager.py - 81)
2018-02-15 06:55:20,777 [1;37mINFO[0m job_manager - Reactor found event with function: mark_job_finished (job_manager.py - 423)
2018-02-15 06:55:20,794 [1;37mINFO[0m job_manager - Job create:heat_worker:ese_logical_port:ced1435d-6dfa-4dab-bb7c-19da4d8e48b7:1:vcoy8 moved to ready. (job_manager.py - 182)
2018-02-15 06:55:20,795 [1;37mINFO[0m job_manager - Jobs counter: 1. (job_manager.py - 426)
2018-02-15 06:55:24,010 [1;37mINFO[0m job_manager - Wait for finished found job: create:heat_worker:ese_logical_port:ced1435d-6dfa-4dab-bb7c-19da4d8e48b7:1:vcoy8 with worker id: 02d68e07-275b-4493-8348-a5b09d45c004 (job_queue.py - 466)
2018-02-15 06:55:24,018 [1;37mINFO[0m job_manager - Mark job create:heat_worker:ese_logical_port:ced1435d-6dfa-4dab-bb7c-19da4d8e48b7:1:vcoy8 as finished request. (job_manager.py - 81)
2018-02-15 06:55:24,020 [1;37mINFO[0m job_manager - Reactor found event with function: mark_job_finished (job_manager.py - 423)
2018-02-15 06:55:24,026 [1;37mINFO[0m job_manager - Jobs counter: 0. (job_manager.py - 426)
2018-02-15 06:55:24,070 [1;34mDEBUG[0m job_manager - Updating worker db cache with resource: port:fde61b02-9615-4e75-aac0-30a333657c1b (resource_reader.py - 46)
2018-02-15 06:55:24,071 [1;34mDEBUG[0m job_manager - Read resource change from etcd for resource: port:fde61b02-9615-4e75-aac0-30a333657c1b (resource_reader.py - 121)
2018-02-15 06:55:24,072 [1;37mINFO[0m job_manager - Looking for the state of resource port:fde61b02-9615-4e75-aac0-30a333657c1b (resources.py - 425)
2018-02-15 06:55:24,075 [1;37mINFO[0m job_manager - {"error": "", "state": {"heat_outputs": "[{\"output_value\": [[\"default-domain\", \"admin\", \"b62eefe0-0872-478d-adfe-1a606320f0e7\"]], \"description\": \"Virtual network.\", \"output_key\": \"virtual_network\"}, {\"output_value\": \"default-domain:admin:f68d0924-ef20-4c1b-ac45-0e6b879af5e7\", \"description\": \"Fully Qualified Name of the VMI\", \"output_key\": \"fq_name\"}, {\"output_value\": \"f68d0924-ef20-4c1b-ac45-0e6b879af5e7\", \"description\": \"A unique id for the virtual machine interface.\", \"output_key\": \"id\"}, {\"output_value\": {\"allowed_address_pair\": []}, \"description\": \"Virtual machine allowed address pairs.\", \"output_key\": \"allowed_address_pairs\"}, {\"output_value\": [\"fa:16:3e:f7:60:7f\"], \"description\": \"Virtual machine interface mac address.\", \"output_key\": \"mac_address\"}]", "orchestration_state": "CREATE_COMPLETE", "worker_state": "CREATE_COMPLETED"}, "version": 1} (resources.py - 428)
2018-02-15 06:55:24,075 [1;37mINFO[0m job_manager - Workable resource port:fde61b02-9615-4e75-aac0-30a333657c1b config has changed. Processing the change. (resource_reader.py - 151)
2018-02-15 06:55:24,076 [1;37mINFO[0m job_manager - Template id port resolved from mapping: {u'else_mapping': {u'constant': u'port'}, u'if_mapping': {u'regexp': [{u'field': u'device_owner'}, {u'constant': u'network:dhcp|network:empty'}]}, u'then_mapping': {u'constant': None}} (resources.py - 835)
2018-02-15 06:55:24,079 [1;37mINFO[0m job_manager - add_workflow request. (job_manager.py - 148)
2018-02-15 06:55:24,080 [1;37mINFO[0m job_manager - Reactor found event with function: add_workflow (job_manager.py - 423)
2018-02-15 06:55:24,083 [1;37mINFO[0m job_manager - Started scheduling workflow for port:fde61b02-9615-4e75-aac0-30a333657c1b (workflow_scheduler.py - 245)
2018-02-15 06:55:24,088 [1;37mINFO[0m job_manager - Job modify:heat_worker:port:fde61b02-9615-4e75-aac0-30a333657c1b:2:frkcu dependencies: [] (job_manager.py - 293)
2018-02-15 06:55:24,096 [1;37mINFO[0m job_manager - Job modify:heat_worker:port:fde61b02-9615-4e75-aac0-30a333657c1b:2:frkcu added to ready. (job_manager.py - 301)
2018-02-15 06:55:24,099 [1;37mINFO[0m job_manager - Workflow scheduled successfully (workflow_scheduler.py - 261)
2018-02-15 06:55:24,100 [1;37mINFO[0m job_manager - Jobs counter: 1. (job_manager.py - 426)
2018-02-15 06:55:27,903 [1;34mDEBUG[0m job_manager - TTL thread wakeup, will check job manager health and refresh TTL (jobs_worker.py - 193)
2018-02-15 06:55:27,905 [1;37mINFO[0m job_manager - TTL for master job manager ID entry 32fa4b7a-9e4c-4c20-8140-f7f51b3f99a2 updated. (jobs_worker.py - 199)
2018-02-15 06:55:34,481 [1;37mINFO[0m job_manager - Wait for finished found job: modify:heat_worker:port:fde61b02-9615-4e75-aac0-30a333657c1b:2:frkcu with worker id: 0d10244b-7cd8-4779-83e1-7fddba31aed3 (job_queue.py - 466)
2018-02-15 06:55:34,484 [1;37mINFO[0m job_manager - Mark job modify:heat_worker:port:fde61b02-9615-4e75-aac0-30a333657c1b:2:frkcu as finished request. (job_manager.py - 81)
2018-02-15 06:55:34,486 [1;37mINFO[0m job_manager - Reactor found event with function: mark_job_finished (job_manager.py - 423)
2018-02-15 06:55:34,494 [1;37mINFO[0m job_manager - Jobs counter: 0. (job_manager.py - 426)
2018-02-15 06:55:44,083 [1;37mINFO[0m job_manager - Read timeout, retrying... (esi_etcd.py - 160)
2018-02-15 06:55:47,908 [1;37mINFO[0m job_manager - Read timeout, retrying... (esi_etcd.py - 160)
2018-02-15 06:55:54,487 [1;37mINFO[0m job_manager - Read timeout, retrying... (esi_etcd.py - 160)
2018-02-15 06:55:57,907 [1;34mDEBUG[0m job_manager - TTL thread wakeup, will check job manager health and refresh TTL (jobs_worker.py - 193)
2018-02-15 06:55:57,913 [1;37mINFO[0m job_manager - TTL for master job manager ID entry 32fa4b7a-9e4c-4c20-8140-f7f51b3f99a2 updated. (jobs_worker.py - 199)
2018-02-15 06:56:04,089 [1;37mINFO[0m job_manager - Read timeout, retrying... (esi_etcd.py - 160)
2018-02-15 06:56:14,498 [1;37mINFO[0m job_manager - Read timeout, retrying... (esi_etcd.py - 160)
2018-02-15 06:56:17,916 [1;37mINFO[0m job_manager - Read timeout, retrying... (esi_etcd.py - 160)
2018-02-15 06:56:24,096 [1;37mINFO[0m job_manager - Read timeout, retrying... (esi_etcd.py - 160)
2018-02-15 06:56:27,917 [1;34mDEBUG[0m job_manager - TTL thread wakeup, will check job manager health and refresh TTL (jobs_worker.py - 193)
2018-02-15 06:56:27,923 [1;37mINFO[0m job_manager - TTL for master job manager ID entry 32fa4b7a-9e4c-4c20-8140-f7f51b3f99a2 updated. (jobs_worker.py - 199)
2018-02-15 06:56:34,508 [1;37mINFO[0m job_manager - Read timeout, retrying... (esi_etcd.py - 160)
2018-02-15 06:56:44,099 [1;37mINFO[0m job_manager - Read timeout, retrying... (esi_etcd.py - 160)
2018-02-15 06:56:47,926 [1;37mINFO[0m job_manager - Read timeout, retrying... (esi_etcd.py - 160)
2018-02-15 06:56:54,511 [1;37mINFO[0m job_manager - Read timeout, retrying... (esi_etcd.py - 160)
2018-02-15 06:56:57,928 [1;34mDEBUG[0m job_manager - TTL thread wakeup, will check job manager health and refresh TTL (jobs_worker.py - 193)
2018-02-15 06:56:57,935 [1;37mINFO[0m job_manager - TTL for master job manager ID entry 32fa4b7a-9e4c-4c20-8140-f7f51b3f99a2 updated. (jobs_worker.py - 199)
2018-02-15 06:57:04,104 [1;37mINFO[0m job_manager - Read timeout, retrying... (esi_etcd.py - 160)
2018-02-15 06:57:14,519 [1;37mINFO[0m job_manager - Read timeout, retrying... (esi_etcd.py - 160)
2018-02-15 06:57:17,938 [1;37mINFO[0m job_manager - Read timeout, retrying... (esi_etcd.py - 160)
2018-02-15 06:57:24,112 [1;37mINFO[0m job_manager - Read timeout, retrying... (esi_etcd.py - 160)
2018-02-15 06:57:27,939 [1;34mDEBUG[0m job_manager - TTL thread wakeup, will check job manager health and refresh TTL (jobs_worker.py - 193)
2018-02-15 06:57:27,946 [1;37mINFO[0m job_manager - TTL for master job manager ID entry 32fa4b7a-9e4c-4c20-8140-f7f51b3f99a2 updated. (jobs_worker.py - 199)
2018-02-15 06:57:34,528 [1;37mINFO[0m job_manager - Read timeout, retrying... (esi_etcd.py - 160)
2018-02-15 06:57:44,122 [1;37mINFO[0m job_manager - Read timeout, retrying... (esi_etcd.py - 160)
2018-02-15 06:57:47,948 [1;37mINFO[0m job_manager - Read timeout, retrying... (esi_etcd.py - 160)
2018-02-15 06:57:54,536 [1;37mINFO[0m job_manager - Read timeout, retrying... (esi_etcd.py - 160)
2018-02-15 06:57:57,948 [1;34mDEBUG[0m job_manager - TTL thread wakeup, will check job manager health and refresh TTL (jobs_worker.py - 193)
2018-02-15 06:57:57,954 [1;37mINFO[0m job_manager - TTL for master job manager ID entry 32fa4b7a-9e4c-4c20-8140-f7f51b3f99a2 updated. (jobs_worker.py - 199)
2018-02-15 06:58:04,128 [1;37mINFO[0m job_manager - Read timeout, retrying... (esi_etcd.py - 160)
2018-02-15 06:58:14,545 [1;37mINFO[0m job_manager - Read timeout, retrying... (esi_etcd.py - 160)
2018-02-15 06:58:17,956 [1;37mINFO[0m job_manager - Read timeout, retrying... (esi_etcd.py - 160)
2018-02-15 06:58:24,140 [1;37mINFO[0m job_manager - Read timeout, retrying... (esi_etcd.py - 160)
2018-02-15 06:58:27,959 [1;34mDEBUG[0m job_manager - TTL thread wakeup, will check job manager health and refresh TTL (jobs_worker.py - 193)
2018-02-15 06:58:27,964 [1;37mINFO[0m job_manager - TTL for master job manager ID entry 32fa4b7a-9e4c-4c20-8140-f7f51b3f99a2 updated. (jobs_worker.py - 199)
2018-02-15 06:58:34,555 [1;37mINFO[0m job_manager - Read timeout, retrying... (esi_etcd.py - 160)
2018-02-15 06:58:44,148 [1;37mINFO[0m job_manager - Read timeout, retrying... (esi_etcd.py - 160)
2018-02-15 06:58:47,966 [1;37mINFO[0m job_manager - Read timeout, retrying... (esi_etcd.py - 160)
2018-02-15 06:58:54,564 [1;37mINFO[0m job_manager - Read timeout, retrying... (esi_etcd.py - 160)
2018-02-15 06:58:57,968 [1;34mDEBUG[0m job_manager - TTL thread wakeup, will check job manager health and refresh TTL (jobs_worker.py - 193)
2018-02-15 06:58:57,976 [1;37mINFO[0m job_manager - TTL for master job manager ID entry 32fa4b7a-9e4c-4c20-8140-f7f51b3f99a2 updated. (jobs_worker.py - 199)
2018-02-15 06:59:04,158 [1;37mINFO[0m job_manager - Read timeout, retrying... (esi_etcd.py - 160)
2018-02-15 06:59:14,576 [1;37mINFO[0m job_manager - Read timeout, retrying... (esi_etcd.py - 160)
2018-02-15 06:59:17,978 [1;37mINFO[0m job_manager - Read timeout, retrying... (esi_etcd.py - 160)
2018-02-15 06:59:24,163 [1;37mINFO[0m job_manager - Read timeout, retrying... (esi_etcd.py - 160)
2018-02-15 06:59:27,980 [1;34mDEBUG[0m job_manager - TTL thread wakeup, will check job manager health and refresh TTL (jobs_worker.py - 193)
2018-02-15 06:59:27,985 [1;37mINFO[0m job_manager - TTL for master job manager ID entry 32fa4b7a-9e4c-4c20-8140-f7f51b3f99a2 updated. (jobs_worker.py - 199)
