2017-05-11 04:56:44,359:DEBUG:New etcd client created for etcd-server:2379/v2
2017-05-11 04:56:44,359:DEBUG:About to wait on key /esi-worker/heat_stacks, index None
2017-05-11 04:56:44,359:DEBUG:Issuing read for key /esi-worker/heat_stacks with args {'recursive': True, 'timeout': None, 'wait': True}
2017-05-11 04:56:44,360:INFO:Starting new HTTP connection (1): etcd-server
2017-05-11 04:56:44,370:DEBUG:"GET /v2/keys/esi-worker/heat_stacks?recursive=true&wait=true HTTP/1.1" 200 None
2017-05-11 04:59:21,606:DEBUG:
*** Consume stored data in etcd ***
 action=[set], key=[/esi-worker/heat_stacks/v2.0/ese_devices/5314fffc-6c86-4410-a64b-5386286ac629],
 value=[{
    "stack_id": "ese_device_5314fffc-6c86-4410-a64b-5386286ac629", 
    "tenant_id": "0b576f6f4cbf414f829cd12f008bf08f", 
    "stack_status": "CREATE_COMPLETE", 
    "output": [
        {
            "output_value": [
                "default-global-system-config", 
                "QFX-NW02"
            ], 
            "description": "The FQ name of the physical router.", 
            "output_key": "fq_name"
        }, 
        {
            "output_value": "physical_router", 
            "description": "A unique id for the physical router.", 
            "output_key": "id"
        }, 
        {
            "output_value": "dummy", 
            "description": "The name of the physical router.", 
            "output_key": "name"
        }
    ], 
    "status_reason": "Stack CREATE completed successfully", 
    "id": "ese_device:5314fffc-6c86-4410-a64b-5386286ac629"
}]
2017-05-11 04:59:21,606:DEBUG:New etcd client created for etcd-server:2379/v2
2017-05-11 04:59:21,606:DEBUG:About to wait on key /esi-worker/heat_stacks, index None
2017-05-11 04:59:21,606:DEBUG:Issuing read for key /esi-worker/heat_stacks with args {'recursive': True, 'timeout': None, 'wait': True}
2017-05-11 04:59:21,607:INFO:Starting new HTTP connection (1): etcd-server
2017-05-11 04:59:21,609:DEBUG:"GET /v2/keys/esi-worker/heat_stacks?recursive=true&wait=true HTTP/1.1" 200 None
2017-05-11 04:59:28,029:DEBUG:
*** Consume stored data in etcd ***
 action=[set], key=[/esi-worker/heat_stacks/v2.0/ese_physical_ports/eec156b0-7317-48dd-b76c-019c0758e99d],
 value=[{
    "stack_id": "ese_physical_port_eec156b0-7317-48dd-b76c-019c0758e99d", 
    "tenant_id": "0b576f6f4cbf414f829cd12f008bf08f", 
    "stack_status": "CREATE_COMPLETE", 
    "output": [
        {
            "output_value": "dddddddd-dddd-dddd-dddd-dddddddddddd", 
            "description": "A unique id for the physical interface", 
            "output_key": "id"
        }, 
        {
            "output_value": null, 
            "output_error": "'ContrailPhysicalInterface' object has no attribute 'pi_uuid'", 
            "description": "The name of the physical interface.", 
            "output_key": "name"
        }
    ], 
    "status_reason": "Stack CREATE completed successfully", 
    "id": "ese_physical_port:eec156b0-7317-48dd-b76c-019c0758e99d"
}]
2017-05-11 04:59:28,030:DEBUG:New etcd client created for etcd-server:2379/v2
2017-05-11 04:59:28,030:DEBUG:About to wait on key /esi-worker/heat_stacks, index None
2017-05-11 04:59:28,030:DEBUG:Issuing read for key /esi-worker/heat_stacks with args {'recursive': True, 'timeout': None, 'wait': True}
2017-05-11 04:59:28,030:INFO:Starting new HTTP connection (1): etcd-server
2017-05-11 04:59:28,032:DEBUG:"GET /v2/keys/esi-worker/heat_stacks?recursive=true&wait=true HTTP/1.1" 200 None
2017-05-11 04:59:33,927:DEBUG:
*** Consume stored data in etcd ***
 action=[set], key=[/esi-worker/heat_stacks/v2.0/ese_physical_ports/176ec475-e9e8-4605-8b41-802fbc6220c1],
 value=[{
    "stack_id": "ese_physical_port_176ec475-e9e8-4605-8b41-802fbc6220c1", 
    "tenant_id": "0b576f6f4cbf414f829cd12f008bf08f", 
    "stack_status": "CREATE_COMPLETE", 
    "output": [
        {
            "output_value": "dddddddd-dddd-dddd-dddd-dddddddddddd", 
            "description": "A unique id for the physical interface", 
            "output_key": "id"
        }, 
        {
            "output_value": null, 
            "output_error": "'ContrailPhysicalInterface' object has no attribute 'pi_uuid'", 
            "description": "The name of the physical interface.", 
            "output_key": "name"
        }
    ], 
    "status_reason": "Stack CREATE completed successfully", 
    "id": "ese_physical_port:176ec475-e9e8-4605-8b41-802fbc6220c1"
}]
2017-05-11 04:59:33,927:DEBUG:New etcd client created for etcd-server:2379/v2
2017-05-11 04:59:33,928:DEBUG:About to wait on key /esi-worker/heat_stacks, index None
2017-05-11 04:59:33,928:DEBUG:Issuing read for key /esi-worker/heat_stacks with args {'recursive': True, 'timeout': None, 'wait': True}
2017-05-11 04:59:33,928:INFO:Starting new HTTP connection (1): etcd-server
2017-05-11 04:59:33,929:DEBUG:"GET /v2/keys/esi-worker/heat_stacks?recursive=true&wait=true HTTP/1.1" 200 None
2017-05-11 05:00:27,028:DEBUG:
*** Consume stored data in etcd ***
 action=[set], key=[/esi-worker/heat_stacks/v2.0/vpn_gateways/4fab887d-8f73-40e6-b2d8-2426255231bf],
 value=[{
    "stack_id": "vpn_gateway_4fab887d-8f73-40e6-b2d8-2426255231bf", 
    "tenant_id": "0b576f6f4cbf414f829cd12f008bf08f", 
    "stack_status": "CREATE_COMPLETE", 
    "output": [], 
    "status_reason": "Stack CREATE completed successfully", 
    "id": "vpn_gateway:4fab887d-8f73-40e6-b2d8-2426255231bf"
}]
2017-05-11 05:00:27,028:DEBUG:New etcd client created for etcd-server:2379/v2
2017-05-11 05:00:27,029:DEBUG:About to wait on key /esi-worker/heat_stacks, index None
2017-05-11 05:00:27,029:DEBUG:Issuing read for key /esi-worker/heat_stacks with args {'recursive': True, 'timeout': None, 'wait': True}
2017-05-11 05:00:27,029:INFO:Starting new HTTP connection (1): etcd-server
2017-05-11 05:00:27,030:DEBUG:"GET /v2/keys/esi-worker/heat_stacks?recursive=true&wait=true HTTP/1.1" 200 None
2017-05-11 05:00:58,204:DEBUG:
*** Consume stored data in etcd ***
 action=[set], key=[/esi-worker/heat_stacks/v2.0/vpn_interfaces/0bea303d-b6eb-4edc-83ef-e32f915d3047],
 value=[{
    "stack_id": "vpn_interface_0bea303d-b6eb-4edc-83ef-e32f915d3047", 
    "tenant_id": "0b576f6f4cbf414f829cd12f008bf08f", 
    "stack_status": "CREATE_COMPLETE", 
    "output": [], 
    "status_reason": "Stack CREATE completed successfully", 
    "id": "vpn_interface:0bea303d-b6eb-4edc-83ef-e32f915d3047"
}]
2017-05-11 05:00:58,205:DEBUG:New etcd client created for etcd-server:2379/v2
2017-05-11 05:00:58,205:DEBUG:About to wait on key /esi-worker/heat_stacks, index None
2017-05-11 05:00:58,205:DEBUG:Issuing read for key /esi-worker/heat_stacks with args {'recursive': True, 'timeout': None, 'wait': True}
2017-05-11 05:00:58,205:INFO:Starting new HTTP connection (1): etcd-server
2017-05-11 05:00:58,206:DEBUG:"GET /v2/keys/esi-worker/heat_stacks?recursive=true&wait=true HTTP/1.1" 200 None
2017-05-11 05:01:04,284:DEBUG:
*** Consume stored data in etcd ***
 action=[set], key=[/esi-worker/heat_stacks/v2.0/vpn_gateways/4fab887d-8f73-40e6-b2d8-2426255231bf],
 value=[{
    "stack_id": "vpn_gateway_4fab887d-8f73-40e6-b2d8-2426255231bf", 
    "tenant_id": "0b576f6f4cbf414f829cd12f008bf08f", 
    "stack_status": "UPDATE_COMPLETE", 
    "output": [], 
    "status_reason": "Stack successfully updated", 
    "id": "vpn_gateway:4fab887d-8f73-40e6-b2d8-2426255231bf"
}]
2017-05-11 05:01:04,284:DEBUG:New etcd client created for etcd-server:2379/v2
2017-05-11 05:01:04,284:DEBUG:About to wait on key /esi-worker/heat_stacks, index None
2017-05-11 05:01:04,285:DEBUG:Issuing read for key /esi-worker/heat_stacks with args {'recursive': True, 'timeout': None, 'wait': True}
2017-05-11 05:01:04,285:INFO:Starting new HTTP connection (1): etcd-server
2017-05-11 05:01:04,286:DEBUG:"GET /v2/keys/esi-worker/heat_stacks?recursive=true&wait=true HTTP/1.1" 200 None
2017-05-11 05:01:47,465:DEBUG:
*** Consume stored data in etcd ***
 action=[set], key=[/esi-worker/heat_stacks/v2.0/networks/bb69041d-c654-4e9f-a763-afd4333275bc],
 value=[{
    "stack_id": "network_bb69041d-c654-4e9f-a763-afd4333275bc", 
    "tenant_id": "0b576f6f4cbf414f829cd12f008bf08f", 
    "stack_status": "CREATE_COMPLETE", 
    "output": [
        {
            "output_value": "[]", 
            "description": "The name of the virtual network.", 
            "output_key": "route_targets"
        }, 
        {
            "output_value": "default-domain:admin:bb69041d-c654-4e9f-a763-afd4333275bc", 
            "description": "The FQ name of the virtual network.", 
            "output_key": "fq_name"
        }, 
        {
            "output_value": "bb69041d-c654-4e9f-a763-afd4333275bc", 
            "description": "A unique id for the virtual network.", 
            "output_key": "id"
        }, 
        {
            "output_value": "bb69041d-c654-4e9f-a763-afd4333275bc", 
            "description": "The name of the virtual network.", 
            "output_key": "name"
        }
    ], 
    "status_reason": "Stack CREATE completed successfully", 
    "id": "network:bb69041d-c654-4e9f-a763-afd4333275bc"
}]
2017-05-11 05:01:47,465:DEBUG:New etcd client created for etcd-server:2379/v2
2017-05-11 05:01:47,466:DEBUG:About to wait on key /esi-worker/heat_stacks, index None
2017-05-11 05:01:47,466:DEBUG:Issuing read for key /esi-worker/heat_stacks with args {'recursive': True, 'timeout': None, 'wait': True}
2017-05-11 05:01:47,466:INFO:Starting new HTTP connection (1): etcd-server
2017-05-11 05:01:47,467:DEBUG:"GET /v2/keys/esi-worker/heat_stacks?recursive=true&wait=true HTTP/1.1" 200 None
2017-05-11 05:02:05,195:DEBUG:
*** Consume stored data in etcd ***
 action=[set], key=[/esi-worker/heat_stacks/v2.0/subnets/b4f0c956-2fe0-4634-b7c8-22bfd8095aaf],
 value=[{
    "stack_id": "subnet_b4f0c956-2fe0-4634-b7c8-22bfd8095aaf", 
    "tenant_id": "0b576f6f4cbf414f829cd12f008bf08f", 
    "stack_status": "CREATE_COMPLETE", 
    "output": [
        {
            "output_value": "172.16.101.0/24", 
            "description": "IP prefix of local subnet.", 
            "output_key": "ip_prefix"
        }, 
        {
            "output_value": "b4f0c956-2fe0-4634-b7c8-22bfd8095aaf", 
            "description": "The name of the local subnet.", 
            "output_key": "name"
        }, 
        {
            "output_value": "172.16.101.1", 
            "description": "Default gateway of local subnet.", 
            "output_key": "default_gateway"
        }, 
        {
            "output_value": "bb69041d-c654-4e9f-a763-afd4333275bc", 
            "description": "A unique id for the network.", 
            "output_key": "network_id"
        }, 
        {
            "output_value": "aaaaaaaa-aaaa-aaaa-aaaa-aaaaaaaaaaaa", 
            "description": "IPAM this local subnet uses.", 
            "output_key": "ipam"
        }, 
        {
            "output_value": "8f9e2ede-c3b4-438e-888d-55e326ec29a9", 
            "description": "A unique id for the local subnet.", 
            "output_key": "id"
        }
    ], 
    "status_reason": "Stack CREATE completed successfully", 
    "id": "subnet:b4f0c956-2fe0-4634-b7c8-22bfd8095aaf"
}]
2017-05-11 05:02:05,195:DEBUG:New etcd client created for etcd-server:2379/v2
2017-05-11 05:02:05,195:DEBUG:About to wait on key /esi-worker/heat_stacks, index None
2017-05-11 05:02:05,195:DEBUG:Issuing read for key /esi-worker/heat_stacks with args {'recursive': True, 'timeout': None, 'wait': True}
2017-05-11 05:02:05,196:INFO:Starting new HTTP connection (1): etcd-server
2017-05-11 05:02:05,197:DEBUG:"GET /v2/keys/esi-worker/heat_stacks?recursive=true&wait=true HTTP/1.1" 200 None
2017-05-11 05:02:38,875:DEBUG:
*** Consume stored data in etcd ***
 action=[set], key=[/esi-worker/heat_stacks/v2.0/gw_interfaces/fbd7d07e-9e84-4ad7-ab85-36d46adb9435],
 value=[{
    "stack_id": "gw_interface_fbd7d07e-9e84-4ad7-ab85-36d46adb9435", 
    "tenant_id": "0b576f6f4cbf414f829cd12f008bf08f", 
    "stack_status": "CREATE_COMPLETE", 
    "output": [], 
    "status_reason": "Stack CREATE completed successfully", 
    "id": "gw_interface:fbd7d07e-9e84-4ad7-ab85-36d46adb9435"
}]
2017-05-11 05:02:38,875:DEBUG:New etcd client created for etcd-server:2379/v2
2017-05-11 05:02:38,875:DEBUG:About to wait on key /esi-worker/heat_stacks, index None
2017-05-11 05:02:38,876:DEBUG:Issuing read for key /esi-worker/heat_stacks with args {'recursive': True, 'timeout': None, 'wait': True}
2017-05-11 05:02:38,876:INFO:Starting new HTTP connection (1): etcd-server
2017-05-11 05:02:38,879:DEBUG:"GET /v2/keys/esi-worker/heat_stacks?recursive=true&wait=true HTTP/1.1" 200 None
2017-05-11 05:02:42,801:DEBUG:
*** Consume stored data in etcd ***
 action=[set], key=[/esi-worker/heat_stacks/v2.0/ports/67d9f139-b5be-4082-a090-3a1a9cbf1df8],
 value=[{
    "stack_id": "port_67d9f139-b5be-4082-a090-3a1a9cbf1df8", 
    "tenant_id": "0b576f6f4cbf414f829cd12f008bf08f", 
    "stack_status": "CREATE_COMPLETE", 
    "output": [
        {
            "output_value": "bbbbbbbb-bbbb-bbbb-bbbb-bbbbbbbbbbbb", 
            "description": "Virtual network.", 
            "output_key": "virtual_network"
        }, 
        {
            "output_value": "default-domain:admin:67d9f139-b5be-4082-a090-3a1a9cbf1df8", 
            "description": "Fully Qualified Name of the VMI", 
            "output_key": "fq_name"
        }, 
        {
            "output_value": "67d9f139-b5be-4082-a090-3a1a9cbf1df8", 
            "description": "A unique id for the virtual machine interface.", 
            "output_key": "id"
        }, 
        {
            "output_value": "null", 
            "description": "Virtual machine allowed address pairs.", 
            "output_key": "allowed_address_pairs"
        }, 
        {
            "output_value": "xx:xx:xx:xx:xx:xx", 
            "description": "Virtual machine interface mac address.", 
            "output_key": "mac_address"
        }
    ], 
    "status_reason": "Stack CREATE completed successfully", 
    "id": "port:67d9f139-b5be-4082-a090-3a1a9cbf1df8"
}]
2017-05-11 05:02:42,801:DEBUG:New etcd client created for etcd-server:2379/v2
2017-05-11 05:02:42,801:DEBUG:About to wait on key /esi-worker/heat_stacks, index None
2017-05-11 05:02:42,801:DEBUG:Issuing read for key /esi-worker/heat_stacks with args {'recursive': True, 'timeout': None, 'wait': True}
2017-05-11 05:02:42,802:INFO:Starting new HTTP connection (1): etcd-server
2017-05-11 05:02:42,804:DEBUG:"GET /v2/keys/esi-worker/heat_stacks?recursive=true&wait=true HTTP/1.1" 200 None
2017-05-11 05:02:42,848:DEBUG:
*** Consume stored data in etcd ***
 action=[set], key=[/esi-worker/heat_stacks/v2.0/ports/33907bcb-8689-425d-a700-fe8acfd94aed],
 value=[{
    "stack_id": "port_33907bcb-8689-425d-a700-fe8acfd94aed", 
    "tenant_id": "0b576f6f4cbf414f829cd12f008bf08f", 
    "stack_status": "CREATE_COMPLETE", 
    "output": [
        {
            "output_value": "bbbbbbbb-bbbb-bbbb-bbbb-bbbbbbbbbbbb", 
            "description": "Virtual network.", 
            "output_key": "virtual_network"
        }, 
        {
            "output_value": "default-domain:admin:33907bcb-8689-425d-a700-fe8acfd94aed", 
            "description": "Fully Qualified Name of the VMI", 
            "output_key": "fq_name"
        }, 
        {
            "output_value": "33907bcb-8689-425d-a700-fe8acfd94aed", 
            "description": "A unique id for the virtual machine interface.", 
            "output_key": "id"
        }, 
        {
            "output_value": "null", 
            "description": "Virtual machine allowed address pairs.", 
            "output_key": "allowed_address_pairs"
        }, 
        {
            "output_value": "xx:xx:xx:xx:xx:xx", 
            "description": "Virtual machine interface mac address.", 
            "output_key": "mac_address"
        }
    ], 
    "status_reason": "Stack CREATE completed successfully", 
    "id": "port:33907bcb-8689-425d-a700-fe8acfd94aed"
}]
2017-05-11 05:02:42,849:DEBUG:New etcd client created for etcd-server:2379/v2
2017-05-11 05:02:42,849:DEBUG:About to wait on key /esi-worker/heat_stacks, index None
2017-05-11 05:02:42,849:DEBUG:Issuing read for key /esi-worker/heat_stacks with args {'recursive': True, 'timeout': None, 'wait': True}
2017-05-11 05:02:42,849:INFO:Starting new HTTP connection (1): etcd-server
2017-05-11 05:02:42,850:DEBUG:"GET /v2/keys/esi-worker/heat_stacks?recursive=true&wait=true HTTP/1.1" 200 None
2017-05-11 05:02:45,371:DEBUG:
*** Consume stored data in etcd ***
 action=[set], key=[/esi-worker/heat_stacks/v2.0/ese_logical_ports/ecb4c4ac-3ebc-4045-a27c-52fecc93bac5],
 value=[{
    "stack_id": "ese_logical_port_ecb4c4ac-3ebc-4045-a27c-52fecc93bac5", 
    "tenant_id": "0b576f6f4cbf414f829cd12f008bf08f", 
    "stack_status": "CREATE_COMPLETE", 
    "output": [
        {
            "output_value": "cccccccc-cccc-cccc-cccc-cccccccccccc", 
            "description": "A unique id for the logical interface", 
            "output_key": "id"
        }, 
        {
            "output_value": null, 
            "output_error": "'ContrailLogicalInterface' object has no attribute 'li_uuid'", 
            "description": "The name of the logical interface.", 
            "output_key": "name"
        }
    ], 
    "status_reason": "Stack CREATE completed successfully", 
    "id": "ese_logical_port:ecb4c4ac-3ebc-4045-a27c-52fecc93bac5"
}]
2017-05-11 05:02:45,371:DEBUG:New etcd client created for etcd-server:2379/v2
2017-05-11 05:02:45,372:DEBUG:About to wait on key /esi-worker/heat_stacks, index None
2017-05-11 05:02:45,372:DEBUG:Issuing read for key /esi-worker/heat_stacks with args {'recursive': True, 'timeout': None, 'wait': True}
2017-05-11 05:02:45,372:INFO:Starting new HTTP connection (1): etcd-server
2017-05-11 05:02:45,373:DEBUG:"GET /v2/keys/esi-worker/heat_stacks?recursive=true&wait=true HTTP/1.1" 200 None
2017-05-11 05:02:45,498:DEBUG:
*** Consume stored data in etcd ***
 action=[set], key=[/esi-worker/heat_stacks/v2.0/ese_logical_ports/ef450536-01c9-4380-a34d-a1ae56e0447e],
 value=[{
    "stack_id": "ese_logical_port_ef450536-01c9-4380-a34d-a1ae56e0447e", 
    "tenant_id": "0b576f6f4cbf414f829cd12f008bf08f", 
    "stack_status": "CREATE_COMPLETE", 
    "output": [
        {
            "output_value": "cccccccc-cccc-cccc-cccc-cccccccccccc", 
            "description": "A unique id for the logical interface", 
            "output_key": "id"
        }, 
        {
            "output_value": null, 
            "output_error": "'ContrailLogicalInterface' object has no attribute 'li_uuid'", 
            "description": "The name of the logical interface.", 
            "output_key": "name"
        }
    ], 
    "status_reason": "Stack CREATE completed successfully", 
    "id": "ese_logical_port:ef450536-01c9-4380-a34d-a1ae56e0447e"
}]
2017-05-11 05:02:45,498:DEBUG:New etcd client created for etcd-server:2379/v2
2017-05-11 05:02:45,498:DEBUG:About to wait on key /esi-worker/heat_stacks, index None
2017-05-11 05:02:45,498:DEBUG:Issuing read for key /esi-worker/heat_stacks with args {'recursive': True, 'timeout': None, 'wait': True}
2017-05-11 05:02:45,499:INFO:Starting new HTTP connection (1): etcd-server
2017-05-11 05:02:45,499:DEBUG:"GET /v2/keys/esi-worker/heat_stacks?recursive=true&wait=true HTTP/1.1" 200 None
2017-05-11 05:02:56,281:DEBUG:
*** Consume stored data in etcd ***
 action=[set], key=[/esi-worker/heat_stacks/v2.0/ports/67d9f139-b5be-4082-a090-3a1a9cbf1df8],
 value=[{
    "stack_id": "port_67d9f139-b5be-4082-a090-3a1a9cbf1df8", 
    "tenant_id": "0b576f6f4cbf414f829cd12f008bf08f", 
    "stack_status": "UPDATE_COMPLETE", 
    "output": [
        {
            "output_value": "bbbbbbbb-bbbb-bbbb-bbbb-bbbbbbbbbbbb", 
            "description": "Virtual network.", 
            "output_key": "virtual_network"
        }, 
        {
            "output_value": "default-domain:admin:67d9f139-b5be-4082-a090-3a1a9cbf1df8", 
            "description": "Fully Qualified Name of the VMI", 
            "output_key": "fq_name"
        }, 
        {
            "output_value": "67d9f139-b5be-4082-a090-3a1a9cbf1df8", 
            "description": "A unique id for the virtual machine interface.", 
            "output_key": "id"
        }, 
        {
            "output_value": "null", 
            "description": "Virtual machine allowed address pairs.", 
            "output_key": "allowed_address_pairs"
        }, 
        {
            "output_value": "xx:xx:xx:xx:xx:xx", 
            "description": "Virtual machine interface mac address.", 
            "output_key": "mac_address"
        }
    ], 
    "status_reason": "Stack successfully updated", 
    "id": "port:67d9f139-b5be-4082-a090-3a1a9cbf1df8"
}]
2017-05-11 05:02:56,281:DEBUG:New etcd client created for etcd-server:2379/v2
2017-05-11 05:02:56,282:DEBUG:About to wait on key /esi-worker/heat_stacks, index None
2017-05-11 05:02:56,282:DEBUG:Issuing read for key /esi-worker/heat_stacks with args {'recursive': True, 'timeout': None, 'wait': True}
2017-05-11 05:02:56,282:INFO:Starting new HTTP connection (1): etcd-server
2017-05-11 05:02:56,283:DEBUG:"GET /v2/keys/esi-worker/heat_stacks?recursive=true&wait=true HTTP/1.1" 200 None
2017-05-11 05:02:56,692:DEBUG:
*** Consume stored data in etcd ***
 action=[set], key=[/esi-worker/heat_stacks/v2.0/ports/33907bcb-8689-425d-a700-fe8acfd94aed],
 value=[{
    "stack_id": "port_33907bcb-8689-425d-a700-fe8acfd94aed", 
    "tenant_id": "0b576f6f4cbf414f829cd12f008bf08f", 
    "stack_status": "UPDATE_COMPLETE", 
    "output": [
        {
            "output_value": "bbbbbbbb-bbbb-bbbb-bbbb-bbbbbbbbbbbb", 
            "description": "Virtual network.", 
            "output_key": "virtual_network"
        }, 
        {
            "output_value": "default-domain:admin:33907bcb-8689-425d-a700-fe8acfd94aed", 
            "description": "Fully Qualified Name of the VMI", 
            "output_key": "fq_name"
        }, 
        {
            "output_value": "33907bcb-8689-425d-a700-fe8acfd94aed", 
            "description": "A unique id for the virtual machine interface.", 
            "output_key": "id"
        }, 
        {
            "output_value": "null", 
            "description": "Virtual machine allowed address pairs.", 
            "output_key": "allowed_address_pairs"
        }, 
        {
            "output_value": "xx:xx:xx:xx:xx:xx", 
            "description": "Virtual machine interface mac address.", 
            "output_key": "mac_address"
        }
    ], 
    "status_reason": "Stack successfully updated", 
    "id": "port:33907bcb-8689-425d-a700-fe8acfd94aed"
}]
2017-05-11 05:02:56,693:DEBUG:New etcd client created for etcd-server:2379/v2
2017-05-11 05:02:56,693:DEBUG:About to wait on key /esi-worker/heat_stacks, index None
2017-05-11 05:02:56,693:DEBUG:Issuing read for key /esi-worker/heat_stacks with args {'recursive': True, 'timeout': None, 'wait': True}
2017-05-11 05:02:56,693:INFO:Starting new HTTP connection (1): etcd-server
2017-05-11 05:02:56,695:DEBUG:"GET /v2/keys/esi-worker/heat_stacks?recursive=true&wait=true HTTP/1.1" 200 None
2017-05-11 05:03:53,143:DEBUG:
*** Consume stored data in etcd ***
 action=[set], key=[/esi-worker/heat_stacks/v2.0/static_routes/1db45c0a-46cd-40af-a87e-718092df68b3],
 value=[{
    "stack_id": "static_route_1db45c0a-46cd-40af-a87e-718092df68b3", 
    "tenant_id": "0b576f6f4cbf414f829cd12f008bf08f", 
    "stack_status": "CREATE_COMPLETE", 
    "output": [], 
    "status_reason": "Stack CREATE completed successfully", 
    "id": "static_route:1db45c0a-46cd-40af-a87e-718092df68b3"
}]
2017-05-11 05:03:53,144:DEBUG:New etcd client created for etcd-server:2379/v2
2017-05-11 05:03:53,144:DEBUG:About to wait on key /esi-worker/heat_stacks, index None
2017-05-11 05:03:53,144:DEBUG:Issuing read for key /esi-worker/heat_stacks with args {'recursive': True, 'timeout': None, 'wait': True}
2017-05-11 05:03:53,145:INFO:Starting new HTTP connection (1): etcd-server
2017-05-11 05:03:53,146:DEBUG:"GET /v2/keys/esi-worker/heat_stacks?recursive=true&wait=true HTTP/1.1" 200 None
2017-05-11 05:13:53,247:ERROR:Request to server http://etcd-server:2379 failed: ReadTimeoutError("HTTPConnectionPool(host='etcd-server', port=2379): Read timed out.",)
2017-05-11 05:13:53,247:DEBUG:Reconnection disabled, giving up.
Traceback (most recent call last):
  File "/usr/local/lib/python2.7/dist-packages/eventlet/hubs/hub.py", line 457, in fire_timers
    timer()
  File "/usr/local/lib/python2.7/dist-packages/eventlet/hubs/timer.py", line 58, in __call__
    cb(*args, **kw)
  File "/usr/local/lib/python2.7/dist-packages/eventlet/greenthread.py", line 214, in main
    result = function(*args, **kwargs)
  File "/tools/etcd-watcher-for-esi/python-etcd-watch.py", line 15, in _consume_loop
    result = client.watch(key_info, recursive=True)
  File "/usr/local/lib/python2.7/dist-packages/etcd/client.py", line 655, in watch
    recursive=recursive)
  File "/usr/local/lib/python2.7/dist-packages/etcd/client.py", line 481, in read
    timeout=timeout)
  File "/usr/local/lib/python2.7/dist-packages/etcd/client.py", line 788, in api_execute
    cause=e
EtcdConnectionFailed: Connection to etcd failed due to ReadTimeoutError("HTTPConnectionPool(host='etcd-server', port=2379): Read timed out.",)
Traceback (most recent call last):
  File "/tools/etcd-watcher-for-esi/python-etcd-watch.py", line 48, in <module>
    thread.wait()
  File "/usr/local/lib/python2.7/dist-packages/eventlet/greenthread.py", line 175, in wait
    return self._exit_event.wait()
  File "/usr/local/lib/python2.7/dist-packages/eventlet/event.py", line 121, in wait
    return hubs.get_hub().switch()
  File "/usr/local/lib/python2.7/dist-packages/eventlet/hubs/hub.py", line 294, in switch
    return self.greenlet.switch()
  File "/usr/local/lib/python2.7/dist-packages/eventlet/greenthread.py", line 214, in main
    result = function(*args, **kwargs)
  File "/tools/etcd-watcher-for-esi/python-etcd-watch.py", line 15, in _consume_loop
    result = client.watch(key_info, recursive=True)
  File "/usr/local/lib/python2.7/dist-packages/etcd/client.py", line 655, in watch
    recursive=recursive)
  File "/usr/local/lib/python2.7/dist-packages/etcd/client.py", line 481, in read
    timeout=timeout)
  File "/usr/local/lib/python2.7/dist-packages/etcd/client.py", line 788, in api_execute
    cause=e
etcd.EtcdConnectionFailed: Connection to etcd failed due to ReadTimeoutError("HTTPConnectionPool(host='etcd-server', port=2379): Read timed out.",)
