2017-05-11 03:01:06,921:DEBUG:New etcd client created for etcd-server:2379/v2
2017-05-11 03:01:06,921:DEBUG:About to wait on key /state, index None
2017-05-11 03:01:06,921:DEBUG:Issuing read for key /state with args {'recursive': True, 'timeout': None, 'wait': True}
2017-05-11 03:01:06,922:INFO:Starting new HTTP connection (1): etcd-server
2017-05-11 03:01:06,941:DEBUG:"GET /v2/keys/state?recursive=true&wait=true HTTP/1.1" 200 None
2017-05-11 03:03:28,506:DEBUG:
*** Consume stored data in etcd ***
 action=[set], key=[/state/v2.0/quotas/default],
 value=[{
    "state": {
        "worker_state": "READ_COMPLETE"
    }, 
    "version": 1, 
    "error": ""
}]
2017-05-11 03:03:28,507:DEBUG:New etcd client created for etcd-server:2379/v2
2017-05-11 03:03:28,507:DEBUG:About to wait on key /state, index None
2017-05-11 03:03:28,507:DEBUG:Issuing read for key /state with args {'recursive': True, 'timeout': None, 'wait': True}
2017-05-11 03:03:28,507:INFO:Starting new HTTP connection (1): etcd-server
2017-05-11 03:03:28,508:DEBUG:"GET /v2/keys/state?recursive=true&wait=true HTTP/1.1" 200 None
2017-05-11 03:03:28,521:DEBUG:
*** Consume stored data in etcd ***
 action=[set], key=[/state/v2.0/reserve_addresses/default],
 value=[{
    "state": {
        "worker_state": "READ_COMPLETE"
    }, 
    "version": 1, 
    "error": ""
}]
2017-05-11 03:03:28,521:DEBUG:New etcd client created for etcd-server:2379/v2
2017-05-11 03:03:28,521:DEBUG:About to wait on key /state, index None
2017-05-11 03:03:28,521:DEBUG:Issuing read for key /state with args {'recursive': True, 'timeout': None, 'wait': True}
2017-05-11 03:03:28,522:INFO:Starting new HTTP connection (1): etcd-server
2017-05-11 03:03:28,523:DEBUG:"GET /v2/keys/state?recursive=true&wait=true HTTP/1.1" 200 None
2017-05-11 03:04:03,478:DEBUG:
*** Consume stored data in etcd ***
 action=[set], key=[/state/common/v1.0/tenants/0b576f6f4cbf414f829cd12f008bf08f],
 value=[{
    "state": {
        "worker_state": "READ_COMPLETE"
    }, 
    "version": 1, 
    "error": ""
}]
2017-05-11 03:04:03,478:DEBUG:New etcd client created for etcd-server:2379/v2
2017-05-11 03:04:03,478:DEBUG:About to wait on key /state, index None
2017-05-11 03:04:03,478:DEBUG:Issuing read for key /state with args {'recursive': True, 'timeout': None, 'wait': True}
2017-05-11 03:04:03,479:INFO:Starting new HTTP connection (1): etcd-server
2017-05-11 03:04:03,480:DEBUG:"GET /v2/keys/state?recursive=true&wait=true HTTP/1.1" 200 None
2017-05-11 03:04:06,009:DEBUG:
*** Consume stored data in etcd ***
 action=[set], key=[/state/v2.0/ese_devices/9f05b260-26ca-46f7-98c3-ad88e411a989],
 value=[{
    "state": {
        "state_monitoring": "{\"switch\": \"ACTIVE\"}", 
        "worker_state": "CREATE_COMPLETED", 
        "heat_outputs": "[{\"output_value\": [\"default-global-system-config\", \"QFX-NW02\"], \"description\": \"The FQ name of the physical router.\", \"output_key\": \"fq_name\"}, {\"output_value\": \"physical_router\", \"description\": \"A unique id for the physical router.\", \"output_key\": \"id\"}, {\"output_value\": \"dummy\", \"description\": \"The name of the physical router.\", \"output_key\": \"name\"}]"
    }, 
    "version": 1, 
    "error": ""
}]
2017-05-11 03:04:06,009:DEBUG:New etcd client created for etcd-server:2379/v2
2017-05-11 03:04:06,009:DEBUG:About to wait on key /state, index None
2017-05-11 03:04:06,009:DEBUG:Issuing read for key /state with args {'recursive': True, 'timeout': None, 'wait': True}
2017-05-11 03:04:06,009:INFO:Starting new HTTP connection (1): etcd-server
2017-05-11 03:04:06,012:DEBUG:"GET /v2/keys/state?recursive=true&wait=true HTTP/1.1" 200 None
2017-05-11 03:04:11,856:DEBUG:
*** Consume stored data in etcd ***
 action=[set], key=[/state/v2.0/ese_physical_ports/976156ef-05b4-47f4-9497-a36531563a08],
 value=[{
    "state": {
        "state_monitoring": "{\"port\": \"ACTIVE\"}", 
        "worker_state": "CREATE_COMPLETED", 
        "heat_outputs": "[{\"output_value\": \"dddddddd-dddd-dddd-dddd-dddddddddddd\", \"description\": \"A unique id for the physical interface\", \"output_key\": \"id\"}, {\"output_value\": null, \"output_error\": \"'ContrailPhysicalInterface' object has no attribute 'pi_uuid'\", \"description\": \"The name of the physical interface.\", \"output_key\": \"name\"}]"
    }, 
    "version": 1, 
    "error": ""
}]
2017-05-11 03:04:11,856:DEBUG:New etcd client created for etcd-server:2379/v2
2017-05-11 03:04:11,857:DEBUG:About to wait on key /state, index None
2017-05-11 03:04:11,857:DEBUG:Issuing read for key /state with args {'recursive': True, 'timeout': None, 'wait': True}
2017-05-11 03:04:11,857:INFO:Starting new HTTP connection (1): etcd-server
2017-05-11 03:04:11,858:DEBUG:"GET /v2/keys/state?recursive=true&wait=true HTTP/1.1" 200 None
2017-05-11 03:04:17,802:DEBUG:
*** Consume stored data in etcd ***
 action=[set], key=[/state/v2.0/ese_physical_ports/5b2dee2e-7420-4cd4-b270-5081eb9eb371],
 value=[{
    "state": {
        "state_monitoring": "{\"port\": \"ACTIVE\"}", 
        "worker_state": "CREATE_COMPLETED", 
        "heat_outputs": "[{\"output_value\": \"dddddddd-dddd-dddd-dddd-dddddddddddd\", \"description\": \"A unique id for the physical interface\", \"output_key\": \"id\"}, {\"output_value\": null, \"output_error\": \"'ContrailPhysicalInterface' object has no attribute 'pi_uuid'\", \"description\": \"The name of the physical interface.\", \"output_key\": \"name\"}]"
    }, 
    "version": 1, 
    "error": ""
}]
2017-05-11 03:04:17,803:DEBUG:New etcd client created for etcd-server:2379/v2
2017-05-11 03:04:17,803:DEBUG:About to wait on key /state, index None
2017-05-11 03:04:17,803:DEBUG:Issuing read for key /state with args {'recursive': True, 'timeout': None, 'wait': True}
2017-05-11 03:04:17,803:INFO:Starting new HTTP connection (1): etcd-server
2017-05-11 03:04:17,804:DEBUG:"GET /v2/keys/state?recursive=true&wait=true HTTP/1.1" 200 None
2017-05-11 03:04:22,030:DEBUG:
*** Consume stored data in etcd ***
 action=[set], key=[/state/v2.0/edge_routers/8aba84f9-4675-4d22-a231-e9eabde80818],
 value=[{
    "state": {
        "state_monitoring": "{\"router\": \"ACTIVE\"}", 
        "worker_state": "CREATE_COMPLETED"
    }, 
    "version": 1, 
    "error": ""
}]
2017-05-11 03:04:22,030:DEBUG:New etcd client created for etcd-server:2379/v2
2017-05-11 03:04:22,030:DEBUG:About to wait on key /state, index None
2017-05-11 03:04:22,031:DEBUG:Issuing read for key /state with args {'recursive': True, 'timeout': None, 'wait': True}
2017-05-11 03:04:22,031:INFO:Starting new HTTP connection (1): etcd-server
2017-05-11 03:04:22,032:DEBUG:"GET /v2/keys/state?recursive=true&wait=true HTTP/1.1" 200 None
2017-05-11 03:04:23,905:DEBUG:
*** Consume stored data in etcd ***
 action=[set], key=[/state/v2.0/edge_routers/769b5e3b-3320-41ec-9be0-4567b50f1aab],
 value=[{
    "state": {
        "state_monitoring": "{\"router\": \"ACTIVE\"}", 
        "worker_state": "CREATE_COMPLETED"
    }, 
    "version": 1, 
    "error": ""
}]
2017-05-11 03:04:23,905:DEBUG:New etcd client created for etcd-server:2379/v2
2017-05-11 03:04:23,906:DEBUG:About to wait on key /state, index None
2017-05-11 03:04:23,906:DEBUG:Issuing read for key /state with args {'recursive': True, 'timeout': None, 'wait': True}
2017-05-11 03:04:23,906:INFO:Starting new HTTP connection (1): etcd-server
2017-05-11 03:04:23,909:DEBUG:"GET /v2/keys/state?recursive=true&wait=true HTTP/1.1" 200 None
2017-05-11 03:04:25,940:DEBUG:
*** Consume stored data in etcd ***
 action=[set], key=[/state/v2.0/ha_routers/3a3d7a43-d749-44e8-90bc-de7b37d1d258],
 value=[{
    "state": {
        "state_monitoring": "{\"primary\": \"ACTIVE\", \"secondary\": \"ACTIVE\"}", 
        "worker_state": "CREATE_COMPLETED"
    }, 
    "version": 1, 
    "error": ""
}]
2017-05-11 03:04:25,940:DEBUG:New etcd client created for etcd-server:2379/v2
2017-05-11 03:04:25,941:DEBUG:About to wait on key /state, index None
2017-05-11 03:04:25,941:DEBUG:Issuing read for key /state with args {'recursive': True, 'timeout': None, 'wait': True}
2017-05-11 03:04:25,941:INFO:Starting new HTTP connection (1): etcd-server
2017-05-11 03:04:25,942:DEBUG:"GET /v2/keys/state?recursive=true&wait=true HTTP/1.1" 200 None
2017-05-11 03:04:28,176:DEBUG:
*** Consume stored data in etcd ***
 action=[set], key=[/state/v2.0/er_physical_interfaces/a752c6c0-2075-4e7f-9040-5fcefcad0252],
 value=[{
    "state": {
        "state_monitoring": "{\"interface\": \"ACTIVE\"}", 
        "worker_state": "CREATE_COMPLETED"
    }, 
    "version": 1, 
    "error": ""
}]
2017-05-11 03:04:28,176:DEBUG:New etcd client created for etcd-server:2379/v2
2017-05-11 03:04:28,177:DEBUG:About to wait on key /state, index None
2017-05-11 03:04:28,177:DEBUG:Issuing read for key /state with args {'recursive': True, 'timeout': None, 'wait': True}
2017-05-11 03:04:28,177:INFO:Starting new HTTP connection (1): etcd-server
2017-05-11 03:04:28,179:DEBUG:"GET /v2/keys/state?recursive=true&wait=true HTTP/1.1" 200 None
2017-05-11 03:04:30,331:DEBUG:
*** Consume stored data in etcd ***
 action=[set], key=[/state/v2.0/er_physical_interfaces/96c3629b-9bfb-4d54-adc1-750d024c2858],
 value=[{
    "state": {
        "state_monitoring": "{\"interface\": \"ACTIVE\"}", 
        "worker_state": "CREATE_COMPLETED"
    }, 
    "version": 1, 
    "error": ""
}]
2017-05-11 03:04:30,331:DEBUG:New etcd client created for etcd-server:2379/v2
2017-05-11 03:04:30,332:DEBUG:About to wait on key /state, index None
2017-05-11 03:04:30,332:DEBUG:Issuing read for key /state with args {'recursive': True, 'timeout': None, 'wait': True}
2017-05-11 03:04:30,332:INFO:Starting new HTTP connection (1): etcd-server
2017-05-11 03:04:30,337:DEBUG:"GET /v2/keys/state?recursive=true&wait=true HTTP/1.1" 200 None
2017-05-11 03:04:32,828:DEBUG:
*** Consume stored data in etcd ***
 action=[set], key=[/state/v2.0/ha_interfaces/372ed357-e622-41fb-a613-076d332838e2],
 value=[{
    "state": {
        "state_monitoring": "{\"primary\": \"ACTIVE\", \"secondary\": \"ACTIVE\"}", 
        "worker_state": "CREATE_COMPLETED"
    }, 
    "version": 1, 
    "error": ""
}]
2017-05-11 03:04:32,828:DEBUG:New etcd client created for etcd-server:2379/v2
2017-05-11 03:04:32,829:DEBUG:About to wait on key /state, index None
2017-05-11 03:04:32,829:DEBUG:Issuing read for key /state with args {'recursive': True, 'timeout': None, 'wait': True}
2017-05-11 03:04:32,829:INFO:Starting new HTTP connection (1): etcd-server
2017-05-11 03:04:32,830:DEBUG:"GET /v2/keys/state?recursive=true&wait=true HTTP/1.1" 200 None
2017-05-11 03:04:44,662:DEBUG:
*** Consume stored data in etcd ***
 action=[set], key=[/state/v2.0/common_function_pools/cca32fd7-2430-4acc-87e9-a7b527e9918d],
 value=[{
    "state": {
        "worker_state": "READ_COMPLETE"
    }, 
    "version": 1, 
    "error": ""
}]
2017-05-11 03:04:44,662:DEBUG:New etcd client created for etcd-server:2379/v2
2017-05-11 03:04:44,662:DEBUG:About to wait on key /state, index None
2017-05-11 03:04:44,662:DEBUG:Issuing read for key /state with args {'recursive': True, 'timeout': None, 'wait': True}
2017-05-11 03:04:44,663:INFO:Starting new HTTP connection (1): etcd-server
2017-05-11 03:04:44,664:DEBUG:"GET /v2/keys/state?recursive=true&wait=true HTTP/1.1" 200 None
2017-05-11 03:04:55,556:DEBUG:
*** Consume stored data in etcd ***
 action=[set], key=[/state/v2.0/common_function_pools/cca32fd7-2430-4acc-87e9-a7b527e9918d],
 value=[{
    "state": {
        "worker_state": "READ_COMPLETE"
    }, 
    "version": 2, 
    "error": ""
}]
2017-05-11 03:04:55,556:DEBUG:New etcd client created for etcd-server:2379/v2
2017-05-11 03:04:55,556:DEBUG:About to wait on key /state, index None
2017-05-11 03:04:55,556:DEBUG:Issuing read for key /state with args {'recursive': True, 'timeout': None, 'wait': True}
2017-05-11 03:04:55,557:INFO:Starting new HTTP connection (1): etcd-server
2017-05-11 03:04:55,558:DEBUG:"GET /v2/keys/state?recursive=true&wait=true HTTP/1.1" 200 None
2017-05-11 03:04:55,583:DEBUG:
*** Consume stored data in etcd ***
 action=[set], key=[/state/v2.0/common_functions/18c64ec9-78c2-43ac-ae0d-48fa9b6c0858],
 value=[{
    "state": {
        "worker_state": "READ_COMPLETE"
    }, 
    "version": 1, 
    "error": ""
}]
2017-05-11 03:04:55,584:DEBUG:New etcd client created for etcd-server:2379/v2
2017-05-11 03:04:55,584:DEBUG:About to wait on key /state, index None
2017-05-11 03:04:55,584:DEBUG:Issuing read for key /state with args {'recursive': True, 'timeout': None, 'wait': True}
2017-05-11 03:04:55,584:INFO:Starting new HTTP connection (1): etcd-server
2017-05-11 03:04:55,586:DEBUG:"GET /v2/keys/state?recursive=true&wait=true HTTP/1.1" 200 None
2017-05-11 03:05:06,399:DEBUG:
*** Consume stored data in etcd ***
 action=[set], key=[/state/v2.0/common_function_pools/cca32fd7-2430-4acc-87e9-a7b527e9918d],
 value=[{
    "state": {
        "worker_state": "READ_COMPLETE"
    }, 
    "version": 3, 
    "error": ""
}]
2017-05-11 03:05:06,400:DEBUG:New etcd client created for etcd-server:2379/v2
2017-05-11 03:05:06,400:DEBUG:About to wait on key /state, index None
2017-05-11 03:05:06,400:DEBUG:Issuing read for key /state with args {'recursive': True, 'timeout': None, 'wait': True}
2017-05-11 03:05:06,400:INFO:Starting new HTTP connection (1): etcd-server
2017-05-11 03:05:06,411:DEBUG:"GET /v2/keys/state?recursive=true&wait=true HTTP/1.1" 200 None
2017-05-11 03:05:06,461:DEBUG:
*** Consume stored data in etcd ***
 action=[set], key=[/state/v2.0/common_functions/c1be08ee-7cf2-4c84-8fe7-7e891d17bc71],
 value=[{
    "state": {
        "worker_state": "READ_COMPLETE"
    }, 
    "version": 1, 
    "error": ""
}]
2017-05-11 03:05:06,461:DEBUG:New etcd client created for etcd-server:2379/v2
2017-05-11 03:05:06,461:DEBUG:About to wait on key /state, index None
2017-05-11 03:05:06,461:DEBUG:Issuing read for key /state with args {'recursive': True, 'timeout': None, 'wait': True}
2017-05-11 03:05:06,462:INFO:Starting new HTTP connection (1): etcd-server
2017-05-11 03:05:06,464:DEBUG:"GET /v2/keys/state?recursive=true&wait=true HTTP/1.1" 200 None
2017-05-11 03:05:19,579:DEBUG:
*** Consume stored data in etcd ***
 action=[set], key=[/state/v2.0/nat_ip_pools/75733e12-47f7-49ea-9939-2819df6c8253],
 value=[{
    "state": {
        "worker_state": "READ_COMPLETE"
    }, 
    "version": 1, 
    "error": ""
}]
2017-05-11 03:05:19,579:DEBUG:New etcd client created for etcd-server:2379/v2
2017-05-11 03:05:19,579:DEBUG:About to wait on key /state, index None
2017-05-11 03:05:19,580:DEBUG:Issuing read for key /state with args {'recursive': True, 'timeout': None, 'wait': True}
2017-05-11 03:05:19,580:INFO:Starting new HTTP connection (1): etcd-server
2017-05-11 03:05:19,581:DEBUG:"GET /v2/keys/state?recursive=true&wait=true HTTP/1.1" 200 None
2017-05-11 03:05:31,486:DEBUG:
*** Consume stored data in etcd ***
 action=[set], key=[/state/v2.0/nat_ip_pools/75733e12-47f7-49ea-9939-2819df6c8253],
 value=[{
    "state": {
        "worker_state": "READ_COMPLETE"
    }, 
    "version": 2, 
    "error": ""
}]
2017-05-11 03:05:31,486:DEBUG:New etcd client created for etcd-server:2379/v2
2017-05-11 03:05:31,486:DEBUG:About to wait on key /state, index None
2017-05-11 03:05:31,486:DEBUG:Issuing read for key /state with args {'recursive': True, 'timeout': None, 'wait': True}
2017-05-11 03:05:31,487:INFO:Starting new HTTP connection (1): etcd-server
2017-05-11 03:05:31,488:DEBUG:"GET /v2/keys/state?recursive=true&wait=true HTTP/1.1" 200 None
2017-05-11 03:05:31,577:DEBUG:
*** Consume stored data in etcd ***
 action=[set], key=[/state/v2.0/ports/bbaac433-1023-4660-88f0-ccd8c2c26c89],
 value=[{
    "state": {
        "worker_state": "READ_COMPLETE"
    }, 
    "version": 1, 
    "error": ""
}]
2017-05-11 03:05:31,577:DEBUG:New etcd client created for etcd-server:2379/v2
2017-05-11 03:05:31,578:DEBUG:About to wait on key /state, index None
2017-05-11 03:05:31,578:DEBUG:Issuing read for key /state with args {'recursive': True, 'timeout': None, 'wait': True}
2017-05-11 03:05:31,578:INFO:Starting new HTTP connection (1): etcd-server
2017-05-11 03:05:31,580:DEBUG:"GET /v2/keys/state?recursive=true&wait=true HTTP/1.1" 200 None
2017-05-11 03:05:34,067:DEBUG:
*** Consume stored data in etcd ***
 action=[set], key=[/state/v2.0/networks/f2de53ae-bc76-46f2-b2ae-a7eefa9d6e57],
 value=[{
    "state": {
        "state_monitoring": "{\"network\": \"ACTIVE\"}", 
        "worker_state": "CREATE_COMPLETED", 
        "heat_outputs": "[{\"output_value\": \"[]\", \"description\": \"The name of the virtual network.\", \"output_key\": \"route_targets\"}, {\"output_value\": \"default-domain:admin:f2de53ae-bc76-46f2-b2ae-a7eefa9d6e57\", \"description\": \"The FQ name of the virtual network.\", \"output_key\": \"fq_name\"}, {\"output_value\": \"f2de53ae-bc76-46f2-b2ae-a7eefa9d6e57\", \"description\": \"A unique id for the virtual network.\", \"output_key\": \"id\"}, {\"output_value\": \"f2de53ae-bc76-46f2-b2ae-a7eefa9d6e57\", \"description\": \"The name of the virtual network.\", \"output_key\": \"name\"}]"
    }, 
    "version": 1, 
    "error": ""
}]
2017-05-11 03:05:34,067:DEBUG:New etcd client created for etcd-server:2379/v2
2017-05-11 03:05:34,067:DEBUG:About to wait on key /state, index None
2017-05-11 03:05:34,067:DEBUG:Issuing read for key /state with args {'recursive': True, 'timeout': None, 'wait': True}
2017-05-11 03:05:34,068:INFO:Starting new HTTP connection (1): etcd-server
2017-05-11 03:05:34,069:DEBUG:"GET /v2/keys/state?recursive=true&wait=true HTTP/1.1" 200 None
2017-05-11 03:05:36,229:DEBUG:
*** Consume stored data in etcd ***
 action=[set], key=[/state/v2.0/subnets/e1353d56-b05a-43a9-b924-383ab0d64d7b],
 value=[{
    "state": {
        "worker_state": "CREATE_COMPLETED", 
        "heat_outputs": "[{\"output_value\": \"169.254.0.0/17\", \"description\": \"IP prefix of local subnet.\", \"output_key\": \"ip_prefix\"}, {\"output_value\": \"e1353d56-b05a-43a9-b924-383ab0d64d7b\", \"description\": \"The name of the local subnet.\", \"output_key\": \"name\"}, {\"output_value\": \"0.0.0.0\", \"description\": \"Default gateway of local subnet.\", \"output_key\": \"default_gateway\"}, {\"output_value\": \"f2de53ae-bc76-46f2-b2ae-a7eefa9d6e57\", \"description\": \"A unique id for the network.\", \"output_key\": \"network_id\"}, {\"output_value\": \"aaaaaaaa-aaaa-aaaa-aaaa-aaaaaaaaaaaa\", \"description\": \"IPAM this local subnet uses.\", \"output_key\": \"ipam\"}, {\"output_value\": \"9e61b626-a866-4ba5-b1c7-01935fdac3f4\", \"description\": \"A unique id for the local subnet.\", \"output_key\": \"id\"}]"
    }, 
    "version": 1, 
    "error": ""
}]
2017-05-11 03:05:36,230:DEBUG:New etcd client created for etcd-server:2379/v2
2017-05-11 03:05:36,230:DEBUG:About to wait on key /state, index None
2017-05-11 03:05:36,230:DEBUG:Issuing read for key /state with args {'recursive': True, 'timeout': None, 'wait': True}
2017-05-11 03:05:36,230:INFO:Starting new HTTP connection (1): etcd-server
2017-05-11 03:05:36,232:DEBUG:"GET /v2/keys/state?recursive=true&wait=true HTTP/1.1" 200 None
2017-05-11 03:05:40,357:DEBUG:
*** Consume stored data in etcd ***
 action=[set], key=[/state/v2.0/ports/327f59b7-df38-4d8f-97db-d320defcab76],
 value=[{
    "state": {
        "state_monitoring": "{}", 
        "worker_state": "CREATE_COMPLETED", 
        "heat_outputs": "[{\"output_value\": \"bbbbbbbb-bbbb-bbbb-bbbb-bbbbbbbbbbbb\", \"description\": \"Virtual network.\", \"output_key\": \"virtual_network\"}, {\"output_value\": \"default-domain:admin:327f59b7-df38-4d8f-97db-d320defcab76\", \"description\": \"Fully Qualified Name of the VMI\", \"output_key\": \"fq_name\"}, {\"output_value\": \"327f59b7-df38-4d8f-97db-d320defcab76\", \"description\": \"A unique id for the virtual machine interface.\", \"output_key\": \"id\"}, {\"output_value\": \"null\", \"description\": \"Virtual machine allowed address pairs.\", \"output_key\": \"allowed_address_pairs\"}, {\"output_value\": \"xx:xx:xx:xx:xx:xx\", \"description\": \"Virtual machine interface mac address.\", \"output_key\": \"mac_address\"}]"
    }, 
    "version": 1, 
    "error": ""
}]
2017-05-11 03:05:40,358:DEBUG:New etcd client created for etcd-server:2379/v2
2017-05-11 03:05:40,358:DEBUG:About to wait on key /state, index None
2017-05-11 03:05:40,358:DEBUG:Issuing read for key /state with args {'recursive': True, 'timeout': None, 'wait': True}
2017-05-11 03:05:40,358:INFO:Starting new HTTP connection (1): etcd-server
2017-05-11 03:05:40,361:DEBUG:"GET /v2/keys/state?recursive=true&wait=true HTTP/1.1" 200 None
2017-05-11 03:05:40,833:DEBUG:
*** Consume stored data in etcd ***
 action=[set], key=[/state/v2.0/ports/a778c668-6ccb-4d46-9ec3-956693262d63],
 value=[{
    "state": {
        "state_monitoring": "{}", 
        "worker_state": "CREATE_COMPLETED", 
        "heat_outputs": "[{\"output_value\": \"bbbbbbbb-bbbb-bbbb-bbbb-bbbbbbbbbbbb\", \"description\": \"Virtual network.\", \"output_key\": \"virtual_network\"}, {\"output_value\": \"default-domain:admin:a778c668-6ccb-4d46-9ec3-956693262d63\", \"description\": \"Fully Qualified Name of the VMI\", \"output_key\": \"fq_name\"}, {\"output_value\": \"a778c668-6ccb-4d46-9ec3-956693262d63\", \"description\": \"A unique id for the virtual machine interface.\", \"output_key\": \"id\"}, {\"output_value\": \"null\", \"description\": \"Virtual machine allowed address pairs.\", \"output_key\": \"allowed_address_pairs\"}, {\"output_value\": \"xx:xx:xx:xx:xx:xx\", \"description\": \"Virtual machine interface mac address.\", \"output_key\": \"mac_address\"}]"
    }, 
    "version": 1, 
    "error": ""
}]
2017-05-11 03:05:40,834:DEBUG:New etcd client created for etcd-server:2379/v2
2017-05-11 03:05:40,834:DEBUG:About to wait on key /state, index None
2017-05-11 03:05:40,834:DEBUG:Issuing read for key /state with args {'recursive': True, 'timeout': None, 'wait': True}
2017-05-11 03:05:40,834:INFO:Starting new HTTP connection (1): etcd-server
2017-05-11 03:05:40,836:DEBUG:"GET /v2/keys/state?recursive=true&wait=true HTTP/1.1" 200 None
2017-05-11 03:05:43,242:DEBUG:
*** Consume stored data in etcd ***
 action=[set], key=[/state/v2.0/ese_logical_ports/b04853c4-6ebf-441f-9093-ea4b844c4bc7],
 value=[{
    "state": {
        "state_monitoring": "{\"logical_port\": \"ACTIVE\"}", 
        "worker_state": "CREATE_COMPLETED", 
        "heat_outputs": "[{\"output_value\": \"cccccccc-cccc-cccc-cccc-cccccccccccc\", \"description\": \"A unique id for the logical interface\", \"output_key\": \"id\"}, {\"output_value\": null, \"output_error\": \"'ContrailLogicalInterface' object has no attribute 'li_uuid'\", \"description\": \"The name of the logical interface.\", \"output_key\": \"name\"}]"
    }, 
    "version": 1, 
    "error": ""
}]
2017-05-11 03:05:43,242:DEBUG:New etcd client created for etcd-server:2379/v2
2017-05-11 03:05:43,242:DEBUG:About to wait on key /state, index None
2017-05-11 03:05:43,242:DEBUG:Issuing read for key /state with args {'recursive': True, 'timeout': None, 'wait': True}
2017-05-11 03:05:43,243:INFO:Starting new HTTP connection (1): etcd-server
2017-05-11 03:05:43,244:DEBUG:"GET /v2/keys/state?recursive=true&wait=true HTTP/1.1" 200 None
2017-05-11 03:05:43,588:DEBUG:
*** Consume stored data in etcd ***
 action=[set], key=[/state/v2.0/ese_logical_ports/9c601c38-a854-459d-aec2-433873b3a4e6],
 value=[{
    "state": {
        "state_monitoring": "{\"logical_port\": \"ACTIVE\"}", 
        "worker_state": "CREATE_COMPLETED", 
        "heat_outputs": "[{\"output_value\": \"cccccccc-cccc-cccc-cccc-cccccccccccc\", \"description\": \"A unique id for the logical interface\", \"output_key\": \"id\"}, {\"output_value\": null, \"output_error\": \"'ContrailLogicalInterface' object has no attribute 'li_uuid'\", \"description\": \"The name of the logical interface.\", \"output_key\": \"name\"}]"
    }, 
    "version": 1, 
    "error": ""
}]
2017-05-11 03:05:43,588:DEBUG:New etcd client created for etcd-server:2379/v2
2017-05-11 03:05:43,588:DEBUG:About to wait on key /state, index None
2017-05-11 03:05:43,588:DEBUG:Issuing read for key /state with args {'recursive': True, 'timeout': None, 'wait': True}
2017-05-11 03:05:43,589:INFO:Starting new HTTP connection (1): etcd-server
2017-05-11 03:05:43,590:DEBUG:"GET /v2/keys/state?recursive=true&wait=true HTTP/1.1" 200 None
2017-05-11 03:05:56,655:DEBUG:
*** Consume stored data in etcd ***
 action=[set], key=[/state/v2.0/common_function_gateways/5c241c51-2003-407a-a239-689fabd19022],
 value=[{
    "state": {
        "state_monitoring": "{\"secondary_41\": \"backup\", \"primary_42\": \"master\", \"primary_41\": \"master\", \"secondary_42\": \"backup\"}", 
        "worker_state": "CREATE_COMPLETED", 
        "heat_outputs": "[]"
    }, 
    "version": 1, 
    "error": ""
}]
2017-05-11 03:05:56,656:DEBUG:New etcd client created for etcd-server:2379/v2
2017-05-11 03:05:56,656:DEBUG:About to wait on key /state, index None
2017-05-11 03:05:56,656:DEBUG:Issuing read for key /state with args {'recursive': True, 'timeout': None, 'wait': True}
2017-05-11 03:05:56,656:INFO:Starting new HTTP connection (1): etcd-server
2017-05-11 03:05:56,658:DEBUG:"GET /v2/keys/state?recursive=true&wait=true HTTP/1.1" 200 None
2017-05-11 03:06:07,014:DEBUG:
*** Consume stored data in etcd ***
 action=[set], key=[/state/v2.0/ports/327f59b7-df38-4d8f-97db-d320defcab76],
 value=[{
    "state": {
        "state_monitoring": "{\"vmi\": \"ACTIVE\"}", 
        "worker_state": "CREATE_COMPLETED", 
        "heat_outputs": "[{\"output_value\": \"bbbbbbbb-bbbb-bbbb-bbbb-bbbbbbbbbbbb\", \"description\": \"Virtual network.\", \"output_key\": \"virtual_network\"}, {\"output_value\": \"default-domain:admin:327f59b7-df38-4d8f-97db-d320defcab76\", \"description\": \"Fully Qualified Name of the VMI\", \"output_key\": \"fq_name\"}, {\"output_value\": \"327f59b7-df38-4d8f-97db-d320defcab76\", \"description\": \"A unique id for the virtual machine interface.\", \"output_key\": \"id\"}, {\"output_value\": \"null\", \"description\": \"Virtual machine allowed address pairs.\", \"output_key\": \"allowed_address_pairs\"}, {\"output_value\": \"xx:xx:xx:xx:xx:xx\", \"description\": \"Virtual machine interface mac address.\", \"output_key\": \"mac_address\"}]"
    }, 
    "version": 2, 
    "error": ""
}]
2017-05-11 03:06:07,014:DEBUG:New etcd client created for etcd-server:2379/v2
2017-05-11 03:06:07,014:DEBUG:About to wait on key /state, index None
2017-05-11 03:06:07,014:DEBUG:Issuing read for key /state with args {'recursive': True, 'timeout': None, 'wait': True}
2017-05-11 03:06:07,014:INFO:Starting new HTTP connection (1): etcd-server
2017-05-11 03:06:07,015:DEBUG:"GET /v2/keys/state?recursive=true&wait=true HTTP/1.1" 200 None
2017-05-11 03:06:07,044:DEBUG:
*** Consume stored data in etcd ***
 action=[set], key=[/state/v2.0/ports/a778c668-6ccb-4d46-9ec3-956693262d63],
 value=[{
    "state": {
        "state_monitoring": "{\"vmi\": \"ACTIVE\"}", 
        "worker_state": "CREATE_COMPLETED", 
        "heat_outputs": "[{\"output_value\": \"bbbbbbbb-bbbb-bbbb-bbbb-bbbbbbbbbbbb\", \"description\": \"Virtual network.\", \"output_key\": \"virtual_network\"}, {\"output_value\": \"default-domain:admin:a778c668-6ccb-4d46-9ec3-956693262d63\", \"description\": \"Fully Qualified Name of the VMI\", \"output_key\": \"fq_name\"}, {\"output_value\": \"a778c668-6ccb-4d46-9ec3-956693262d63\", \"description\": \"A unique id for the virtual machine interface.\", \"output_key\": \"id\"}, {\"output_value\": \"null\", \"description\": \"Virtual machine allowed address pairs.\", \"output_key\": \"allowed_address_pairs\"}, {\"output_value\": \"xx:xx:xx:xx:xx:xx\", \"description\": \"Virtual machine interface mac address.\", \"output_key\": \"mac_address\"}]"
    }, 
    "version": 2, 
    "error": ""
}]
2017-05-11 03:06:07,044:DEBUG:New etcd client created for etcd-server:2379/v2
2017-05-11 03:06:07,044:DEBUG:About to wait on key /state, index None
2017-05-11 03:06:07,045:DEBUG:Issuing read for key /state with args {'recursive': True, 'timeout': None, 'wait': True}
2017-05-11 03:06:07,045:INFO:Starting new HTTP connection (1): etcd-server
2017-05-11 03:06:07,048:DEBUG:"GET /v2/keys/state?recursive=true&wait=true HTTP/1.1" 200 None
