2018-02-12 07:38:11,022:DEBUG:New etcd client created for etcd-server:2379/v2
2018-02-12 07:38:11,023:DEBUG:About to wait on key /esi-worker/job_state, index None
2018-02-12 07:38:11,023:DEBUG:Issuing read for key /esi-worker/job_state with args {'recursive': True, 'timeout': None, 'wait': True}
2018-02-12 07:38:11,024:DEBUG:Starting new HTTP connection (1): etcd-server
2018-02-12 07:38:11,026:DEBUG:http://etcd-server:2379 "GET /v2/keys/esi-worker/job_state?recursive=true&wait=true HTTP/1.1" 200 None
2018-02-12 07:39:25,907:DEBUG:
*** Consume stored data in etcd ***
 action=[set], key=[/esi-worker/job_state/v2.0/networks/73b2c401-a1f3-49fb-8612-8c755b37a28d],
 value=[{}]
2018-02-12 07:39:25,908:DEBUG:New etcd client created for etcd-server:2379/v2
2018-02-12 07:39:25,909:DEBUG:About to wait on key /esi-worker/job_state, index None
2018-02-12 07:39:25,909:DEBUG:Issuing read for key /esi-worker/job_state with args {'recursive': True, 'timeout': None, 'wait': True}
2018-02-12 07:39:25,910:DEBUG:Starting new HTTP connection (1): etcd-server
2018-02-12 07:39:25,911:DEBUG:http://etcd-server:2379 "GET /v2/keys/esi-worker/job_state?recursive=true&wait=true HTTP/1.1" 200 None
2018-02-12 07:39:29,260:DEBUG:
*** Consume stored data in etcd ***
 action=[compareAndSwap], key=[/esi-worker/job_state/v2.0/networks/73b2c401-a1f3-49fb-8612-8c755b37a28d],
 value=[{
    "heat_outputs": [
        {
            "output_value": [], 
            "description": "The name of the virtual network.", 
            "output_key": "route_targets"
        }, 
        {
            "output_value": "default-domain:usertenant:73b2c401-a1f3-49fb-8612-8c755b37a28d", 
            "description": "The FQ name of the virtual network.", 
            "output_key": "fq_name"
        }, 
        {
            "output_value": "73b2c401-a1f3-49fb-8612-8c755b37a28d", 
            "description": "A unique id for the virtual network.", 
            "output_key": "id"
        }, 
        {
            "output_value": "73b2c401-a1f3-49fb-8612-8c755b37a28d", 
            "description": "The name of the virtual network.", 
            "output_key": "name"
        }
    ], 
    "orchestration_state": "CREATE_COMPLETE"
}]
2018-02-12 07:39:29,260:DEBUG:New etcd client created for etcd-server:2379/v2
2018-02-12 07:39:29,261:DEBUG:About to wait on key /esi-worker/job_state, index None
2018-02-12 07:39:29,261:DEBUG:Issuing read for key /esi-worker/job_state with args {'recursive': True, 'timeout': None, 'wait': True}
2018-02-12 07:39:29,262:DEBUG:Starting new HTTP connection (1): etcd-server
2018-02-12 07:39:29,264:DEBUG:http://etcd-server:2379 "GET /v2/keys/esi-worker/job_state?recursive=true&wait=true HTTP/1.1" 200 None
2018-02-12 07:39:29,293:DEBUG:
*** Consume stored data in etcd ***
 action=[compareAndDelete], key=[/esi-worker/job_state/v2.0/networks/73b2c401-a1f3-49fb-8612-8c755b37a28d],
 value=[]
2018-02-12 07:39:29,294:DEBUG:New etcd client created for etcd-server:2379/v2
2018-02-12 07:39:29,294:DEBUG:About to wait on key /esi-worker/job_state, index None
2018-02-12 07:39:29,295:DEBUG:Issuing read for key /esi-worker/job_state with args {'recursive': True, 'timeout': None, 'wait': True}
2018-02-12 07:39:29,296:DEBUG:Starting new HTTP connection (1): etcd-server
2018-02-12 07:39:29,298:DEBUG:http://etcd-server:2379 "GET /v2/keys/esi-worker/job_state?recursive=true&wait=true HTTP/1.1" 200 None
2018-02-12 07:39:35,914:DEBUG:
*** Consume stored data in etcd ***
 action=[set], key=[/esi-worker/job_state/v2.0/subnets/1244d619-cc55-4bb7-b181-606776ba5e88],
 value=[{}]
2018-02-12 07:39:35,914:DEBUG:New etcd client created for etcd-server:2379/v2
2018-02-12 07:39:35,915:DEBUG:About to wait on key /esi-worker/job_state, index None
2018-02-12 07:39:35,915:DEBUG:Issuing read for key /esi-worker/job_state with args {'recursive': True, 'timeout': None, 'wait': True}
2018-02-12 07:39:35,916:DEBUG:Starting new HTTP connection (1): etcd-server
2018-02-12 07:39:35,917:DEBUG:http://etcd-server:2379 "GET /v2/keys/esi-worker/job_state?recursive=true&wait=true HTTP/1.1" 200 None
2018-02-12 07:39:38,162:DEBUG:
*** Consume stored data in etcd ***
 action=[compareAndSwap], key=[/esi-worker/job_state/v2.0/subnets/1244d619-cc55-4bb7-b181-606776ba5e88],
 value=[{
    "heat_outputs": [
        {
            "output_value": "10.121.232.0/24", 
            "description": "IP prefix of local subnet.", 
            "output_key": "ip_prefix"
        }, 
        {
            "output_value": "1244d619-cc55-4bb7-b181-606776ba5e88", 
            "description": "The name of the local subnet.", 
            "output_key": "name"
        }, 
        {
            "output_value": "10.121.232.1", 
            "description": "Default gateway of local subnet.", 
            "output_key": "default_gateway"
        }, 
        {
            "output_value": "73b2c401-a1f3-49fb-8612-8c755b37a28d", 
            "description": "A unique id for the network.", 
            "output_key": "network_id"
        }, 
        {
            "output_value": "5a79909b-2bf3-4e26-8a9c-0bf6bb175457", 
            "description": "IPAM this local subnet uses.", 
            "output_key": "ipam"
        }, 
        {
            "output_value": "6cac8ad5-636a-4b97-91e8-9dfc09559ed1", 
            "description": "A unique id for the local subnet.", 
            "output_key": "id"
        }
    ], 
    "orchestration_state": "CREATE_COMPLETE"
}]
2018-02-12 07:39:38,163:DEBUG:New etcd client created for etcd-server:2379/v2
2018-02-12 07:39:38,163:DEBUG:About to wait on key /esi-worker/job_state, index None
2018-02-12 07:39:38,164:DEBUG:Issuing read for key /esi-worker/job_state with args {'recursive': True, 'timeout': None, 'wait': True}
2018-02-12 07:39:38,164:DEBUG:Starting new HTTP connection (1): etcd-server
2018-02-12 07:39:38,167:DEBUG:http://etcd-server:2379 "GET /v2/keys/esi-worker/job_state?recursive=true&wait=true HTTP/1.1" 200 None
2018-02-12 07:39:38,180:DEBUG:
*** Consume stored data in etcd ***
 action=[compareAndDelete], key=[/esi-worker/job_state/v2.0/subnets/1244d619-cc55-4bb7-b181-606776ba5e88],
 value=[]
2018-02-12 07:39:38,180:DEBUG:New etcd client created for etcd-server:2379/v2
2018-02-12 07:39:38,181:DEBUG:About to wait on key /esi-worker/job_state, index None
2018-02-12 07:39:38,182:DEBUG:Issuing read for key /esi-worker/job_state with args {'recursive': True, 'timeout': None, 'wait': True}
2018-02-12 07:39:38,183:DEBUG:Starting new HTTP connection (1): etcd-server
2018-02-12 07:39:38,185:DEBUG:http://etcd-server:2379 "GET /v2/keys/esi-worker/job_state?recursive=true&wait=true HTTP/1.1" 200 None
2018-02-12 07:39:43,617:DEBUG:
*** Consume stored data in etcd ***
 action=[set], key=[/esi-worker/job_state/v2.0/networks/75c2c3ec-7fe7-494c-a35c-db3f94d3a554],
 value=[{}]
2018-02-12 07:39:43,618:DEBUG:New etcd client created for etcd-server:2379/v2
2018-02-12 07:39:43,618:DEBUG:About to wait on key /esi-worker/job_state, index None
2018-02-12 07:39:43,619:DEBUG:Issuing read for key /esi-worker/job_state with args {'recursive': True, 'timeout': None, 'wait': True}
2018-02-12 07:39:43,619:DEBUG:Starting new HTTP connection (1): etcd-server
2018-02-12 07:39:43,621:DEBUG:http://etcd-server:2379 "GET /v2/keys/esi-worker/job_state?recursive=true&wait=true HTTP/1.1" 200 None
2018-02-12 07:39:45,725:DEBUG:
*** Consume stored data in etcd ***
 action=[compareAndSwap], key=[/esi-worker/job_state/v2.0/networks/75c2c3ec-7fe7-494c-a35c-db3f94d3a554],
 value=[{
    "heat_outputs": [
        {
            "output_value": [], 
            "description": "The name of the virtual network.", 
            "output_key": "route_targets"
        }, 
        {
            "output_value": "default-domain:usertenant:75c2c3ec-7fe7-494c-a35c-db3f94d3a554", 
            "description": "The FQ name of the virtual network.", 
            "output_key": "fq_name"
        }, 
        {
            "output_value": "75c2c3ec-7fe7-494c-a35c-db3f94d3a554", 
            "description": "A unique id for the virtual network.", 
            "output_key": "id"
        }, 
        {
            "output_value": "75c2c3ec-7fe7-494c-a35c-db3f94d3a554", 
            "description": "The name of the virtual network.", 
            "output_key": "name"
        }
    ], 
    "orchestration_state": "CREATE_COMPLETE"
}]
2018-02-12 07:39:45,726:DEBUG:New etcd client created for etcd-server:2379/v2
2018-02-12 07:39:45,727:DEBUG:About to wait on key /esi-worker/job_state, index None
2018-02-12 07:39:45,728:DEBUG:Issuing read for key /esi-worker/job_state with args {'recursive': True, 'timeout': None, 'wait': True}
2018-02-12 07:39:45,731:DEBUG:Starting new HTTP connection (1): etcd-server
2018-02-12 07:39:45,759:DEBUG:http://etcd-server:2379 "GET /v2/keys/esi-worker/job_state?recursive=true&wait=true HTTP/1.1" 200 None
2018-02-12 07:39:50,740:DEBUG:
*** Consume stored data in etcd ***
 action=[set], key=[/esi-worker/job_state/v2.0/subnets/c8090497-34be-456b-9186-377e918f3d50],
 value=[{}]
2018-02-12 07:39:50,741:DEBUG:New etcd client created for etcd-server:2379/v2
2018-02-12 07:39:50,741:DEBUG:About to wait on key /esi-worker/job_state, index None
2018-02-12 07:39:50,742:DEBUG:Issuing read for key /esi-worker/job_state with args {'recursive': True, 'timeout': None, 'wait': True}
2018-02-12 07:39:50,742:DEBUG:Starting new HTTP connection (1): etcd-server
2018-02-12 07:39:50,744:DEBUG:http://etcd-server:2379 "GET /v2/keys/esi-worker/job_state?recursive=true&wait=true HTTP/1.1" 200 None
2018-02-12 07:39:54,077:DEBUG:
*** Consume stored data in etcd ***
 action=[compareAndSwap], key=[/esi-worker/job_state/v2.0/subnets/c8090497-34be-456b-9186-377e918f3d50],
 value=[{
    "heat_outputs": [
        {
            "output_value": "100.64.193.0/24", 
            "description": "IP prefix of local subnet.", 
            "output_key": "ip_prefix"
        }, 
        {
            "output_value": "c8090497-34be-456b-9186-377e918f3d50", 
            "description": "The name of the local subnet.", 
            "output_key": "name"
        }, 
        {
            "output_value": "100.64.193.1", 
            "description": "Default gateway of local subnet.", 
            "output_key": "default_gateway"
        }, 
        {
            "output_value": "75c2c3ec-7fe7-494c-a35c-db3f94d3a554", 
            "description": "A unique id for the network.", 
            "output_key": "network_id"
        }, 
        {
            "output_value": "5a79909b-2bf3-4e26-8a9c-0bf6bb175457", 
            "description": "IPAM this local subnet uses.", 
            "output_key": "ipam"
        }, 
        {
            "output_value": "48f25db3-49e2-4bad-90d9-3fa333911d36", 
            "description": "A unique id for the local subnet.", 
            "output_key": "id"
        }
    ], 
    "orchestration_state": "CREATE_COMPLETE"
}]
2018-02-12 07:39:54,078:DEBUG:New etcd client created for etcd-server:2379/v2
2018-02-12 07:39:54,078:DEBUG:About to wait on key /esi-worker/job_state, index None
2018-02-12 07:39:54,079:DEBUG:Issuing read for key /esi-worker/job_state with args {'recursive': True, 'timeout': None, 'wait': True}
2018-02-12 07:39:54,080:DEBUG:Starting new HTTP connection (1): etcd-server
2018-02-12 07:39:54,081:DEBUG:http://etcd-server:2379 "GET /v2/keys/esi-worker/job_state?recursive=true&wait=true HTTP/1.1" 200 None
2018-02-12 07:39:54,095:DEBUG:
*** Consume stored data in etcd ***
 action=[compareAndDelete], key=[/esi-worker/job_state/v2.0/subnets/c8090497-34be-456b-9186-377e918f3d50],
 value=[]
2018-02-12 07:39:54,095:DEBUG:New etcd client created for etcd-server:2379/v2
2018-02-12 07:39:54,096:DEBUG:About to wait on key /esi-worker/job_state, index None
2018-02-12 07:39:54,096:DEBUG:Issuing read for key /esi-worker/job_state with args {'recursive': True, 'timeout': None, 'wait': True}
2018-02-12 07:39:54,097:DEBUG:Starting new HTTP connection (1): etcd-server
2018-02-12 07:39:54,099:DEBUG:http://etcd-server:2379 "GET /v2/keys/esi-worker/job_state?recursive=true&wait=true HTTP/1.1" 200 None
2018-02-12 07:40:02,873:DEBUG:
*** Consume stored data in etcd ***
 action=[set], key=[/esi-worker/job_state/v2.0/ports/cdde9cfd-a898-4911-b812-b6849f611549],
 value=[{}]
2018-02-12 07:40:02,873:DEBUG:New etcd client created for etcd-server:2379/v2
2018-02-12 07:40:02,874:DEBUG:About to wait on key /esi-worker/job_state, index None
2018-02-12 07:40:02,874:DEBUG:Issuing read for key /esi-worker/job_state with args {'recursive': True, 'timeout': None, 'wait': True}
2018-02-12 07:40:02,875:DEBUG:Starting new HTTP connection (1): etcd-server
2018-02-12 07:40:02,877:DEBUG:http://etcd-server:2379 "GET /v2/keys/esi-worker/job_state?recursive=true&wait=true HTTP/1.1" 200 None
2018-02-12 07:40:02,990:DEBUG:
*** Consume stored data in etcd ***
 action=[set], key=[/esi-worker/job_state/v2.0/ports/dea87c7b-b43f-4936-8e32-8995b038b3f8],
 value=[{}]
2018-02-12 07:40:02,991:DEBUG:New etcd client created for etcd-server:2379/v2
2018-02-12 07:40:02,992:DEBUG:About to wait on key /esi-worker/job_state, index None
2018-02-12 07:40:02,994:DEBUG:Issuing read for key /esi-worker/job_state with args {'recursive': True, 'timeout': None, 'wait': True}
2018-02-12 07:40:02,998:DEBUG:Starting new HTTP connection (1): etcd-server
2018-02-12 07:40:03,002:DEBUG:http://etcd-server:2379 "GET /v2/keys/esi-worker/job_state?recursive=true&wait=true HTTP/1.1" 200 None
2018-02-12 07:40:03,036:DEBUG:
*** Consume stored data in etcd ***
 action=[set], key=[/esi-worker/job_state/v2.0/ports/fd09eda4-10b1-4534-984a-7124c338c69d],
 value=[{}]
2018-02-12 07:40:03,037:DEBUG:New etcd client created for etcd-server:2379/v2
2018-02-12 07:40:03,038:DEBUG:About to wait on key /esi-worker/job_state, index None
2018-02-12 07:40:03,038:DEBUG:Issuing read for key /esi-worker/job_state with args {'recursive': True, 'timeout': None, 'wait': True}
2018-02-12 07:40:03,039:DEBUG:Starting new HTTP connection (1): etcd-server
2018-02-12 07:40:03,041:DEBUG:http://etcd-server:2379 "GET /v2/keys/esi-worker/job_state?recursive=true&wait=true HTTP/1.1" 200 None
2018-02-12 07:40:03,107:DEBUG:
*** Consume stored data in etcd ***
 action=[set], key=[/esi-worker/job_state/v2.0/vnf_instances/44799fe4-6fbf-4a5d-a2bc-ccd45e9f04eb],
 value=[{}]
2018-02-12 07:40:03,107:DEBUG:New etcd client created for etcd-server:2379/v2
2018-02-12 07:40:03,108:DEBUG:About to wait on key /esi-worker/job_state, index None
2018-02-12 07:40:03,108:DEBUG:Issuing read for key /esi-worker/job_state with args {'recursive': True, 'timeout': None, 'wait': True}
2018-02-12 07:40:03,109:DEBUG:Starting new HTTP connection (1): etcd-server
2018-02-12 07:40:03,113:DEBUG:http://etcd-server:2379 "GET /v2/keys/esi-worker/job_state?recursive=true&wait=true HTTP/1.1" 200 None
2018-02-12 07:40:07,738:DEBUG:
*** Consume stored data in etcd ***
 action=[compareAndSwap], key=[/esi-worker/job_state/v2.0/ports/dea87c7b-b43f-4936-8e32-8995b038b3f8],
 value=[{
    "heat_outputs": [
        {
            "output_value": [
                [
                    "default-domain", 
                    "admin", 
                    "b62eefe0-0872-478d-adfe-1a606320f0e7"
                ]
            ], 
            "description": "Virtual network.", 
            "output_key": "virtual_network"
        }, 
        {
            "output_value": "default-domain:admin:f68d0924-ef20-4c1b-ac45-0e6b879af5e7", 
            "description": "Fully Qualified Name of the VMI", 
            "output_key": "fq_name"
        }, 
        {
            "output_value": "f68d0924-ef20-4c1b-ac45-0e6b879af5e7", 
            "description": "A unique id for the virtual machine interface.", 
            "output_key": "id"
        }, 
        {
            "output_value": {
                "allowed_address_pair": []
            }, 
            "description": "Virtual machine allowed address pairs.", 
            "output_key": "allowed_address_pairs"
        }, 
        {
            "output_value": [
                "fa:16:3e:f7:60:7f"
            ], 
            "description": "Virtual machine interface mac address.", 
            "output_key": "mac_address"
        }
    ], 
    "orchestration_state": "CREATE_COMPLETE"
}]
2018-02-12 07:40:07,738:DEBUG:New etcd client created for etcd-server:2379/v2
2018-02-12 07:40:07,739:DEBUG:About to wait on key /esi-worker/job_state, index None
2018-02-12 07:40:07,739:DEBUG:Issuing read for key /esi-worker/job_state with args {'recursive': True, 'timeout': None, 'wait': True}
2018-02-12 07:40:07,740:DEBUG:Starting new HTTP connection (1): etcd-server
2018-02-12 07:40:07,742:DEBUG:http://etcd-server:2379 "GET /v2/keys/esi-worker/job_state?recursive=true&wait=true HTTP/1.1" 200 None
2018-02-12 07:40:07,761:DEBUG:
*** Consume stored data in etcd ***
 action=[compareAndDelete], key=[/esi-worker/job_state/v2.0/ports/dea87c7b-b43f-4936-8e32-8995b038b3f8],
 value=[]
2018-02-12 07:40:07,762:DEBUG:New etcd client created for etcd-server:2379/v2
2018-02-12 07:40:07,762:DEBUG:About to wait on key /esi-worker/job_state, index None
2018-02-12 07:40:07,763:DEBUG:Issuing read for key /esi-worker/job_state with args {'recursive': True, 'timeout': None, 'wait': True}
2018-02-12 07:40:07,763:DEBUG:Starting new HTTP connection (1): etcd-server
2018-02-12 07:40:07,766:DEBUG:http://etcd-server:2379 "GET /v2/keys/esi-worker/job_state?recursive=true&wait=true HTTP/1.1" 200 None
2018-02-12 07:40:07,942:DEBUG:
*** Consume stored data in etcd ***
 action=[compareAndSwap], key=[/esi-worker/job_state/v2.0/ports/cdde9cfd-a898-4911-b812-b6849f611549],
 value=[{
    "heat_outputs": [
        {
            "output_value": [
                [
                    "default-domain", 
                    "admin", 
                    "b62eefe0-0872-478d-adfe-1a606320f0e7"
                ]
            ], 
            "description": "Virtual network.", 
            "output_key": "virtual_network"
        }, 
        {
            "output_value": "default-domain:admin:f68d0924-ef20-4c1b-ac45-0e6b879af5e7", 
            "description": "Fully Qualified Name of the VMI", 
            "output_key": "fq_name"
        }, 
        {
            "output_value": "f68d0924-ef20-4c1b-ac45-0e6b879af5e7", 
            "description": "A unique id for the virtual machine interface.", 
            "output_key": "id"
        }, 
        {
            "output_value": {
                "allowed_address_pair": []
            }, 
            "description": "Virtual machine allowed address pairs.", 
            "output_key": "allowed_address_pairs"
        }, 
        {
            "output_value": [
                "fa:16:3e:f7:60:7f"
            ], 
            "description": "Virtual machine interface mac address.", 
            "output_key": "mac_address"
        }
    ], 
    "orchestration_state": "CREATE_COMPLETE"
}]
2018-02-12 07:40:07,942:DEBUG:New etcd client created for etcd-server:2379/v2
2018-02-12 07:40:07,943:DEBUG:About to wait on key /esi-worker/job_state, index None
2018-02-12 07:40:07,943:DEBUG:Issuing read for key /esi-worker/job_state with args {'recursive': True, 'timeout': None, 'wait': True}
2018-02-12 07:40:07,944:DEBUG:Starting new HTTP connection (1): etcd-server
2018-02-12 07:40:07,945:DEBUG:http://etcd-server:2379 "GET /v2/keys/esi-worker/job_state?recursive=true&wait=true HTTP/1.1" 200 None
2018-02-12 07:40:07,958:DEBUG:
*** Consume stored data in etcd ***
 action=[compareAndDelete], key=[/esi-worker/job_state/v2.0/ports/cdde9cfd-a898-4911-b812-b6849f611549],
 value=[]
2018-02-12 07:40:07,959:DEBUG:New etcd client created for etcd-server:2379/v2
2018-02-12 07:40:07,959:DEBUG:About to wait on key /esi-worker/job_state, index None
2018-02-12 07:40:07,960:DEBUG:Issuing read for key /esi-worker/job_state with args {'recursive': True, 'timeout': None, 'wait': True}
2018-02-12 07:40:07,961:DEBUG:Starting new HTTP connection (1): etcd-server
2018-02-12 07:40:07,962:DEBUG:http://etcd-server:2379 "GET /v2/keys/esi-worker/job_state?recursive=true&wait=true HTTP/1.1" 200 None
2018-02-12 07:40:07,986:DEBUG:
*** Consume stored data in etcd ***
 action=[compareAndSwap], key=[/esi-worker/job_state/v2.0/ports/fd09eda4-10b1-4534-984a-7124c338c69d],
 value=[{
    "heat_outputs": [
        {
            "output_value": [
                [
                    "default-domain", 
                    "admin", 
                    "b62eefe0-0872-478d-adfe-1a606320f0e7"
                ]
            ], 
            "description": "Virtual network.", 
            "output_key": "virtual_network"
        }, 
        {
            "output_value": "default-domain:admin:f68d0924-ef20-4c1b-ac45-0e6b879af5e7", 
            "description": "Fully Qualified Name of the VMI", 
            "output_key": "fq_name"
        }, 
        {
            "output_value": "f68d0924-ef20-4c1b-ac45-0e6b879af5e7", 
            "description": "A unique id for the virtual machine interface.", 
            "output_key": "id"
        }, 
        {
            "output_value": {
                "allowed_address_pair": []
            }, 
            "description": "Virtual machine allowed address pairs.", 
            "output_key": "allowed_address_pairs"
        }, 
        {
            "output_value": [
                "fa:16:3e:f7:60:7f"
            ], 
            "description": "Virtual machine interface mac address.", 
            "output_key": "mac_address"
        }
    ], 
    "orchestration_state": "CREATE_COMPLETE"
}]
2018-02-12 07:40:07,988:DEBUG:New etcd client created for etcd-server:2379/v2
2018-02-12 07:40:07,988:DEBUG:About to wait on key /esi-worker/job_state, index None
2018-02-12 07:40:07,989:DEBUG:Issuing read for key /esi-worker/job_state with args {'recursive': True, 'timeout': None, 'wait': True}
2018-02-12 07:40:07,990:DEBUG:Starting new HTTP connection (1): etcd-server
2018-02-12 07:40:07,995:DEBUG:http://etcd-server:2379 "GET /v2/keys/esi-worker/job_state?recursive=true&wait=true HTTP/1.1" 200 None
2018-02-12 07:40:08,009:DEBUG:
*** Consume stored data in etcd ***
 action=[compareAndDelete], key=[/esi-worker/job_state/v2.0/ports/fd09eda4-10b1-4534-984a-7124c338c69d],
 value=[]
2018-02-12 07:40:08,009:DEBUG:New etcd client created for etcd-server:2379/v2
2018-02-12 07:40:08,010:DEBUG:About to wait on key /esi-worker/job_state, index None
2018-02-12 07:40:08,011:DEBUG:Issuing read for key /esi-worker/job_state with args {'recursive': True, 'timeout': None, 'wait': True}
2018-02-12 07:40:08,014:DEBUG:Starting new HTTP connection (1): etcd-server
2018-02-12 07:40:08,021:DEBUG:http://etcd-server:2379 "GET /v2/keys/esi-worker/job_state?recursive=true&wait=true HTTP/1.1" 200 None
2018-02-12 07:40:10,462:DEBUG:
*** Consume stored data in etcd ***
 action=[set], key=[/esi-worker/job_state/v2.0/ports/cdde9cfd-a898-4911-b812-b6849f611549],
 value=[{}]
2018-02-12 07:40:10,463:DEBUG:New etcd client created for etcd-server:2379/v2
2018-02-12 07:40:10,463:DEBUG:About to wait on key /esi-worker/job_state, index None
2018-02-12 07:40:10,464:DEBUG:Issuing read for key /esi-worker/job_state with args {'recursive': True, 'timeout': None, 'wait': True}
2018-02-12 07:40:10,464:DEBUG:Starting new HTTP connection (1): etcd-server
2018-02-12 07:40:10,466:DEBUG:http://etcd-server:2379 "GET /v2/keys/esi-worker/job_state?recursive=true&wait=true HTTP/1.1" 200 None
2018-02-12 07:40:21,101:DEBUG:
*** Consume stored data in etcd ***
 action=[compareAndSwap], key=[/esi-worker/job_state/v2.0/ports/cdde9cfd-a898-4911-b812-b6849f611549],
 value=[{
    "heat_outputs": [
        {
            "output_value": [
                [
                    "default-domain", 
                    "admin", 
                    "b62eefe0-0872-478d-adfe-1a606320f0e7"
                ]
            ], 
            "description": "Virtual network.", 
            "output_key": "virtual_network"
        }, 
        {
            "output_value": "default-domain:admin:f68d0924-ef20-4c1b-ac45-0e6b879af5e7", 
            "description": "Fully Qualified Name of the VMI", 
            "output_key": "fq_name"
        }, 
        {
            "output_value": "f68d0924-ef20-4c1b-ac45-0e6b879af5e7", 
            "description": "A unique id for the virtual machine interface.", 
            "output_key": "id"
        }, 
        {
            "output_value": {
                "allowed_address_pair": []
            }, 
            "description": "Virtual machine allowed address pairs.", 
            "output_key": "allowed_address_pairs"
        }, 
        {
            "output_value": [
                "fa:16:3e:f7:60:7f"
            ], 
            "description": "Virtual machine interface mac address.", 
            "output_key": "mac_address"
        }
    ], 
    "orchestration_state": "UPDATE_COMPLETE"
}]
2018-02-12 07:40:21,102:DEBUG:New etcd client created for etcd-server:2379/v2
2018-02-12 07:40:21,103:DEBUG:About to wait on key /esi-worker/job_state, index None
2018-02-12 07:40:21,104:DEBUG:Issuing read for key /esi-worker/job_state with args {'recursive': True, 'timeout': None, 'wait': True}
2018-02-12 07:40:21,107:DEBUG:Starting new HTTP connection (1): etcd-server
2018-02-12 07:40:21,111:DEBUG:http://etcd-server:2379 "GET /v2/keys/esi-worker/job_state?recursive=true&wait=true HTTP/1.1" 200 None
2018-02-12 07:40:21,128:DEBUG:
*** Consume stored data in etcd ***
 action=[compareAndDelete], key=[/esi-worker/job_state/v2.0/ports/cdde9cfd-a898-4911-b812-b6849f611549],
 value=[]
2018-02-12 07:40:21,128:DEBUG:New etcd client created for etcd-server:2379/v2
2018-02-12 07:40:21,129:DEBUG:About to wait on key /esi-worker/job_state, index None
2018-02-12 07:40:21,130:DEBUG:Issuing read for key /esi-worker/job_state with args {'recursive': True, 'timeout': None, 'wait': True}
2018-02-12 07:40:21,130:DEBUG:Starting new HTTP connection (1): etcd-server
2018-02-12 07:40:21,133:DEBUG:http://etcd-server:2379 "GET /v2/keys/esi-worker/job_state?recursive=true&wait=true HTTP/1.1" 200 None
2018-02-12 07:40:21,245:DEBUG:
*** Consume stored data in etcd ***
 action=[set], key=[/esi-worker/job_state/v2.0/ports/cdde9cfd-a898-4911-b812-b6849f611549],
 value=[{}]
2018-02-12 07:40:21,246:DEBUG:New etcd client created for etcd-server:2379/v2
2018-02-12 07:40:21,246:DEBUG:About to wait on key /esi-worker/job_state, index None
2018-02-12 07:40:21,247:DEBUG:Issuing read for key /esi-worker/job_state with args {'recursive': True, 'timeout': None, 'wait': True}
2018-02-12 07:40:21,247:DEBUG:Starting new HTTP connection (1): etcd-server
2018-02-12 07:40:21,248:DEBUG:http://etcd-server:2379 "GET /v2/keys/esi-worker/job_state?recursive=true&wait=true HTTP/1.1" 200 None
2018-02-12 07:40:31,826:DEBUG:
*** Consume stored data in etcd ***
 action=[compareAndSwap], key=[/esi-worker/job_state/v2.0/ports/cdde9cfd-a898-4911-b812-b6849f611549],
 value=[{
    "heat_outputs": [
        {
            "output_value": "default-domain:admin:f68d0924-ef20-4c1b-ac45-0e6b879af5e7", 
            "description": "Fully Qualified Name of the VMI", 
            "output_key": "fq_name"
        }, 
        {
            "output_value": {
                "allowed_address_pair": []
            }, 
            "description": "Virtual machine allowed address pairs.", 
            "output_key": "allowed_address_pairs"
        }, 
        {
            "output_value": "7d259276-40ea-450b-9998-a5a3e0118eeb", 
            "description": "Monitoring Target ID", 
            "output_key": "monitoring_target_id"
        }, 
        {
            "output_value": [
                "fa:16:3e:f7:60:7f"
            ], 
            "description": "Virtual machine interface mac address.", 
            "output_key": "mac_address"
        }, 
        {
            "output_value": [
                [
                    "default-domain", 
                    "admin", 
                    "b62eefe0-0872-478d-adfe-1a606320f0e7"
                ]
            ], 
            "description": "Virtual network.", 
            "output_key": "virtual_network"
        }, 
        {
            "output_value": "f68d0924-ef20-4c1b-ac45-0e6b879af5e7", 
            "description": "A unique id for the virtual machine interface.", 
            "output_key": "id"
        }, 
        {
            "output_value": "http://collector-agents-se:7070/targets/7d259276-40ea-450b-9998-a5a3e0118eeb", 
            "description": "Monitoring Process Link", 
            "output_key": "monitoring_link"
        }
    ], 
    "orchestration_state": "UPDATE_COMPLETE"
}]
2018-02-12 07:40:31,826:DEBUG:New etcd client created for etcd-server:2379/v2
2018-02-12 07:40:31,827:DEBUG:About to wait on key /esi-worker/job_state, index None
2018-02-12 07:40:31,827:DEBUG:Issuing read for key /esi-worker/job_state with args {'recursive': True, 'timeout': None, 'wait': True}
2018-02-12 07:40:31,828:DEBUG:Starting new HTTP connection (1): etcd-server
2018-02-12 07:40:31,832:DEBUG:http://etcd-server:2379 "GET /v2/keys/esi-worker/job_state?recursive=true&wait=true HTTP/1.1" 200 None
2018-02-12 07:40:31,840:DEBUG:
*** Consume stored data in etcd ***
 action=[compareAndDelete], key=[/esi-worker/job_state/v2.0/ports/cdde9cfd-a898-4911-b812-b6849f611549],
 value=[]
2018-02-12 07:40:31,841:DEBUG:New etcd client created for etcd-server:2379/v2
2018-02-12 07:40:31,841:DEBUG:About to wait on key /esi-worker/job_state, index None
2018-02-12 07:40:31,842:DEBUG:Issuing read for key /esi-worker/job_state with args {'recursive': True, 'timeout': None, 'wait': True}
2018-02-12 07:40:31,842:DEBUG:Starting new HTTP connection (1): etcd-server
2018-02-12 07:40:31,844:DEBUG:http://etcd-server:2379 "GET /v2/keys/esi-worker/job_state?recursive=true&wait=true HTTP/1.1" 200 None
2018-02-12 07:44:15,266:DEBUG:
*** Consume stored data in etcd ***
 action=[set], key=[/esi-worker/job_state/v2.0/ports/dea87c7b-b43f-4936-8e32-8995b038b3f8],
 value=[{}]
2018-02-12 07:44:15,267:DEBUG:New etcd client created for etcd-server:2379/v2
2018-02-12 07:44:15,268:DEBUG:About to wait on key /esi-worker/job_state, index None
2018-02-12 07:44:15,268:DEBUG:Issuing read for key /esi-worker/job_state with args {'recursive': True, 'timeout': None, 'wait': True}
2018-02-12 07:44:15,269:DEBUG:Starting new HTTP connection (1): etcd-server
2018-02-12 07:44:15,271:DEBUG:http://etcd-server:2379 "GET /v2/keys/esi-worker/job_state?recursive=true&wait=true HTTP/1.1" 200 None
2018-02-12 07:44:25,951:DEBUG:
*** Consume stored data in etcd ***
 action=[compareAndSwap], key=[/esi-worker/job_state/v2.0/ports/dea87c7b-b43f-4936-8e32-8995b038b3f8],
 value=[{
    "heat_outputs": [
        {
            "output_value": [
                [
                    "default-domain", 
                    "admin", 
                    "b62eefe0-0872-478d-adfe-1a606320f0e7"
                ]
            ], 
            "description": "Virtual network.", 
            "output_key": "virtual_network"
        }, 
        {
            "output_value": "default-domain:admin:f68d0924-ef20-4c1b-ac45-0e6b879af5e7", 
            "description": "Fully Qualified Name of the VMI", 
            "output_key": "fq_name"
        }, 
        {
            "output_value": "f68d0924-ef20-4c1b-ac45-0e6b879af5e7", 
            "description": "A unique id for the virtual machine interface.", 
            "output_key": "id"
        }, 
        {
            "output_value": {
                "allowed_address_pair": []
            }, 
            "description": "Virtual machine allowed address pairs.", 
            "output_key": "allowed_address_pairs"
        }, 
        {
            "output_value": [
                "fa:16:3e:f7:60:7f"
            ], 
            "description": "Virtual machine interface mac address.", 
            "output_key": "mac_address"
        }
    ], 
    "orchestration_state": "UPDATE_COMPLETE"
}]
2018-02-12 07:44:25,952:DEBUG:New etcd client created for etcd-server:2379/v2
2018-02-12 07:44:25,952:DEBUG:About to wait on key /esi-worker/job_state, index None
2018-02-12 07:44:25,953:DEBUG:Issuing read for key /esi-worker/job_state with args {'recursive': True, 'timeout': None, 'wait': True}
2018-02-12 07:44:25,954:DEBUG:Starting new HTTP connection (1): etcd-server
2018-02-12 07:44:25,961:DEBUG:http://etcd-server:2379 "GET /v2/keys/esi-worker/job_state?recursive=true&wait=true HTTP/1.1" 200 None
2018-02-12 07:44:25,965:DEBUG:
*** Consume stored data in etcd ***
 action=[compareAndDelete], key=[/esi-worker/job_state/v2.0/ports/dea87c7b-b43f-4936-8e32-8995b038b3f8],
 value=[]
2018-02-12 07:44:25,966:DEBUG:New etcd client created for etcd-server:2379/v2
2018-02-12 07:44:25,966:DEBUG:About to wait on key /esi-worker/job_state, index None
2018-02-12 07:44:25,967:DEBUG:Issuing read for key /esi-worker/job_state with args {'recursive': True, 'timeout': None, 'wait': True}
2018-02-12 07:44:25,968:DEBUG:Starting new HTTP connection (1): etcd-server
2018-02-12 07:44:25,972:DEBUG:http://etcd-server:2379 "GET /v2/keys/esi-worker/job_state?recursive=true&wait=true HTTP/1.1" 200 None
2018-02-12 07:44:26,101:DEBUG:
*** Consume stored data in etcd ***
 action=[set], key=[/esi-worker/job_state/v2.0/ports/dea87c7b-b43f-4936-8e32-8995b038b3f8],
 value=[{}]
2018-02-12 07:44:26,101:DEBUG:New etcd client created for etcd-server:2379/v2
2018-02-12 07:44:26,102:DEBUG:About to wait on key /esi-worker/job_state, index None
2018-02-12 07:44:26,103:DEBUG:Issuing read for key /esi-worker/job_state with args {'recursive': True, 'timeout': None, 'wait': True}
2018-02-12 07:44:26,104:DEBUG:Starting new HTTP connection (1): etcd-server
2018-02-12 07:44:26,106:DEBUG:http://etcd-server:2379 "GET /v2/keys/esi-worker/job_state?recursive=true&wait=true HTTP/1.1" 200 None
2018-02-12 07:44:28,687:DEBUG:
*** Consume stored data in etcd ***
 action=[set], key=[/esi-worker/job_state/v2.0/ports/fd09eda4-10b1-4534-984a-7124c338c69d],
 value=[{}]
2018-02-12 07:44:28,688:DEBUG:New etcd client created for etcd-server:2379/v2
2018-02-12 07:44:28,688:DEBUG:About to wait on key /esi-worker/job_state, index None
2018-02-12 07:44:28,689:DEBUG:Issuing read for key /esi-worker/job_state with args {'recursive': True, 'timeout': None, 'wait': True}
2018-02-12 07:44:28,689:DEBUG:Starting new HTTP connection (1): etcd-server
2018-02-12 07:44:28,691:DEBUG:http://etcd-server:2379 "GET /v2/keys/esi-worker/job_state?recursive=true&wait=true HTTP/1.1" 200 None
2018-02-12 07:44:36,845:DEBUG:
*** Consume stored data in etcd ***
 action=[compareAndSwap], key=[/esi-worker/job_state/v2.0/ports/dea87c7b-b43f-4936-8e32-8995b038b3f8],
 value=[{
    "heat_outputs": [
        {
            "output_value": "default-domain:admin:f68d0924-ef20-4c1b-ac45-0e6b879af5e7", 
            "description": "Fully Qualified Name of the VMI", 
            "output_key": "fq_name"
        }, 
        {
            "output_value": {
                "allowed_address_pair": []
            }, 
            "description": "Virtual machine allowed address pairs.", 
            "output_key": "allowed_address_pairs"
        }, 
        {
            "output_value": "6eea0aa6-879f-4bec-a9de-97cb607b75bf", 
            "description": "Monitoring Target ID", 
            "output_key": "monitoring_target_id"
        }, 
        {
            "output_value": [
                "fa:16:3e:f7:60:7f"
            ], 
            "description": "Virtual machine interface mac address.", 
            "output_key": "mac_address"
        }, 
        {
            "output_value": [
                [
                    "default-domain", 
                    "admin", 
                    "b62eefe0-0872-478d-adfe-1a606320f0e7"
                ]
            ], 
            "description": "Virtual network.", 
            "output_key": "virtual_network"
        }, 
        {
            "output_value": "f68d0924-ef20-4c1b-ac45-0e6b879af5e7", 
            "description": "A unique id for the virtual machine interface.", 
            "output_key": "id"
        }, 
        {
            "output_value": "http://collector-agents-se:7070/targets/6eea0aa6-879f-4bec-a9de-97cb607b75bf", 
            "description": "Monitoring Process Link", 
            "output_key": "monitoring_link"
        }
    ], 
    "orchestration_state": "UPDATE_COMPLETE"
}]
2018-02-12 07:44:36,845:DEBUG:New etcd client created for etcd-server:2379/v2
2018-02-12 07:44:36,846:DEBUG:About to wait on key /esi-worker/job_state, index None
2018-02-12 07:44:36,846:DEBUG:Issuing read for key /esi-worker/job_state with args {'recursive': True, 'timeout': None, 'wait': True}
2018-02-12 07:44:36,847:DEBUG:Starting new HTTP connection (1): etcd-server
2018-02-12 07:44:36,850:DEBUG:http://etcd-server:2379 "GET /v2/keys/esi-worker/job_state?recursive=true&wait=true HTTP/1.1" 200 None
2018-02-12 07:44:36,861:DEBUG:
*** Consume stored data in etcd ***
 action=[compareAndDelete], key=[/esi-worker/job_state/v2.0/ports/dea87c7b-b43f-4936-8e32-8995b038b3f8],
 value=[]
2018-02-12 07:44:36,862:DEBUG:New etcd client created for etcd-server:2379/v2
2018-02-12 07:44:36,862:DEBUG:About to wait on key /esi-worker/job_state, index None
2018-02-12 07:44:36,863:DEBUG:Issuing read for key /esi-worker/job_state with args {'recursive': True, 'timeout': None, 'wait': True}
2018-02-12 07:44:36,864:DEBUG:Starting new HTTP connection (1): etcd-server
2018-02-12 07:44:36,865:DEBUG:http://etcd-server:2379 "GET /v2/keys/esi-worker/job_state?recursive=true&wait=true HTTP/1.1" 200 None
2018-02-12 07:44:39,357:DEBUG:
*** Consume stored data in etcd ***
 action=[compareAndSwap], key=[/esi-worker/job_state/v2.0/ports/fd09eda4-10b1-4534-984a-7124c338c69d],
 value=[{
    "heat_outputs": [
        {
            "output_value": [
                [
                    "default-domain", 
                    "admin", 
                    "b62eefe0-0872-478d-adfe-1a606320f0e7"
                ]
            ], 
            "description": "Virtual network.", 
            "output_key": "virtual_network"
        }, 
        {
            "output_value": "default-domain:admin:f68d0924-ef20-4c1b-ac45-0e6b879af5e7", 
            "description": "Fully Qualified Name of the VMI", 
            "output_key": "fq_name"
        }, 
        {
            "output_value": "f68d0924-ef20-4c1b-ac45-0e6b879af5e7", 
            "description": "A unique id for the virtual machine interface.", 
            "output_key": "id"
        }, 
        {
            "output_value": {
                "allowed_address_pair": []
            }, 
            "description": "Virtual machine allowed address pairs.", 
            "output_key": "allowed_address_pairs"
        }, 
        {
            "output_value": [
                "fa:16:3e:f7:60:7f"
            ], 
            "description": "Virtual machine interface mac address.", 
            "output_key": "mac_address"
        }
    ], 
    "orchestration_state": "UPDATE_COMPLETE"
}]
2018-02-12 07:44:39,357:DEBUG:New etcd client created for etcd-server:2379/v2
2018-02-12 07:44:39,358:DEBUG:About to wait on key /esi-worker/job_state, index None
2018-02-12 07:44:39,358:DEBUG:Issuing read for key /esi-worker/job_state with args {'recursive': True, 'timeout': None, 'wait': True}
2018-02-12 07:44:39,359:DEBUG:Starting new HTTP connection (1): etcd-server
2018-02-12 07:44:39,360:DEBUG:http://etcd-server:2379 "GET /v2/keys/esi-worker/job_state?recursive=true&wait=true HTTP/1.1" 200 None
2018-02-12 07:44:39,375:DEBUG:
*** Consume stored data in etcd ***
 action=[compareAndDelete], key=[/esi-worker/job_state/v2.0/ports/fd09eda4-10b1-4534-984a-7124c338c69d],
 value=[]
2018-02-12 07:44:39,376:DEBUG:New etcd client created for etcd-server:2379/v2
2018-02-12 07:44:39,377:DEBUG:About to wait on key /esi-worker/job_state, index None
2018-02-12 07:44:39,377:DEBUG:Issuing read for key /esi-worker/job_state with args {'recursive': True, 'timeout': None, 'wait': True}
2018-02-12 07:44:39,378:DEBUG:Starting new HTTP connection (1): etcd-server
2018-02-12 07:44:39,380:DEBUG:http://etcd-server:2379 "GET /v2/keys/esi-worker/job_state?recursive=true&wait=true HTTP/1.1" 200 None
2018-02-12 07:44:39,504:DEBUG:
*** Consume stored data in etcd ***
 action=[set], key=[/esi-worker/job_state/v2.0/ports/fd09eda4-10b1-4534-984a-7124c338c69d],
 value=[{}]
2018-02-12 07:44:39,504:DEBUG:New etcd client created for etcd-server:2379/v2
2018-02-12 07:44:39,505:DEBUG:About to wait on key /esi-worker/job_state, index None
2018-02-12 07:44:39,505:DEBUG:Issuing read for key /esi-worker/job_state with args {'recursive': True, 'timeout': None, 'wait': True}
2018-02-12 07:44:39,506:DEBUG:Starting new HTTP connection (1): etcd-server
2018-02-12 07:44:39,507:DEBUG:http://etcd-server:2379 "GET /v2/keys/esi-worker/job_state?recursive=true&wait=true HTTP/1.1" 200 None
2018-02-12 07:44:48,360:DEBUG:
*** Consume stored data in etcd ***
 action=[compareAndSwap], key=[/esi-worker/job_state/v2.0/vnf_instances/44799fe4-6fbf-4a5d-a2bc-ccd45e9f04eb],
 value=[{
    "heat_outputs": [
        {
            "output_value": "2e555b09-e0d7-4cce-8854-c481a2363917", 
            "description": "A unique id for the nova server.", 
            "output_key": "server_id"
        }, 
        {
            "output_value": "4d5db024-8232-458d-bd72-7256fbceb446", 
            "description": "Monitoring Target ID", 
            "output_key": "monitoring_target_id"
        }, 
        {
            "output_value": "http://collector-agents-se:7070/targets/4d5db024-8232-458d-bd72-7256fbceb446", 
            "description": "Monitoring Process Link", 
            "output_key": "monitoring_link"
        }
    ], 
    "orchestration_state": "CREATE_COMPLETE"
}]
2018-02-12 07:44:48,361:DEBUG:New etcd client created for etcd-server:2379/v2
2018-02-12 07:44:48,361:DEBUG:About to wait on key /esi-worker/job_state, index None
2018-02-12 07:44:48,362:DEBUG:Issuing read for key /esi-worker/job_state with args {'recursive': True, 'timeout': None, 'wait': True}
2018-02-12 07:44:48,363:DEBUG:Starting new HTTP connection (1): etcd-server
2018-02-12 07:44:48,364:DEBUG:http://etcd-server:2379 "GET /v2/keys/esi-worker/job_state?recursive=true&wait=true HTTP/1.1" 200 None
2018-02-12 07:44:48,380:DEBUG:
*** Consume stored data in etcd ***
 action=[compareAndDelete], key=[/esi-worker/job_state/v2.0/vnf_instances/44799fe4-6fbf-4a5d-a2bc-ccd45e9f04eb],
 value=[]
2018-02-12 07:44:48,380:DEBUG:New etcd client created for etcd-server:2379/v2
2018-02-12 07:44:48,381:DEBUG:About to wait on key /esi-worker/job_state, index None
2018-02-12 07:44:48,382:DEBUG:Issuing read for key /esi-worker/job_state with args {'recursive': True, 'timeout': None, 'wait': True}
2018-02-12 07:44:48,383:DEBUG:Starting new HTTP connection (1): etcd-server
2018-02-12 07:44:48,385:DEBUG:http://etcd-server:2379 "GET /v2/keys/esi-worker/job_state?recursive=true&wait=true HTTP/1.1" 200 None
2018-02-12 07:44:48,405:DEBUG:
*** Consume stored data in etcd ***
 action=[set], key=[/esi-worker/job_state/v2.0/firewalls/8e4c20be-d221-43f4-8325-0162c1f06166],
 value=[{}]
2018-02-12 07:44:48,406:DEBUG:New etcd client created for etcd-server:2379/v2
2018-02-12 07:44:48,406:DEBUG:About to wait on key /esi-worker/job_state, index None
2018-02-12 07:44:48,406:DEBUG:Issuing read for key /esi-worker/job_state with args {'recursive': True, 'timeout': None, 'wait': True}
2018-02-12 07:44:48,407:DEBUG:Starting new HTTP connection (1): etcd-server
2018-02-12 07:44:48,409:DEBUG:http://etcd-server:2379 "GET /v2/keys/esi-worker/job_state?recursive=true&wait=true HTTP/1.1" 200 None
2018-02-12 07:44:50,198:DEBUG:
*** Consume stored data in etcd ***
 action=[compareAndSwap], key=[/esi-worker/job_state/v2.0/ports/fd09eda4-10b1-4534-984a-7124c338c69d],
 value=[{
    "heat_outputs": [
        {
            "output_value": "default-domain:admin:f68d0924-ef20-4c1b-ac45-0e6b879af5e7", 
            "description": "Fully Qualified Name of the VMI", 
            "output_key": "fq_name"
        }, 
        {
            "output_value": {
                "allowed_address_pair": []
            }, 
            "description": "Virtual machine allowed address pairs.", 
            "output_key": "allowed_address_pairs"
        }, 
        {
            "output_value": "0c1b0232-9fff-46b1-9c5d-230345782739", 
            "description": "Monitoring Target ID", 
            "output_key": "monitoring_target_id"
        }, 
        {
            "output_value": [
                "fa:16:3e:f7:60:7f"
            ], 
            "description": "Virtual machine interface mac address.", 
            "output_key": "mac_address"
        }, 
        {
            "output_value": [
                [
                    "default-domain", 
                    "admin", 
                    "b62eefe0-0872-478d-adfe-1a606320f0e7"
                ]
            ], 
            "description": "Virtual network.", 
            "output_key": "virtual_network"
        }, 
        {
            "output_value": "f68d0924-ef20-4c1b-ac45-0e6b879af5e7", 
            "description": "A unique id for the virtual machine interface.", 
            "output_key": "id"
        }, 
        {
            "output_value": "http://collector-agents-se:7070/targets/0c1b0232-9fff-46b1-9c5d-230345782739", 
            "description": "Monitoring Process Link", 
            "output_key": "monitoring_link"
        }
    ], 
    "orchestration_state": "UPDATE_COMPLETE"
}]
2018-02-12 07:44:50,198:DEBUG:New etcd client created for etcd-server:2379/v2
2018-02-12 07:44:50,199:DEBUG:About to wait on key /esi-worker/job_state, index None
2018-02-12 07:44:50,199:DEBUG:Issuing read for key /esi-worker/job_state with args {'recursive': True, 'timeout': None, 'wait': True}
2018-02-12 07:44:50,200:DEBUG:Starting new HTTP connection (1): etcd-server
2018-02-12 07:44:50,202:DEBUG:http://etcd-server:2379 "GET /v2/keys/esi-worker/job_state?recursive=true&wait=true HTTP/1.1" 200 None
2018-02-12 07:44:50,219:DEBUG:
*** Consume stored data in etcd ***
 action=[compareAndDelete], key=[/esi-worker/job_state/v2.0/ports/fd09eda4-10b1-4534-984a-7124c338c69d],
 value=[]
2018-02-12 07:44:50,220:DEBUG:New etcd client created for etcd-server:2379/v2
2018-02-12 07:44:50,221:DEBUG:About to wait on key /esi-worker/job_state, index None
2018-02-12 07:44:50,221:DEBUG:Issuing read for key /esi-worker/job_state with args {'recursive': True, 'timeout': None, 'wait': True}
2018-02-12 07:44:50,222:DEBUG:Starting new HTTP connection (1): etcd-server
2018-02-12 07:44:50,225:DEBUG:http://etcd-server:2379 "GET /v2/keys/esi-worker/job_state?recursive=true&wait=true HTTP/1.1" 200 None
2018-02-12 07:44:51,485:DEBUG:
*** Consume stored data in etcd ***
 action=[compareAndSwap], key=[/esi-worker/job_state/v2.0/firewalls/8e4c20be-d221-43f4-8325-0162c1f06166],
 value=[{
    "heat_outputs": [
        {
            "output_value": "346eb30d-1ae0-4375-a1d6-7d83c699e2d3", 
            "description": "Monitoring Target ID", 
            "output_key": "monitoring_target_id"
        }, 
        {
            "output_value": "http://collector-agents-se:7070/targets/346eb30d-1ae0-4375-a1d6-7d83c699e2d3", 
            "description": "Monitoring Process Link", 
            "output_key": "monitoring_link"
        }
    ], 
    "orchestration_state": "CREATE_COMPLETE"
}]
2018-02-12 07:44:51,486:DEBUG:New etcd client created for etcd-server:2379/v2
2018-02-12 07:44:51,486:DEBUG:About to wait on key /esi-worker/job_state, index None
2018-02-12 07:44:51,487:DEBUG:Issuing read for key /esi-worker/job_state with args {'recursive': True, 'timeout': None, 'wait': True}
2018-02-12 07:44:51,487:DEBUG:Starting new HTTP connection (1): etcd-server
2018-02-12 07:44:51,489:DEBUG:http://etcd-server:2379 "GET /v2/keys/esi-worker/job_state?recursive=true&wait=true HTTP/1.1" 200 None
2018-02-12 07:44:51,499:DEBUG:
*** Consume stored data in etcd ***
 action=[compareAndDelete], key=[/esi-worker/job_state/v2.0/firewalls/8e4c20be-d221-43f4-8325-0162c1f06166],
 value=[]
2018-02-12 07:44:51,500:DEBUG:New etcd client created for etcd-server:2379/v2
2018-02-12 07:44:51,500:DEBUG:About to wait on key /esi-worker/job_state, index None
2018-02-12 07:44:51,501:DEBUG:Issuing read for key /esi-worker/job_state with args {'recursive': True, 'timeout': None, 'wait': True}
2018-02-12 07:44:51,501:DEBUG:Starting new HTTP connection (1): etcd-server
2018-02-12 07:44:51,506:DEBUG:http://etcd-server:2379 "GET /v2/keys/esi-worker/job_state?recursive=true&wait=true HTTP/1.1" 200 None
2018-02-12 07:44:51,522:DEBUG:
*** Consume stored data in etcd ***
 action=[set], key=[/esi-worker/job_state/v2.0/firewall_interfaces/1c351257-d185-40b7-b04a-6272de75d434],
 value=[{}]
2018-02-12 07:44:51,522:DEBUG:New etcd client created for etcd-server:2379/v2
2018-02-12 07:44:51,523:DEBUG:About to wait on key /esi-worker/job_state, index None
2018-02-12 07:44:51,523:DEBUG:Issuing read for key /esi-worker/job_state with args {'recursive': True, 'timeout': None, 'wait': True}
2018-02-12 07:44:51,524:DEBUG:Starting new HTTP connection (1): etcd-server
2018-02-12 07:44:51,525:DEBUG:http://etcd-server:2379 "GET /v2/keys/esi-worker/job_state?recursive=true&wait=true HTTP/1.1" 200 None
2018-02-12 07:44:51,535:DEBUG:
*** Consume stored data in etcd ***
 action=[set], key=[/esi-worker/job_state/v2.0/firewall_interfaces/3543155d-0d9a-43a3-ae77-3479cf8a0e4a],
 value=[{}]
2018-02-12 07:44:51,536:DEBUG:New etcd client created for etcd-server:2379/v2
2018-02-12 07:44:51,536:DEBUG:About to wait on key /esi-worker/job_state, index None
2018-02-12 07:44:51,537:DEBUG:Issuing read for key /esi-worker/job_state with args {'recursive': True, 'timeout': None, 'wait': True}
2018-02-12 07:44:51,538:DEBUG:Starting new HTTP connection (1): etcd-server
2018-02-12 07:44:51,540:DEBUG:http://etcd-server:2379 "GET /v2/keys/esi-worker/job_state?recursive=true&wait=true HTTP/1.1" 200 None
2018-02-12 07:44:51,551:DEBUG:
*** Consume stored data in etcd ***
 action=[set], key=[/esi-worker/job_state/v2.0/firewall_interfaces/cdf30a48-8cf7-4935-9f8a-5b51f1177704],
 value=[{}]
2018-02-12 07:44:51,551:DEBUG:New etcd client created for etcd-server:2379/v2
2018-02-12 07:44:51,552:DEBUG:About to wait on key /esi-worker/job_state, index None
2018-02-12 07:44:51,552:DEBUG:Issuing read for key /esi-worker/job_state with args {'recursive': True, 'timeout': None, 'wait': True}
2018-02-12 07:44:51,553:DEBUG:Starting new HTTP connection (1): etcd-server
2018-02-12 07:44:51,555:DEBUG:http://etcd-server:2379 "GET /v2/keys/esi-worker/job_state?recursive=true&wait=true HTTP/1.1" 200 None
2018-02-12 07:44:54,341:DEBUG:
*** Consume stored data in etcd ***
 action=[compareAndSwap], key=[/esi-worker/job_state/v2.0/firewall_interfaces/3543155d-0d9a-43a3-ae77-3479cf8a0e4a],
 value=[{
    "heat_outputs": [
        {
            "output_value": "d82baca9-9854-4da2-80c8-f823489be960", 
            "description": "Monitoring Target ID", 
            "output_key": "monitoring_target_id"
        }, 
        {
            "output_value": "http://collector-agents-se:7070/targets/d82baca9-9854-4da2-80c8-f823489be960", 
            "description": "Monitoring Process Link", 
            "output_key": "monitoring_link"
        }
    ], 
    "orchestration_state": "CREATE_COMPLETE"
}]
2018-02-12 07:44:54,342:DEBUG:New etcd client created for etcd-server:2379/v2
2018-02-12 07:44:54,343:DEBUG:About to wait on key /esi-worker/job_state, index None
2018-02-12 07:44:54,343:DEBUG:Issuing read for key /esi-worker/job_state with args {'recursive': True, 'timeout': None, 'wait': True}
2018-02-12 07:44:54,344:DEBUG:Starting new HTTP connection (1): etcd-server
2018-02-12 07:44:54,345:DEBUG:http://etcd-server:2379 "GET /v2/keys/esi-worker/job_state?recursive=true&wait=true HTTP/1.1" 200 None
2018-02-12 07:44:54,357:DEBUG:
*** Consume stored data in etcd ***
 action=[compareAndSwap], key=[/esi-worker/job_state/v2.0/firewall_interfaces/cdf30a48-8cf7-4935-9f8a-5b51f1177704],
 value=[{
    "heat_outputs": [
        {
            "output_value": "9d7a43c7-40e2-4703-9205-d76939462572", 
            "description": "Monitoring Target ID", 
            "output_key": "monitoring_target_id"
        }, 
        {
            "output_value": "http://collector-agents-se:7070/targets/9d7a43c7-40e2-4703-9205-d76939462572", 
            "description": "Monitoring Process Link", 
            "output_key": "monitoring_link"
        }
    ], 
    "orchestration_state": "CREATE_COMPLETE"
}]
2018-02-12 07:44:54,357:DEBUG:New etcd client created for etcd-server:2379/v2
2018-02-12 07:44:54,358:DEBUG:About to wait on key /esi-worker/job_state, index None
2018-02-12 07:44:54,358:DEBUG:Issuing read for key /esi-worker/job_state with args {'recursive': True, 'timeout': None, 'wait': True}
2018-02-12 07:44:54,359:DEBUG:Starting new HTTP connection (1): etcd-server
2018-02-12 07:44:54,361:DEBUG:http://etcd-server:2379 "GET /v2/keys/esi-worker/job_state?recursive=true&wait=true HTTP/1.1" 200 None
2018-02-12 07:44:54,379:DEBUG:
*** Consume stored data in etcd ***
 action=[compareAndDelete], key=[/esi-worker/job_state/v2.0/firewall_interfaces/3543155d-0d9a-43a3-ae77-3479cf8a0e4a],
 value=[]
2018-02-12 07:44:54,380:DEBUG:New etcd client created for etcd-server:2379/v2
2018-02-12 07:44:54,380:DEBUG:About to wait on key /esi-worker/job_state, index None
2018-02-12 07:44:54,381:DEBUG:Issuing read for key /esi-worker/job_state with args {'recursive': True, 'timeout': None, 'wait': True}
2018-02-12 07:44:54,382:DEBUG:Starting new HTTP connection (1): etcd-server
2018-02-12 07:44:54,383:DEBUG:http://etcd-server:2379 "GET /v2/keys/esi-worker/job_state?recursive=true&wait=true HTTP/1.1" 200 None
2018-02-12 07:44:54,408:DEBUG:
*** Consume stored data in etcd ***
 action=[compareAndSwap], key=[/esi-worker/job_state/v2.0/firewall_interfaces/1c351257-d185-40b7-b04a-6272de75d434],
 value=[{
    "heat_outputs": [
        {
            "output_value": "ecbc7461-e883-4c21-bcf6-b91a105a533c", 
            "description": "Monitoring Target ID", 
            "output_key": "monitoring_target_id"
        }, 
        {
            "output_value": "http://collector-agents-se:7070/targets/ecbc7461-e883-4c21-bcf6-b91a105a533c", 
            "description": "Monitoring Process Link", 
            "output_key": "monitoring_link"
        }
    ], 
    "orchestration_state": "CREATE_COMPLETE"
}]
2018-02-12 07:44:54,408:DEBUG:New etcd client created for etcd-server:2379/v2
2018-02-12 07:44:54,409:DEBUG:About to wait on key /esi-worker/job_state, index None
2018-02-12 07:44:54,410:DEBUG:Issuing read for key /esi-worker/job_state with args {'recursive': True, 'timeout': None, 'wait': True}
2018-02-12 07:44:54,410:DEBUG:Starting new HTTP connection (1): etcd-server
2018-02-12 07:44:54,412:DEBUG:http://etcd-server:2379 "GET /v2/keys/esi-worker/job_state?recursive=true&wait=true HTTP/1.1" 200 None
2018-02-12 07:44:54,417:DEBUG:
*** Consume stored data in etcd ***
 action=[compareAndDelete], key=[/esi-worker/job_state/v2.0/firewall_interfaces/cdf30a48-8cf7-4935-9f8a-5b51f1177704],
 value=[]
2018-02-12 07:44:54,417:DEBUG:New etcd client created for etcd-server:2379/v2
2018-02-12 07:44:54,418:DEBUG:About to wait on key /esi-worker/job_state, index None
2018-02-12 07:44:54,418:DEBUG:Issuing read for key /esi-worker/job_state with args {'recursive': True, 'timeout': None, 'wait': True}
2018-02-12 07:44:54,420:DEBUG:Starting new HTTP connection (1): etcd-server
2018-02-12 07:44:54,423:DEBUG:http://etcd-server:2379 "GET /v2/keys/esi-worker/job_state?recursive=true&wait=true HTTP/1.1" 200 None
2018-02-12 07:44:54,434:DEBUG:
*** Consume stored data in etcd ***
 action=[compareAndDelete], key=[/esi-worker/job_state/v2.0/firewall_interfaces/1c351257-d185-40b7-b04a-6272de75d434],
 value=[]
2018-02-12 07:44:54,434:DEBUG:New etcd client created for etcd-server:2379/v2
2018-02-12 07:44:54,435:DEBUG:About to wait on key /esi-worker/job_state, index None
2018-02-12 07:44:54,436:DEBUG:Issuing read for key /esi-worker/job_state with args {'recursive': True, 'timeout': None, 'wait': True}
2018-02-12 07:44:54,437:DEBUG:Starting new HTTP connection (1): etcd-server
2018-02-12 07:44:54,438:DEBUG:http://etcd-server:2379 "GET /v2/keys/esi-worker/job_state?recursive=true&wait=true HTTP/1.1" 200 None
2018-02-12 07:46:43,176:DEBUG:
*** Consume stored data in etcd ***
 action=[set], key=[/esi-worker/job_state/v2.0/networks/82712b89-c35c-4276-83cb-818860d41f9e],
 value=[{}]
2018-02-12 07:46:43,177:DEBUG:New etcd client created for etcd-server:2379/v2
2018-02-12 07:46:43,178:DEBUG:About to wait on key /esi-worker/job_state, index None
2018-02-12 07:46:43,178:DEBUG:Issuing read for key /esi-worker/job_state with args {'recursive': True, 'timeout': None, 'wait': True}
2018-02-12 07:46:43,179:DEBUG:Starting new HTTP connection (1): etcd-server
2018-02-12 07:46:43,190:DEBUG:http://etcd-server:2379 "GET /v2/keys/esi-worker/job_state?recursive=true&wait=true HTTP/1.1" 200 None
2018-02-12 07:46:45,299:DEBUG:
*** Consume stored data in etcd ***
 action=[compareAndSwap], key=[/esi-worker/job_state/v2.0/networks/82712b89-c35c-4276-83cb-818860d41f9e],
 value=[{
    "heat_outputs": [
        {
            "output_value": [], 
            "description": "The name of the virtual network.", 
            "output_key": "route_targets"
        }, 
        {
            "output_value": "default-domain:usertenant:82712b89-c35c-4276-83cb-818860d41f9e", 
            "description": "The FQ name of the virtual network.", 
            "output_key": "fq_name"
        }, 
        {
            "output_value": "82712b89-c35c-4276-83cb-818860d41f9e", 
            "description": "A unique id for the virtual network.", 
            "output_key": "id"
        }, 
        {
            "output_value": "82712b89-c35c-4276-83cb-818860d41f9e", 
            "description": "The name of the virtual network.", 
            "output_key": "name"
        }
    ], 
    "orchestration_state": "CREATE_COMPLETE"
}]
2018-02-12 07:46:45,299:DEBUG:New etcd client created for etcd-server:2379/v2
2018-02-12 07:46:45,300:DEBUG:About to wait on key /esi-worker/job_state, index None
2018-02-12 07:46:45,300:DEBUG:Issuing read for key /esi-worker/job_state with args {'recursive': True, 'timeout': None, 'wait': True}
2018-02-12 07:46:45,301:DEBUG:Starting new HTTP connection (1): etcd-server
2018-02-12 07:46:45,302:DEBUG:http://etcd-server:2379 "GET /v2/keys/esi-worker/job_state?recursive=true&wait=true HTTP/1.1" 200 None
2018-02-12 07:46:45,314:DEBUG:
*** Consume stored data in etcd ***
 action=[compareAndDelete], key=[/esi-worker/job_state/v2.0/networks/82712b89-c35c-4276-83cb-818860d41f9e],
 value=[]
2018-02-12 07:46:45,315:DEBUG:New etcd client created for etcd-server:2379/v2
2018-02-12 07:46:45,315:DEBUG:About to wait on key /esi-worker/job_state, index None
2018-02-12 07:46:45,315:DEBUG:Issuing read for key /esi-worker/job_state with args {'recursive': True, 'timeout': None, 'wait': True}
2018-02-12 07:46:45,316:DEBUG:Starting new HTTP connection (1): etcd-server
2018-02-12 07:46:45,319:DEBUG:http://etcd-server:2379 "GET /v2/keys/esi-worker/job_state?recursive=true&wait=true HTTP/1.1" 200 None
2018-02-12 07:46:51,491:DEBUG:
*** Consume stored data in etcd ***
 action=[set], key=[/esi-worker/job_state/v2.0/subnets/a11785e2-0c2b-4131-9144-349155f958f5],
 value=[{}]
2018-02-12 07:46:51,492:DEBUG:New etcd client created for etcd-server:2379/v2
2018-02-12 07:46:51,492:DEBUG:About to wait on key /esi-worker/job_state, index None
2018-02-12 07:46:51,493:DEBUG:Issuing read for key /esi-worker/job_state with args {'recursive': True, 'timeout': None, 'wait': True}
2018-02-12 07:46:51,493:DEBUG:Starting new HTTP connection (1): etcd-server
2018-02-12 07:46:51,495:DEBUG:http://etcd-server:2379 "GET /v2/keys/esi-worker/job_state?recursive=true&wait=true HTTP/1.1" 200 None
2018-02-12 07:46:53,747:DEBUG:
*** Consume stored data in etcd ***
 action=[compareAndSwap], key=[/esi-worker/job_state/v2.0/subnets/a11785e2-0c2b-4131-9144-349155f958f5],
 value=[{
    "heat_outputs": [
        {
            "output_value": "10.98.76.0/24", 
            "description": "IP prefix of local subnet.", 
            "output_key": "ip_prefix"
        }, 
        {
            "output_value": "a11785e2-0c2b-4131-9144-349155f958f5", 
            "description": "The name of the local subnet.", 
            "output_key": "name"
        }, 
        {
            "output_value": "10.98.76.1", 
            "description": "Default gateway of local subnet.", 
            "output_key": "default_gateway"
        }, 
        {
            "output_value": "82712b89-c35c-4276-83cb-818860d41f9e", 
            "description": "A unique id for the network.", 
            "output_key": "network_id"
        }, 
        {
            "output_value": "5a79909b-2bf3-4e26-8a9c-0bf6bb175457", 
            "description": "IPAM this local subnet uses.", 
            "output_key": "ipam"
        }, 
        {
            "output_value": "38fd7f19-b60e-438b-b4cf-b367d315fa38", 
            "description": "A unique id for the local subnet.", 
            "output_key": "id"
        }
    ], 
    "orchestration_state": "CREATE_COMPLETE"
}]
2018-02-12 07:46:53,747:DEBUG:New etcd client created for etcd-server:2379/v2
2018-02-12 07:46:53,748:DEBUG:About to wait on key /esi-worker/job_state, index None
2018-02-12 07:46:53,748:DEBUG:Issuing read for key /esi-worker/job_state with args {'recursive': True, 'timeout': None, 'wait': True}
2018-02-12 07:46:53,749:DEBUG:Starting new HTTP connection (1): etcd-server
2018-02-12 07:46:53,751:DEBUG:http://etcd-server:2379 "GET /v2/keys/esi-worker/job_state?recursive=true&wait=true HTTP/1.1" 200 None
2018-02-12 07:46:53,761:DEBUG:
*** Consume stored data in etcd ***
 action=[compareAndDelete], key=[/esi-worker/job_state/v2.0/subnets/a11785e2-0c2b-4131-9144-349155f958f5],
 value=[]
2018-02-12 07:46:53,761:DEBUG:New etcd client created for etcd-server:2379/v2
2018-02-12 07:46:53,762:DEBUG:About to wait on key /esi-worker/job_state, index None
2018-02-12 07:46:53,763:DEBUG:Issuing read for key /esi-worker/job_state with args {'recursive': True, 'timeout': None, 'wait': True}
2018-02-12 07:46:53,764:DEBUG:Starting new HTTP connection (1): etcd-server
2018-02-12 07:46:53,767:DEBUG:http://etcd-server:2379 "GET /v2/keys/esi-worker/job_state?recursive=true&wait=true HTTP/1.1" 200 None
2018-02-12 07:46:59,851:DEBUG:
*** Consume stored data in etcd ***
 action=[set], key=[/esi-worker/job_state/v2.0/ports/472879c4-4611-4762-a069-293e0081bcbf],
 value=[{}]
2018-02-12 07:46:59,851:DEBUG:New etcd client created for etcd-server:2379/v2
2018-02-12 07:46:59,852:DEBUG:About to wait on key /esi-worker/job_state, index None
2018-02-12 07:46:59,852:DEBUG:Issuing read for key /esi-worker/job_state with args {'recursive': True, 'timeout': None, 'wait': True}
2018-02-12 07:46:59,853:DEBUG:Starting new HTTP connection (1): etcd-server
2018-02-12 07:46:59,855:DEBUG:http://etcd-server:2379 "GET /v2/keys/esi-worker/job_state?recursive=true&wait=true HTTP/1.1" 200 None
2018-02-12 07:46:59,898:DEBUG:
*** Consume stored data in etcd ***
 action=[set], key=[/esi-worker/job_state/v2.0/vnf_instances/44799fe4-6fbf-4a5d-a2bc-ccd45e9f04eb],
 value=[{}]
2018-02-12 07:46:59,899:DEBUG:New etcd client created for etcd-server:2379/v2
2018-02-12 07:46:59,899:DEBUG:About to wait on key /esi-worker/job_state, index None
2018-02-12 07:46:59,900:DEBUG:Issuing read for key /esi-worker/job_state with args {'recursive': True, 'timeout': None, 'wait': True}
2018-02-12 07:46:59,900:DEBUG:Starting new HTTP connection (1): etcd-server
2018-02-12 07:46:59,902:DEBUG:http://etcd-server:2379 "GET /v2/keys/esi-worker/job_state?recursive=true&wait=true HTTP/1.1" 200 None
2018-02-12 07:47:03,174:DEBUG:
*** Consume stored data in etcd ***
 action=[compareAndSwap], key=[/esi-worker/job_state/v2.0/ports/472879c4-4611-4762-a069-293e0081bcbf],
 value=[{
    "heat_outputs": [
        {
            "output_value": [
                [
                    "default-domain", 
                    "admin", 
                    "b62eefe0-0872-478d-adfe-1a606320f0e7"
                ]
            ], 
            "description": "Virtual network.", 
            "output_key": "virtual_network"
        }, 
        {
            "output_value": "default-domain:admin:f68d0924-ef20-4c1b-ac45-0e6b879af5e7", 
            "description": "Fully Qualified Name of the VMI", 
            "output_key": "fq_name"
        }, 
        {
            "output_value": "f68d0924-ef20-4c1b-ac45-0e6b879af5e7", 
            "description": "A unique id for the virtual machine interface.", 
            "output_key": "id"
        }, 
        {
            "output_value": {
                "allowed_address_pair": []
            }, 
            "description": "Virtual machine allowed address pairs.", 
            "output_key": "allowed_address_pairs"
        }, 
        {
            "output_value": [
                "fa:16:3e:f7:60:7f"
            ], 
            "description": "Virtual machine interface mac address.", 
            "output_key": "mac_address"
        }
    ], 
    "orchestration_state": "CREATE_COMPLETE"
}]
2018-02-12 07:47:03,174:DEBUG:New etcd client created for etcd-server:2379/v2
2018-02-12 07:47:03,175:DEBUG:About to wait on key /esi-worker/job_state, index None
2018-02-12 07:47:03,176:DEBUG:Issuing read for key /esi-worker/job_state with args {'recursive': True, 'timeout': None, 'wait': True}
2018-02-12 07:47:03,176:DEBUG:Starting new HTTP connection (1): etcd-server
2018-02-12 07:47:03,178:DEBUG:http://etcd-server:2379 "GET /v2/keys/esi-worker/job_state?recursive=true&wait=true HTTP/1.1" 200 None
2018-02-12 07:47:03,194:DEBUG:
*** Consume stored data in etcd ***
 action=[compareAndDelete], key=[/esi-worker/job_state/v2.0/ports/472879c4-4611-4762-a069-293e0081bcbf],
 value=[]
2018-02-12 07:47:03,195:DEBUG:New etcd client created for etcd-server:2379/v2
2018-02-12 07:47:03,195:DEBUG:About to wait on key /esi-worker/job_state, index None
2018-02-12 07:47:03,196:DEBUG:Issuing read for key /esi-worker/job_state with args {'recursive': True, 'timeout': None, 'wait': True}
2018-02-12 07:47:03,196:DEBUG:Starting new HTTP connection (1): etcd-server
2018-02-12 07:47:03,199:DEBUG:http://etcd-server:2379 "GET /v2/keys/esi-worker/job_state?recursive=true&wait=true HTTP/1.1" 200 None
2018-02-12 07:47:06,983:DEBUG:
*** Consume stored data in etcd ***
 action=[set], key=[/esi-worker/job_state/v2.0/ports/dea87c7b-b43f-4936-8e32-8995b038b3f8],
 value=[{}]
2018-02-12 07:47:06,984:DEBUG:New etcd client created for etcd-server:2379/v2
2018-02-12 07:47:06,985:DEBUG:About to wait on key /esi-worker/job_state, index None
2018-02-12 07:47:06,985:DEBUG:Issuing read for key /esi-worker/job_state with args {'recursive': True, 'timeout': None, 'wait': True}
2018-02-12 07:47:06,986:DEBUG:Starting new HTTP connection (1): etcd-server
2018-02-12 07:47:06,987:DEBUG:http://etcd-server:2379 "GET /v2/keys/esi-worker/job_state?recursive=true&wait=true HTTP/1.1" 200 None
2018-02-12 07:47:11,230:DEBUG:
*** Consume stored data in etcd ***
 action=[compareAndSwap], key=[/esi-worker/job_state/v2.0/ports/dea87c7b-b43f-4936-8e32-8995b038b3f8],
 value=[{
    "heat_outputs": [], 
    "orchestration_state": "DELETE_COMPLETE"
}]
2018-02-12 07:47:11,231:DEBUG:New etcd client created for etcd-server:2379/v2
2018-02-12 07:47:11,232:DEBUG:About to wait on key /esi-worker/job_state, index None
2018-02-12 07:47:11,232:DEBUG:Issuing read for key /esi-worker/job_state with args {'recursive': True, 'timeout': None, 'wait': True}
2018-02-12 07:47:11,232:DEBUG:Starting new HTTP connection (1): etcd-server
2018-02-12 07:47:11,234:DEBUG:http://etcd-server:2379 "GET /v2/keys/esi-worker/job_state?recursive=true&wait=true HTTP/1.1" 200 None
2018-02-12 07:47:11,259:DEBUG:
*** Consume stored data in etcd ***
 action=[compareAndDelete], key=[/esi-worker/job_state/v2.0/ports/dea87c7b-b43f-4936-8e32-8995b038b3f8],
 value=[]
2018-02-12 07:47:11,259:DEBUG:New etcd client created for etcd-server:2379/v2
2018-02-12 07:47:11,260:DEBUG:About to wait on key /esi-worker/job_state, index None
2018-02-12 07:47:11,260:DEBUG:Issuing read for key /esi-worker/job_state with args {'recursive': True, 'timeout': None, 'wait': True}
2018-02-12 07:47:11,261:DEBUG:Starting new HTTP connection (1): etcd-server
2018-02-12 07:47:11,262:DEBUG:http://etcd-server:2379 "GET /v2/keys/esi-worker/job_state?recursive=true&wait=true HTTP/1.1" 200 None
2018-02-12 07:47:13,193:DEBUG:
*** Consume stored data in etcd ***
 action=[set], key=[/esi-worker/job_state/v2.0/ports/fd09eda4-10b1-4534-984a-7124c338c69d],
 value=[{}]
2018-02-12 07:47:13,194:DEBUG:New etcd client created for etcd-server:2379/v2
2018-02-12 07:47:13,194:DEBUG:About to wait on key /esi-worker/job_state, index None
2018-02-12 07:47:13,195:DEBUG:Issuing read for key /esi-worker/job_state with args {'recursive': True, 'timeout': None, 'wait': True}
2018-02-12 07:47:13,195:DEBUG:Starting new HTTP connection (1): etcd-server
2018-02-12 07:47:13,197:DEBUG:http://etcd-server:2379 "GET /v2/keys/esi-worker/job_state?recursive=true&wait=true HTTP/1.1" 200 None
2018-02-12 07:47:24,131:DEBUG:
*** Consume stored data in etcd ***
 action=[compareAndSwap], key=[/esi-worker/job_state/v2.0/ports/fd09eda4-10b1-4534-984a-7124c338c69d],
 value=[{
    "heat_outputs": [
        {
            "output_value": [
                [
                    "default-domain", 
                    "admin", 
                    "b62eefe0-0872-478d-adfe-1a606320f0e7"
                ]
            ], 
            "description": "Virtual network.", 
            "output_key": "virtual_network"
        }, 
        {
            "output_value": "default-domain:admin:f68d0924-ef20-4c1b-ac45-0e6b879af5e7", 
            "description": "Fully Qualified Name of the VMI", 
            "output_key": "fq_name"
        }, 
        {
            "output_value": "f68d0924-ef20-4c1b-ac45-0e6b879af5e7", 
            "description": "A unique id for the virtual machine interface.", 
            "output_key": "id"
        }, 
        {
            "output_value": {
                "allowed_address_pair": []
            }, 
            "description": "Virtual machine allowed address pairs.", 
            "output_key": "allowed_address_pairs"
        }, 
        {
            "output_value": [
                "fa:16:3e:f7:60:7f"
            ], 
            "description": "Virtual machine interface mac address.", 
            "output_key": "mac_address"
        }
    ], 
    "orchestration_state": "UPDATE_COMPLETE"
}]
2018-02-12 07:47:24,131:DEBUG:New etcd client created for etcd-server:2379/v2
2018-02-12 07:47:24,132:DEBUG:About to wait on key /esi-worker/job_state, index None
2018-02-12 07:47:24,132:DEBUG:Issuing read for key /esi-worker/job_state with args {'recursive': True, 'timeout': None, 'wait': True}
2018-02-12 07:47:24,133:DEBUG:Starting new HTTP connection (1): etcd-server
2018-02-12 07:47:24,135:DEBUG:http://etcd-server:2379 "GET /v2/keys/esi-worker/job_state?recursive=true&wait=true HTTP/1.1" 200 None
2018-02-12 07:47:24,149:DEBUG:
*** Consume stored data in etcd ***
 action=[compareAndDelete], key=[/esi-worker/job_state/v2.0/ports/fd09eda4-10b1-4534-984a-7124c338c69d],
 value=[]
2018-02-12 07:47:24,150:DEBUG:New etcd client created for etcd-server:2379/v2
2018-02-12 07:47:24,150:DEBUG:About to wait on key /esi-worker/job_state, index None
2018-02-12 07:47:24,151:DEBUG:Issuing read for key /esi-worker/job_state with args {'recursive': True, 'timeout': None, 'wait': True}
2018-02-12 07:47:24,152:DEBUG:Starting new HTTP connection (1): etcd-server
2018-02-12 07:47:24,153:DEBUG:http://etcd-server:2379 "GET /v2/keys/esi-worker/job_state?recursive=true&wait=true HTTP/1.1" 200 None
2018-02-12 07:48:25,687:DEBUG:
*** Consume stored data in etcd ***
 action=[set], key=[/esi-worker/job_state/v2.0/ports/472879c4-4611-4762-a069-293e0081bcbf],
 value=[{}]
2018-02-12 07:48:25,688:DEBUG:New etcd client created for etcd-server:2379/v2
2018-02-12 07:48:25,689:DEBUG:About to wait on key /esi-worker/job_state, index None
2018-02-12 07:48:25,689:DEBUG:Issuing read for key /esi-worker/job_state with args {'recursive': True, 'timeout': None, 'wait': True}
2018-02-12 07:48:25,690:DEBUG:Starting new HTTP connection (1): etcd-server
2018-02-12 07:48:25,694:DEBUG:http://etcd-server:2379 "GET /v2/keys/esi-worker/job_state?recursive=true&wait=true HTTP/1.1" 200 None
2018-02-12 07:48:36,271:DEBUG:
*** Consume stored data in etcd ***
 action=[compareAndSwap], key=[/esi-worker/job_state/v2.0/ports/472879c4-4611-4762-a069-293e0081bcbf],
 value=[{
    "heat_outputs": [
        {
            "output_value": [
                [
                    "default-domain", 
                    "admin", 
                    "b62eefe0-0872-478d-adfe-1a606320f0e7"
                ]
            ], 
            "description": "Virtual network.", 
            "output_key": "virtual_network"
        }, 
        {
            "output_value": "default-domain:admin:f68d0924-ef20-4c1b-ac45-0e6b879af5e7", 
            "description": "Fully Qualified Name of the VMI", 
            "output_key": "fq_name"
        }, 
        {
            "output_value": "f68d0924-ef20-4c1b-ac45-0e6b879af5e7", 
            "description": "A unique id for the virtual machine interface.", 
            "output_key": "id"
        }, 
        {
            "output_value": {
                "allowed_address_pair": []
            }, 
            "description": "Virtual machine allowed address pairs.", 
            "output_key": "allowed_address_pairs"
        }, 
        {
            "output_value": [
                "fa:16:3e:f7:60:7f"
            ], 
            "description": "Virtual machine interface mac address.", 
            "output_key": "mac_address"
        }
    ], 
    "orchestration_state": "UPDATE_COMPLETE"
}]
2018-02-12 07:48:36,271:DEBUG:New etcd client created for etcd-server:2379/v2
2018-02-12 07:48:36,272:DEBUG:About to wait on key /esi-worker/job_state, index None
2018-02-12 07:48:36,272:DEBUG:Issuing read for key /esi-worker/job_state with args {'recursive': True, 'timeout': None, 'wait': True}
2018-02-12 07:48:36,274:DEBUG:Starting new HTTP connection (1): etcd-server
2018-02-12 07:48:36,276:DEBUG:http://etcd-server:2379 "GET /v2/keys/esi-worker/job_state?recursive=true&wait=true HTTP/1.1" 200 None
2018-02-12 07:48:36,283:DEBUG:
*** Consume stored data in etcd ***
 action=[compareAndDelete], key=[/esi-worker/job_state/v2.0/ports/472879c4-4611-4762-a069-293e0081bcbf],
 value=[]
2018-02-12 07:48:36,284:DEBUG:New etcd client created for etcd-server:2379/v2
2018-02-12 07:48:36,285:DEBUG:About to wait on key /esi-worker/job_state, index None
2018-02-12 07:48:36,285:DEBUG:Issuing read for key /esi-worker/job_state with args {'recursive': True, 'timeout': None, 'wait': True}
2018-02-12 07:48:36,286:DEBUG:Starting new HTTP connection (1): etcd-server
2018-02-12 07:48:36,287:DEBUG:http://etcd-server:2379 "GET /v2/keys/esi-worker/job_state?recursive=true&wait=true HTTP/1.1" 200 None
2018-02-12 07:48:36,434:DEBUG:
*** Consume stored data in etcd ***
 action=[set], key=[/esi-worker/job_state/v2.0/ports/472879c4-4611-4762-a069-293e0081bcbf],
 value=[{}]
2018-02-12 07:48:36,434:DEBUG:New etcd client created for etcd-server:2379/v2
2018-02-12 07:48:36,435:DEBUG:About to wait on key /esi-worker/job_state, index None
2018-02-12 07:48:36,435:DEBUG:Issuing read for key /esi-worker/job_state with args {'recursive': True, 'timeout': None, 'wait': True}
2018-02-12 07:48:36,436:DEBUG:Starting new HTTP connection (1): etcd-server
2018-02-12 07:48:36,438:DEBUG:http://etcd-server:2379 "GET /v2/keys/esi-worker/job_state?recursive=true&wait=true HTTP/1.1" 200 None
2018-02-12 07:48:38,847:DEBUG:
*** Consume stored data in etcd ***
 action=[set], key=[/esi-worker/job_state/v2.0/ports/fd09eda4-10b1-4534-984a-7124c338c69d],
 value=[{}]
2018-02-12 07:48:38,847:DEBUG:New etcd client created for etcd-server:2379/v2
2018-02-12 07:48:38,848:DEBUG:About to wait on key /esi-worker/job_state, index None
2018-02-12 07:48:38,848:DEBUG:Issuing read for key /esi-worker/job_state with args {'recursive': True, 'timeout': None, 'wait': True}
2018-02-12 07:48:38,849:DEBUG:Starting new HTTP connection (1): etcd-server
2018-02-12 07:48:38,851:DEBUG:http://etcd-server:2379 "GET /v2/keys/esi-worker/job_state?recursive=true&wait=true HTTP/1.1" 200 None
2018-02-12 07:48:46,873:DEBUG:
*** Consume stored data in etcd ***
 action=[compareAndSwap], key=[/esi-worker/job_state/v2.0/ports/472879c4-4611-4762-a069-293e0081bcbf],
 value=[{
    "heat_outputs": [
        {
            "output_value": "default-domain:admin:f68d0924-ef20-4c1b-ac45-0e6b879af5e7", 
            "description": "Fully Qualified Name of the VMI", 
            "output_key": "fq_name"
        }, 
        {
            "output_value": {
                "allowed_address_pair": []
            }, 
            "description": "Virtual machine allowed address pairs.", 
            "output_key": "allowed_address_pairs"
        }, 
        {
            "output_value": "7d227407-399b-4404-9178-f9322665bb38", 
            "description": "Monitoring Target ID", 
            "output_key": "monitoring_target_id"
        }, 
        {
            "output_value": [
                "fa:16:3e:f7:60:7f"
            ], 
            "description": "Virtual machine interface mac address.", 
            "output_key": "mac_address"
        }, 
        {
            "output_value": [
                [
                    "default-domain", 
                    "admin", 
                    "b62eefe0-0872-478d-adfe-1a606320f0e7"
                ]
            ], 
            "description": "Virtual network.", 
            "output_key": "virtual_network"
        }, 
        {
            "output_value": "f68d0924-ef20-4c1b-ac45-0e6b879af5e7", 
            "description": "A unique id for the virtual machine interface.", 
            "output_key": "id"
        }, 
        {
            "output_value": "http://collector-agents-se:7070/targets/7d227407-399b-4404-9178-f9322665bb38", 
            "description": "Monitoring Process Link", 
            "output_key": "monitoring_link"
        }
    ], 
    "orchestration_state": "UPDATE_COMPLETE"
}]
2018-02-12 07:48:46,874:DEBUG:New etcd client created for etcd-server:2379/v2
2018-02-12 07:48:46,874:DEBUG:About to wait on key /esi-worker/job_state, index None
2018-02-12 07:48:46,875:DEBUG:Issuing read for key /esi-worker/job_state with args {'recursive': True, 'timeout': None, 'wait': True}
2018-02-12 07:48:46,876:DEBUG:Starting new HTTP connection (1): etcd-server
2018-02-12 07:48:46,879:DEBUG:http://etcd-server:2379 "GET /v2/keys/esi-worker/job_state?recursive=true&wait=true HTTP/1.1" 200 None
2018-02-12 07:48:46,884:DEBUG:
*** Consume stored data in etcd ***
 action=[compareAndDelete], key=[/esi-worker/job_state/v2.0/ports/472879c4-4611-4762-a069-293e0081bcbf],
 value=[]
2018-02-12 07:48:46,885:DEBUG:New etcd client created for etcd-server:2379/v2
2018-02-12 07:48:46,885:DEBUG:About to wait on key /esi-worker/job_state, index None
2018-02-12 07:48:46,886:DEBUG:Issuing read for key /esi-worker/job_state with args {'recursive': True, 'timeout': None, 'wait': True}
2018-02-12 07:48:46,886:DEBUG:Starting new HTTP connection (1): etcd-server
2018-02-12 07:48:46,889:DEBUG:http://etcd-server:2379 "GET /v2/keys/esi-worker/job_state?recursive=true&wait=true HTTP/1.1" 200 None
2018-02-12 07:48:49,204:DEBUG:
*** Consume stored data in etcd ***
 action=[compareAndSwap], key=[/esi-worker/job_state/v2.0/ports/fd09eda4-10b1-4534-984a-7124c338c69d],
 value=[{
    "heat_outputs": [
        {
            "output_value": [
                [
                    "default-domain", 
                    "admin", 
                    "b62eefe0-0872-478d-adfe-1a606320f0e7"
                ]
            ], 
            "description": "Virtual network.", 
            "output_key": "virtual_network"
        }, 
        {
            "output_value": "default-domain:admin:f68d0924-ef20-4c1b-ac45-0e6b879af5e7", 
            "description": "Fully Qualified Name of the VMI", 
            "output_key": "fq_name"
        }, 
        {
            "output_value": "f68d0924-ef20-4c1b-ac45-0e6b879af5e7", 
            "description": "A unique id for the virtual machine interface.", 
            "output_key": "id"
        }, 
        {
            "output_value": {
                "allowed_address_pair": []
            }, 
            "description": "Virtual machine allowed address pairs.", 
            "output_key": "allowed_address_pairs"
        }, 
        {
            "output_value": [
                "fa:16:3e:f7:60:7f"
            ], 
            "description": "Virtual machine interface mac address.", 
            "output_key": "mac_address"
        }
    ], 
    "orchestration_state": "UPDATE_COMPLETE"
}]
2018-02-12 07:48:49,205:DEBUG:New etcd client created for etcd-server:2379/v2
2018-02-12 07:48:49,206:DEBUG:About to wait on key /esi-worker/job_state, index None
2018-02-12 07:48:49,206:DEBUG:Issuing read for key /esi-worker/job_state with args {'recursive': True, 'timeout': None, 'wait': True}
2018-02-12 07:48:49,207:DEBUG:Starting new HTTP connection (1): etcd-server
2018-02-12 07:48:49,208:DEBUG:http://etcd-server:2379 "GET /v2/keys/esi-worker/job_state?recursive=true&wait=true HTTP/1.1" 200 None
2018-02-12 07:48:49,224:DEBUG:
*** Consume stored data in etcd ***
 action=[compareAndDelete], key=[/esi-worker/job_state/v2.0/ports/fd09eda4-10b1-4534-984a-7124c338c69d],
 value=[]
2018-02-12 07:48:49,225:DEBUG:New etcd client created for etcd-server:2379/v2
2018-02-12 07:48:49,226:DEBUG:About to wait on key /esi-worker/job_state, index None
2018-02-12 07:48:49,228:DEBUG:Issuing read for key /esi-worker/job_state with args {'recursive': True, 'timeout': None, 'wait': True}
2018-02-12 07:48:49,230:DEBUG:Starting new HTTP connection (1): etcd-server
2018-02-12 07:48:49,233:DEBUG:http://etcd-server:2379 "GET /v2/keys/esi-worker/job_state?recursive=true&wait=true HTTP/1.1" 200 None
2018-02-12 07:48:49,352:DEBUG:
*** Consume stored data in etcd ***
 action=[set], key=[/esi-worker/job_state/v2.0/ports/fd09eda4-10b1-4534-984a-7124c338c69d],
 value=[{}]
2018-02-12 07:48:49,352:DEBUG:New etcd client created for etcd-server:2379/v2
2018-02-12 07:48:49,353:DEBUG:About to wait on key /esi-worker/job_state, index None
2018-02-12 07:48:49,354:DEBUG:Issuing read for key /esi-worker/job_state with args {'recursive': True, 'timeout': None, 'wait': True}
2018-02-12 07:48:49,354:DEBUG:Starting new HTTP connection (1): etcd-server
2018-02-12 07:48:49,356:DEBUG:http://etcd-server:2379 "GET /v2/keys/esi-worker/job_state?recursive=true&wait=true HTTP/1.1" 200 None
2018-02-12 07:48:59,905:DEBUG:
*** Consume stored data in etcd ***
 action=[compareAndSwap], key=[/esi-worker/job_state/v2.0/ports/fd09eda4-10b1-4534-984a-7124c338c69d],
 value=[{
    "heat_outputs": [
        {
            "output_value": "default-domain:admin:f68d0924-ef20-4c1b-ac45-0e6b879af5e7", 
            "description": "Fully Qualified Name of the VMI", 
            "output_key": "fq_name"
        }, 
        {
            "output_value": {
                "allowed_address_pair": []
            }, 
            "description": "Virtual machine allowed address pairs.", 
            "output_key": "allowed_address_pairs"
        }, 
        {
            "output_value": "5f48c519-aee6-4aaa-8188-009763a5b95e", 
            "description": "Monitoring Target ID", 
            "output_key": "monitoring_target_id"
        }, 
        {
            "output_value": [
                "fa:16:3e:f7:60:7f"
            ], 
            "description": "Virtual machine interface mac address.", 
            "output_key": "mac_address"
        }, 
        {
            "output_value": [
                [
                    "default-domain", 
                    "admin", 
                    "b62eefe0-0872-478d-adfe-1a606320f0e7"
                ]
            ], 
            "description": "Virtual network.", 
            "output_key": "virtual_network"
        }, 
        {
            "output_value": "f68d0924-ef20-4c1b-ac45-0e6b879af5e7", 
            "description": "A unique id for the virtual machine interface.", 
            "output_key": "id"
        }, 
        {
            "output_value": "http://collector-agents-se:7070/targets/5f48c519-aee6-4aaa-8188-009763a5b95e", 
            "description": "Monitoring Process Link", 
            "output_key": "monitoring_link"
        }
    ], 
    "orchestration_state": "UPDATE_COMPLETE"
}]
2018-02-12 07:48:59,906:DEBUG:New etcd client created for etcd-server:2379/v2
2018-02-12 07:48:59,907:DEBUG:About to wait on key /esi-worker/job_state, index None
2018-02-12 07:48:59,907:DEBUG:Issuing read for key /esi-worker/job_state with args {'recursive': True, 'timeout': None, 'wait': True}
2018-02-12 07:48:59,908:DEBUG:Starting new HTTP connection (1): etcd-server
2018-02-12 07:48:59,909:DEBUG:http://etcd-server:2379 "GET /v2/keys/esi-worker/job_state?recursive=true&wait=true HTTP/1.1" 200 None
2018-02-12 07:48:59,938:DEBUG:
*** Consume stored data in etcd ***
 action=[compareAndDelete], key=[/esi-worker/job_state/v2.0/ports/fd09eda4-10b1-4534-984a-7124c338c69d],
 value=[]
2018-02-12 07:48:59,938:DEBUG:New etcd client created for etcd-server:2379/v2
2018-02-12 07:48:59,939:DEBUG:About to wait on key /esi-worker/job_state, index None
2018-02-12 07:48:59,939:DEBUG:Issuing read for key /esi-worker/job_state with args {'recursive': True, 'timeout': None, 'wait': True}
2018-02-12 07:48:59,940:DEBUG:Starting new HTTP connection (1): etcd-server
2018-02-12 07:48:59,941:DEBUG:http://etcd-server:2379 "GET /v2/keys/esi-worker/job_state?recursive=true&wait=true HTTP/1.1" 200 None
2018-02-12 07:49:02,339:DEBUG:
*** Consume stored data in etcd ***
 action=[compareAndSwap], key=[/esi-worker/job_state/v2.0/vnf_instances/44799fe4-6fbf-4a5d-a2bc-ccd45e9f04eb],
 value=[{
    "heat_outputs": [
        {
            "output_value": "2e555b09-e0d7-4cce-8854-c481a2363917", 
            "description": "A unique id for the nova server.", 
            "output_key": "server_id"
        }, 
        {
            "output_value": "99de7768-161e-46ef-a973-2e794fd84382", 
            "description": "Monitoring Target ID", 
            "output_key": "monitoring_target_id"
        }, 
        {
            "output_value": "http://collector-agents-se:7070/targets/99de7768-161e-46ef-a973-2e794fd84382", 
            "description": "Monitoring Process Link", 
            "output_key": "monitoring_link"
        }
    ], 
    "orchestration_state": "UPDATE_COMPLETE"
}]
2018-02-12 07:49:02,340:DEBUG:New etcd client created for etcd-server:2379/v2
2018-02-12 07:49:02,340:DEBUG:About to wait on key /esi-worker/job_state, index None
2018-02-12 07:49:02,341:DEBUG:Issuing read for key /esi-worker/job_state with args {'recursive': True, 'timeout': None, 'wait': True}
2018-02-12 07:49:02,341:DEBUG:Starting new HTTP connection (1): etcd-server
2018-02-12 07:49:02,343:DEBUG:http://etcd-server:2379 "GET /v2/keys/esi-worker/job_state?recursive=true&wait=true HTTP/1.1" 200 None
2018-02-12 07:49:02,358:DEBUG:
*** Consume stored data in etcd ***
 action=[compareAndDelete], key=[/esi-worker/job_state/v2.0/vnf_instances/44799fe4-6fbf-4a5d-a2bc-ccd45e9f04eb],
 value=[]
2018-02-12 07:49:02,359:DEBUG:New etcd client created for etcd-server:2379/v2
2018-02-12 07:49:02,360:DEBUG:About to wait on key /esi-worker/job_state, index None
2018-02-12 07:49:02,360:DEBUG:Issuing read for key /esi-worker/job_state with args {'recursive': True, 'timeout': None, 'wait': True}
2018-02-12 07:49:02,361:DEBUG:Starting new HTTP connection (1): etcd-server
2018-02-12 07:49:02,364:DEBUG:http://etcd-server:2379 "GET /v2/keys/esi-worker/job_state?recursive=true&wait=true HTTP/1.1" 200 None
2018-02-12 07:49:02,395:DEBUG:
*** Consume stored data in etcd ***
 action=[set], key=[/esi-worker/job_state/v2.0/firewall_interfaces/3543155d-0d9a-43a3-ae77-3479cf8a0e4a],
 value=[{}]
2018-02-12 07:49:02,395:DEBUG:New etcd client created for etcd-server:2379/v2
2018-02-12 07:49:02,396:DEBUG:About to wait on key /esi-worker/job_state, index None
2018-02-12 07:49:02,397:DEBUG:Issuing read for key /esi-worker/job_state with args {'recursive': True, 'timeout': None, 'wait': True}
2018-02-12 07:49:02,397:DEBUG:Starting new HTTP connection (1): etcd-server
2018-02-12 07:49:02,399:DEBUG:http://etcd-server:2379 "GET /v2/keys/esi-worker/job_state?recursive=true&wait=true HTTP/1.1" 200 None
2018-02-12 07:49:07,885:DEBUG:
*** Consume stored data in etcd ***
 action=[compareAndSwap], key=[/esi-worker/job_state/v2.0/firewall_interfaces/3543155d-0d9a-43a3-ae77-3479cf8a0e4a],
 value=[{
    "heat_outputs": [
        {
            "output_value": "52573ce4-285d-4e48-859b-fdabcfc88a89", 
            "description": "Monitoring Target ID", 
            "output_key": "monitoring_target_id"
        }, 
        {
            "output_value": "http://collector-agents-se:7070/targets/52573ce4-285d-4e48-859b-fdabcfc88a89", 
            "description": "Monitoring Process Link", 
            "output_key": "monitoring_link"
        }
    ], 
    "orchestration_state": "UPDATE_COMPLETE"
}]
2018-02-12 07:49:07,885:DEBUG:New etcd client created for etcd-server:2379/v2
2018-02-12 07:49:07,886:DEBUG:About to wait on key /esi-worker/job_state, index None
2018-02-12 07:49:07,887:DEBUG:Issuing read for key /esi-worker/job_state with args {'recursive': True, 'timeout': None, 'wait': True}
2018-02-12 07:49:07,888:DEBUG:Starting new HTTP connection (1): etcd-server
2018-02-12 07:49:07,889:DEBUG:http://etcd-server:2379 "GET /v2/keys/esi-worker/job_state?recursive=true&wait=true HTTP/1.1" 200 None
2018-02-12 07:49:07,903:DEBUG:
*** Consume stored data in etcd ***
 action=[compareAndDelete], key=[/esi-worker/job_state/v2.0/firewall_interfaces/3543155d-0d9a-43a3-ae77-3479cf8a0e4a],
 value=[]
2018-02-12 07:49:07,904:DEBUG:New etcd client created for etcd-server:2379/v2
2018-02-12 07:49:07,905:DEBUG:About to wait on key /esi-worker/job_state, index None
2018-02-12 07:49:07,906:DEBUG:Issuing read for key /esi-worker/job_state with args {'recursive': True, 'timeout': None, 'wait': True}
2018-02-12 07:49:07,907:DEBUG:Starting new HTTP connection (1): etcd-server
2018-02-12 07:49:07,909:DEBUG:http://etcd-server:2379 "GET /v2/keys/esi-worker/job_state?recursive=true&wait=true HTTP/1.1" 200 None
2018-02-12 07:49:07,922:DEBUG:
*** Consume stored data in etcd ***
 action=[set], key=[/esi-worker/job_state/v2.0/firewalls/8e4c20be-d221-43f4-8325-0162c1f06166],
 value=[{}]
2018-02-12 07:49:07,923:DEBUG:New etcd client created for etcd-server:2379/v2
2018-02-12 07:49:07,924:DEBUG:About to wait on key /esi-worker/job_state, index None
2018-02-12 07:49:07,924:DEBUG:Issuing read for key /esi-worker/job_state with args {'recursive': True, 'timeout': None, 'wait': True}
2018-02-12 07:49:07,932:DEBUG:Starting new HTTP connection (1): etcd-server
2018-02-12 07:49:07,935:DEBUG:http://etcd-server:2379 "GET /v2/keys/esi-worker/job_state?recursive=true&wait=true HTTP/1.1" 200 None
2018-02-12 07:49:17,927:DEBUG:
*** Consume stored data in etcd ***
 action=[compareAndSwap], key=[/esi-worker/job_state/v2.0/firewalls/8e4c20be-d221-43f4-8325-0162c1f06166],
 value=[{
    "heat_outputs": [
        {
            "output_value": "a5eddd6b-1de5-4199-8c1b-a4e9f3f4eab6", 
            "description": "Monitoring Target ID", 
            "output_key": "monitoring_target_id"
        }, 
        {
            "output_value": "http://collector-agents-se:7070/targets/a5eddd6b-1de5-4199-8c1b-a4e9f3f4eab6", 
            "description": "Monitoring Process Link", 
            "output_key": "monitoring_link"
        }
    ], 
    "orchestration_state": "UPDATE_COMPLETE"
}]
2018-02-12 07:49:17,927:DEBUG:New etcd client created for etcd-server:2379/v2
2018-02-12 07:49:17,927:DEBUG:About to wait on key /esi-worker/job_state, index None
2018-02-12 07:49:17,928:DEBUG:Issuing read for key /esi-worker/job_state with args {'recursive': True, 'timeout': None, 'wait': True}
2018-02-12 07:49:17,928:DEBUG:Starting new HTTP connection (1): etcd-server
2018-02-12 07:49:17,930:DEBUG:http://etcd-server:2379 "GET /v2/keys/esi-worker/job_state?recursive=true&wait=true HTTP/1.1" 200 None
2018-02-12 07:49:17,955:DEBUG:
*** Consume stored data in etcd ***
 action=[compareAndDelete], key=[/esi-worker/job_state/v2.0/firewalls/8e4c20be-d221-43f4-8325-0162c1f06166],
 value=[]
2018-02-12 07:49:17,956:DEBUG:New etcd client created for etcd-server:2379/v2
2018-02-12 07:49:17,956:DEBUG:About to wait on key /esi-worker/job_state, index None
2018-02-12 07:49:17,957:DEBUG:Issuing read for key /esi-worker/job_state with args {'recursive': True, 'timeout': None, 'wait': True}
2018-02-12 07:49:17,957:DEBUG:Starting new HTTP connection (1): etcd-server
2018-02-12 07:49:17,958:DEBUG:http://etcd-server:2379 "GET /v2/keys/esi-worker/job_state?recursive=true&wait=true HTTP/1.1" 200 None
