2017-05-11 03:02:21,123 [1;37mINFO[0m monitoring_worker - Registered gohan 2-step delete flag: marked_for_deletion (resources.py - 62)
2017-05-11 03:02:21,123 [1;34mDEBUG[0m monitoring_worker - Gohan config path: /config (resources.py - 274)
2017-05-11 03:02:21,123 [1;34mDEBUG[0m monitoring_worker - Gohan state path: /state (resources.py - 298)
2017-05-11 03:02:21,361 [1;33mWARNING[0m monitoring_worker - Could not reach gohan. Retrying in 1s. (gohan.py - 27)
2017-05-11 03:02:22,364 [1;33mWARNING[0m monitoring_worker - Could not reach gohan. Retrying in 2s. (gohan.py - 27)
2017-05-11 03:02:24,367 [1;33mWARNING[0m monitoring_worker - Could not reach gohan. Retrying in 4s. (gohan.py - 27)
2017-05-11 03:02:28,371 [1;33mWARNING[0m monitoring_worker - Could not reach gohan. Retrying in 8s. (gohan.py - 27)
2017-05-11 03:02:36,377 [1;33mWARNING[0m monitoring_worker - Could not reach gohan. Retrying in 16s. (gohan.py - 27)
2017-05-11 03:02:52,396 [1;33mWARNING[0m monitoring_worker - Could not reach gohan. Retrying in 16s. (gohan.py - 27)
2017-05-11 03:03:08,414 [1;33mWARNING[0m monitoring_worker - Could not reach gohan. Retrying in 16s. (gohan.py - 27)
================================================
2017-05-11 03:03:25,530 [1;34mDEBUG[0m monitoring_worker - Starting worker. (etcd_worker.py - 229)
2017-05-11 03:03:25,531 [1;34mDEBUG[0m monitoring_worker - Worker started. (etcd_worker.py - 232)
2017-05-11 03:03:25,531 [1;34mDEBUG[0m monitoring_worker - Waiting for a job. (etcd_worker.py - 217)
2017-05-11 03:03:25,531 [1;34mDEBUG[0m monitoring_worker - 8 job slots available (etcd_worker.py - 212)
2017-05-11 03:03:55,567 [1;34mDEBUG[0m monitoring_worker - GetJob timeout. (etcd_worker.py - 225)
2017-05-11 03:03:55,567 [1;34mDEBUG[0m monitoring_worker - Waiting for a job. (etcd_worker.py - 217)
2017-05-11 03:03:55,568 [1;34mDEBUG[0m monitoring_worker - 8 job slots available (etcd_worker.py - 212)
2017-05-11 03:04:05,937 [1;34mDEBUG[0m monitoring_worker - Reserved job: create:monitoring_worker:ese_device:9f05b260-26ca-46f7-98c3-ad88e411a989:1:8sz98 using id: 1252a58e-a78f-4aa6-8845-fe1d0ed2c23b (job_queue.py - 245)
2017-05-11 03:04:05,938 [1;34mDEBUG[0m monitoring_worker - Waiting for a job. (etcd_worker.py - 217)
2017-05-11 03:04:05,939 [1;34mDEBUG[0m monitoring_worker - 7 job slots available (etcd_worker.py - 212)
2017-05-11 03:04:05,943 [1;34mDEBUG[0m monitoring_worker - Starting work on new ready job create:monitoring_worker:ese_device:9f05b260-26ca-46f7-98c3-ad88e411a989:1:8sz98 (etcd_worker.py - 113)
2017-05-11 03:04:05,944 [1;34mDEBUG[0m monitoring_worker - Running job create ese_device:9f05b260-26ca-46f7-98c3-ad88e411a989 (monitoring_worker.py - 178)
2017-05-11 03:04:05,944 [1;34mDEBUG[0m monitoring_worker - Template id ese_device_monitoring resolved from mapping: Cese_device_monitoring (resources.py - 838)
2017-05-11 03:04:05,991 [1;34mDEBUG[0m monitoring_worker - Posted message to topic: "monitor_snmp_device", data: {'gohan_resource_type': u'ese_devices', 'name': 'switch', 'tenant_id': u'0b576f6f4cbf414f829cd12f008bf08f', 'version': 1, 'action': u'create', 'gohan_id': u'9f05b260-26ca-46f7-98c3-ad88e411a989', 'properties': {'ip': '10.161.0.34', 'community_name': 'ESE_NODE_COMMUNITY', 'mibs': []}} (monitoring_kafka.py - 61)
2017-05-11 03:04:05,992 [1;34mDEBUG[0m monitoring_worker - Finished job create ese_device:9f05b260-26ca-46f7-98c3-ad88e411a989, status:
{'switch': 'ACTIVE'} (monitoring_worker.py - 189)
2017-05-11 03:04:06,030 [1;34mDEBUG[0m monitoring_worker - Job create:monitoring_worker:ese_device:9f05b260-26ca-46f7-98c3-ad88e411a989:1:8sz98 finished. (job_queue.py - 266)
2017-05-11 03:04:06,031 [1;34mDEBUG[0m monitoring_worker - Trying to delete internal process state for resource ese_device:9f05b260-26ca-46f7-98c3-ad88e411a989 (resources.py - 706)
2017-05-11 03:04:11,806 [1;34mDEBUG[0m monitoring_worker - Reserved job: create:monitoring_worker:ese_physical_port:976156ef-05b4-47f4-9497-a36531563a08:1:vr0kv using id: 393915ca-ea41-48d5-9d4a-2454a7a7d420 (job_queue.py - 245)
2017-05-11 03:04:11,808 [1;34mDEBUG[0m monitoring_worker - Waiting for a job. (etcd_worker.py - 217)
2017-05-11 03:04:11,808 [1;34mDEBUG[0m monitoring_worker - 7 job slots available (etcd_worker.py - 212)
2017-05-11 03:04:11,813 [1;34mDEBUG[0m monitoring_worker - Starting work on new ready job create:monitoring_worker:ese_physical_port:976156ef-05b4-47f4-9497-a36531563a08:1:vr0kv (etcd_worker.py - 113)
2017-05-11 03:04:11,813 [1;34mDEBUG[0m monitoring_worker - Running job create ese_physical_port:976156ef-05b4-47f4-9497-a36531563a08 (monitoring_worker.py - 178)
2017-05-11 03:04:11,821 [1;34mDEBUG[0m monitoring_worker - Template id ese_physical_port_monitoring resolved from mapping: Cese_physical_port_monitoring (resources.py - 838)
2017-05-11 03:04:11,832 [1;34mDEBUG[0m monitoring_worker - Posted message to topic: "monitor_physical_port", data: {'gohan_resource_type': u'ese_physical_ports', 'name': 'port', 'tenant_id': u'0b576f6f4cbf414f829cd12f008bf08f', 'version': 1, 'action': u'create', 'gohan_id': u'976156ef-05b4-47f4-9497-a36531563a08', 'properties': {'community_name': 'ESE_NODE_COMMUNITY', 'device_ip': '10.161.0.34', 'name': 'xe-0/0/3'}} (monitoring_kafka.py - 61)
2017-05-11 03:04:11,832 [1;34mDEBUG[0m monitoring_worker - Finished job create ese_physical_port:976156ef-05b4-47f4-9497-a36531563a08, status:
{'port': 'ACTIVE'} (monitoring_worker.py - 189)
2017-05-11 03:04:11,881 [1;34mDEBUG[0m monitoring_worker - Job create:monitoring_worker:ese_physical_port:976156ef-05b4-47f4-9497-a36531563a08:1:vr0kv finished. (job_queue.py - 266)
2017-05-11 03:04:11,882 [1;34mDEBUG[0m monitoring_worker - Trying to delete internal process state for resource ese_physical_port:976156ef-05b4-47f4-9497-a36531563a08 (resources.py - 706)
2017-05-11 03:04:17,768 [1;34mDEBUG[0m monitoring_worker - Reserved job: create:monitoring_worker:ese_physical_port:5b2dee2e-7420-4cd4-b270-5081eb9eb371:1:d42r8 using id: 58fa5066-3138-4a6a-971b-37833882ba20 (job_queue.py - 245)
2017-05-11 03:04:17,769 [1;34mDEBUG[0m monitoring_worker - Waiting for a job. (etcd_worker.py - 217)
2017-05-11 03:04:17,769 [1;34mDEBUG[0m monitoring_worker - 7 job slots available (etcd_worker.py - 212)
2017-05-11 03:04:17,773 [1;34mDEBUG[0m monitoring_worker - Starting work on new ready job create:monitoring_worker:ese_physical_port:5b2dee2e-7420-4cd4-b270-5081eb9eb371:1:d42r8 (etcd_worker.py - 113)
2017-05-11 03:04:17,775 [1;34mDEBUG[0m monitoring_worker - Running job create ese_physical_port:5b2dee2e-7420-4cd4-b270-5081eb9eb371 (monitoring_worker.py - 178)
2017-05-11 03:04:17,775 [1;34mDEBUG[0m monitoring_worker - Template id ese_physical_port_monitoring resolved from mapping: Cese_physical_port_monitoring (resources.py - 838)
2017-05-11 03:04:17,785 [1;34mDEBUG[0m monitoring_worker - Posted message to topic: "monitor_physical_port", data: {'gohan_resource_type': u'ese_physical_ports', 'name': 'port', 'tenant_id': u'0b576f6f4cbf414f829cd12f008bf08f', 'version': 1, 'action': u'create', 'gohan_id': u'5b2dee2e-7420-4cd4-b270-5081eb9eb371', 'properties': {'community_name': 'ESE_NODE_COMMUNITY', 'device_ip': '10.161.0.34', 'name': 'xe-0/0/4'}} (monitoring_kafka.py - 61)
2017-05-11 03:04:17,785 [1;34mDEBUG[0m monitoring_worker - Finished job create ese_physical_port:5b2dee2e-7420-4cd4-b270-5081eb9eb371, status:
{'port': 'ACTIVE'} (monitoring_worker.py - 189)
2017-05-11 03:04:17,826 [1;34mDEBUG[0m monitoring_worker - Job create:monitoring_worker:ese_physical_port:5b2dee2e-7420-4cd4-b270-5081eb9eb371:1:d42r8 finished. (job_queue.py - 266)
2017-05-11 03:04:17,827 [1;34mDEBUG[0m monitoring_worker - Trying to delete internal process state for resource ese_physical_port:5b2dee2e-7420-4cd4-b270-5081eb9eb371 (resources.py - 706)
2017-05-11 03:04:21,970 [1;34mDEBUG[0m monitoring_worker - Reserved job: create:monitoring_worker:edge_router:8aba84f9-4675-4d22-a231-e9eabde80818:1:lxyfm using id: 82dca36f-8ea5-4ded-a115-7745ea64dcba (job_queue.py - 245)
2017-05-11 03:04:21,972 [1;34mDEBUG[0m monitoring_worker - Waiting for a job. (etcd_worker.py - 217)
2017-05-11 03:04:21,972 [1;34mDEBUG[0m monitoring_worker - 7 job slots available (etcd_worker.py - 212)
2017-05-11 03:04:21,981 [1;34mDEBUG[0m monitoring_worker - Starting work on new ready job create:monitoring_worker:edge_router:8aba84f9-4675-4d22-a231-e9eabde80818:1:lxyfm (etcd_worker.py - 113)
2017-05-11 03:04:21,982 [1;34mDEBUG[0m monitoring_worker - Running job create edge_router:8aba84f9-4675-4d22-a231-e9eabde80818 (monitoring_worker.py - 178)
2017-05-11 03:04:21,982 [1;34mDEBUG[0m monitoring_worker - Template id edge_router_monitoring resolved from mapping: Cedge_router_monitoring (resources.py - 838)
2017-05-11 03:04:21,996 [1;34mDEBUG[0m monitoring_worker - Posted message to topic: "monitor_snmp_device", data: {'gohan_resource_type': u'edge_routers', 'name': 'router', 'tenant_id': u'0b576f6f4cbf414f829cd12f008bf08f', 'version': 1, 'action': u'create', 'gohan_id': u'8aba84f9-4675-4d22-a231-e9eabde80818', 'properties': {'ip': '10.79.5.185', 'community_name': 'EDGE_ROUTER_COMMUNITY', 'mibs': []}} (monitoring_kafka.py - 61)
2017-05-11 03:04:21,996 [1;34mDEBUG[0m monitoring_worker - Finished job create edge_router:8aba84f9-4675-4d22-a231-e9eabde80818, status:
{'router': 'ACTIVE'} (monitoring_worker.py - 189)
2017-05-11 03:04:22,053 [1;34mDEBUG[0m monitoring_worker - Job create:monitoring_worker:edge_router:8aba84f9-4675-4d22-a231-e9eabde80818:1:lxyfm finished. (job_queue.py - 266)
2017-05-11 03:04:22,053 [1;34mDEBUG[0m monitoring_worker - Trying to delete internal process state for resource edge_router:8aba84f9-4675-4d22-a231-e9eabde80818 (resources.py - 706)
2017-05-11 03:04:23,860 [1;34mDEBUG[0m monitoring_worker - Reserved job: create:monitoring_worker:edge_router:769b5e3b-3320-41ec-9be0-4567b50f1aab:1:4y21l using id: 01125aad-7244-459d-afd4-b8a4f8120f78 (job_queue.py - 245)
2017-05-11 03:04:23,863 [1;34mDEBUG[0m monitoring_worker - Waiting for a job. (etcd_worker.py - 217)
2017-05-11 03:04:23,863 [1;34mDEBUG[0m monitoring_worker - 7 job slots available (etcd_worker.py - 212)
2017-05-11 03:04:23,875 [1;34mDEBUG[0m monitoring_worker - Starting work on new ready job create:monitoring_worker:edge_router:769b5e3b-3320-41ec-9be0-4567b50f1aab:1:4y21l (etcd_worker.py - 113)
2017-05-11 03:04:23,875 [1;34mDEBUG[0m monitoring_worker - Running job create edge_router:769b5e3b-3320-41ec-9be0-4567b50f1aab (monitoring_worker.py - 178)
2017-05-11 03:04:23,876 [1;34mDEBUG[0m monitoring_worker - Template id edge_router_monitoring resolved from mapping: Cedge_router_monitoring (resources.py - 838)
2017-05-11 03:04:23,885 [1;34mDEBUG[0m monitoring_worker - Posted message to topic: "monitor_snmp_device", data: {'gohan_resource_type': u'edge_routers', 'name': 'router', 'tenant_id': u'0b576f6f4cbf414f829cd12f008bf08f', 'version': 1, 'action': u'create', 'gohan_id': u'769b5e3b-3320-41ec-9be0-4567b50f1aab', 'properties': {'ip': '10.79.5.184', 'community_name': 'EDGE_ROUTER_COMMUNITY', 'mibs': []}} (monitoring_kafka.py - 61)
2017-05-11 03:04:23,885 [1;34mDEBUG[0m monitoring_worker - Finished job create edge_router:769b5e3b-3320-41ec-9be0-4567b50f1aab, status:
{'router': 'ACTIVE'} (monitoring_worker.py - 189)
2017-05-11 03:04:23,922 [1;34mDEBUG[0m monitoring_worker - Job create:monitoring_worker:edge_router:769b5e3b-3320-41ec-9be0-4567b50f1aab:1:4y21l finished. (job_queue.py - 266)
2017-05-11 03:04:23,924 [1;34mDEBUG[0m monitoring_worker - Trying to delete internal process state for resource edge_router:769b5e3b-3320-41ec-9be0-4567b50f1aab (resources.py - 706)
2017-05-11 03:04:25,894 [1;34mDEBUG[0m monitoring_worker - Reserved job: create:monitoring_worker:ha_router:3a3d7a43-d749-44e8-90bc-de7b37d1d258:1:qt83z using id: e31ac7fe-30b2-4e41-881e-146ec198c47e (job_queue.py - 245)
2017-05-11 03:04:25,896 [1;34mDEBUG[0m monitoring_worker - Waiting for a job. (etcd_worker.py - 217)
2017-05-11 03:04:25,896 [1;34mDEBUG[0m monitoring_worker - 7 job slots available (etcd_worker.py - 212)
2017-05-11 03:04:25,901 [1;34mDEBUG[0m monitoring_worker - Starting work on new ready job create:monitoring_worker:ha_router:3a3d7a43-d749-44e8-90bc-de7b37d1d258:1:qt83z (etcd_worker.py - 113)
2017-05-11 03:04:25,901 [1;34mDEBUG[0m monitoring_worker - Running job create ha_router:3a3d7a43-d749-44e8-90bc-de7b37d1d258 (monitoring_worker.py - 178)
2017-05-11 03:04:25,903 [1;34mDEBUG[0m monitoring_worker - Template id ha_router_monitoring resolved from mapping: Cha_router_monitoring (resources.py - 838)
2017-05-11 03:04:25,908 [1;34mDEBUG[0m monitoring_worker - Finished job create ha_router:3a3d7a43-d749-44e8-90bc-de7b37d1d258, status:
{'primary': 'ACTIVE', 'secondary': 'ACTIVE'} (monitoring_worker.py - 189)
2017-05-11 03:04:25,960 [1;34mDEBUG[0m monitoring_worker - Job create:monitoring_worker:ha_router:3a3d7a43-d749-44e8-90bc-de7b37d1d258:1:qt83z finished. (job_queue.py - 266)
2017-05-11 03:04:25,960 [1;34mDEBUG[0m monitoring_worker - Trying to delete internal process state for resource ha_router:3a3d7a43-d749-44e8-90bc-de7b37d1d258 (resources.py - 706)
2017-05-11 03:04:28,130 [1;34mDEBUG[0m monitoring_worker - Reserved job: create:monitoring_worker:er_physical_interface:a752c6c0-2075-4e7f-9040-5fcefcad0252:1:di9ub using id: 63f1ffe3-f6ae-4879-ad40-5775373cf92e (job_queue.py - 245)
2017-05-11 03:04:28,132 [1;34mDEBUG[0m monitoring_worker - Waiting for a job. (etcd_worker.py - 217)
2017-05-11 03:04:28,133 [1;34mDEBUG[0m monitoring_worker - 7 job slots available (etcd_worker.py - 212)
2017-05-11 03:04:28,141 [1;34mDEBUG[0m monitoring_worker - Starting work on new ready job create:monitoring_worker:er_physical_interface:a752c6c0-2075-4e7f-9040-5fcefcad0252:1:di9ub (etcd_worker.py - 113)
2017-05-11 03:04:28,142 [1;34mDEBUG[0m monitoring_worker - Running job create er_physical_interface:a752c6c0-2075-4e7f-9040-5fcefcad0252 (monitoring_worker.py - 178)
2017-05-11 03:04:28,143 [1;34mDEBUG[0m monitoring_worker - Template id er_physical_interface_monitoring resolved from mapping: Cer_physical_interface_monitoring (resources.py - 838)
2017-05-11 03:04:28,156 [1;34mDEBUG[0m monitoring_worker - Posted message to topic: "monitor_physical_port", data: {'gohan_resource_type': u'er_physical_interfaces', 'name': 'interface', 'tenant_id': u'0b576f6f4cbf414f829cd12f008bf08f', 'version': 1, 'action': u'create', 'gohan_id': u'a752c6c0-2075-4e7f-9040-5fcefcad0252', 'properties': {'community_name': 'EDGE_ROUTER_COMMUNITY', 'device_ip': '10.79.5.185', 'name': 'ae0'}} (monitoring_kafka.py - 61)
2017-05-11 03:04:28,156 [1;34mDEBUG[0m monitoring_worker - Finished job create er_physical_interface:a752c6c0-2075-4e7f-9040-5fcefcad0252, status:
{'interface': 'ACTIVE'} (monitoring_worker.py - 189)
2017-05-11 03:04:28,190 [1;34mDEBUG[0m monitoring_worker - Job create:monitoring_worker:er_physical_interface:a752c6c0-2075-4e7f-9040-5fcefcad0252:1:di9ub finished. (job_queue.py - 266)
2017-05-11 03:04:28,190 [1;34mDEBUG[0m monitoring_worker - Trying to delete internal process state for resource er_physical_interface:a752c6c0-2075-4e7f-9040-5fcefcad0252 (resources.py - 706)
2017-05-11 03:04:30,287 [1;34mDEBUG[0m monitoring_worker - Reserved job: create:monitoring_worker:er_physical_interface:96c3629b-9bfb-4d54-adc1-750d024c2858:1:fcdeb using id: d63216f1-ac2c-41a8-b7e1-cc1b66ed5ddf (job_queue.py - 245)
2017-05-11 03:04:30,289 [1;34mDEBUG[0m monitoring_worker - Waiting for a job. (etcd_worker.py - 217)
2017-05-11 03:04:30,289 [1;34mDEBUG[0m monitoring_worker - 7 job slots available (etcd_worker.py - 212)
2017-05-11 03:04:30,297 [1;34mDEBUG[0m monitoring_worker - Starting work on new ready job create:monitoring_worker:er_physical_interface:96c3629b-9bfb-4d54-adc1-750d024c2858:1:fcdeb (etcd_worker.py - 113)
2017-05-11 03:04:30,297 [1;34mDEBUG[0m monitoring_worker - Running job create er_physical_interface:96c3629b-9bfb-4d54-adc1-750d024c2858 (monitoring_worker.py - 178)
2017-05-11 03:04:30,298 [1;34mDEBUG[0m monitoring_worker - Template id er_physical_interface_monitoring resolved from mapping: Cer_physical_interface_monitoring (resources.py - 838)
2017-05-11 03:04:30,311 [1;34mDEBUG[0m monitoring_worker - Posted message to topic: "monitor_physical_port", data: {'gohan_resource_type': u'er_physical_interfaces', 'name': 'interface', 'tenant_id': u'0b576f6f4cbf414f829cd12f008bf08f', 'version': 1, 'action': u'create', 'gohan_id': u'96c3629b-9bfb-4d54-adc1-750d024c2858', 'properties': {'community_name': 'EDGE_ROUTER_COMMUNITY', 'device_ip': '10.79.5.184', 'name': 'ae0'}} (monitoring_kafka.py - 61)
2017-05-11 03:04:30,311 [1;34mDEBUG[0m monitoring_worker - Finished job create er_physical_interface:96c3629b-9bfb-4d54-adc1-750d024c2858, status:
{'interface': 'ACTIVE'} (monitoring_worker.py - 189)
2017-05-11 03:04:30,354 [1;34mDEBUG[0m monitoring_worker - Job create:monitoring_worker:er_physical_interface:96c3629b-9bfb-4d54-adc1-750d024c2858:1:fcdeb finished. (job_queue.py - 266)
2017-05-11 03:04:30,356 [1;34mDEBUG[0m monitoring_worker - Trying to delete internal process state for resource er_physical_interface:96c3629b-9bfb-4d54-adc1-750d024c2858 (resources.py - 706)
2017-05-11 03:04:32,786 [1;34mDEBUG[0m monitoring_worker - Reserved job: create:monitoring_worker:ha_interface:372ed357-e622-41fb-a613-076d332838e2:1:zv0bv using id: 59cbe08f-0fd1-4653-b62c-1607746414d2 (job_queue.py - 245)
2017-05-11 03:04:32,788 [1;34mDEBUG[0m monitoring_worker - Waiting for a job. (etcd_worker.py - 217)
2017-05-11 03:04:32,789 [1;34mDEBUG[0m monitoring_worker - 7 job slots available (etcd_worker.py - 212)
2017-05-11 03:04:32,798 [1;34mDEBUG[0m monitoring_worker - Starting work on new ready job create:monitoring_worker:ha_interface:372ed357-e622-41fb-a613-076d332838e2:1:zv0bv (etcd_worker.py - 113)
2017-05-11 03:04:32,798 [1;34mDEBUG[0m monitoring_worker - Running job create ha_interface:372ed357-e622-41fb-a613-076d332838e2 (monitoring_worker.py - 178)
2017-05-11 03:04:32,799 [1;34mDEBUG[0m monitoring_worker - Template id ha_interface_monitoring resolved from mapping: Cha_interface_monitoring (resources.py - 838)
2017-05-11 03:04:32,804 [1;34mDEBUG[0m monitoring_worker - Finished job create ha_interface:372ed357-e622-41fb-a613-076d332838e2, status:
{'primary': 'ACTIVE', 'secondary': 'ACTIVE'} (monitoring_worker.py - 189)
2017-05-11 03:04:32,852 [1;34mDEBUG[0m monitoring_worker - Job create:monitoring_worker:ha_interface:372ed357-e622-41fb-a613-076d332838e2:1:zv0bv finished. (job_queue.py - 266)
2017-05-11 03:04:32,852 [1;34mDEBUG[0m monitoring_worker - Trying to delete internal process state for resource ha_interface:372ed357-e622-41fb-a613-076d332838e2 (resources.py - 706)
2017-05-11 03:05:02,794 [1;34mDEBUG[0m monitoring_worker - GetJob timeout. (etcd_worker.py - 225)
2017-05-11 03:05:02,795 [1;34mDEBUG[0m monitoring_worker - Waiting for a job. (etcd_worker.py - 217)
2017-05-11 03:05:02,795 [1;34mDEBUG[0m monitoring_worker - 8 job slots available (etcd_worker.py - 212)
2017-05-11 03:05:32,667 [1;34mDEBUG[0m monitoring_worker - GetJob timeout. (etcd_worker.py - 225)
2017-05-11 03:05:32,667 [1;34mDEBUG[0m monitoring_worker - Waiting for a job. (etcd_worker.py - 217)
2017-05-11 03:05:32,668 [1;34mDEBUG[0m monitoring_worker - 8 job slots available (etcd_worker.py - 212)
2017-05-11 03:05:33,990 [1;34mDEBUG[0m monitoring_worker - Reserved job: create:monitoring_worker:network:f2de53ae-bc76-46f2-b2ae-a7eefa9d6e57:1:3v9r9 using id: fcea75ef-25b2-445d-99db-e3d2c19d32c9 (job_queue.py - 245)
2017-05-11 03:05:33,992 [1;34mDEBUG[0m monitoring_worker - Waiting for a job. (etcd_worker.py - 217)
2017-05-11 03:05:33,992 [1;34mDEBUG[0m monitoring_worker - 7 job slots available (etcd_worker.py - 212)
2017-05-11 03:05:33,996 [1;34mDEBUG[0m monitoring_worker - Starting work on new ready job create:monitoring_worker:network:f2de53ae-bc76-46f2-b2ae-a7eefa9d6e57:1:3v9r9 (etcd_worker.py - 113)
2017-05-11 03:05:33,996 [1;34mDEBUG[0m monitoring_worker - Running job create network:f2de53ae-bc76-46f2-b2ae-a7eefa9d6e57 (monitoring_worker.py - 178)
2017-05-11 03:05:33,996 [1;34mDEBUG[0m monitoring_worker - Template id network_monitoring resolved from mapping: Cnetwork_monitoring (resources.py - 838)
2017-05-11 03:05:34,009 [1;34mDEBUG[0m monitoring_worker - Posted message to topic: "monitor_virtual_network", data: {'gohan_resource_type': u'networks', 'name': 'network', 'tenant_id': u'0b576f6f4cbf414f829cd12f008bf08f', 'version': 1, 'action': u'create', 'gohan_id': u'f2de53ae-bc76-46f2-b2ae-a7eefa9d6e57', 'properties': {'fq_name': 'default-domain:admin:f2de53ae-bc76-46f2-b2ae-a7eefa9d6e57', 'uuid': 'f2de53ae-bc76-46f2-b2ae-a7eefa9d6e57'}} (monitoring_kafka.py - 61)
2017-05-11 03:05:34,023 [1;34mDEBUG[0m monitoring_worker - Updating monitoring mapping, sql:

            INSERT INTO resource_mappings(id, tenant_id, resource_type,
                                resource_id, mapped_id,
                                relation, created)
            VALUES ('829e1b5e-5078-4d92-bca3-4f138d289842', '0b576f6f4cbf414f829cd12f008bf08f', 'network', 'f2de53ae-bc76-46f2-b2ae-a7eefa9d6e57', 'f2de53ae-bc76-46f2-b2ae-a7eefa9d6e57', 'instance', 1494471934)
             (mysql_client.py - 66)
2017-05-11 03:05:34,039 [1;34mDEBUG[0m monitoring_worker - Finished job create network:f2de53ae-bc76-46f2-b2ae-a7eefa9d6e57, status:
{'network': 'ACTIVE'} (monitoring_worker.py - 189)
2017-05-11 03:05:34,092 [1;34mDEBUG[0m monitoring_worker - Job create:monitoring_worker:network:f2de53ae-bc76-46f2-b2ae-a7eefa9d6e57:1:3v9r9 finished. (job_queue.py - 266)
2017-05-11 03:05:34,100 [1;34mDEBUG[0m monitoring_worker - Trying to delete internal process state for resource network:f2de53ae-bc76-46f2-b2ae-a7eefa9d6e57 (resources.py - 706)
2017-05-11 03:05:40,286 [1;34mDEBUG[0m monitoring_worker - Reserved job: create:monitoring_worker:port:327f59b7-df38-4d8f-97db-d320defcab76:1:daz1w using id: d83db705-beda-4aa6-afa0-b8d5097e970e (job_queue.py - 245)
2017-05-11 03:05:40,289 [1;34mDEBUG[0m monitoring_worker - Waiting for a job. (etcd_worker.py - 217)
2017-05-11 03:05:40,289 [1;34mDEBUG[0m monitoring_worker - 7 job slots available (etcd_worker.py - 212)
2017-05-11 03:05:40,292 [1;34mDEBUG[0m monitoring_worker - Starting work on new ready job create:monitoring_worker:port:327f59b7-df38-4d8f-97db-d320defcab76:1:daz1w (etcd_worker.py - 113)
2017-05-11 03:05:40,292 [1;34mDEBUG[0m monitoring_worker - Running job create port:327f59b7-df38-4d8f-97db-d320defcab76 (monitoring_worker.py - 178)
2017-05-11 03:05:40,293 [1;34mDEBUG[0m monitoring_worker - Template id port_monitoring resolved from mapping: {u'else_mapping': {u'constant': u'port_monitoring'}, u'if_mapping': {u'regexp': [{u'field': u'device_owner'}, {u'constant': u'network:dhcp|network:empty'}]}, u'then_mapping': {u'constant': None}} (resources.py - 838)
2017-05-11 03:05:40,317 [1;34mDEBUG[0m monitoring_worker - Finished job create port:327f59b7-df38-4d8f-97db-d320defcab76, status:
{} (monitoring_worker.py - 189)
2017-05-11 03:05:40,474 [1;34mDEBUG[0m monitoring_worker - Job create:monitoring_worker:port:327f59b7-df38-4d8f-97db-d320defcab76:1:daz1w finished. (job_queue.py - 266)
2017-05-11 03:05:40,474 [1;34mDEBUG[0m monitoring_worker - Trying to delete internal process state for resource port:327f59b7-df38-4d8f-97db-d320defcab76 (resources.py - 706)
2017-05-11 03:05:40,778 [1;34mDEBUG[0m monitoring_worker - Reserved job: create:monitoring_worker:port:a778c668-6ccb-4d46-9ec3-956693262d63:1:hj8gr using id: dc3c818f-9134-4f56-bd2b-081285f1050f (job_queue.py - 245)
2017-05-11 03:05:40,781 [1;34mDEBUG[0m monitoring_worker - Waiting for a job. (etcd_worker.py - 217)
2017-05-11 03:05:40,781 [1;34mDEBUG[0m monitoring_worker - 7 job slots available (etcd_worker.py - 212)
2017-05-11 03:05:40,797 [1;34mDEBUG[0m monitoring_worker - Starting work on new ready job create:monitoring_worker:port:a778c668-6ccb-4d46-9ec3-956693262d63:1:hj8gr (etcd_worker.py - 113)
2017-05-11 03:05:40,798 [1;34mDEBUG[0m monitoring_worker - Running job create port:a778c668-6ccb-4d46-9ec3-956693262d63 (monitoring_worker.py - 178)
2017-05-11 03:05:40,798 [1;34mDEBUG[0m monitoring_worker - Template id port_monitoring resolved from mapping: {u'else_mapping': {u'constant': u'port_monitoring'}, u'if_mapping': {u'regexp': [{u'field': u'device_owner'}, {u'constant': u'network:dhcp|network:empty'}]}, u'then_mapping': {u'constant': None}} (resources.py - 838)
2017-05-11 03:05:40,804 [1;34mDEBUG[0m monitoring_worker - Finished job create port:a778c668-6ccb-4d46-9ec3-956693262d63, status:
{} (monitoring_worker.py - 189)
2017-05-11 03:05:40,864 [1;34mDEBUG[0m monitoring_worker - Job create:monitoring_worker:port:a778c668-6ccb-4d46-9ec3-956693262d63:1:hj8gr finished. (job_queue.py - 266)
2017-05-11 03:05:40,865 [1;34mDEBUG[0m monitoring_worker - Trying to delete internal process state for resource port:a778c668-6ccb-4d46-9ec3-956693262d63 (resources.py - 706)
2017-05-11 03:05:43,152 [1;34mDEBUG[0m monitoring_worker - Reserved job: create:monitoring_worker:ese_logical_port:b04853c4-6ebf-441f-9093-ea4b844c4bc7:1:w8773 using id: 102b39d6-8847-4520-bfee-601df83a6bf0 (job_queue.py - 245)
2017-05-11 03:05:43,155 [1;34mDEBUG[0m monitoring_worker - Waiting for a job. (etcd_worker.py - 217)
2017-05-11 03:05:43,156 [1;34mDEBUG[0m monitoring_worker - 7 job slots available (etcd_worker.py - 212)
2017-05-11 03:05:43,160 [1;34mDEBUG[0m monitoring_worker - Starting work on new ready job create:monitoring_worker:ese_logical_port:b04853c4-6ebf-441f-9093-ea4b844c4bc7:1:w8773 (etcd_worker.py - 113)
2017-05-11 03:05:43,161 [1;34mDEBUG[0m monitoring_worker - Running job create ese_logical_port:b04853c4-6ebf-441f-9093-ea4b844c4bc7 (monitoring_worker.py - 178)
2017-05-11 03:05:43,162 [1;34mDEBUG[0m monitoring_worker - Template id ese_logical_port_monitoring resolved from mapping: Cese_logical_port_monitoring (resources.py - 838)
2017-05-11 03:05:43,191 [1;34mDEBUG[0m monitoring_worker - Posted message to topic: "monitor_logical_port", data: {'gohan_resource_type': u'ese_logical_ports', 'name': 'logical_port', 'tenant_id': u'0b576f6f4cbf414f829cd12f008bf08f', 'version': 1, 'action': u'create', 'gohan_id': u'b04853c4-6ebf-441f-9093-ea4b844c4bc7', 'properties': {'community_name': 'ESE_NODE_COMMUNITY', 'device_ip': '10.161.0.34', 'name': 'xe-0/0/3.1025'}} (monitoring_kafka.py - 61)
2017-05-11 03:05:43,192 [1;34mDEBUG[0m monitoring_worker - Updating monitoring mapping, sql:

            INSERT INTO resource_mappings(id, tenant_id, resource_type,
                                resource_id, mapped_id,
                                relation, created)
            VALUES ('4863701c-dbb4-41bf-888f-bd4ff0a10c36', '0b576f6f4cbf414f829cd12f008bf08f', 'port', '327f59b7-df38-4d8f-97db-d320defcab76', '10.161.0.34-xe-0/0/3.1025', 'baremetal', 1494471943)
             (mysql_client.py - 66)
2017-05-11 03:05:43,216 [1;34mDEBUG[0m monitoring_worker - Finished job create ese_logical_port:b04853c4-6ebf-441f-9093-ea4b844c4bc7, status:
{'logical_port': 'ACTIVE'} (monitoring_worker.py - 189)
2017-05-11 03:05:43,267 [1;34mDEBUG[0m monitoring_worker - Job create:monitoring_worker:ese_logical_port:b04853c4-6ebf-441f-9093-ea4b844c4bc7:1:w8773 finished. (job_queue.py - 266)
2017-05-11 03:05:43,268 [1;34mDEBUG[0m monitoring_worker - Trying to delete internal process state for resource ese_logical_port:b04853c4-6ebf-441f-9093-ea4b844c4bc7 (resources.py - 706)
2017-05-11 03:05:43,543 [1;34mDEBUG[0m monitoring_worker - Reserved job: create:monitoring_worker:ese_logical_port:9c601c38-a854-459d-aec2-433873b3a4e6:1:mpcv6 using id: dd037488-c502-45a4-a21e-baca0c964bc3 (job_queue.py - 245)
2017-05-11 03:05:43,545 [1;34mDEBUG[0m monitoring_worker - Waiting for a job. (etcd_worker.py - 217)
2017-05-11 03:05:43,545 [1;34mDEBUG[0m monitoring_worker - 7 job slots available (etcd_worker.py - 212)
2017-05-11 03:05:43,549 [1;34mDEBUG[0m monitoring_worker - Starting work on new ready job create:monitoring_worker:ese_logical_port:9c601c38-a854-459d-aec2-433873b3a4e6:1:mpcv6 (etcd_worker.py - 113)
2017-05-11 03:05:43,549 [1;34mDEBUG[0m monitoring_worker - Running job create ese_logical_port:9c601c38-a854-459d-aec2-433873b3a4e6 (monitoring_worker.py - 178)
2017-05-11 03:05:43,550 [1;34mDEBUG[0m monitoring_worker - Template id ese_logical_port_monitoring resolved from mapping: Cese_logical_port_monitoring (resources.py - 838)
2017-05-11 03:05:43,561 [1;34mDEBUG[0m monitoring_worker - Posted message to topic: "monitor_logical_port", data: {'gohan_resource_type': u'ese_logical_ports', 'name': 'logical_port', 'tenant_id': u'0b576f6f4cbf414f829cd12f008bf08f', 'version': 1, 'action': u'create', 'gohan_id': u'9c601c38-a854-459d-aec2-433873b3a4e6', 'properties': {'community_name': 'ESE_NODE_COMMUNITY', 'device_ip': '10.161.0.34', 'name': 'xe-0/0/4.1025'}} (monitoring_kafka.py - 61)
2017-05-11 03:05:43,561 [1;34mDEBUG[0m monitoring_worker - Updating monitoring mapping, sql:

            INSERT INTO resource_mappings(id, tenant_id, resource_type,
                                resource_id, mapped_id,
                                relation, created)
            VALUES ('e68344d7-c627-4a92-94e8-a09366b9762c', '0b576f6f4cbf414f829cd12f008bf08f', 'port', 'a778c668-6ccb-4d46-9ec3-956693262d63', '10.161.0.34-xe-0/0/4.1025', 'baremetal', 1494471943)
             (mysql_client.py - 66)
2017-05-11 03:05:43,572 [1;34mDEBUG[0m monitoring_worker - Finished job create ese_logical_port:9c601c38-a854-459d-aec2-433873b3a4e6, status:
{'logical_port': 'ACTIVE'} (monitoring_worker.py - 189)
2017-05-11 03:05:43,604 [1;34mDEBUG[0m monitoring_worker - Job create:monitoring_worker:ese_logical_port:9c601c38-a854-459d-aec2-433873b3a4e6:1:mpcv6 finished. (job_queue.py - 266)
2017-05-11 03:05:43,605 [1;34mDEBUG[0m monitoring_worker - Trying to delete internal process state for resource ese_logical_port:9c601c38-a854-459d-aec2-433873b3a4e6 (resources.py - 706)
2017-05-11 03:05:56,524 [1;34mDEBUG[0m monitoring_worker - Reserved job: delete:monitoring_worker:port:327f59b7-df38-4d8f-97db-d320defcab76:2:q595e using id: d03aa1d7-bb8e-4b33-8c88-87e359bc3460 (job_queue.py - 245)
2017-05-11 03:05:56,526 [1;34mDEBUG[0m monitoring_worker - Waiting for a job. (etcd_worker.py - 217)
2017-05-11 03:05:56,527 [1;34mDEBUG[0m monitoring_worker - 7 job slots available (etcd_worker.py - 212)
2017-05-11 03:05:56,541 [1;34mDEBUG[0m monitoring_worker - Starting work on new ready job delete:monitoring_worker:port:327f59b7-df38-4d8f-97db-d320defcab76:2:q595e (etcd_worker.py - 113)
2017-05-11 03:05:56,542 [1;34mDEBUG[0m monitoring_worker - Running job delete port:327f59b7-df38-4d8f-97db-d320defcab76 (monitoring_worker.py - 178)
2017-05-11 03:05:56,542 [1;34mDEBUG[0m monitoring_worker - Template id port_monitoring resolved from mapping: {u'else_mapping': {u'constant': u'port_monitoring'}, u'if_mapping': {u'regexp': [{u'field': u'device_owner'}, {u'constant': u'network:dhcp|network:empty'}]}, u'then_mapping': {u'constant': None}} (resources.py - 838)
2017-05-11 03:05:56,552 [1;34mDEBUG[0m monitoring_worker - Finished job delete port:327f59b7-df38-4d8f-97db-d320defcab76 (monitoring_worker.py - 189)
2017-05-11 03:05:56,557 [1;34mDEBUG[0m monitoring_worker - Reserved job: create:monitoring_worker:common_function_gateway:5c241c51-2003-407a-a239-689fabd19022:1:q0km3 using id: 873ca698-4d87-4144-a503-5e33ffc0d03a (job_queue.py - 245)
2017-05-11 03:05:56,559 [1;34mDEBUG[0m monitoring_worker - Waiting for a job. (etcd_worker.py - 217)
2017-05-11 03:05:56,559 [1;34mDEBUG[0m monitoring_worker - 6 job slots available (etcd_worker.py - 212)
2017-05-11 03:05:56,564 [1;34mDEBUG[0m monitoring_worker - Starting work on new ready job create:monitoring_worker:common_function_gateway:5c241c51-2003-407a-a239-689fabd19022:1:q0km3 (etcd_worker.py - 113)
2017-05-11 03:05:56,565 [1;34mDEBUG[0m monitoring_worker - Running job create common_function_gateway:5c241c51-2003-407a-a239-689fabd19022 (monitoring_worker.py - 178)
2017-05-11 03:05:56,565 [1;34mDEBUG[0m monitoring_worker - Template id common_function_gateway_monitoring resolved from mapping: Ccommon_function_gateway_monitoring (resources.py - 838)
2017-05-11 03:05:56,567 [1;34mDEBUG[0m monitoring_worker - Job delete:monitoring_worker:port:327f59b7-df38-4d8f-97db-d320defcab76:2:q595e with handler monitoring_worker is not last. (etcd_worker.py - 185)
2017-05-11 03:05:56,592 [1;34mDEBUG[0m monitoring_worker - Reserved job: delete:monitoring_worker:port:a778c668-6ccb-4d46-9ec3-956693262d63:2:trb6t using id: 9efd9ac9-becf-4173-8985-0f519d8f632f (job_queue.py - 245)
2017-05-11 03:05:56,595 [1;34mDEBUG[0m monitoring_worker - Waiting for a job. (etcd_worker.py - 217)
2017-05-11 03:05:56,595 [1;34mDEBUG[0m monitoring_worker - 5 job slots available (etcd_worker.py - 212)
2017-05-11 03:05:56,605 [1;34mDEBUG[0m monitoring_worker - Job delete:monitoring_worker:port:327f59b7-df38-4d8f-97db-d320defcab76:2:q595e finished. (job_queue.py - 266)
2017-05-11 03:05:56,607 [1;34mDEBUG[0m monitoring_worker - Posted message to topic: "monitor_igs_interface", data: {'gohan_resource_type': u'common_function_gateways', 'name': 'secondary_41', 'tenant_id': u'0b576f6f4cbf414f829cd12f008bf08f', 'version': 1, 'action': u'create', 'gohan_id': u'5c241c51-2003-407a-a239-689fabd19022', 'properties': {'vrid': 41, 'host': '10.79.5.184', 'interface': 'ae0.1025', 'login': 'esi', 'password': 'esiesi0000', 'port': 830}} (monitoring_kafka.py - 61)
2017-05-11 03:05:56,613 [1;34mDEBUG[0m monitoring_worker - Posted message to topic: "monitor_igs_interface", data: {'gohan_resource_type': u'common_function_gateways', 'name': 'primary_42', 'tenant_id': u'0b576f6f4cbf414f829cd12f008bf08f', 'version': 1, 'action': u'create', 'gohan_id': u'5c241c51-2003-407a-a239-689fabd19022', 'properties': {'vrid': 42, 'host': '10.79.5.185', 'interface': 'ae0.1025', 'login': 'esi', 'password': 'esiesi0000', 'port': 830}} (monitoring_kafka.py - 61)
2017-05-11 03:05:56,616 [1;34mDEBUG[0m monitoring_worker - Posted message to topic: "monitor_igs_interface", data: {'gohan_resource_type': u'common_function_gateways', 'name': 'primary_41', 'tenant_id': u'0b576f6f4cbf414f829cd12f008bf08f', 'version': 1, 'action': u'create', 'gohan_id': u'5c241c51-2003-407a-a239-689fabd19022', 'properties': {'vrid': 41, 'host': '10.79.5.185', 'interface': 'ae0.1025', 'login': 'esi', 'password': 'esiesi0000', 'port': 830}} (monitoring_kafka.py - 61)
2017-05-11 03:05:56,626 [1;34mDEBUG[0m monitoring_worker - Posted message to topic: "monitor_igs_interface", data: {'gohan_resource_type': u'common_function_gateways', 'name': 'secondary_42', 'tenant_id': u'0b576f6f4cbf414f829cd12f008bf08f', 'version': 1, 'action': u'create', 'gohan_id': u'5c241c51-2003-407a-a239-689fabd19022', 'properties': {'vrid': 42, 'host': '10.79.5.184', 'interface': 'ae0.1025', 'login': 'esi', 'password': 'esiesi0000', 'port': 830}} (monitoring_kafka.py - 61)
2017-05-11 03:05:56,626 [1;34mDEBUG[0m monitoring_worker - Finished job create common_function_gateway:5c241c51-2003-407a-a239-689fabd19022, status:
{'secondary_41': 'backup', 'primary_42': 'master', 'primary_41': 'master', 'secondary_42': 'backup'} (monitoring_worker.py - 189)
2017-05-11 03:05:56,631 [1;34mDEBUG[0m monitoring_worker - Starting work on new ready job delete:monitoring_worker:port:a778c668-6ccb-4d46-9ec3-956693262d63:2:trb6t (etcd_worker.py - 113)
2017-05-11 03:05:56,631 [1;34mDEBUG[0m monitoring_worker - Running job delete port:a778c668-6ccb-4d46-9ec3-956693262d63 (monitoring_worker.py - 178)
2017-05-11 03:05:56,631 [1;34mDEBUG[0m monitoring_worker - Template id port_monitoring resolved from mapping: {u'else_mapping': {u'constant': u'port_monitoring'}, u'if_mapping': {u'regexp': [{u'field': u'device_owner'}, {u'constant': u'network:dhcp|network:empty'}]}, u'then_mapping': {u'constant': None}} (resources.py - 838)
2017-05-11 03:05:56,641 [1;34mDEBUG[0m monitoring_worker - Finished job delete port:a778c668-6ccb-4d46-9ec3-956693262d63 (monitoring_worker.py - 189)
2017-05-11 03:05:56,663 [1;34mDEBUG[0m monitoring_worker - Job delete:monitoring_worker:port:a778c668-6ccb-4d46-9ec3-956693262d63:2:trb6t with handler monitoring_worker is not last. (etcd_worker.py - 185)
2017-05-11 03:05:56,687 [1;34mDEBUG[0m monitoring_worker - Job create:monitoring_worker:common_function_gateway:5c241c51-2003-407a-a239-689fabd19022:1:q0km3 finished. (job_queue.py - 266)
2017-05-11 03:05:56,688 [1;34mDEBUG[0m monitoring_worker - Job delete:monitoring_worker:port:a778c668-6ccb-4d46-9ec3-956693262d63:2:trb6t finished. (job_queue.py - 266)
2017-05-11 03:05:56,689 [1;34mDEBUG[0m monitoring_worker - Trying to delete internal process state for resource common_function_gateway:5c241c51-2003-407a-a239-689fabd19022 (resources.py - 706)
2017-05-11 03:06:06,960 [1;34mDEBUG[0m monitoring_worker - Reserved job: create:monitoring_worker:port:327f59b7-df38-4d8f-97db-d320defcab76:2:4rskb using id: c5f814e9-fe5c-454a-b49c-ac4ccf11904b (job_queue.py - 245)
2017-05-11 03:06:06,961 [1;34mDEBUG[0m monitoring_worker - Waiting for a job. (etcd_worker.py - 217)
2017-05-11 03:06:06,962 [1;34mDEBUG[0m monitoring_worker - 7 job slots available (etcd_worker.py - 212)
2017-05-11 03:06:06,964 [1;34mDEBUG[0m monitoring_worker - Starting work on new ready job create:monitoring_worker:port:327f59b7-df38-4d8f-97db-d320defcab76:2:4rskb (etcd_worker.py - 113)
2017-05-11 03:06:06,964 [1;34mDEBUG[0m monitoring_worker - Running job create port:327f59b7-df38-4d8f-97db-d320defcab76 (monitoring_worker.py - 178)
2017-05-11 03:06:06,965 [1;34mDEBUG[0m monitoring_worker - Template id port_monitoring resolved from mapping: {u'else_mapping': {u'constant': u'port_monitoring'}, u'if_mapping': {u'regexp': [{u'field': u'device_owner'}, {u'constant': u'network:dhcp|network:empty'}]}, u'then_mapping': {u'constant': None}} (resources.py - 838)
2017-05-11 03:06:06,981 [1;34mDEBUG[0m monitoring_worker - Posted message to topic: "monitor_virtual_machine_interface", data: {'gohan_resource_type': u'ports', 'name': 'vmi', 'tenant_id': u'0b576f6f4cbf414f829cd12f008bf08f', 'version': 2, 'action': u'create', 'gohan_id': u'327f59b7-df38-4d8f-97db-d320defcab76', 'properties': {'fq_name': 'default-domain:admin:327f59b7-df38-4d8f-97db-d320defcab76', 'uuid': '327f59b7-df38-4d8f-97db-d320defcab76'}} (monitoring_kafka.py - 61)
2017-05-11 03:06:06,981 [1;34mDEBUG[0m monitoring_worker - Finished job create port:327f59b7-df38-4d8f-97db-d320defcab76, status:
{'vmi': 'ACTIVE'} (monitoring_worker.py - 189)
2017-05-11 03:06:06,995 [1;34mDEBUG[0m monitoring_worker - Reserved job: create:monitoring_worker:port:a778c668-6ccb-4d46-9ec3-956693262d63:2:czyuv using id: a618ae72-59c7-4901-8732-33a0b19c33d7 (job_queue.py - 245)
2017-05-11 03:06:06,997 [1;34mDEBUG[0m monitoring_worker - Waiting for a job. (etcd_worker.py - 217)
2017-05-11 03:06:06,997 [1;34mDEBUG[0m monitoring_worker - 6 job slots available (etcd_worker.py - 212)
2017-05-11 03:06:07,000 [1;34mDEBUG[0m monitoring_worker - Starting work on new ready job create:monitoring_worker:port:a778c668-6ccb-4d46-9ec3-956693262d63:2:czyuv (etcd_worker.py - 113)
2017-05-11 03:06:07,001 [1;34mDEBUG[0m monitoring_worker - Running job create port:a778c668-6ccb-4d46-9ec3-956693262d63 (monitoring_worker.py - 178)
2017-05-11 03:06:07,001 [1;34mDEBUG[0m monitoring_worker - Template id port_monitoring resolved from mapping: {u'else_mapping': {u'constant': u'port_monitoring'}, u'if_mapping': {u'regexp': [{u'field': u'device_owner'}, {u'constant': u'network:dhcp|network:empty'}]}, u'then_mapping': {u'constant': None}} (resources.py - 838)
2017-05-11 03:06:07,016 [1;34mDEBUG[0m monitoring_worker - Posted message to topic: "monitor_virtual_machine_interface", data: {'gohan_resource_type': u'ports', 'name': 'vmi', 'tenant_id': u'0b576f6f4cbf414f829cd12f008bf08f', 'version': 2, 'action': u'create', 'gohan_id': u'a778c668-6ccb-4d46-9ec3-956693262d63', 'properties': {'fq_name': 'default-domain:admin:a778c668-6ccb-4d46-9ec3-956693262d63', 'uuid': 'a778c668-6ccb-4d46-9ec3-956693262d63'}} (monitoring_kafka.py - 61)
2017-05-11 03:06:07,016 [1;34mDEBUG[0m monitoring_worker - Finished job create port:a778c668-6ccb-4d46-9ec3-956693262d63, status:
{'vmi': 'ACTIVE'} (monitoring_worker.py - 189)
2017-05-11 03:06:07,038 [1;34mDEBUG[0m monitoring_worker - Job create:monitoring_worker:port:327f59b7-df38-4d8f-97db-d320defcab76:2:4rskb finished. (job_queue.py - 266)
2017-05-11 03:06:07,039 [1;34mDEBUG[0m monitoring_worker - Trying to delete internal process state for resource port:327f59b7-df38-4d8f-97db-d320defcab76 (resources.py - 706)
2017-05-11 03:06:07,061 [1;34mDEBUG[0m monitoring_worker - Job create:monitoring_worker:port:a778c668-6ccb-4d46-9ec3-956693262d63:2:czyuv finished. (job_queue.py - 266)
2017-05-11 03:06:07,072 [1;34mDEBUG[0m monitoring_worker - Trying to delete internal process state for resource port:a778c668-6ccb-4d46-9ec3-956693262d63 (resources.py - 706)
2017-05-11 03:06:37,005 [1;34mDEBUG[0m monitoring_worker - GetJob timeout. (etcd_worker.py - 225)
2017-05-11 03:06:37,005 [1;34mDEBUG[0m monitoring_worker - Waiting for a job. (etcd_worker.py - 217)
2017-05-11 03:06:37,005 [1;34mDEBUG[0m monitoring_worker - 8 job slots available (etcd_worker.py - 212)
2017-05-11 03:07:07,017 [1;34mDEBUG[0m monitoring_worker - GetJob timeout. (etcd_worker.py - 225)
2017-05-11 03:07:07,017 [1;34mDEBUG[0m monitoring_worker - Waiting for a job. (etcd_worker.py - 217)
2017-05-11 03:07:07,018 [1;34mDEBUG[0m monitoring_worker - 8 job slots available (etcd_worker.py - 212)
2017-05-11 03:07:37,029 [1;34mDEBUG[0m monitoring_worker - GetJob timeout. (etcd_worker.py - 225)
2017-05-11 03:07:37,029 [1;34mDEBUG[0m monitoring_worker - Waiting for a job. (etcd_worker.py - 217)
2017-05-11 03:07:37,029 [1;34mDEBUG[0m monitoring_worker - 8 job slots available (etcd_worker.py - 212)
2017-05-11 03:08:07,041 [1;34mDEBUG[0m monitoring_worker - GetJob timeout. (etcd_worker.py - 225)
2017-05-11 03:08:07,041 [1;34mDEBUG[0m monitoring_worker - Waiting for a job. (etcd_worker.py - 217)
2017-05-11 03:08:07,042 [1;34mDEBUG[0m monitoring_worker - 8 job slots available (etcd_worker.py - 212)
2017-05-11 03:08:37,053 [1;34mDEBUG[0m monitoring_worker - GetJob timeout. (etcd_worker.py - 225)
2017-05-11 03:08:37,053 [1;34mDEBUG[0m monitoring_worker - Waiting for a job. (etcd_worker.py - 217)
2017-05-11 03:08:37,053 [1;34mDEBUG[0m monitoring_worker - 8 job slots available (etcd_worker.py - 212)
2017-05-11 03:09:07,065 [1;34mDEBUG[0m monitoring_worker - GetJob timeout. (etcd_worker.py - 225)
2017-05-11 03:09:07,065 [1;34mDEBUG[0m monitoring_worker - Waiting for a job. (etcd_worker.py - 217)
2017-05-11 03:09:07,065 [1;34mDEBUG[0m monitoring_worker - 8 job slots available (etcd_worker.py - 212)
2017-05-11 03:09:37,077 [1;34mDEBUG[0m monitoring_worker - GetJob timeout. (etcd_worker.py - 225)
2017-05-11 03:09:37,077 [1;34mDEBUG[0m monitoring_worker - Waiting for a job. (etcd_worker.py - 217)
2017-05-11 03:09:37,078 [1;34mDEBUG[0m monitoring_worker - 8 job slots available (etcd_worker.py - 212)
2017-05-11 03:10:07,090 [1;34mDEBUG[0m monitoring_worker - GetJob timeout. (etcd_worker.py - 225)
2017-05-11 03:10:07,091 [1;34mDEBUG[0m monitoring_worker - Waiting for a job. (etcd_worker.py - 217)
2017-05-11 03:10:07,091 [1;34mDEBUG[0m monitoring_worker - 8 job slots available (etcd_worker.py - 212)
2017-05-11 03:10:37,099 [1;34mDEBUG[0m monitoring_worker - GetJob timeout. (etcd_worker.py - 225)
2017-05-11 03:10:37,100 [1;34mDEBUG[0m monitoring_worker - Waiting for a job. (etcd_worker.py - 217)
2017-05-11 03:10:37,100 [1;34mDEBUG[0m monitoring_worker - 8 job slots available (etcd_worker.py - 212)
2017-05-11 03:11:07,113 [1;34mDEBUG[0m monitoring_worker - GetJob timeout. (etcd_worker.py - 225)
2017-05-11 03:11:07,113 [1;34mDEBUG[0m monitoring_worker - Waiting for a job. (etcd_worker.py - 217)
2017-05-11 03:11:07,114 [1;34mDEBUG[0m monitoring_worker - 8 job slots available (etcd_worker.py - 212)
2017-05-11 03:11:37,121 [1;34mDEBUG[0m monitoring_worker - GetJob timeout. (etcd_worker.py - 225)
2017-05-11 03:11:37,121 [1;34mDEBUG[0m monitoring_worker - Waiting for a job. (etcd_worker.py - 217)
2017-05-11 03:11:37,122 [1;34mDEBUG[0m monitoring_worker - 8 job slots available (etcd_worker.py - 212)
2017-05-11 03:12:07,134 [1;34mDEBUG[0m monitoring_worker - GetJob timeout. (etcd_worker.py - 225)
2017-05-11 03:12:07,135 [1;34mDEBUG[0m monitoring_worker - Waiting for a job. (etcd_worker.py - 217)
2017-05-11 03:12:07,135 [1;34mDEBUG[0m monitoring_worker - 8 job slots available (etcd_worker.py - 212)
2017-05-11 03:12:37,146 [1;34mDEBUG[0m monitoring_worker - GetJob timeout. (etcd_worker.py - 225)
2017-05-11 03:12:37,147 [1;34mDEBUG[0m monitoring_worker - Waiting for a job. (etcd_worker.py - 217)
2017-05-11 03:12:37,147 [1;34mDEBUG[0m monitoring_worker - 8 job slots available (etcd_worker.py - 212)
2017-05-11 03:13:07,161 [1;34mDEBUG[0m monitoring_worker - GetJob timeout. (etcd_worker.py - 225)
2017-05-11 03:13:07,161 [1;34mDEBUG[0m monitoring_worker - Waiting for a job. (etcd_worker.py - 217)
2017-05-11 03:13:07,162 [1;34mDEBUG[0m monitoring_worker - 8 job slots available (etcd_worker.py - 212)
2017-05-11 03:13:37,168 [1;34mDEBUG[0m monitoring_worker - GetJob timeout. (etcd_worker.py - 225)
2017-05-11 03:13:37,169 [1;34mDEBUG[0m monitoring_worker - Waiting for a job. (etcd_worker.py - 217)
2017-05-11 03:13:37,169 [1;34mDEBUG[0m monitoring_worker - 8 job slots available (etcd_worker.py - 212)
2017-05-11 03:14:07,177 [1;34mDEBUG[0m monitoring_worker - GetJob timeout. (etcd_worker.py - 225)
2017-05-11 03:14:07,177 [1;34mDEBUG[0m monitoring_worker - Waiting for a job. (etcd_worker.py - 217)
2017-05-11 03:14:07,178 [1;34mDEBUG[0m monitoring_worker - 8 job slots available (etcd_worker.py - 212)
2017-05-11 03:14:37,189 [1;34mDEBUG[0m monitoring_worker - GetJob timeout. (etcd_worker.py - 225)
2017-05-11 03:14:37,189 [1;34mDEBUG[0m monitoring_worker - Waiting for a job. (etcd_worker.py - 217)
2017-05-11 03:14:37,190 [1;34mDEBUG[0m monitoring_worker - 8 job slots available (etcd_worker.py - 212)
2017-05-11 03:15:07,201 [1;34mDEBUG[0m monitoring_worker - GetJob timeout. (etcd_worker.py - 225)
2017-05-11 03:15:07,201 [1;34mDEBUG[0m monitoring_worker - Waiting for a job. (etcd_worker.py - 217)
2017-05-11 03:15:07,201 [1;34mDEBUG[0m monitoring_worker - 8 job slots available (etcd_worker.py - 212)
