2018-03-30 00:52:52,027:DEBUG:New etcd client created for etcd-server:2379/v2
2018-03-30 00:52:52,027:DEBUG:About to wait on key /monitoring, index None
2018-03-30 00:52:52,027:DEBUG:Issuing read for key /monitoring with args {'recursive': True, 'timeout': None, 'wait': True}
2018-03-30 00:52:52,027:DEBUG:Starting new HTTP connection (1): etcd-server
2018-03-30 00:52:52,306:DEBUG:http://etcd-server:2379 "GET /v2/keys/monitoring?recursive=true&wait=true HTTP/1.1" 200 None
2018-03-30 00:56:48,927:DEBUG:
*** Consume stored data in etcd ***
 action=[set], key=[/monitoring/v2.0/ese_devices/f5429afc-cf7e-41c4-91ee-36ec403a9695],
 value=[{
    "switch": "UP", 
    "version": 1
}]
2018-03-30 00:56:48,927:DEBUG:New etcd client created for etcd-server:2379/v2
2018-03-30 00:56:48,927:DEBUG:About to wait on key /monitoring, index None
2018-03-30 00:56:48,927:DEBUG:Issuing read for key /monitoring with args {'recursive': True, 'timeout': None, 'wait': True}
2018-03-30 00:56:48,928:DEBUG:Starting new HTTP connection (1): etcd-server
2018-03-30 00:56:48,928:DEBUG:http://etcd-server:2379 "GET /v2/keys/monitoring?recursive=true&wait=true HTTP/1.1" 200 None
2018-03-30 00:57:55,659:DEBUG:
*** Consume stored data in etcd ***
 action=[set], key=[/monitoring/v2.0/ese_physical_ports/7861b62a-55fe-4e98-9bfc-10bf19052d9a],
 value=[{
    "version": 1, 
    "port": "UP"
}]
2018-03-30 00:57:55,659:DEBUG:New etcd client created for etcd-server:2379/v2
2018-03-30 00:57:55,659:DEBUG:About to wait on key /monitoring, index None
2018-03-30 00:57:55,659:DEBUG:Issuing read for key /monitoring with args {'recursive': True, 'timeout': None, 'wait': True}
2018-03-30 00:57:55,659:DEBUG:Starting new HTTP connection (1): etcd-server
2018-03-30 00:57:55,660:DEBUG:http://etcd-server:2379 "GET /v2/keys/monitoring?recursive=true&wait=true HTTP/1.1" 200 None
2018-03-30 00:58:55,660:DEBUG:
*** Consume stored data in etcd ***
 action=[set], key=[/monitoring/v2.0/ese_physical_ports/76001683-a8bb-4c68-8c87-7b63ea7bd5cd],
 value=[{
    "version": 1, 
    "port": "UP"
}]
2018-03-30 00:58:55,660:DEBUG:New etcd client created for etcd-server:2379/v2
2018-03-30 00:58:55,660:DEBUG:About to wait on key /monitoring, index None
2018-03-30 00:58:55,660:DEBUG:Issuing read for key /monitoring with args {'recursive': True, 'timeout': None, 'wait': True}
2018-03-30 00:58:55,660:DEBUG:Starting new HTTP connection (1): etcd-server
2018-03-30 00:58:55,661:DEBUG:http://etcd-server:2379 "GET /v2/keys/monitoring?recursive=true&wait=true HTTP/1.1" 200 None
2018-03-30 00:59:59,100:DEBUG:
*** Consume stored data in etcd ***
 action=[set], key=[/monitoring/v2.0/edge_routers/2a28fdaa-651b-4558-8825-891b93329123],
 value=[{
    "router": "UP", 
    "version": 1
}]
2018-03-30 00:59:59,100:DEBUG:New etcd client created for etcd-server:2379/v2
2018-03-30 00:59:59,101:DEBUG:About to wait on key /monitoring, index None
2018-03-30 00:59:59,101:DEBUG:Issuing read for key /monitoring with args {'recursive': True, 'timeout': None, 'wait': True}
2018-03-30 00:59:59,101:DEBUG:Starting new HTTP connection (1): etcd-server
2018-03-30 00:59:59,101:DEBUG:http://etcd-server:2379 "GET /v2/keys/monitoring?recursive=true&wait=true HTTP/1.1" 200 None
2018-03-30 01:01:01,012:DEBUG:
*** Consume stored data in etcd ***
 action=[set], key=[/monitoring/v2.0/edge_routers/43119898-9a76-400c-abdc-8d3ec2113b5d],
 value=[{
    "router": "UP", 
    "version": 1
}]
2018-03-30 01:01:01,012:DEBUG:New etcd client created for etcd-server:2379/v2
2018-03-30 01:01:01,012:DEBUG:About to wait on key /monitoring, index None
2018-03-30 01:01:01,012:DEBUG:Issuing read for key /monitoring with args {'recursive': True, 'timeout': None, 'wait': True}
2018-03-30 01:01:01,012:DEBUG:Starting new HTTP connection (1): etcd-server
2018-03-30 01:01:01,013:DEBUG:http://etcd-server:2379 "GET /v2/keys/monitoring?recursive=true&wait=true HTTP/1.1" 200 None
2018-03-30 01:02:04,554:DEBUG:
*** Consume stored data in etcd ***
 action=[set], key=[/monitoring/v2.0/er_physical_interfaces/7dd45d1b-1ca1-4735-9a3e-8b7e09125e0d],
 value=[{
    "interface": "UP", 
    "version": 1
}]
2018-03-30 01:02:04,554:DEBUG:New etcd client created for etcd-server:2379/v2
2018-03-30 01:02:04,554:DEBUG:About to wait on key /monitoring, index None
2018-03-30 01:02:04,554:DEBUG:Issuing read for key /monitoring with args {'recursive': True, 'timeout': None, 'wait': True}
2018-03-30 01:02:04,554:DEBUG:Starting new HTTP connection (1): etcd-server
2018-03-30 01:02:04,555:DEBUG:http://etcd-server:2379 "GET /v2/keys/monitoring?recursive=true&wait=true HTTP/1.1" 200 None
2018-03-30 01:03:06,803:DEBUG:
*** Consume stored data in etcd ***
 action=[set], key=[/monitoring/v2.0/er_physical_interfaces/372f28d1-8fb2-4bb1-9b42-cfc30515735a],
 value=[{
    "interface": "UP", 
    "version": 1
}]
2018-03-30 01:03:06,803:DEBUG:New etcd client created for etcd-server:2379/v2
2018-03-30 01:03:06,803:DEBUG:About to wait on key /monitoring, index None
2018-03-30 01:03:06,804:DEBUG:Issuing read for key /monitoring with args {'recursive': True, 'timeout': None, 'wait': True}
2018-03-30 01:03:06,804:DEBUG:Starting new HTTP connection (1): etcd-server
2018-03-30 01:03:06,804:DEBUG:http://etcd-server:2379 "GET /v2/keys/monitoring?recursive=true&wait=true HTTP/1.1" 200 None
2018-03-30 01:06:08,121:DEBUG:
*** Consume stored data in etcd ***
 action=[set], key=[/monitoring/v2.0/gw_interfaces/d84ce543-bc58-4844-b861-4a6d79fb2e48],
 value=[{
    "status": {
        "primary": "MASTER", 
        "secondary": "BACKUP"
    }, 
    "version": 1
}]
2018-03-30 01:06:08,121:DEBUG:New etcd client created for etcd-server:2379/v2
2018-03-30 01:06:08,121:DEBUG:About to wait on key /monitoring, index None
2018-03-30 01:06:08,121:DEBUG:Issuing read for key /monitoring with args {'recursive': True, 'timeout': None, 'wait': True}
2018-03-30 01:06:08,121:DEBUG:Starting new HTTP connection (1): etcd-server
2018-03-30 01:06:08,121:DEBUG:http://etcd-server:2379 "GET /v2/keys/monitoring?recursive=true&wait=true HTTP/1.1" 200 None
2018-03-30 01:06:19,091:DEBUG:
*** Consume stored data in etcd ***
 action=[set], key=[/monitoring/v2.0/ese_logical_ports/ecf42487-2aef-4e27-931c-8517b1632d49],
 value=[{
    "logical_port": "UP", 
    "version": 1
}]
2018-03-30 01:06:19,092:DEBUG:New etcd client created for etcd-server:2379/v2
2018-03-30 01:06:19,092:DEBUG:About to wait on key /monitoring, index None
2018-03-30 01:06:19,092:DEBUG:Issuing read for key /monitoring with args {'recursive': True, 'timeout': None, 'wait': True}
2018-03-30 01:06:19,092:DEBUG:Starting new HTTP connection (1): etcd-server
2018-03-30 01:06:19,093:DEBUG:http://etcd-server:2379 "GET /v2/keys/monitoring?recursive=true&wait=true HTTP/1.1" 200 None
2018-03-30 01:06:19,548:DEBUG:
*** Consume stored data in etcd ***
 action=[set], key=[/monitoring/v2.0/ese_logical_ports/d87b39f3-d117-46b4-ad1d-5b606d651b4f],
 value=[{
    "logical_port": "UP", 
    "version": 1
}]
2018-03-30 01:06:19,548:DEBUG:New etcd client created for etcd-server:2379/v2
2018-03-30 01:06:19,548:DEBUG:About to wait on key /monitoring, index None
2018-03-30 01:06:19,548:DEBUG:Issuing read for key /monitoring with args {'recursive': True, 'timeout': None, 'wait': True}
2018-03-30 01:06:19,548:DEBUG:Starting new HTTP connection (1): etcd-server
2018-03-30 01:06:19,549:DEBUG:http://etcd-server:2379 "GET /v2/keys/monitoring?recursive=true&wait=true HTTP/1.1" 200 None
2018-03-30 01:06:26,780:DEBUG:
*** Consume stored data in etcd ***
 action=[set], key=[/monitoring/v2.0/ports/7413e81d-f895-4527-ba5d-a86ffb663258],
 value=[{
    "version": 2, 
    "vmi": "UP"
}]
2018-03-30 01:06:26,780:DEBUG:New etcd client created for etcd-server:2379/v2
2018-03-30 01:06:26,780:DEBUG:About to wait on key /monitoring, index None
2018-03-30 01:06:26,780:DEBUG:Issuing read for key /monitoring with args {'recursive': True, 'timeout': None, 'wait': True}
2018-03-30 01:06:26,780:DEBUG:Starting new HTTP connection (1): etcd-server
2018-03-30 01:06:26,781:DEBUG:http://etcd-server:2379 "GET /v2/keys/monitoring?recursive=true&wait=true HTTP/1.1" 200 None
2018-03-30 01:06:26,809:DEBUG:
*** Consume stored data in etcd ***
 action=[set], key=[/monitoring/v2.0/ports/4fca361d-fdaf-4b92-81a8-a4cdd767cad4],
 value=[{
    "version": 2, 
    "vmi": "FAIL"
}]
2018-03-30 01:06:26,810:DEBUG:New etcd client created for etcd-server:2379/v2
2018-03-30 01:06:26,810:DEBUG:About to wait on key /monitoring, index None
2018-03-30 01:06:26,810:DEBUG:Issuing read for key /monitoring with args {'recursive': True, 'timeout': None, 'wait': True}
2018-03-30 01:06:26,810:DEBUG:Starting new HTTP connection (1): etcd-server
2018-03-30 01:06:26,811:DEBUG:http://etcd-server:2379 "GET /v2/keys/monitoring?recursive=true&wait=true HTTP/1.1" 200 None
2018-03-30 01:08:26,816:DEBUG:
*** Consume stored data in etcd ***
 action=[set], key=[/monitoring/v2.0/ports/4fca361d-fdaf-4b92-81a8-a4cdd767cad4],
 value=[{
    "version": 2, 
    "vmi": "UP"
}]
2018-03-30 01:08:26,817:DEBUG:New etcd client created for etcd-server:2379/v2
2018-03-30 01:08:26,817:DEBUG:About to wait on key /monitoring, index None
2018-03-30 01:08:26,817:DEBUG:Issuing read for key /monitoring with args {'recursive': True, 'timeout': None, 'wait': True}
2018-03-30 01:08:26,817:DEBUG:Starting new HTTP connection (1): etcd-server
2018-03-30 01:08:26,818:DEBUG:http://etcd-server:2379 "GET /v2/keys/monitoring?recursive=true&wait=true HTTP/1.1" 200 None
2018-03-30 01:08:26,839:DEBUG:
*** Consume stored data in etcd ***
 action=[set], key=[/monitoring/v2.0/ports/7413e81d-f895-4527-ba5d-a86ffb663258],
 value=[{
    "version": 2, 
    "vmi": "FAIL"
}]
2018-03-30 01:08:26,839:DEBUG:New etcd client created for etcd-server:2379/v2
2018-03-30 01:08:26,839:DEBUG:About to wait on key /monitoring, index None
2018-03-30 01:08:26,839:DEBUG:Issuing read for key /monitoring with args {'recursive': True, 'timeout': None, 'wait': True}
2018-03-30 01:08:26,839:DEBUG:Starting new HTTP connection (1): etcd-server
2018-03-30 01:08:26,840:DEBUG:http://etcd-server:2379 "GET /v2/keys/monitoring?recursive=true&wait=true HTTP/1.1" 200 None
2018-03-30 01:09:26,843:DEBUG:
*** Consume stored data in etcd ***
 action=[set], key=[/monitoring/v2.0/ports/7413e81d-f895-4527-ba5d-a86ffb663258],
 value=[{
    "version": 2, 
    "vmi": "UP"
}]
2018-03-30 01:09:26,843:DEBUG:New etcd client created for etcd-server:2379/v2
2018-03-30 01:09:26,843:DEBUG:About to wait on key /monitoring, index None
2018-03-30 01:09:26,843:DEBUG:Issuing read for key /monitoring with args {'recursive': True, 'timeout': None, 'wait': True}
2018-03-30 01:09:26,844:DEBUG:Starting new HTTP connection (1): etcd-server
2018-03-30 01:09:26,844:DEBUG:http://etcd-server:2379 "GET /v2/keys/monitoring?recursive=true&wait=true HTTP/1.1" 200 None
2018-03-30 01:09:26,903:DEBUG:
*** Consume stored data in etcd ***
 action=[set], key=[/monitoring/v2.0/ports/4fca361d-fdaf-4b92-81a8-a4cdd767cad4],
 value=[{
    "version": 2, 
    "vmi": "FAIL"
}]
2018-03-30 01:09:26,903:DEBUG:New etcd client created for etcd-server:2379/v2
2018-03-30 01:09:26,904:DEBUG:About to wait on key /monitoring, index None
2018-03-30 01:09:26,904:DEBUG:Issuing read for key /monitoring with args {'recursive': True, 'timeout': None, 'wait': True}
2018-03-30 01:09:26,904:DEBUG:Starting new HTTP connection (1): etcd-server
2018-03-30 01:09:26,905:DEBUG:http://etcd-server:2379 "GET /v2/keys/monitoring?recursive=true&wait=true HTTP/1.1" 200 None
2018-03-30 01:12:26,915:DEBUG:
*** Consume stored data in etcd ***
 action=[set], key=[/monitoring/v2.0/ports/4fca361d-fdaf-4b92-81a8-a4cdd767cad4],
 value=[{
    "version": 2, 
    "vmi": "UP"
}]
2018-03-30 01:12:26,915:DEBUG:New etcd client created for etcd-server:2379/v2
2018-03-30 01:12:26,915:DEBUG:About to wait on key /monitoring, index None
2018-03-30 01:12:26,915:DEBUG:Issuing read for key /monitoring with args {'recursive': True, 'timeout': None, 'wait': True}
2018-03-30 01:12:26,915:DEBUG:Starting new HTTP connection (1): etcd-server
2018-03-30 01:12:26,916:DEBUG:http://etcd-server:2379 "GET /v2/keys/monitoring?recursive=true&wait=true HTTP/1.1" 200 None
2018-03-30 01:12:26,960:DEBUG:
*** Consume stored data in etcd ***
 action=[set], key=[/monitoring/v2.0/ports/7413e81d-f895-4527-ba5d-a86ffb663258],
 value=[{
    "version": 2, 
    "vmi": "FAIL"
}]
2018-03-30 01:12:26,960:DEBUG:New etcd client created for etcd-server:2379/v2
2018-03-30 01:12:26,960:DEBUG:About to wait on key /monitoring, index None
2018-03-30 01:12:26,960:DEBUG:Issuing read for key /monitoring with args {'recursive': True, 'timeout': None, 'wait': True}
2018-03-30 01:12:26,961:DEBUG:Starting new HTTP connection (1): etcd-server
2018-03-30 01:12:26,961:DEBUG:http://etcd-server:2379 "GET /v2/keys/monitoring?recursive=true&wait=true HTTP/1.1" 200 None
2018-03-30 01:13:26,964:DEBUG:
*** Consume stored data in etcd ***
 action=[set], key=[/monitoring/v2.0/ports/7413e81d-f895-4527-ba5d-a86ffb663258],
 value=[{
    "version": 2, 
    "vmi": "UP"
}]
2018-03-30 01:13:26,964:DEBUG:New etcd client created for etcd-server:2379/v2
2018-03-30 01:13:26,964:DEBUG:About to wait on key /monitoring, index None
2018-03-30 01:13:26,964:DEBUG:Issuing read for key /monitoring with args {'recursive': True, 'timeout': None, 'wait': True}
2018-03-30 01:13:26,964:DEBUG:Starting new HTTP connection (1): etcd-server
2018-03-30 01:13:26,967:DEBUG:http://etcd-server:2379 "GET /v2/keys/monitoring?recursive=true&wait=true HTTP/1.1" 200 None
2018-03-30 01:13:26,991:DEBUG:
*** Consume stored data in etcd ***
 action=[set], key=[/monitoring/v2.0/ports/4fca361d-fdaf-4b92-81a8-a4cdd767cad4],
 value=[{
    "version": 2, 
    "vmi": "FAIL"
}]
2018-03-30 01:13:26,991:DEBUG:New etcd client created for etcd-server:2379/v2
2018-03-30 01:13:26,991:DEBUG:About to wait on key /monitoring, index None
2018-03-30 01:13:26,991:DEBUG:Issuing read for key /monitoring with args {'recursive': True, 'timeout': None, 'wait': True}
2018-03-30 01:13:26,991:DEBUG:Starting new HTTP connection (1): etcd-server
2018-03-30 01:13:26,993:DEBUG:http://etcd-server:2379 "GET /v2/keys/monitoring?recursive=true&wait=true HTTP/1.1" 200 None
2018-03-30 01:28:27,049:DEBUG:
*** Consume stored data in etcd ***
 action=[set], key=[/monitoring/v2.0/ports/4fca361d-fdaf-4b92-81a8-a4cdd767cad4],
 value=[{
    "version": 2, 
    "vmi": "UP"
}]
2018-03-30 01:28:27,049:DEBUG:New etcd client created for etcd-server:2379/v2
2018-03-30 01:28:27,050:DEBUG:About to wait on key /monitoring, index None
2018-03-30 01:28:27,050:DEBUG:Issuing read for key /monitoring with args {'recursive': True, 'timeout': None, 'wait': True}
2018-03-30 01:28:27,050:DEBUG:Starting new HTTP connection (1): etcd-server
2018-03-30 01:28:27,051:DEBUG:http://etcd-server:2379 "GET /v2/keys/monitoring?recursive=true&wait=true HTTP/1.1" 200 None
2018-03-30 01:28:27,078:DEBUG:
*** Consume stored data in etcd ***
 action=[set], key=[/monitoring/v2.0/ports/7413e81d-f895-4527-ba5d-a86ffb663258],
 value=[{
    "version": 2, 
    "vmi": "FAIL"
}]
2018-03-30 01:28:27,078:DEBUG:New etcd client created for etcd-server:2379/v2
2018-03-30 01:28:27,078:DEBUG:About to wait on key /monitoring, index None
2018-03-30 01:28:27,078:DEBUG:Issuing read for key /monitoring with args {'recursive': True, 'timeout': None, 'wait': True}
2018-03-30 01:28:27,078:DEBUG:Starting new HTTP connection (1): etcd-server
2018-03-30 01:28:27,080:DEBUG:http://etcd-server:2379 "GET /v2/keys/monitoring?recursive=true&wait=true HTTP/1.1" 200 None
2018-03-30 01:29:27,081:DEBUG:
*** Consume stored data in etcd ***
 action=[set], key=[/monitoring/v2.0/ports/7413e81d-f895-4527-ba5d-a86ffb663258],
 value=[{
    "version": 2, 
    "vmi": "UP"
}]
2018-03-30 01:29:27,081:DEBUG:New etcd client created for etcd-server:2379/v2
2018-03-30 01:29:27,081:DEBUG:About to wait on key /monitoring, index None
2018-03-30 01:29:27,081:DEBUG:Issuing read for key /monitoring with args {'recursive': True, 'timeout': None, 'wait': True}
2018-03-30 01:29:27,082:DEBUG:Starting new HTTP connection (1): etcd-server
2018-03-30 01:29:27,082:DEBUG:http://etcd-server:2379 "GET /v2/keys/monitoring?recursive=true&wait=true HTTP/1.1" 200 None
2018-03-30 01:29:27,105:DEBUG:
*** Consume stored data in etcd ***
 action=[set], key=[/monitoring/v2.0/ports/4fca361d-fdaf-4b92-81a8-a4cdd767cad4],
 value=[{
    "version": 2, 
    "vmi": "FAIL"
}]
2018-03-30 01:29:27,105:DEBUG:New etcd client created for etcd-server:2379/v2
2018-03-30 01:29:27,105:DEBUG:About to wait on key /monitoring, index None
2018-03-30 01:29:27,105:DEBUG:Issuing read for key /monitoring with args {'recursive': True, 'timeout': None, 'wait': True}
2018-03-30 01:29:27,106:DEBUG:Starting new HTTP connection (1): etcd-server
2018-03-30 01:29:27,107:DEBUG:http://etcd-server:2379 "GET /v2/keys/monitoring?recursive=true&wait=true HTTP/1.1" 200 None
2018-03-30 01:31:27,113:DEBUG:
*** Consume stored data in etcd ***
 action=[set], key=[/monitoring/v2.0/ports/4fca361d-fdaf-4b92-81a8-a4cdd767cad4],
 value=[{
    "version": 2, 
    "vmi": "UP"
}]
2018-03-30 01:31:27,113:DEBUG:New etcd client created for etcd-server:2379/v2
2018-03-30 01:31:27,113:DEBUG:About to wait on key /monitoring, index None
2018-03-30 01:31:27,113:DEBUG:Issuing read for key /monitoring with args {'recursive': True, 'timeout': None, 'wait': True}
2018-03-30 01:31:27,114:DEBUG:Starting new HTTP connection (1): etcd-server
2018-03-30 01:31:27,115:DEBUG:http://etcd-server:2379 "GET /v2/keys/monitoring?recursive=true&wait=true HTTP/1.1" 200 None
2018-03-30 01:31:27,134:DEBUG:
*** Consume stored data in etcd ***
 action=[set], key=[/monitoring/v2.0/ports/7413e81d-f895-4527-ba5d-a86ffb663258],
 value=[{
    "version": 2, 
    "vmi": "FAIL"
}]
2018-03-30 01:31:27,134:DEBUG:New etcd client created for etcd-server:2379/v2
2018-03-30 01:31:27,135:DEBUG:About to wait on key /monitoring, index None
2018-03-30 01:31:27,135:DEBUG:Issuing read for key /monitoring with args {'recursive': True, 'timeout': None, 'wait': True}
2018-03-30 01:31:27,135:DEBUG:Starting new HTTP connection (1): etcd-server
2018-03-30 01:31:27,135:DEBUG:http://etcd-server:2379 "GET /v2/keys/monitoring?recursive=true&wait=true HTTP/1.1" 200 None
