2018-03-30 00:52:52,473:DEBUG:New etcd client created for etcd-server:2379/v2
2018-03-30 00:52:52,473:DEBUG:About to wait on key /esi-worker/job_state, index None
2018-03-30 00:52:52,473:DEBUG:Issuing read for key /esi-worker/job_state with args {'recursive': True, 'timeout': None, 'wait': True}
2018-03-30 00:52:52,474:DEBUG:Starting new HTTP connection (1): etcd-server
2018-03-30 00:52:52,475:DEBUG:http://etcd-server:2379 "GET /v2/keys/esi-worker/job_state?recursive=true&wait=true HTTP/1.1" 200 None
2018-03-30 00:55:46,302:DEBUG:
*** Consume stored data in etcd ***
 action=[set], key=[/esi-worker/job_state/v2.0/ese_devices/f5429afc-cf7e-41c4-91ee-36ec403a9695],
 value=[{}]
2018-03-30 00:55:46,302:DEBUG:New etcd client created for etcd-server:2379/v2
2018-03-30 00:55:46,303:DEBUG:About to wait on key /esi-worker/job_state, index None
2018-03-30 00:55:46,303:DEBUG:Issuing read for key /esi-worker/job_state with args {'recursive': True, 'timeout': None, 'wait': True}
2018-03-30 00:55:46,303:DEBUG:Starting new HTTP connection (1): etcd-server
2018-03-30 00:55:46,303:DEBUG:http://etcd-server:2379 "GET /v2/keys/esi-worker/job_state?recursive=true&wait=true HTTP/1.1" 200 None
2018-03-30 00:55:51,053:DEBUG:
*** Consume stored data in etcd ***
 action=[compareAndSwap], key=[/esi-worker/job_state/v2.0/ese_devices/f5429afc-cf7e-41c4-91ee-36ec403a9695],
 value=[{
    "heat_outputs": [
        {
            "output_value": "cc19c36a-a5ed-4dce-be0d-dc228f8b1c00", 
            "description": "Monitoring Target ID", 
            "output_key": "monitoring_target_id"
        }, 
        {
            "output_value": [
                "default-global-system-config", 
                "NWSDP-JNPR-02"
            ], 
            "description": "The FQ name of the physical router.", 
            "output_key": "fq_name"
        }, 
        {
            "output_value": "7e5c78fa-71c0-427e-947f-586b1fc3c470", 
            "description": "A unique id for the physical router.", 
            "output_key": "id"
        }, 
        {
            "output_value": "http://collector-agents-se.monitoringrefactordocker_default:7070/targets/cc19c36a-a5ed-4dce-be0d-dc228f8b1c00", 
            "description": "Monitoring Process Link", 
            "output_key": "monitoring_link"
        }, 
        {
            "output_value": "NWSDP-JNPR-02", 
            "description": "The name of the physical router.", 
            "output_key": "name"
        }
    ], 
    "orchestration_state": "CREATE_COMPLETE"
}]
2018-03-30 00:55:51,053:DEBUG:New etcd client created for etcd-server:2379/v2
2018-03-30 00:55:51,053:DEBUG:About to wait on key /esi-worker/job_state, index None
2018-03-30 00:55:51,053:DEBUG:Issuing read for key /esi-worker/job_state with args {'recursive': True, 'timeout': None, 'wait': True}
2018-03-30 00:55:51,054:DEBUG:Starting new HTTP connection (1): etcd-server
2018-03-30 00:55:51,054:DEBUG:http://etcd-server:2379 "GET /v2/keys/esi-worker/job_state?recursive=true&wait=true HTTP/1.1" 200 None
2018-03-30 00:55:51,254:DEBUG:
*** Consume stored data in etcd ***
 action=[compareAndDelete], key=[/esi-worker/job_state/v2.0/ese_devices/f5429afc-cf7e-41c4-91ee-36ec403a9695],
 value=[]
2018-03-30 00:55:51,254:DEBUG:New etcd client created for etcd-server:2379/v2
2018-03-30 00:55:51,254:DEBUG:About to wait on key /esi-worker/job_state, index None
2018-03-30 00:55:51,254:DEBUG:Issuing read for key /esi-worker/job_state with args {'recursive': True, 'timeout': None, 'wait': True}
2018-03-30 00:55:51,255:DEBUG:Starting new HTTP connection (1): etcd-server
2018-03-30 00:55:51,255:DEBUG:http://etcd-server:2379 "GET /v2/keys/esi-worker/job_state?recursive=true&wait=true HTTP/1.1" 200 None
2018-03-30 00:56:53,719:DEBUG:
*** Consume stored data in etcd ***
 action=[set], key=[/esi-worker/job_state/v2.0/ese_physical_ports/7861b62a-55fe-4e98-9bfc-10bf19052d9a],
 value=[{}]
2018-03-30 00:56:53,719:DEBUG:New etcd client created for etcd-server:2379/v2
2018-03-30 00:56:53,719:DEBUG:About to wait on key /esi-worker/job_state, index None
2018-03-30 00:56:53,719:DEBUG:Issuing read for key /esi-worker/job_state with args {'recursive': True, 'timeout': None, 'wait': True}
2018-03-30 00:56:53,719:DEBUG:Starting new HTTP connection (1): etcd-server
2018-03-30 00:56:53,720:DEBUG:http://etcd-server:2379 "GET /v2/keys/esi-worker/job_state?recursive=true&wait=true HTTP/1.1" 200 None
2018-03-30 00:56:57,819:DEBUG:
*** Consume stored data in etcd ***
 action=[compareAndSwap], key=[/esi-worker/job_state/v2.0/ese_physical_ports/7861b62a-55fe-4e98-9bfc-10bf19052d9a],
 value=[{
    "heat_outputs": [
        {
            "output_value": "c80300f1-641c-4cbc-bd93-d65cef324cfb", 
            "description": "Monitoring Target ID", 
            "output_key": "monitoring_target_id"
        }, 
        {
            "output_value": "06bfe521-07f0-4931-9f8c-318c3ad8114e", 
            "description": "A unique id for the physical interface", 
            "output_key": "id"
        }, 
        {
            "output_value": "http://collector-agents-se.monitoringrefactordocker_default:7070/targets/c80300f1-641c-4cbc-bd93-d65cef324cfb", 
            "description": "Monitoring Process Link", 
            "output_key": "monitoring_link"
        }, 
        {
            "output_value": "xe-0/0/38", 
            "description": "The name of the physical interface.", 
            "output_key": "name"
        }
    ], 
    "orchestration_state": "CREATE_COMPLETE"
}]
2018-03-30 00:56:57,820:DEBUG:New etcd client created for etcd-server:2379/v2
2018-03-30 00:56:57,820:DEBUG:About to wait on key /esi-worker/job_state, index None
2018-03-30 00:56:57,820:DEBUG:Issuing read for key /esi-worker/job_state with args {'recursive': True, 'timeout': None, 'wait': True}
2018-03-30 00:56:57,820:DEBUG:Starting new HTTP connection (1): etcd-server
2018-03-30 00:56:57,820:DEBUG:http://etcd-server:2379 "GET /v2/keys/esi-worker/job_state?recursive=true&wait=true HTTP/1.1" 200 None
2018-03-30 00:56:57,953:DEBUG:
*** Consume stored data in etcd ***
 action=[compareAndDelete], key=[/esi-worker/job_state/v2.0/ese_physical_ports/7861b62a-55fe-4e98-9bfc-10bf19052d9a],
 value=[]
2018-03-30 00:56:57,954:DEBUG:New etcd client created for etcd-server:2379/v2
2018-03-30 00:56:57,954:DEBUG:About to wait on key /esi-worker/job_state, index None
2018-03-30 00:56:57,954:DEBUG:Issuing read for key /esi-worker/job_state with args {'recursive': True, 'timeout': None, 'wait': True}
2018-03-30 00:56:57,954:DEBUG:Starting new HTTP connection (1): etcd-server
2018-03-30 00:56:57,955:DEBUG:http://etcd-server:2379 "GET /v2/keys/esi-worker/job_state?recursive=true&wait=true HTTP/1.1" 200 None
2018-03-30 00:57:58,033:DEBUG:
*** Consume stored data in etcd ***
 action=[set], key=[/esi-worker/job_state/v2.0/ese_physical_ports/76001683-a8bb-4c68-8c87-7b63ea7bd5cd],
 value=[{}]
2018-03-30 00:57:58,033:DEBUG:New etcd client created for etcd-server:2379/v2
2018-03-30 00:57:58,033:DEBUG:About to wait on key /esi-worker/job_state, index None
2018-03-30 00:57:58,033:DEBUG:Issuing read for key /esi-worker/job_state with args {'recursive': True, 'timeout': None, 'wait': True}
2018-03-30 00:57:58,033:DEBUG:Starting new HTTP connection (1): etcd-server
2018-03-30 00:57:58,034:DEBUG:http://etcd-server:2379 "GET /v2/keys/esi-worker/job_state?recursive=true&wait=true HTTP/1.1" 200 None
2018-03-30 00:58:02,133:DEBUG:
*** Consume stored data in etcd ***
 action=[compareAndSwap], key=[/esi-worker/job_state/v2.0/ese_physical_ports/76001683-a8bb-4c68-8c87-7b63ea7bd5cd],
 value=[{
    "heat_outputs": [
        {
            "output_value": "2b9fc4b0-a261-4218-a9fc-7b449642836b", 
            "description": "Monitoring Target ID", 
            "output_key": "monitoring_target_id"
        }, 
        {
            "output_value": "06bfe521-07f0-4931-9f8c-318c3ad8114e", 
            "description": "A unique id for the physical interface", 
            "output_key": "id"
        }, 
        {
            "output_value": "http://collector-agents-se.monitoringrefactordocker_default:7070/targets/2b9fc4b0-a261-4218-a9fc-7b449642836b", 
            "description": "Monitoring Process Link", 
            "output_key": "monitoring_link"
        }, 
        {
            "output_value": "xe-0/0/38", 
            "description": "The name of the physical interface.", 
            "output_key": "name"
        }
    ], 
    "orchestration_state": "CREATE_COMPLETE"
}]
2018-03-30 00:58:02,133:DEBUG:New etcd client created for etcd-server:2379/v2
2018-03-30 00:58:02,133:DEBUG:About to wait on key /esi-worker/job_state, index None
2018-03-30 00:58:02,133:DEBUG:Issuing read for key /esi-worker/job_state with args {'recursive': True, 'timeout': None, 'wait': True}
2018-03-30 00:58:02,133:DEBUG:Starting new HTTP connection (1): etcd-server
2018-03-30 00:58:02,133:DEBUG:http://etcd-server:2379 "GET /v2/keys/esi-worker/job_state?recursive=true&wait=true HTTP/1.1" 200 None
2018-03-30 00:58:02,292:DEBUG:
*** Consume stored data in etcd ***
 action=[compareAndDelete], key=[/esi-worker/job_state/v2.0/ese_physical_ports/76001683-a8bb-4c68-8c87-7b63ea7bd5cd],
 value=[]
2018-03-30 00:58:02,292:DEBUG:New etcd client created for etcd-server:2379/v2
2018-03-30 00:58:02,292:DEBUG:About to wait on key /esi-worker/job_state, index None
2018-03-30 00:58:02,292:DEBUG:Issuing read for key /esi-worker/job_state with args {'recursive': True, 'timeout': None, 'wait': True}
2018-03-30 00:58:02,293:DEBUG:Starting new HTTP connection (1): etcd-server
2018-03-30 00:58:02,293:DEBUG:http://etcd-server:2379 "GET /v2/keys/esi-worker/job_state?recursive=true&wait=true HTTP/1.1" 200 None
2018-03-30 00:58:58,083:DEBUG:
*** Consume stored data in etcd ***
 action=[set], key=[/esi-worker/job_state/v2.0/edge_routers/2a28fdaa-651b-4558-8825-891b93329123],
 value=[{}]
2018-03-30 00:58:58,083:DEBUG:New etcd client created for etcd-server:2379/v2
2018-03-30 00:58:58,083:DEBUG:About to wait on key /esi-worker/job_state, index None
2018-03-30 00:58:58,083:DEBUG:Issuing read for key /esi-worker/job_state with args {'recursive': True, 'timeout': None, 'wait': True}
2018-03-30 00:58:58,084:DEBUG:Starting new HTTP connection (1): etcd-server
2018-03-30 00:58:58,084:DEBUG:http://etcd-server:2379 "GET /v2/keys/esi-worker/job_state?recursive=true&wait=true HTTP/1.1" 200 None
2018-03-30 00:59:01,323:DEBUG:
*** Consume stored data in etcd ***
 action=[compareAndSwap], key=[/esi-worker/job_state/v2.0/edge_routers/2a28fdaa-651b-4558-8825-891b93329123],
 value=[{
    "heat_outputs": [
        {
            "output_value": "7440aa4b-dedc-43ed-ad2d-b60f00f1247d", 
            "description": "Monitoring Target ID", 
            "output_key": "monitoring_target_id"
        }, 
        {
            "output_value": "http://collector-agents-se.monitoringrefactordocker_default:7070/targets/7440aa4b-dedc-43ed-ad2d-b60f00f1247d", 
            "description": "Monitoring Process Link", 
            "output_key": "monitoring_link"
        }
    ], 
    "orchestration_state": "CREATE_COMPLETE"
}]
2018-03-30 00:59:01,323:DEBUG:New etcd client created for etcd-server:2379/v2
2018-03-30 00:59:01,323:DEBUG:About to wait on key /esi-worker/job_state, index None
2018-03-30 00:59:01,323:DEBUG:Issuing read for key /esi-worker/job_state with args {'recursive': True, 'timeout': None, 'wait': True}
2018-03-30 00:59:01,323:DEBUG:Starting new HTTP connection (1): etcd-server
2018-03-30 00:59:01,324:DEBUG:http://etcd-server:2379 "GET /v2/keys/esi-worker/job_state?recursive=true&wait=true HTTP/1.1" 200 None
2018-03-30 00:59:01,499:DEBUG:
*** Consume stored data in etcd ***
 action=[compareAndDelete], key=[/esi-worker/job_state/v2.0/edge_routers/2a28fdaa-651b-4558-8825-891b93329123],
 value=[]
2018-03-30 00:59:01,499:DEBUG:New etcd client created for etcd-server:2379/v2
2018-03-30 00:59:01,499:DEBUG:About to wait on key /esi-worker/job_state, index None
2018-03-30 00:59:01,499:DEBUG:Issuing read for key /esi-worker/job_state with args {'recursive': True, 'timeout': None, 'wait': True}
2018-03-30 00:59:01,500:DEBUG:Starting new HTTP connection (1): etcd-server
2018-03-30 00:59:01,500:DEBUG:http://etcd-server:2379 "GET /v2/keys/esi-worker/job_state?recursive=true&wait=true HTTP/1.1" 200 None
2018-03-30 01:00:00,308:DEBUG:
*** Consume stored data in etcd ***
 action=[set], key=[/esi-worker/job_state/v2.0/edge_routers/43119898-9a76-400c-abdc-8d3ec2113b5d],
 value=[{}]
2018-03-30 01:00:00,308:DEBUG:New etcd client created for etcd-server:2379/v2
2018-03-30 01:00:00,308:DEBUG:About to wait on key /esi-worker/job_state, index None
2018-03-30 01:00:00,308:DEBUG:Issuing read for key /esi-worker/job_state with args {'recursive': True, 'timeout': None, 'wait': True}
2018-03-30 01:00:00,308:DEBUG:Starting new HTTP connection (1): etcd-server
2018-03-30 01:00:00,309:DEBUG:http://etcd-server:2379 "GET /v2/keys/esi-worker/job_state?recursive=true&wait=true HTTP/1.1" 200 None
2018-03-30 01:00:02,346:DEBUG:
*** Consume stored data in etcd ***
 action=[compareAndSwap], key=[/esi-worker/job_state/v2.0/edge_routers/43119898-9a76-400c-abdc-8d3ec2113b5d],
 value=[{
    "heat_outputs": [
        {
            "output_value": "b2f3a36a-9427-44bc-a403-664a5a65862a", 
            "description": "Monitoring Target ID", 
            "output_key": "monitoring_target_id"
        }, 
        {
            "output_value": "http://collector-agents-se.monitoringrefactordocker_default:7070/targets/b2f3a36a-9427-44bc-a403-664a5a65862a", 
            "description": "Monitoring Process Link", 
            "output_key": "monitoring_link"
        }
    ], 
    "orchestration_state": "CREATE_COMPLETE"
}]
2018-03-30 01:00:02,346:DEBUG:New etcd client created for etcd-server:2379/v2
2018-03-30 01:00:02,346:DEBUG:About to wait on key /esi-worker/job_state, index None
2018-03-30 01:00:02,346:DEBUG:Issuing read for key /esi-worker/job_state with args {'recursive': True, 'timeout': None, 'wait': True}
2018-03-30 01:00:02,346:DEBUG:Starting new HTTP connection (1): etcd-server
2018-03-30 01:00:02,347:DEBUG:http://etcd-server:2379 "GET /v2/keys/esi-worker/job_state?recursive=true&wait=true HTTP/1.1" 200 None
2018-03-30 01:00:02,488:DEBUG:
*** Consume stored data in etcd ***
 action=[compareAndDelete], key=[/esi-worker/job_state/v2.0/edge_routers/43119898-9a76-400c-abdc-8d3ec2113b5d],
 value=[]
2018-03-30 01:00:02,488:DEBUG:New etcd client created for etcd-server:2379/v2
2018-03-30 01:00:02,488:DEBUG:About to wait on key /esi-worker/job_state, index None
2018-03-30 01:00:02,489:DEBUG:Issuing read for key /esi-worker/job_state with args {'recursive': True, 'timeout': None, 'wait': True}
2018-03-30 01:00:02,489:DEBUG:Starting new HTTP connection (1): etcd-server
2018-03-30 01:00:02,489:DEBUG:http://etcd-server:2379 "GET /v2/keys/esi-worker/job_state?recursive=true&wait=true HTTP/1.1" 200 None
2018-03-30 01:01:03,795:DEBUG:
*** Consume stored data in etcd ***
 action=[set], key=[/esi-worker/job_state/v2.0/er_physical_interfaces/7dd45d1b-1ca1-4735-9a3e-8b7e09125e0d],
 value=[{}]
2018-03-30 01:01:03,795:DEBUG:New etcd client created for etcd-server:2379/v2
2018-03-30 01:01:03,795:DEBUG:About to wait on key /esi-worker/job_state, index None
2018-03-30 01:01:03,795:DEBUG:Issuing read for key /esi-worker/job_state with args {'recursive': True, 'timeout': None, 'wait': True}
2018-03-30 01:01:03,795:DEBUG:Starting new HTTP connection (1): etcd-server
2018-03-30 01:01:03,796:DEBUG:http://etcd-server:2379 "GET /v2/keys/esi-worker/job_state?recursive=true&wait=true HTTP/1.1" 200 None
2018-03-30 01:01:06,806:DEBUG:
*** Consume stored data in etcd ***
 action=[compareAndSwap], key=[/esi-worker/job_state/v2.0/er_physical_interfaces/7dd45d1b-1ca1-4735-9a3e-8b7e09125e0d],
 value=[{
    "heat_outputs": [
        {
            "output_value": "cf06cbe6-5e6d-4e4a-a754-ce7c876edca4", 
            "description": "Monitoring Target ID", 
            "output_key": "monitoring_target_id"
        }, 
        {
            "output_value": "http://collector-agents-se.monitoringrefactordocker_default:7070/targets/cf06cbe6-5e6d-4e4a-a754-ce7c876edca4", 
            "description": "Monitoring Process Link", 
            "output_key": "monitoring_link"
        }
    ], 
    "orchestration_state": "CREATE_COMPLETE"
}]
2018-03-30 01:01:06,806:DEBUG:New etcd client created for etcd-server:2379/v2
2018-03-30 01:01:06,806:DEBUG:About to wait on key /esi-worker/job_state, index None
2018-03-30 01:01:06,806:DEBUG:Issuing read for key /esi-worker/job_state with args {'recursive': True, 'timeout': None, 'wait': True}
2018-03-30 01:01:06,806:DEBUG:Starting new HTTP connection (1): etcd-server
2018-03-30 01:01:06,807:DEBUG:http://etcd-server:2379 "GET /v2/keys/esi-worker/job_state?recursive=true&wait=true HTTP/1.1" 200 None
2018-03-30 01:01:06,973:DEBUG:
*** Consume stored data in etcd ***
 action=[compareAndDelete], key=[/esi-worker/job_state/v2.0/er_physical_interfaces/7dd45d1b-1ca1-4735-9a3e-8b7e09125e0d],
 value=[]
2018-03-30 01:01:06,973:DEBUG:New etcd client created for etcd-server:2379/v2
2018-03-30 01:01:06,973:DEBUG:About to wait on key /esi-worker/job_state, index None
2018-03-30 01:01:06,973:DEBUG:Issuing read for key /esi-worker/job_state with args {'recursive': True, 'timeout': None, 'wait': True}
2018-03-30 01:01:06,974:DEBUG:Starting new HTTP connection (1): etcd-server
2018-03-30 01:01:06,974:DEBUG:http://etcd-server:2379 "GET /v2/keys/esi-worker/job_state?recursive=true&wait=true HTTP/1.1" 200 None
2018-03-30 01:02:06,066:DEBUG:
*** Consume stored data in etcd ***
 action=[set], key=[/esi-worker/job_state/v2.0/er_physical_interfaces/372f28d1-8fb2-4bb1-9b42-cfc30515735a],
 value=[{}]
2018-03-30 01:02:06,066:DEBUG:New etcd client created for etcd-server:2379/v2
2018-03-30 01:02:06,066:DEBUG:About to wait on key /esi-worker/job_state, index None
2018-03-30 01:02:06,066:DEBUG:Issuing read for key /esi-worker/job_state with args {'recursive': True, 'timeout': None, 'wait': True}
2018-03-30 01:02:06,066:DEBUG:Starting new HTTP connection (1): etcd-server
2018-03-30 01:02:06,067:DEBUG:http://etcd-server:2379 "GET /v2/keys/esi-worker/job_state?recursive=true&wait=true HTTP/1.1" 200 None
2018-03-30 01:02:09,104:DEBUG:
*** Consume stored data in etcd ***
 action=[compareAndSwap], key=[/esi-worker/job_state/v2.0/er_physical_interfaces/372f28d1-8fb2-4bb1-9b42-cfc30515735a],
 value=[{
    "heat_outputs": [
        {
            "output_value": "333a52fa-a1b8-49b2-ae49-a68e0ef37448", 
            "description": "Monitoring Target ID", 
            "output_key": "monitoring_target_id"
        }, 
        {
            "output_value": "http://collector-agents-se.monitoringrefactordocker_default:7070/targets/333a52fa-a1b8-49b2-ae49-a68e0ef37448", 
            "description": "Monitoring Process Link", 
            "output_key": "monitoring_link"
        }
    ], 
    "orchestration_state": "CREATE_COMPLETE"
}]
2018-03-30 01:02:09,104:DEBUG:New etcd client created for etcd-server:2379/v2
2018-03-30 01:02:09,105:DEBUG:About to wait on key /esi-worker/job_state, index None
2018-03-30 01:02:09,105:DEBUG:Issuing read for key /esi-worker/job_state with args {'recursive': True, 'timeout': None, 'wait': True}
2018-03-30 01:02:09,105:DEBUG:Starting new HTTP connection (1): etcd-server
2018-03-30 01:02:09,105:DEBUG:http://etcd-server:2379 "GET /v2/keys/esi-worker/job_state?recursive=true&wait=true HTTP/1.1" 200 None
2018-03-30 01:02:09,284:DEBUG:
*** Consume stored data in etcd ***
 action=[compareAndDelete], key=[/esi-worker/job_state/v2.0/er_physical_interfaces/372f28d1-8fb2-4bb1-9b42-cfc30515735a],
 value=[]
2018-03-30 01:02:09,284:DEBUG:New etcd client created for etcd-server:2379/v2
2018-03-30 01:02:09,284:DEBUG:About to wait on key /esi-worker/job_state, index None
2018-03-30 01:02:09,284:DEBUG:Issuing read for key /esi-worker/job_state with args {'recursive': True, 'timeout': None, 'wait': True}
2018-03-30 01:02:09,285:DEBUG:Starting new HTTP connection (1): etcd-server
2018-03-30 01:02:09,285:DEBUG:http://etcd-server:2379 "GET /v2/keys/esi-worker/job_state?recursive=true&wait=true HTTP/1.1" 200 None
2018-03-30 01:03:32,295:DEBUG:
*** Consume stored data in etcd ***
 action=[set], key=[/esi-worker/job_state/v2.0/internet_gateways/d4e4e75c-8c02-420f-9eda-fa5771c3bad6],
 value=[{}]
2018-03-30 01:03:32,295:DEBUG:New etcd client created for etcd-server:2379/v2
2018-03-30 01:03:32,295:DEBUG:About to wait on key /esi-worker/job_state, index None
2018-03-30 01:03:32,295:DEBUG:Issuing read for key /esi-worker/job_state with args {'recursive': True, 'timeout': None, 'wait': True}
2018-03-30 01:03:32,295:DEBUG:Starting new HTTP connection (1): etcd-server
2018-03-30 01:03:32,296:DEBUG:http://etcd-server:2379 "GET /v2/keys/esi-worker/job_state?recursive=true&wait=true HTTP/1.1" 200 None
2018-03-30 01:03:49,067:DEBUG:
*** Consume stored data in etcd ***
 action=[compareAndSwap], key=[/esi-worker/job_state/v2.0/internet_gateways/d4e4e75c-8c02-420f-9eda-fa5771c3bad6],
 value=[{
    "heat_outputs": [
        {
            "output_value": "082e613f-f9d2-4713-9a0a-238c5271d48f", 
            "description": "Monitoring Target ID", 
            "output_key": "primary_monitoring_target_id"
        }, 
        {
            "output_value": "http://collector-agents-se.monitoringrefactordocker_default:7070/targets/cc9ebe89-fd84-4b9e-b3ed-e1c32fc21c20", 
            "description": "Monitoring Process Link", 
            "output_key": "secondary_monitoring_link"
        }, 
        {
            "output_value": "cc9ebe89-fd84-4b9e-b3ed-e1c32fc21c20", 
            "description": "Monitoring Target ID", 
            "output_key": "secondary_monitoring_target_id"
        }, 
        {
            "output_value": "http://collector-agents-se.monitoringrefactordocker_default:7070/targets/082e613f-f9d2-4713-9a0a-238c5271d48f", 
            "description": "Monitoring Process Link", 
            "output_key": "primary_monitoring_link"
        }
    ], 
    "orchestration_state": "CREATE_COMPLETE"
}]
2018-03-30 01:03:49,068:DEBUG:New etcd client created for etcd-server:2379/v2
2018-03-30 01:03:49,068:DEBUG:About to wait on key /esi-worker/job_state, index None
2018-03-30 01:03:49,068:DEBUG:Issuing read for key /esi-worker/job_state with args {'recursive': True, 'timeout': None, 'wait': True}
2018-03-30 01:03:49,068:DEBUG:Starting new HTTP connection (1): etcd-server
2018-03-30 01:03:49,068:DEBUG:http://etcd-server:2379 "GET /v2/keys/esi-worker/job_state?recursive=true&wait=true HTTP/1.1" 200 None
2018-03-30 01:03:49,277:DEBUG:
*** Consume stored data in etcd ***
 action=[compareAndDelete], key=[/esi-worker/job_state/v2.0/internet_gateways/d4e4e75c-8c02-420f-9eda-fa5771c3bad6],
 value=[]
2018-03-30 01:03:49,277:DEBUG:New etcd client created for etcd-server:2379/v2
2018-03-30 01:03:49,277:DEBUG:About to wait on key /esi-worker/job_state, index None
2018-03-30 01:03:49,277:DEBUG:Issuing read for key /esi-worker/job_state with args {'recursive': True, 'timeout': None, 'wait': True}
2018-03-30 01:03:49,277:DEBUG:Starting new HTTP connection (1): etcd-server
2018-03-30 01:03:49,278:DEBUG:http://etcd-server:2379 "GET /v2/keys/esi-worker/job_state?recursive=true&wait=true HTTP/1.1" 200 None
2018-03-30 01:04:01,837:DEBUG:
*** Consume stored data in etcd ***
 action=[set], key=[/esi-worker/job_state/v2.0/public_ips/6f583980-3f9e-458f-8f68-f42a7adfb211],
 value=[{}]
2018-03-30 01:04:01,837:DEBUG:New etcd client created for etcd-server:2379/v2
2018-03-30 01:04:01,837:DEBUG:About to wait on key /esi-worker/job_state, index None
2018-03-30 01:04:01,837:DEBUG:Issuing read for key /esi-worker/job_state with args {'recursive': True, 'timeout': None, 'wait': True}
2018-03-30 01:04:01,837:DEBUG:Starting new HTTP connection (1): etcd-server
2018-03-30 01:04:01,838:DEBUG:http://etcd-server:2379 "GET /v2/keys/esi-worker/job_state?recursive=true&wait=true HTTP/1.1" 200 None
2018-03-30 01:04:09,079:DEBUG:
*** Consume stored data in etcd ***
 action=[compareAndSwap], key=[/esi-worker/job_state/v2.0/public_ips/6f583980-3f9e-458f-8f68-f42a7adfb211],
 value=[{
    "heat_outputs": [], 
    "orchestration_state": "CREATE_COMPLETE"
}]
2018-03-30 01:04:09,080:DEBUG:New etcd client created for etcd-server:2379/v2
2018-03-30 01:04:09,080:DEBUG:About to wait on key /esi-worker/job_state, index None
2018-03-30 01:04:09,080:DEBUG:Issuing read for key /esi-worker/job_state with args {'recursive': True, 'timeout': None, 'wait': True}
2018-03-30 01:04:09,080:DEBUG:Starting new HTTP connection (1): etcd-server
2018-03-30 01:04:09,080:DEBUG:http://etcd-server:2379 "GET /v2/keys/esi-worker/job_state?recursive=true&wait=true HTTP/1.1" 200 None
2018-03-30 01:04:09,422:DEBUG:
*** Consume stored data in etcd ***
 action=[compareAndDelete], key=[/esi-worker/job_state/v2.0/public_ips/6f583980-3f9e-458f-8f68-f42a7adfb211],
 value=[]
2018-03-30 01:04:09,422:DEBUG:New etcd client created for etcd-server:2379/v2
2018-03-30 01:04:09,422:DEBUG:About to wait on key /esi-worker/job_state, index None
2018-03-30 01:04:09,422:DEBUG:Issuing read for key /esi-worker/job_state with args {'recursive': True, 'timeout': None, 'wait': True}
2018-03-30 01:04:09,422:DEBUG:Starting new HTTP connection (1): etcd-server
2018-03-30 01:04:09,424:DEBUG:http://etcd-server:2379 "GET /v2/keys/esi-worker/job_state?recursive=true&wait=true HTTP/1.1" 200 None
2018-03-30 01:04:21,740:DEBUG:
*** Consume stored data in etcd ***
 action=[set], key=[/esi-worker/job_state/v2.0/networks/73f88c22-ae22-4fb7-86b3-9acb141b8809],
 value=[{}]
2018-03-30 01:04:21,740:DEBUG:New etcd client created for etcd-server:2379/v2
2018-03-30 01:04:21,740:DEBUG:About to wait on key /esi-worker/job_state, index None
2018-03-30 01:04:21,740:DEBUG:Issuing read for key /esi-worker/job_state with args {'recursive': True, 'timeout': None, 'wait': True}
2018-03-30 01:04:21,740:DEBUG:Starting new HTTP connection (1): etcd-server
2018-03-30 01:04:21,741:DEBUG:http://etcd-server:2379 "GET /v2/keys/esi-worker/job_state?recursive=true&wait=true HTTP/1.1" 200 None
2018-03-30 01:04:24,879:DEBUG:
*** Consume stored data in etcd ***
 action=[compareAndSwap], key=[/esi-worker/job_state/v2.0/networks/73f88c22-ae22-4fb7-86b3-9acb141b8809],
 value=[{
    "heat_outputs": [
        {
            "output_value": [], 
            "description": "The name of the virtual network.", 
            "output_key": "route_targets"
        }, 
        {
            "output_value": "default-domain:usertenant:73f88c22-ae22-4fb7-86b3-9acb141b8809", 
            "description": "The FQ name of the virtual network.", 
            "output_key": "fq_name"
        }, 
        {
            "output_value": "73f88c22-ae22-4fb7-86b3-9acb141b8809", 
            "description": "A unique id for the virtual network.", 
            "output_key": "id"
        }, 
        {
            "output_value": "73f88c22-ae22-4fb7-86b3-9acb141b8809", 
            "description": "The name of the virtual network.", 
            "output_key": "name"
        }
    ], 
    "orchestration_state": "CREATE_COMPLETE"
}]
2018-03-30 01:04:24,879:DEBUG:New etcd client created for etcd-server:2379/v2
2018-03-30 01:04:24,879:DEBUG:About to wait on key /esi-worker/job_state, index None
2018-03-30 01:04:24,879:DEBUG:Issuing read for key /esi-worker/job_state with args {'recursive': True, 'timeout': None, 'wait': True}
2018-03-30 01:04:24,879:DEBUG:Starting new HTTP connection (1): etcd-server
2018-03-30 01:04:24,880:DEBUG:http://etcd-server:2379 "GET /v2/keys/esi-worker/job_state?recursive=true&wait=true HTTP/1.1" 200 None
2018-03-30 01:04:25,072:DEBUG:
*** Consume stored data in etcd ***
 action=[compareAndDelete], key=[/esi-worker/job_state/v2.0/networks/73f88c22-ae22-4fb7-86b3-9acb141b8809],
 value=[]
2018-03-30 01:04:25,072:DEBUG:New etcd client created for etcd-server:2379/v2
2018-03-30 01:04:25,072:DEBUG:About to wait on key /esi-worker/job_state, index None
2018-03-30 01:04:25,072:DEBUG:Issuing read for key /esi-worker/job_state with args {'recursive': True, 'timeout': None, 'wait': True}
2018-03-30 01:04:25,072:DEBUG:Starting new HTTP connection (1): etcd-server
2018-03-30 01:04:25,075:DEBUG:http://etcd-server:2379 "GET /v2/keys/esi-worker/job_state?recursive=true&wait=true HTTP/1.1" 200 None
2018-03-30 01:04:37,873:DEBUG:
*** Consume stored data in etcd ***
 action=[set], key=[/esi-worker/job_state/v2.0/subnets/8fca93d6-5f0b-413d-98e0-74c3d1bacf07],
 value=[{}]
2018-03-30 01:04:37,874:DEBUG:New etcd client created for etcd-server:2379/v2
2018-03-30 01:04:37,874:DEBUG:About to wait on key /esi-worker/job_state, index None
2018-03-30 01:04:37,874:DEBUG:Issuing read for key /esi-worker/job_state with args {'recursive': True, 'timeout': None, 'wait': True}
2018-03-30 01:04:37,874:DEBUG:Starting new HTTP connection (1): etcd-server
2018-03-30 01:04:37,874:DEBUG:http://etcd-server:2379 "GET /v2/keys/esi-worker/job_state?recursive=true&wait=true HTTP/1.1" 200 None
2018-03-30 01:04:41,004:DEBUG:
*** Consume stored data in etcd ***
 action=[compareAndSwap], key=[/esi-worker/job_state/v2.0/subnets/8fca93d6-5f0b-413d-98e0-74c3d1bacf07],
 value=[{
    "heat_outputs": [
        {
            "output_value": "172.16.101.0/24", 
            "description": "IP prefix of local subnet.", 
            "output_key": "ip_prefix"
        }, 
        {
            "output_value": "8fca93d6-5f0b-413d-98e0-74c3d1bacf07", 
            "description": "The name of the local subnet.", 
            "output_key": "name"
        }, 
        {
            "output_value": "172.16.101.1", 
            "description": "Default gateway of local subnet.", 
            "output_key": "default_gateway"
        }, 
        {
            "output_value": "73f88c22-ae22-4fb7-86b3-9acb141b8809", 
            "description": "A unique id for the network.", 
            "output_key": "network_id"
        }, 
        {
            "output_value": "5a79909b-2bf3-4e26-8a9c-0bf6bb175457", 
            "description": "IPAM this local subnet uses.", 
            "output_key": "ipam"
        }, 
        {
            "output_value": "a93e21d9-d8ad-4ea8-aaf0-7a03a7024f67", 
            "description": "A unique id for the local subnet.", 
            "output_key": "id"
        }
    ], 
    "orchestration_state": "CREATE_COMPLETE"
}]
2018-03-30 01:04:41,004:DEBUG:New etcd client created for etcd-server:2379/v2
2018-03-30 01:04:41,005:DEBUG:About to wait on key /esi-worker/job_state, index None
2018-03-30 01:04:41,005:DEBUG:Issuing read for key /esi-worker/job_state with args {'recursive': True, 'timeout': None, 'wait': True}
2018-03-30 01:04:41,005:DEBUG:Starting new HTTP connection (1): etcd-server
2018-03-30 01:04:41,006:DEBUG:http://etcd-server:2379 "GET /v2/keys/esi-worker/job_state?recursive=true&wait=true HTTP/1.1" 200 None
2018-03-30 01:04:41,347:DEBUG:
*** Consume stored data in etcd ***
 action=[compareAndDelete], key=[/esi-worker/job_state/v2.0/subnets/8fca93d6-5f0b-413d-98e0-74c3d1bacf07],
 value=[]
2018-03-30 01:04:41,348:DEBUG:New etcd client created for etcd-server:2379/v2
2018-03-30 01:04:41,348:DEBUG:About to wait on key /esi-worker/job_state, index None
2018-03-30 01:04:41,348:DEBUG:Issuing read for key /esi-worker/job_state with args {'recursive': True, 'timeout': None, 'wait': True}
2018-03-30 01:04:41,348:DEBUG:Starting new HTTP connection (1): etcd-server
2018-03-30 01:04:41,349:DEBUG:http://etcd-server:2379 "GET /v2/keys/esi-worker/job_state?recursive=true&wait=true HTTP/1.1" 200 None
2018-03-30 01:04:54,244:DEBUG:
*** Consume stored data in etcd ***
 action=[set], key=[/esi-worker/job_state/v2.0/gw_interfaces/d84ce543-bc58-4844-b861-4a6d79fb2e48],
 value=[{}]
2018-03-30 01:04:54,244:DEBUG:New etcd client created for etcd-server:2379/v2
2018-03-30 01:04:54,245:DEBUG:About to wait on key /esi-worker/job_state, index None
2018-03-30 01:04:54,245:DEBUG:Issuing read for key /esi-worker/job_state with args {'recursive': True, 'timeout': None, 'wait': True}
2018-03-30 01:04:54,245:DEBUG:Starting new HTTP connection (1): etcd-server
2018-03-30 01:04:54,246:DEBUG:http://etcd-server:2379 "GET /v2/keys/esi-worker/job_state?recursive=true&wait=true HTTP/1.1" 200 None
2018-03-30 01:05:10,338:DEBUG:
*** Consume stored data in etcd ***
 action=[compareAndSwap], key=[/esi-worker/job_state/v2.0/gw_interfaces/d84ce543-bc58-4844-b861-4a6d79fb2e48],
 value=[{
    "heat_outputs": [
        {
            "output_value": "23957481-7625-47c9-9dfd-770dcca7b8af", 
            "description": "Monitoring Target ID", 
            "output_key": "monitoring_target_id"
        }, 
        {
            "output_value": "http://collector-agents-se.monitoringrefactordocker_default:7070/targets/23957481-7625-47c9-9dfd-770dcca7b8af", 
            "description": "Monitoring Process Link", 
            "output_key": "monitoring_link"
        }
    ], 
    "orchestration_state": "CREATE_COMPLETE"
}]
2018-03-30 01:05:10,338:DEBUG:New etcd client created for etcd-server:2379/v2
2018-03-30 01:05:10,338:DEBUG:About to wait on key /esi-worker/job_state, index None
2018-03-30 01:05:10,338:DEBUG:Issuing read for key /esi-worker/job_state with args {'recursive': True, 'timeout': None, 'wait': True}
2018-03-30 01:05:10,338:DEBUG:Starting new HTTP connection (1): etcd-server
2018-03-30 01:05:10,339:DEBUG:http://etcd-server:2379 "GET /v2/keys/esi-worker/job_state?recursive=true&wait=true HTTP/1.1" 200 None
2018-03-30 01:05:10,594:DEBUG:
*** Consume stored data in etcd ***
 action=[compareAndDelete], key=[/esi-worker/job_state/v2.0/gw_interfaces/d84ce543-bc58-4844-b861-4a6d79fb2e48],
 value=[]
2018-03-30 01:05:10,594:DEBUG:New etcd client created for etcd-server:2379/v2
2018-03-30 01:05:10,594:DEBUG:About to wait on key /esi-worker/job_state, index None
2018-03-30 01:05:10,594:DEBUG:Issuing read for key /esi-worker/job_state with args {'recursive': True, 'timeout': None, 'wait': True}
2018-03-30 01:05:10,595:DEBUG:Starting new HTTP connection (1): etcd-server
2018-03-30 01:05:10,596:DEBUG:http://etcd-server:2379 "GET /v2/keys/esi-worker/job_state?recursive=true&wait=true HTTP/1.1" 200 None
2018-03-30 01:05:10,773:DEBUG:
*** Consume stored data in etcd ***
 action=[set], key=[/esi-worker/job_state/v2.0/ports/4fca361d-fdaf-4b92-81a8-a4cdd767cad4],
 value=[{}]
2018-03-30 01:05:10,773:DEBUG:New etcd client created for etcd-server:2379/v2
2018-03-30 01:05:10,773:DEBUG:About to wait on key /esi-worker/job_state, index None
2018-03-30 01:05:10,773:DEBUG:Issuing read for key /esi-worker/job_state with args {'recursive': True, 'timeout': None, 'wait': True}
2018-03-30 01:05:10,773:DEBUG:Starting new HTTP connection (1): etcd-server
2018-03-30 01:05:10,773:DEBUG:http://etcd-server:2379 "GET /v2/keys/esi-worker/job_state?recursive=true&wait=true HTTP/1.1" 200 None
2018-03-30 01:05:10,865:DEBUG:
*** Consume stored data in etcd ***
 action=[set], key=[/esi-worker/job_state/v2.0/ports/7413e81d-f895-4527-ba5d-a86ffb663258],
 value=[{}]
2018-03-30 01:05:10,865:DEBUG:New etcd client created for etcd-server:2379/v2
2018-03-30 01:05:10,866:DEBUG:About to wait on key /esi-worker/job_state, index None
2018-03-30 01:05:10,866:DEBUG:Issuing read for key /esi-worker/job_state with args {'recursive': True, 'timeout': None, 'wait': True}
2018-03-30 01:05:10,866:DEBUG:Starting new HTTP connection (1): etcd-server
2018-03-30 01:05:10,868:DEBUG:http://etcd-server:2379 "GET /v2/keys/esi-worker/job_state?recursive=true&wait=true HTTP/1.1" 200 None
2018-03-30 01:05:16,171:DEBUG:
*** Consume stored data in etcd ***
 action=[compareAndSwap], key=[/esi-worker/job_state/v2.0/ports/4fca361d-fdaf-4b92-81a8-a4cdd767cad4],
 value=[{
    "heat_outputs": [
        {
            "output_value": [
                [
                    "default-domain", 
                    "admin", 
                    "b62eefe0-0872-478d-adfe-1a606320f0e7"
                ]
            ], 
            "description": "Virtual network.", 
            "output_key": "virtual_network"
        }, 
        {
            "output_value": "default-domain:admin:f68d0924-ef20-4c1b-ac45-0e6b879af5e7", 
            "description": "Fully Qualified Name of the VMI", 
            "output_key": "fq_name"
        }, 
        {
            "output_value": "f68d0924-ef20-4c1b-ac45-0e6b879af5e7", 
            "description": "A unique id for the virtual machine interface.", 
            "output_key": "id"
        }, 
        {
            "output_value": {
                "allowed_address_pair": []
            }, 
            "description": "Virtual machine allowed address pairs.", 
            "output_key": "allowed_address_pairs"
        }, 
        {
            "output_value": [
                "fa:16:3e:f7:60:7f"
            ], 
            "description": "Virtual machine interface mac address.", 
            "output_key": "mac_address"
        }
    ], 
    "orchestration_state": "CREATE_COMPLETE"
}]
2018-03-30 01:05:16,171:DEBUG:New etcd client created for etcd-server:2379/v2
2018-03-30 01:05:16,171:DEBUG:About to wait on key /esi-worker/job_state, index None
2018-03-30 01:05:16,172:DEBUG:Issuing read for key /esi-worker/job_state with args {'recursive': True, 'timeout': None, 'wait': True}
2018-03-30 01:05:16,172:DEBUG:Starting new HTTP connection (1): etcd-server
2018-03-30 01:05:16,172:DEBUG:http://etcd-server:2379 "GET /v2/keys/esi-worker/job_state?recursive=true&wait=true HTTP/1.1" 200 None
2018-03-30 01:05:16,376:DEBUG:
*** Consume stored data in etcd ***
 action=[compareAndSwap], key=[/esi-worker/job_state/v2.0/ports/7413e81d-f895-4527-ba5d-a86ffb663258],
 value=[{
    "heat_outputs": [
        {
            "output_value": [
                [
                    "default-domain", 
                    "admin", 
                    "b62eefe0-0872-478d-adfe-1a606320f0e7"
                ]
            ], 
            "description": "Virtual network.", 
            "output_key": "virtual_network"
        }, 
        {
            "output_value": "default-domain:admin:f68d0924-ef20-4c1b-ac45-0e6b879af5e7", 
            "description": "Fully Qualified Name of the VMI", 
            "output_key": "fq_name"
        }, 
        {
            "output_value": "f68d0924-ef20-4c1b-ac45-0e6b879af5e7", 
            "description": "A unique id for the virtual machine interface.", 
            "output_key": "id"
        }, 
        {
            "output_value": {
                "allowed_address_pair": []
            }, 
            "description": "Virtual machine allowed address pairs.", 
            "output_key": "allowed_address_pairs"
        }, 
        {
            "output_value": [
                "fa:16:3e:f7:60:7f"
            ], 
            "description": "Virtual machine interface mac address.", 
            "output_key": "mac_address"
        }
    ], 
    "orchestration_state": "CREATE_COMPLETE"
}]
2018-03-30 01:05:16,376:DEBUG:New etcd client created for etcd-server:2379/v2
2018-03-30 01:05:16,376:DEBUG:About to wait on key /esi-worker/job_state, index None
2018-03-30 01:05:16,376:DEBUG:Issuing read for key /esi-worker/job_state with args {'recursive': True, 'timeout': None, 'wait': True}
2018-03-30 01:05:16,376:DEBUG:Starting new HTTP connection (1): etcd-server
2018-03-30 01:05:16,377:DEBUG:http://etcd-server:2379 "GET /v2/keys/esi-worker/job_state?recursive=true&wait=true HTTP/1.1" 200 None
2018-03-30 01:05:16,556:DEBUG:
*** Consume stored data in etcd ***
 action=[compareAndDelete], key=[/esi-worker/job_state/v2.0/ports/4fca361d-fdaf-4b92-81a8-a4cdd767cad4],
 value=[]
2018-03-30 01:05:16,556:DEBUG:New etcd client created for etcd-server:2379/v2
2018-03-30 01:05:16,556:DEBUG:About to wait on key /esi-worker/job_state, index None
2018-03-30 01:05:16,556:DEBUG:Issuing read for key /esi-worker/job_state with args {'recursive': True, 'timeout': None, 'wait': True}
2018-03-30 01:05:16,557:DEBUG:Starting new HTTP connection (1): etcd-server
2018-03-30 01:05:16,557:DEBUG:http://etcd-server:2379 "GET /v2/keys/esi-worker/job_state?recursive=true&wait=true HTTP/1.1" 200 None
2018-03-30 01:05:16,631:DEBUG:
*** Consume stored data in etcd ***
 action=[compareAndDelete], key=[/esi-worker/job_state/v2.0/ports/7413e81d-f895-4527-ba5d-a86ffb663258],
 value=[]
2018-03-30 01:05:16,632:DEBUG:New etcd client created for etcd-server:2379/v2
2018-03-30 01:05:16,632:DEBUG:About to wait on key /esi-worker/job_state, index None
2018-03-30 01:05:16,632:DEBUG:Issuing read for key /esi-worker/job_state with args {'recursive': True, 'timeout': None, 'wait': True}
2018-03-30 01:05:16,632:DEBUG:Starting new HTTP connection (1): etcd-server
2018-03-30 01:05:16,632:DEBUG:http://etcd-server:2379 "GET /v2/keys/esi-worker/job_state?recursive=true&wait=true HTTP/1.1" 200 None
2018-03-30 01:05:16,749:DEBUG:
*** Consume stored data in etcd ***
 action=[set], key=[/esi-worker/job_state/v2.0/ese_logical_ports/d87b39f3-d117-46b4-ad1d-5b606d651b4f],
 value=[{}]
2018-03-30 01:05:16,749:DEBUG:New etcd client created for etcd-server:2379/v2
2018-03-30 01:05:16,749:DEBUG:About to wait on key /esi-worker/job_state, index None
2018-03-30 01:05:16,749:DEBUG:Issuing read for key /esi-worker/job_state with args {'recursive': True, 'timeout': None, 'wait': True}
2018-03-30 01:05:16,749:DEBUG:Starting new HTTP connection (1): etcd-server
2018-03-30 01:05:16,750:DEBUG:http://etcd-server:2379 "GET /v2/keys/esi-worker/job_state?recursive=true&wait=true HTTP/1.1" 200 None
2018-03-30 01:05:16,857:DEBUG:
*** Consume stored data in etcd ***
 action=[set], key=[/esi-worker/job_state/v2.0/ese_logical_ports/ecf42487-2aef-4e27-931c-8517b1632d49],
 value=[{}]
2018-03-30 01:05:16,858:DEBUG:New etcd client created for etcd-server:2379/v2
2018-03-30 01:05:16,858:DEBUG:About to wait on key /esi-worker/job_state, index None
2018-03-30 01:05:16,858:DEBUG:Issuing read for key /esi-worker/job_state with args {'recursive': True, 'timeout': None, 'wait': True}
2018-03-30 01:05:16,858:DEBUG:Starting new HTTP connection (1): etcd-server
2018-03-30 01:05:16,858:DEBUG:http://etcd-server:2379 "GET /v2/keys/esi-worker/job_state?recursive=true&wait=true HTTP/1.1" 200 None
2018-03-30 01:05:21,136:DEBUG:
*** Consume stored data in etcd ***
 action=[compareAndSwap], key=[/esi-worker/job_state/v2.0/ese_logical_ports/d87b39f3-d117-46b4-ad1d-5b606d651b4f],
 value=[{
    "heat_outputs": [
        {
            "output_value": "8b3e197f-0e6c-4440-92b7-652d5cdaf733", 
            "description": "Monitoring Target ID", 
            "output_key": "monitoring_target_id"
        }, 
        {
            "output_value": "46b0cd68-d0fb-4d72-9def-830164f9e215", 
            "description": "A unique id for the logical interface", 
            "output_key": "id"
        }, 
        {
            "output_value": "http://collector-agents-se.monitoringrefactordocker_default:7070/targets/8b3e197f-0e6c-4440-92b7-652d5cdaf733", 
            "description": "Monitoring Process Link", 
            "output_key": "monitoring_link"
        }, 
        {
            "output_value": "xe-0/0/38.0", 
            "description": "The name of the logical interface.", 
            "output_key": "name"
        }
    ], 
    "orchestration_state": "CREATE_COMPLETE"
}]
2018-03-30 01:05:21,136:DEBUG:New etcd client created for etcd-server:2379/v2
2018-03-30 01:05:21,136:DEBUG:About to wait on key /esi-worker/job_state, index None
2018-03-30 01:05:21,136:DEBUG:Issuing read for key /esi-worker/job_state with args {'recursive': True, 'timeout': None, 'wait': True}
2018-03-30 01:05:21,137:DEBUG:Starting new HTTP connection (1): etcd-server
2018-03-30 01:05:21,137:DEBUG:http://etcd-server:2379 "GET /v2/keys/esi-worker/job_state?recursive=true&wait=true HTTP/1.1" 200 None
2018-03-30 01:05:21,363:DEBUG:
*** Consume stored data in etcd ***
 action=[compareAndDelete], key=[/esi-worker/job_state/v2.0/ese_logical_ports/d87b39f3-d117-46b4-ad1d-5b606d651b4f],
 value=[]
2018-03-30 01:05:21,363:DEBUG:New etcd client created for etcd-server:2379/v2
2018-03-30 01:05:21,363:DEBUG:About to wait on key /esi-worker/job_state, index None
2018-03-30 01:05:21,363:DEBUG:Issuing read for key /esi-worker/job_state with args {'recursive': True, 'timeout': None, 'wait': True}
2018-03-30 01:05:21,363:DEBUG:Starting new HTTP connection (1): etcd-server
2018-03-30 01:05:21,364:DEBUG:http://etcd-server:2379 "GET /v2/keys/esi-worker/job_state?recursive=true&wait=true HTTP/1.1" 200 None
2018-03-30 01:05:21,539:DEBUG:
*** Consume stored data in etcd ***
 action=[compareAndSwap], key=[/esi-worker/job_state/v2.0/ese_logical_ports/ecf42487-2aef-4e27-931c-8517b1632d49],
 value=[{
    "heat_outputs": [
        {
            "output_value": "403bcdd8-8542-4d56-92f8-58b0f524aa7b", 
            "description": "Monitoring Target ID", 
            "output_key": "monitoring_target_id"
        }, 
        {
            "output_value": "46b0cd68-d0fb-4d72-9def-830164f9e215", 
            "description": "A unique id for the logical interface", 
            "output_key": "id"
        }, 
        {
            "output_value": "http://collector-agents-se.monitoringrefactordocker_default:7070/targets/403bcdd8-8542-4d56-92f8-58b0f524aa7b", 
            "description": "Monitoring Process Link", 
            "output_key": "monitoring_link"
        }, 
        {
            "output_value": "xe-0/0/38.0", 
            "description": "The name of the logical interface.", 
            "output_key": "name"
        }
    ], 
    "orchestration_state": "CREATE_COMPLETE"
}]
2018-03-30 01:05:21,539:DEBUG:New etcd client created for etcd-server:2379/v2
2018-03-30 01:05:21,539:DEBUG:About to wait on key /esi-worker/job_state, index None
2018-03-30 01:05:21,539:DEBUG:Issuing read for key /esi-worker/job_state with args {'recursive': True, 'timeout': None, 'wait': True}
2018-03-30 01:05:21,539:DEBUG:Starting new HTTP connection (1): etcd-server
2018-03-30 01:05:21,539:DEBUG:http://etcd-server:2379 "GET /v2/keys/esi-worker/job_state?recursive=true&wait=true HTTP/1.1" 200 None
2018-03-30 01:05:21,656:DEBUG:
*** Consume stored data in etcd ***
 action=[set], key=[/esi-worker/job_state/v2.0/ports/4fca361d-fdaf-4b92-81a8-a4cdd767cad4],
 value=[{}]
2018-03-30 01:05:21,656:DEBUG:New etcd client created for etcd-server:2379/v2
2018-03-30 01:05:21,656:DEBUG:About to wait on key /esi-worker/job_state, index None
2018-03-30 01:05:21,656:DEBUG:Issuing read for key /esi-worker/job_state with args {'recursive': True, 'timeout': None, 'wait': True}
2018-03-30 01:05:21,656:DEBUG:Starting new HTTP connection (1): etcd-server
2018-03-30 01:05:21,657:DEBUG:http://etcd-server:2379 "GET /v2/keys/esi-worker/job_state?recursive=true&wait=true HTTP/1.1" 200 None
2018-03-30 01:05:21,764:DEBUG:
*** Consume stored data in etcd ***
 action=[compareAndDelete], key=[/esi-worker/job_state/v2.0/ese_logical_ports/ecf42487-2aef-4e27-931c-8517b1632d49],
 value=[]
2018-03-30 01:05:21,764:DEBUG:New etcd client created for etcd-server:2379/v2
2018-03-30 01:05:21,764:DEBUG:About to wait on key /esi-worker/job_state, index None
2018-03-30 01:05:21,764:DEBUG:Issuing read for key /esi-worker/job_state with args {'recursive': True, 'timeout': None, 'wait': True}
2018-03-30 01:05:21,765:DEBUG:Starting new HTTP connection (1): etcd-server
2018-03-30 01:05:21,765:DEBUG:http://etcd-server:2379 "GET /v2/keys/esi-worker/job_state?recursive=true&wait=true HTTP/1.1" 200 None
2018-03-30 01:05:22,217:DEBUG:
*** Consume stored data in etcd ***
 action=[set], key=[/esi-worker/job_state/v2.0/ports/7413e81d-f895-4527-ba5d-a86ffb663258],
 value=[{}]
2018-03-30 01:05:22,217:DEBUG:New etcd client created for etcd-server:2379/v2
2018-03-30 01:05:22,217:DEBUG:About to wait on key /esi-worker/job_state, index None
2018-03-30 01:05:22,217:DEBUG:Issuing read for key /esi-worker/job_state with args {'recursive': True, 'timeout': None, 'wait': True}
2018-03-30 01:05:22,217:DEBUG:Starting new HTTP connection (1): etcd-server
2018-03-30 01:05:22,219:DEBUG:http://etcd-server:2379 "GET /v2/keys/esi-worker/job_state?recursive=true&wait=true HTTP/1.1" 200 None
2018-03-30 01:05:33,201:DEBUG:
*** Consume stored data in etcd ***
 action=[compareAndSwap], key=[/esi-worker/job_state/v2.0/ports/4fca361d-fdaf-4b92-81a8-a4cdd767cad4],
 value=[{
    "heat_outputs": [
        {
            "output_value": "default-domain:admin:f68d0924-ef20-4c1b-ac45-0e6b879af5e7", 
            "description": "Fully Qualified Name of the VMI", 
            "output_key": "fq_name"
        }, 
        {
            "output_value": {
                "allowed_address_pair": []
            }, 
            "description": "Virtual machine allowed address pairs.", 
            "output_key": "allowed_address_pairs"
        }, 
        {
            "output_value": "7d83904d-f8d6-401a-85ee-2c3f3275685d", 
            "description": "Monitoring Target ID", 
            "output_key": "monitoring_target_id"
        }, 
        {
            "output_value": [
                "fa:16:3e:f7:60:7f"
            ], 
            "description": "Virtual machine interface mac address.", 
            "output_key": "mac_address"
        }, 
        {
            "output_value": [
                [
                    "default-domain", 
                    "admin", 
                    "b62eefe0-0872-478d-adfe-1a606320f0e7"
                ]
            ], 
            "description": "Virtual network.", 
            "output_key": "virtual_network"
        }, 
        {
            "output_value": "f68d0924-ef20-4c1b-ac45-0e6b879af5e7", 
            "description": "A unique id for the virtual machine interface.", 
            "output_key": "id"
        }, 
        {
            "output_value": "http://collector-agents-se.monitoringrefactordocker_default:7070/targets/7d83904d-f8d6-401a-85ee-2c3f3275685d", 
            "description": "Monitoring Process Link", 
            "output_key": "monitoring_link"
        }
    ], 
    "orchestration_state": "UPDATE_COMPLETE"
}]
2018-03-30 01:05:33,201:DEBUG:New etcd client created for etcd-server:2379/v2
2018-03-30 01:05:33,201:DEBUG:About to wait on key /esi-worker/job_state, index None
2018-03-30 01:05:33,201:DEBUG:Issuing read for key /esi-worker/job_state with args {'recursive': True, 'timeout': None, 'wait': True}
2018-03-30 01:05:33,202:DEBUG:Starting new HTTP connection (1): etcd-server
2018-03-30 01:05:33,202:DEBUG:http://etcd-server:2379 "GET /v2/keys/esi-worker/job_state?recursive=true&wait=true HTTP/1.1" 200 None
2018-03-30 01:05:33,386:DEBUG:
*** Consume stored data in etcd ***
 action=[compareAndDelete], key=[/esi-worker/job_state/v2.0/ports/4fca361d-fdaf-4b92-81a8-a4cdd767cad4],
 value=[]
2018-03-30 01:05:33,386:DEBUG:New etcd client created for etcd-server:2379/v2
2018-03-30 01:05:33,386:DEBUG:About to wait on key /esi-worker/job_state, index None
2018-03-30 01:05:33,386:DEBUG:Issuing read for key /esi-worker/job_state with args {'recursive': True, 'timeout': None, 'wait': True}
2018-03-30 01:05:33,386:DEBUG:Starting new HTTP connection (1): etcd-server
2018-03-30 01:05:33,387:DEBUG:http://etcd-server:2379 "GET /v2/keys/esi-worker/job_state?recursive=true&wait=true HTTP/1.1" 200 None
2018-03-30 01:05:33,603:DEBUG:
*** Consume stored data in etcd ***
 action=[compareAndSwap], key=[/esi-worker/job_state/v2.0/ports/7413e81d-f895-4527-ba5d-a86ffb663258],
 value=[{
    "heat_outputs": [
        {
            "output_value": "default-domain:admin:f68d0924-ef20-4c1b-ac45-0e6b879af5e7", 
            "description": "Fully Qualified Name of the VMI", 
            "output_key": "fq_name"
        }, 
        {
            "output_value": {
                "allowed_address_pair": []
            }, 
            "description": "Virtual machine allowed address pairs.", 
            "output_key": "allowed_address_pairs"
        }, 
        {
            "output_value": "3eb90fa9-0c66-4bde-bb09-98883e40471f", 
            "description": "Monitoring Target ID", 
            "output_key": "monitoring_target_id"
        }, 
        {
            "output_value": [
                "fa:16:3e:f7:60:7f"
            ], 
            "description": "Virtual machine interface mac address.", 
            "output_key": "mac_address"
        }, 
        {
            "output_value": [
                [
                    "default-domain", 
                    "admin", 
                    "b62eefe0-0872-478d-adfe-1a606320f0e7"
                ]
            ], 
            "description": "Virtual network.", 
            "output_key": "virtual_network"
        }, 
        {
            "output_value": "f68d0924-ef20-4c1b-ac45-0e6b879af5e7", 
            "description": "A unique id for the virtual machine interface.", 
            "output_key": "id"
        }, 
        {
            "output_value": "http://collector-agents-se.monitoringrefactordocker_default:7070/targets/3eb90fa9-0c66-4bde-bb09-98883e40471f", 
            "description": "Monitoring Process Link", 
            "output_key": "monitoring_link"
        }
    ], 
    "orchestration_state": "UPDATE_COMPLETE"
}]
2018-03-30 01:05:33,603:DEBUG:New etcd client created for etcd-server:2379/v2
2018-03-30 01:05:33,603:DEBUG:About to wait on key /esi-worker/job_state, index None
2018-03-30 01:05:33,603:DEBUG:Issuing read for key /esi-worker/job_state with args {'recursive': True, 'timeout': None, 'wait': True}
2018-03-30 01:05:33,604:DEBUG:Starting new HTTP connection (1): etcd-server
2018-03-30 01:05:33,604:DEBUG:http://etcd-server:2379 "GET /v2/keys/esi-worker/job_state?recursive=true&wait=true HTTP/1.1" 200 None
2018-03-30 01:05:33,813:DEBUG:
*** Consume stored data in etcd ***
 action=[compareAndDelete], key=[/esi-worker/job_state/v2.0/ports/7413e81d-f895-4527-ba5d-a86ffb663258],
 value=[]
2018-03-30 01:05:33,813:DEBUG:New etcd client created for etcd-server:2379/v2
2018-03-30 01:05:33,813:DEBUG:About to wait on key /esi-worker/job_state, index None
2018-03-30 01:05:33,813:DEBUG:Issuing read for key /esi-worker/job_state with args {'recursive': True, 'timeout': None, 'wait': True}
2018-03-30 01:05:33,813:DEBUG:Starting new HTTP connection (1): etcd-server
2018-03-30 01:05:33,814:DEBUG:http://etcd-server:2379 "GET /v2/keys/esi-worker/job_state?recursive=true&wait=true HTTP/1.1" 200 None
2018-03-30 01:06:45,333:DEBUG:
*** Consume stored data in etcd ***
 action=[set], key=[/esi-worker/job_state/v2.0/static_routes/07967b57-33c3-44b9-b1e7-47d85c840011],
 value=[{}]
2018-03-30 01:06:45,333:DEBUG:New etcd client created for etcd-server:2379/v2
2018-03-30 01:06:45,334:DEBUG:About to wait on key /esi-worker/job_state, index None
2018-03-30 01:06:45,334:DEBUG:Issuing read for key /esi-worker/job_state with args {'recursive': True, 'timeout': None, 'wait': True}
2018-03-30 01:06:45,334:DEBUG:Starting new HTTP connection (1): etcd-server
2018-03-30 01:06:45,334:DEBUG:http://etcd-server:2379 "GET /v2/keys/esi-worker/job_state?recursive=true&wait=true HTTP/1.1" 200 None
2018-03-30 01:06:58,838:DEBUG:
*** Consume stored data in etcd ***
 action=[compareAndSwap], key=[/esi-worker/job_state/v2.0/static_routes/07967b57-33c3-44b9-b1e7-47d85c840011],
 value=[{
    "heat_outputs": [], 
    "orchestration_state": "CREATE_COMPLETE"
}]
2018-03-30 01:06:58,838:DEBUG:New etcd client created for etcd-server:2379/v2
2018-03-30 01:06:58,838:DEBUG:About to wait on key /esi-worker/job_state, index None
2018-03-30 01:06:58,838:DEBUG:Issuing read for key /esi-worker/job_state with args {'recursive': True, 'timeout': None, 'wait': True}
2018-03-30 01:06:58,838:DEBUG:Starting new HTTP connection (1): etcd-server
2018-03-30 01:06:58,838:DEBUG:http://etcd-server:2379 "GET /v2/keys/esi-worker/job_state?recursive=true&wait=true HTTP/1.1" 200 None
2018-03-30 01:06:58,997:DEBUG:
*** Consume stored data in etcd ***
 action=[compareAndDelete], key=[/esi-worker/job_state/v2.0/static_routes/07967b57-33c3-44b9-b1e7-47d85c840011],
 value=[]
2018-03-30 01:06:58,997:DEBUG:New etcd client created for etcd-server:2379/v2
2018-03-30 01:06:58,997:DEBUG:About to wait on key /esi-worker/job_state, index None
2018-03-30 01:06:58,997:DEBUG:Issuing read for key /esi-worker/job_state with args {'recursive': True, 'timeout': None, 'wait': True}
2018-03-30 01:06:58,997:DEBUG:Starting new HTTP connection (1): etcd-server
2018-03-30 01:06:58,998:DEBUG:http://etcd-server:2379 "GET /v2/keys/esi-worker/job_state?recursive=true&wait=true HTTP/1.1" 200 None
2018-03-30 01:21:59,086:ERROR:Request to server http://etcd-server:2379 failed: ReadTimeoutError("HTTPConnectionPool(host='etcd-server', port=2379): Read timed out.",)
2018-03-30 01:21:59,086:DEBUG:Reconnection disabled, giving up.
Traceback (most recent call last):
  File "/usr/local/lib/python2.7/dist-packages/eventlet/hubs/hub.py", line 346, in fire_timers
    timer()
  File "/usr/local/lib/python2.7/dist-packages/eventlet/hubs/timer.py", line 56, in __call__
    cb(*args, **kw)
  File "/usr/local/lib/python2.7/dist-packages/eventlet/greenthread.py", line 194, in main
    result = function(*args, **kwargs)
  File "/tools/etcd-watcher-for-esi/python-etcd-watch.py", line 15, in _consume_loop
    result = client.watch(key_info, recursive=True)
  File "/usr/local/lib/python2.7/dist-packages/etcd/client.py", line 655, in watch
    recursive=recursive)
  File "/usr/local/lib/python2.7/dist-packages/etcd/client.py", line 481, in read
    timeout=timeout)
  File "/usr/local/lib/python2.7/dist-packages/etcd/client.py", line 788, in api_execute
    cause=e
EtcdConnectionFailed: Connection to etcd failed due to ReadTimeoutError("HTTPConnectionPool(host='etcd-server', port=2379): Read timed out.",)
Traceback (most recent call last):
  File "/tools/etcd-watcher-for-esi/python-etcd-watch.py", line 48, in <module>
    thread.wait()
  File "/usr/local/lib/python2.7/dist-packages/eventlet/greenthread.py", line 168, in wait
    return self._exit_event.wait()
  File "/usr/local/lib/python2.7/dist-packages/eventlet/event.py", line 116, in wait
    return hubs.get_hub().switch()
  File "/usr/local/lib/python2.7/dist-packages/eventlet/hubs/hub.py", line 187, in switch
    return self.greenlet.switch()
  File "/usr/local/lib/python2.7/dist-packages/eventlet/greenthread.py", line 194, in main
    result = function(*args, **kwargs)
  File "/tools/etcd-watcher-for-esi/python-etcd-watch.py", line 15, in _consume_loop
    result = client.watch(key_info, recursive=True)
  File "/usr/local/lib/python2.7/dist-packages/etcd/client.py", line 655, in watch
    recursive=recursive)
  File "/usr/local/lib/python2.7/dist-packages/etcd/client.py", line 481, in read
    timeout=timeout)
  File "/usr/local/lib/python2.7/dist-packages/etcd/client.py", line 788, in api_execute
    cause=e
etcd.EtcdConnectionFailed: Connection to etcd failed due to ReadTimeoutError("HTTPConnectionPool(host='etcd-server', port=2379): Read timed out.",)
