2018-03-30 00:52:52,027:DEBUG:New etcd client created for etcd-server:2379/v2
2018-03-30 00:52:52,027:DEBUG:About to wait on key /esi-worker/heat_stacks, index None
2018-03-30 00:52:52,027:DEBUG:Issuing read for key /esi-worker/heat_stacks with args {'recursive': True, 'timeout': None, 'wait': True}
2018-03-30 00:52:52,027:DEBUG:Starting new HTTP connection (1): etcd-server
2018-03-30 00:52:52,306:DEBUG:http://etcd-server:2379 "GET /v2/keys/esi-worker/heat_stacks?recursive=true&wait=true HTTP/1.1" 200 None
2018-03-30 00:55:51,025:DEBUG:
*** Consume stored data in etcd ***
 action=[set], key=[/esi-worker/heat_stacks/v2.0/ese_devices/f5429afc-cf7e-41c4-91ee-36ec403a9695],
 value=[{
    "stack_id": "ese_device_f5429afc-cf7e-41c4-91ee-36ec403a9695", 
    "tenant_id": "20511c5aef804417a03bf14ed8aea3b8", 
    "stack_status": "CREATE_COMPLETE", 
    "output": [
        {
            "output_value": "cc19c36a-a5ed-4dce-be0d-dc228f8b1c00", 
            "description": "Monitoring Target ID", 
            "output_key": "monitoring_target_id"
        }, 
        {
            "output_value": [
                "default-global-system-config", 
                "NWSDP-JNPR-02"
            ], 
            "description": "The FQ name of the physical router.", 
            "output_key": "fq_name"
        }, 
        {
            "output_value": "7e5c78fa-71c0-427e-947f-586b1fc3c470", 
            "description": "A unique id for the physical router.", 
            "output_key": "id"
        }, 
        {
            "output_value": "http://collector-agents-se.monitoringrefactordocker_default:7070/targets/cc19c36a-a5ed-4dce-be0d-dc228f8b1c00", 
            "description": "Monitoring Process Link", 
            "output_key": "monitoring_link"
        }, 
        {
            "output_value": "NWSDP-JNPR-02", 
            "description": "The name of the physical router.", 
            "output_key": "name"
        }
    ], 
    "status_reason": "Stack CREATE completed successfully", 
    "id": "ese_device:f5429afc-cf7e-41c4-91ee-36ec403a9695"
}]
2018-03-30 00:55:51,025:DEBUG:New etcd client created for etcd-server:2379/v2
2018-03-30 00:55:51,025:DEBUG:About to wait on key /esi-worker/heat_stacks, index None
2018-03-30 00:55:51,025:DEBUG:Issuing read for key /esi-worker/heat_stacks with args {'recursive': True, 'timeout': None, 'wait': True}
2018-03-30 00:55:51,025:DEBUG:Starting new HTTP connection (1): etcd-server
2018-03-30 00:55:51,026:DEBUG:http://etcd-server:2379 "GET /v2/keys/esi-worker/heat_stacks?recursive=true&wait=true HTTP/1.1" 200 None
2018-03-30 00:56:57,795:DEBUG:
*** Consume stored data in etcd ***
 action=[set], key=[/esi-worker/heat_stacks/v2.0/ese_physical_ports/7861b62a-55fe-4e98-9bfc-10bf19052d9a],
 value=[{
    "stack_id": "ese_physical_port_7861b62a-55fe-4e98-9bfc-10bf19052d9a", 
    "tenant_id": "20511c5aef804417a03bf14ed8aea3b8", 
    "stack_status": "CREATE_COMPLETE", 
    "output": [
        {
            "output_value": "c80300f1-641c-4cbc-bd93-d65cef324cfb", 
            "description": "Monitoring Target ID", 
            "output_key": "monitoring_target_id"
        }, 
        {
            "output_value": "06bfe521-07f0-4931-9f8c-318c3ad8114e", 
            "description": "A unique id for the physical interface", 
            "output_key": "id"
        }, 
        {
            "output_value": "http://collector-agents-se.monitoringrefactordocker_default:7070/targets/c80300f1-641c-4cbc-bd93-d65cef324cfb", 
            "description": "Monitoring Process Link", 
            "output_key": "monitoring_link"
        }, 
        {
            "output_value": "xe-0/0/38", 
            "description": "The name of the physical interface.", 
            "output_key": "name"
        }
    ], 
    "status_reason": "Stack CREATE completed successfully", 
    "id": "ese_physical_port:7861b62a-55fe-4e98-9bfc-10bf19052d9a"
}]
2018-03-30 00:56:57,795:DEBUG:New etcd client created for etcd-server:2379/v2
2018-03-30 00:56:57,795:DEBUG:About to wait on key /esi-worker/heat_stacks, index None
2018-03-30 00:56:57,795:DEBUG:Issuing read for key /esi-worker/heat_stacks with args {'recursive': True, 'timeout': None, 'wait': True}
2018-03-30 00:56:57,795:DEBUG:Starting new HTTP connection (1): etcd-server
2018-03-30 00:56:57,796:DEBUG:http://etcd-server:2379 "GET /v2/keys/esi-worker/heat_stacks?recursive=true&wait=true HTTP/1.1" 200 None
2018-03-30 00:58:02,111:DEBUG:
*** Consume stored data in etcd ***
 action=[set], key=[/esi-worker/heat_stacks/v2.0/ese_physical_ports/76001683-a8bb-4c68-8c87-7b63ea7bd5cd],
 value=[{
    "stack_id": "ese_physical_port_76001683-a8bb-4c68-8c87-7b63ea7bd5cd", 
    "tenant_id": "20511c5aef804417a03bf14ed8aea3b8", 
    "stack_status": "CREATE_COMPLETE", 
    "output": [
        {
            "output_value": "2b9fc4b0-a261-4218-a9fc-7b449642836b", 
            "description": "Monitoring Target ID", 
            "output_key": "monitoring_target_id"
        }, 
        {
            "output_value": "06bfe521-07f0-4931-9f8c-318c3ad8114e", 
            "description": "A unique id for the physical interface", 
            "output_key": "id"
        }, 
        {
            "output_value": "http://collector-agents-se.monitoringrefactordocker_default:7070/targets/2b9fc4b0-a261-4218-a9fc-7b449642836b", 
            "description": "Monitoring Process Link", 
            "output_key": "monitoring_link"
        }, 
        {
            "output_value": "xe-0/0/38", 
            "description": "The name of the physical interface.", 
            "output_key": "name"
        }
    ], 
    "status_reason": "Stack CREATE completed successfully", 
    "id": "ese_physical_port:76001683-a8bb-4c68-8c87-7b63ea7bd5cd"
}]
2018-03-30 00:58:02,111:DEBUG:New etcd client created for etcd-server:2379/v2
2018-03-30 00:58:02,111:DEBUG:About to wait on key /esi-worker/heat_stacks, index None
2018-03-30 00:58:02,111:DEBUG:Issuing read for key /esi-worker/heat_stacks with args {'recursive': True, 'timeout': None, 'wait': True}
2018-03-30 00:58:02,112:DEBUG:Starting new HTTP connection (1): etcd-server
2018-03-30 00:58:02,112:DEBUG:http://etcd-server:2379 "GET /v2/keys/esi-worker/heat_stacks?recursive=true&wait=true HTTP/1.1" 200 None
2018-03-30 00:59:01,281:DEBUG:
*** Consume stored data in etcd ***
 action=[set], key=[/esi-worker/heat_stacks/v2.0/edge_routers/2a28fdaa-651b-4558-8825-891b93329123],
 value=[{
    "stack_id": "edge_router_2a28fdaa-651b-4558-8825-891b93329123", 
    "tenant_id": "20511c5aef804417a03bf14ed8aea3b8", 
    "stack_status": "CREATE_COMPLETE", 
    "output": [
        {
            "output_value": "7440aa4b-dedc-43ed-ad2d-b60f00f1247d", 
            "description": "Monitoring Target ID", 
            "output_key": "monitoring_target_id"
        }, 
        {
            "output_value": "http://collector-agents-se.monitoringrefactordocker_default:7070/targets/7440aa4b-dedc-43ed-ad2d-b60f00f1247d", 
            "description": "Monitoring Process Link", 
            "output_key": "monitoring_link"
        }
    ], 
    "status_reason": "Stack CREATE completed successfully", 
    "id": "edge_router:2a28fdaa-651b-4558-8825-891b93329123"
}]
2018-03-30 00:59:01,281:DEBUG:New etcd client created for etcd-server:2379/v2
2018-03-30 00:59:01,281:DEBUG:About to wait on key /esi-worker/heat_stacks, index None
2018-03-30 00:59:01,281:DEBUG:Issuing read for key /esi-worker/heat_stacks with args {'recursive': True, 'timeout': None, 'wait': True}
2018-03-30 00:59:01,281:DEBUG:Starting new HTTP connection (1): etcd-server
2018-03-30 00:59:01,282:DEBUG:http://etcd-server:2379 "GET /v2/keys/esi-worker/heat_stacks?recursive=true&wait=true HTTP/1.1" 200 None
2018-03-30 01:00:02,311:DEBUG:
*** Consume stored data in etcd ***
 action=[set], key=[/esi-worker/heat_stacks/v2.0/edge_routers/43119898-9a76-400c-abdc-8d3ec2113b5d],
 value=[{
    "stack_id": "edge_router_43119898-9a76-400c-abdc-8d3ec2113b5d", 
    "tenant_id": "20511c5aef804417a03bf14ed8aea3b8", 
    "stack_status": "CREATE_COMPLETE", 
    "output": [
        {
            "output_value": "b2f3a36a-9427-44bc-a403-664a5a65862a", 
            "description": "Monitoring Target ID", 
            "output_key": "monitoring_target_id"
        }, 
        {
            "output_value": "http://collector-agents-se.monitoringrefactordocker_default:7070/targets/b2f3a36a-9427-44bc-a403-664a5a65862a", 
            "description": "Monitoring Process Link", 
            "output_key": "monitoring_link"
        }
    ], 
    "status_reason": "Stack CREATE completed successfully", 
    "id": "edge_router:43119898-9a76-400c-abdc-8d3ec2113b5d"
}]
2018-03-30 01:00:02,311:DEBUG:New etcd client created for etcd-server:2379/v2
2018-03-30 01:00:02,311:DEBUG:About to wait on key /esi-worker/heat_stacks, index None
2018-03-30 01:00:02,311:DEBUG:Issuing read for key /esi-worker/heat_stacks with args {'recursive': True, 'timeout': None, 'wait': True}
2018-03-30 01:00:02,311:DEBUG:Starting new HTTP connection (1): etcd-server
2018-03-30 01:00:02,312:DEBUG:http://etcd-server:2379 "GET /v2/keys/esi-worker/heat_stacks?recursive=true&wait=true HTTP/1.1" 200 None
2018-03-30 01:01:06,781:DEBUG:
*** Consume stored data in etcd ***
 action=[set], key=[/esi-worker/heat_stacks/v2.0/er_physical_interfaces/7dd45d1b-1ca1-4735-9a3e-8b7e09125e0d],
 value=[{
    "stack_id": "er_physical_interface_7dd45d1b-1ca1-4735-9a3e-8b7e09125e0d", 
    "tenant_id": "20511c5aef804417a03bf14ed8aea3b8", 
    "stack_status": "CREATE_COMPLETE", 
    "output": [
        {
            "output_value": "cf06cbe6-5e6d-4e4a-a754-ce7c876edca4", 
            "description": "Monitoring Target ID", 
            "output_key": "monitoring_target_id"
        }, 
        {
            "output_value": "http://collector-agents-se.monitoringrefactordocker_default:7070/targets/cf06cbe6-5e6d-4e4a-a754-ce7c876edca4", 
            "description": "Monitoring Process Link", 
            "output_key": "monitoring_link"
        }
    ], 
    "status_reason": "Stack CREATE completed successfully", 
    "id": "er_physical_interface:7dd45d1b-1ca1-4735-9a3e-8b7e09125e0d"
}]
2018-03-30 01:01:06,781:DEBUG:New etcd client created for etcd-server:2379/v2
2018-03-30 01:01:06,781:DEBUG:About to wait on key /esi-worker/heat_stacks, index None
2018-03-30 01:01:06,781:DEBUG:Issuing read for key /esi-worker/heat_stacks with args {'recursive': True, 'timeout': None, 'wait': True}
2018-03-30 01:01:06,781:DEBUG:Starting new HTTP connection (1): etcd-server
2018-03-30 01:01:06,781:DEBUG:http://etcd-server:2379 "GET /v2/keys/esi-worker/heat_stacks?recursive=true&wait=true HTTP/1.1" 200 None
2018-03-30 01:02:09,077:DEBUG:
*** Consume stored data in etcd ***
 action=[set], key=[/esi-worker/heat_stacks/v2.0/er_physical_interfaces/372f28d1-8fb2-4bb1-9b42-cfc30515735a],
 value=[{
    "stack_id": "er_physical_interface_372f28d1-8fb2-4bb1-9b42-cfc30515735a", 
    "tenant_id": "20511c5aef804417a03bf14ed8aea3b8", 
    "stack_status": "CREATE_COMPLETE", 
    "output": [
        {
            "output_value": "333a52fa-a1b8-49b2-ae49-a68e0ef37448", 
            "description": "Monitoring Target ID", 
            "output_key": "monitoring_target_id"
        }, 
        {
            "output_value": "http://collector-agents-se.monitoringrefactordocker_default:7070/targets/333a52fa-a1b8-49b2-ae49-a68e0ef37448", 
            "description": "Monitoring Process Link", 
            "output_key": "monitoring_link"
        }
    ], 
    "status_reason": "Stack CREATE completed successfully", 
    "id": "er_physical_interface:372f28d1-8fb2-4bb1-9b42-cfc30515735a"
}]
2018-03-30 01:02:09,077:DEBUG:New etcd client created for etcd-server:2379/v2
2018-03-30 01:02:09,078:DEBUG:About to wait on key /esi-worker/heat_stacks, index None
2018-03-30 01:02:09,078:DEBUG:Issuing read for key /esi-worker/heat_stacks with args {'recursive': True, 'timeout': None, 'wait': True}
2018-03-30 01:02:09,078:DEBUG:Starting new HTTP connection (1): etcd-server
2018-03-30 01:02:09,078:DEBUG:http://etcd-server:2379 "GET /v2/keys/esi-worker/heat_stacks?recursive=true&wait=true HTTP/1.1" 200 None
2018-03-30 01:03:49,045:DEBUG:
*** Consume stored data in etcd ***
 action=[set], key=[/esi-worker/heat_stacks/v2.0/internet_gateways/d4e4e75c-8c02-420f-9eda-fa5771c3bad6],
 value=[{
    "stack_id": "internet_gateway_d4e4e75c-8c02-420f-9eda-fa5771c3bad6", 
    "tenant_id": "20511c5aef804417a03bf14ed8aea3b8", 
    "stack_status": "CREATE_COMPLETE", 
    "output": [
        {
            "output_value": "082e613f-f9d2-4713-9a0a-238c5271d48f", 
            "description": "Monitoring Target ID", 
            "output_key": "primary_monitoring_target_id"
        }, 
        {
            "output_value": "http://collector-agents-se.monitoringrefactordocker_default:7070/targets/cc9ebe89-fd84-4b9e-b3ed-e1c32fc21c20", 
            "description": "Monitoring Process Link", 
            "output_key": "secondary_monitoring_link"
        }, 
        {
            "output_value": "cc9ebe89-fd84-4b9e-b3ed-e1c32fc21c20", 
            "description": "Monitoring Target ID", 
            "output_key": "secondary_monitoring_target_id"
        }, 
        {
            "output_value": "http://collector-agents-se.monitoringrefactordocker_default:7070/targets/082e613f-f9d2-4713-9a0a-238c5271d48f", 
            "description": "Monitoring Process Link", 
            "output_key": "primary_monitoring_link"
        }
    ], 
    "status_reason": "Stack CREATE completed successfully", 
    "id": "internet_gateway:d4e4e75c-8c02-420f-9eda-fa5771c3bad6"
}]
2018-03-30 01:03:49,045:DEBUG:New etcd client created for etcd-server:2379/v2
2018-03-30 01:03:49,045:DEBUG:About to wait on key /esi-worker/heat_stacks, index None
2018-03-30 01:03:49,045:DEBUG:Issuing read for key /esi-worker/heat_stacks with args {'recursive': True, 'timeout': None, 'wait': True}
2018-03-30 01:03:49,046:DEBUG:Starting new HTTP connection (1): etcd-server
2018-03-30 01:03:49,046:DEBUG:http://etcd-server:2379 "GET /v2/keys/esi-worker/heat_stacks?recursive=true&wait=true HTTP/1.1" 200 None
2018-03-30 01:04:09,056:DEBUG:
*** Consume stored data in etcd ***
 action=[set], key=[/esi-worker/heat_stacks/v2.0/public_ips/6f583980-3f9e-458f-8f68-f42a7adfb211],
 value=[{
    "stack_id": "public_ip_6f583980-3f9e-458f-8f68-f42a7adfb211", 
    "tenant_id": "20511c5aef804417a03bf14ed8aea3b8", 
    "stack_status": "CREATE_COMPLETE", 
    "output": [], 
    "status_reason": "Stack CREATE completed successfully", 
    "id": "public_ip:6f583980-3f9e-458f-8f68-f42a7adfb211"
}]
2018-03-30 01:04:09,056:DEBUG:New etcd client created for etcd-server:2379/v2
2018-03-30 01:04:09,056:DEBUG:About to wait on key /esi-worker/heat_stacks, index None
2018-03-30 01:04:09,056:DEBUG:Issuing read for key /esi-worker/heat_stacks with args {'recursive': True, 'timeout': None, 'wait': True}
2018-03-30 01:04:09,057:DEBUG:Starting new HTTP connection (1): etcd-server
2018-03-30 01:04:09,057:DEBUG:http://etcd-server:2379 "GET /v2/keys/esi-worker/heat_stacks?recursive=true&wait=true HTTP/1.1" 200 None
2018-03-30 01:04:24,856:DEBUG:
*** Consume stored data in etcd ***
 action=[set], key=[/esi-worker/heat_stacks/v2.0/networks/73f88c22-ae22-4fb7-86b3-9acb141b8809],
 value=[{
    "stack_id": "network_73f88c22-ae22-4fb7-86b3-9acb141b8809", 
    "tenant_id": "20511c5aef804417a03bf14ed8aea3b8", 
    "stack_status": "CREATE_COMPLETE", 
    "output": [
        {
            "output_value": [], 
            "description": "The name of the virtual network.", 
            "output_key": "route_targets"
        }, 
        {
            "output_value": "default-domain:usertenant:73f88c22-ae22-4fb7-86b3-9acb141b8809", 
            "description": "The FQ name of the virtual network.", 
            "output_key": "fq_name"
        }, 
        {
            "output_value": "73f88c22-ae22-4fb7-86b3-9acb141b8809", 
            "description": "A unique id for the virtual network.", 
            "output_key": "id"
        }, 
        {
            "output_value": "73f88c22-ae22-4fb7-86b3-9acb141b8809", 
            "description": "The name of the virtual network.", 
            "output_key": "name"
        }
    ], 
    "status_reason": "Stack CREATE completed successfully", 
    "id": "network:73f88c22-ae22-4fb7-86b3-9acb141b8809"
}]
2018-03-30 01:04:24,856:DEBUG:New etcd client created for etcd-server:2379/v2
2018-03-30 01:04:24,856:DEBUG:About to wait on key /esi-worker/heat_stacks, index None
2018-03-30 01:04:24,856:DEBUG:Issuing read for key /esi-worker/heat_stacks with args {'recursive': True, 'timeout': None, 'wait': True}
2018-03-30 01:04:24,856:DEBUG:Starting new HTTP connection (1): etcd-server
2018-03-30 01:04:24,857:DEBUG:http://etcd-server:2379 "GET /v2/keys/esi-worker/heat_stacks?recursive=true&wait=true HTTP/1.1" 200 None
2018-03-30 01:04:40,978:DEBUG:
*** Consume stored data in etcd ***
 action=[set], key=[/esi-worker/heat_stacks/v2.0/subnets/8fca93d6-5f0b-413d-98e0-74c3d1bacf07],
 value=[{
    "stack_id": "subnet_8fca93d6-5f0b-413d-98e0-74c3d1bacf07", 
    "tenant_id": "20511c5aef804417a03bf14ed8aea3b8", 
    "stack_status": "CREATE_COMPLETE", 
    "output": [
        {
            "output_value": "172.16.101.0/24", 
            "description": "IP prefix of local subnet.", 
            "output_key": "ip_prefix"
        }, 
        {
            "output_value": "8fca93d6-5f0b-413d-98e0-74c3d1bacf07", 
            "description": "The name of the local subnet.", 
            "output_key": "name"
        }, 
        {
            "output_value": "172.16.101.1", 
            "description": "Default gateway of local subnet.", 
            "output_key": "default_gateway"
        }, 
        {
            "output_value": "73f88c22-ae22-4fb7-86b3-9acb141b8809", 
            "description": "A unique id for the network.", 
            "output_key": "network_id"
        }, 
        {
            "output_value": "5a79909b-2bf3-4e26-8a9c-0bf6bb175457", 
            "description": "IPAM this local subnet uses.", 
            "output_key": "ipam"
        }, 
        {
            "output_value": "a93e21d9-d8ad-4ea8-aaf0-7a03a7024f67", 
            "description": "A unique id for the local subnet.", 
            "output_key": "id"
        }
    ], 
    "status_reason": "Stack CREATE completed successfully", 
    "id": "subnet:8fca93d6-5f0b-413d-98e0-74c3d1bacf07"
}]
2018-03-30 01:04:40,978:DEBUG:New etcd client created for etcd-server:2379/v2
2018-03-30 01:04:40,978:DEBUG:About to wait on key /esi-worker/heat_stacks, index None
2018-03-30 01:04:40,978:DEBUG:Issuing read for key /esi-worker/heat_stacks with args {'recursive': True, 'timeout': None, 'wait': True}
2018-03-30 01:04:40,979:DEBUG:Starting new HTTP connection (1): etcd-server
2018-03-30 01:04:40,979:DEBUG:http://etcd-server:2379 "GET /v2/keys/esi-worker/heat_stacks?recursive=true&wait=true HTTP/1.1" 200 None
2018-03-30 01:05:10,305:DEBUG:
*** Consume stored data in etcd ***
 action=[set], key=[/esi-worker/heat_stacks/v2.0/gw_interfaces/d84ce543-bc58-4844-b861-4a6d79fb2e48],
 value=[{
    "stack_id": "gw_interface_d84ce543-bc58-4844-b861-4a6d79fb2e48", 
    "tenant_id": "20511c5aef804417a03bf14ed8aea3b8", 
    "stack_status": "CREATE_COMPLETE", 
    "output": [
        {
            "output_value": "23957481-7625-47c9-9dfd-770dcca7b8af", 
            "description": "Monitoring Target ID", 
            "output_key": "monitoring_target_id"
        }, 
        {
            "output_value": "http://collector-agents-se.monitoringrefactordocker_default:7070/targets/23957481-7625-47c9-9dfd-770dcca7b8af", 
            "description": "Monitoring Process Link", 
            "output_key": "monitoring_link"
        }
    ], 
    "status_reason": "Stack CREATE completed successfully", 
    "id": "gw_interface:d84ce543-bc58-4844-b861-4a6d79fb2e48"
}]
2018-03-30 01:05:10,305:DEBUG:New etcd client created for etcd-server:2379/v2
2018-03-30 01:05:10,305:DEBUG:About to wait on key /esi-worker/heat_stacks, index None
2018-03-30 01:05:10,305:DEBUG:Issuing read for key /esi-worker/heat_stacks with args {'recursive': True, 'timeout': None, 'wait': True}
2018-03-30 01:05:10,305:DEBUG:Starting new HTTP connection (1): etcd-server
2018-03-30 01:05:10,306:DEBUG:http://etcd-server:2379 "GET /v2/keys/esi-worker/heat_stacks?recursive=true&wait=true HTTP/1.1" 200 None
2018-03-30 01:05:16,106:DEBUG:
*** Consume stored data in etcd ***
 action=[set], key=[/esi-worker/heat_stacks/v2.0/ports/4fca361d-fdaf-4b92-81a8-a4cdd767cad4],
 value=[{
    "stack_id": "port_4fca361d-fdaf-4b92-81a8-a4cdd767cad4", 
    "tenant_id": "20511c5aef804417a03bf14ed8aea3b8", 
    "stack_status": "CREATE_COMPLETE", 
    "output": [
        {
            "output_value": [
                [
                    "default-domain", 
                    "admin", 
                    "b62eefe0-0872-478d-adfe-1a606320f0e7"
                ]
            ], 
            "description": "Virtual network.", 
            "output_key": "virtual_network"
        }, 
        {
            "output_value": "default-domain:admin:f68d0924-ef20-4c1b-ac45-0e6b879af5e7", 
            "description": "Fully Qualified Name of the VMI", 
            "output_key": "fq_name"
        }, 
        {
            "output_value": "f68d0924-ef20-4c1b-ac45-0e6b879af5e7", 
            "description": "A unique id for the virtual machine interface.", 
            "output_key": "id"
        }, 
        {
            "output_value": {
                "allowed_address_pair": []
            }, 
            "description": "Virtual machine allowed address pairs.", 
            "output_key": "allowed_address_pairs"
        }, 
        {
            "output_value": [
                "fa:16:3e:f7:60:7f"
            ], 
            "description": "Virtual machine interface mac address.", 
            "output_key": "mac_address"
        }
    ], 
    "status_reason": "Stack CREATE completed successfully", 
    "id": "port:4fca361d-fdaf-4b92-81a8-a4cdd767cad4"
}]
2018-03-30 01:05:16,106:DEBUG:New etcd client created for etcd-server:2379/v2
2018-03-30 01:05:16,106:DEBUG:About to wait on key /esi-worker/heat_stacks, index None
2018-03-30 01:05:16,106:DEBUG:Issuing read for key /esi-worker/heat_stacks with args {'recursive': True, 'timeout': None, 'wait': True}
2018-03-30 01:05:16,107:DEBUG:Starting new HTTP connection (1): etcd-server
2018-03-30 01:05:16,107:DEBUG:http://etcd-server:2379 "GET /v2/keys/esi-worker/heat_stacks?recursive=true&wait=true HTTP/1.1" 200 None
2018-03-30 01:05:16,197:DEBUG:
*** Consume stored data in etcd ***
 action=[set], key=[/esi-worker/heat_stacks/v2.0/ports/7413e81d-f895-4527-ba5d-a86ffb663258],
 value=[{
    "stack_id": "port_7413e81d-f895-4527-ba5d-a86ffb663258", 
    "tenant_id": "20511c5aef804417a03bf14ed8aea3b8", 
    "stack_status": "CREATE_COMPLETE", 
    "output": [
        {
            "output_value": [
                [
                    "default-domain", 
                    "admin", 
                    "b62eefe0-0872-478d-adfe-1a606320f0e7"
                ]
            ], 
            "description": "Virtual network.", 
            "output_key": "virtual_network"
        }, 
        {
            "output_value": "default-domain:admin:f68d0924-ef20-4c1b-ac45-0e6b879af5e7", 
            "description": "Fully Qualified Name of the VMI", 
            "output_key": "fq_name"
        }, 
        {
            "output_value": "f68d0924-ef20-4c1b-ac45-0e6b879af5e7", 
            "description": "A unique id for the virtual machine interface.", 
            "output_key": "id"
        }, 
        {
            "output_value": {
                "allowed_address_pair": []
            }, 
            "description": "Virtual machine allowed address pairs.", 
            "output_key": "allowed_address_pairs"
        }, 
        {
            "output_value": [
                "fa:16:3e:f7:60:7f"
            ], 
            "description": "Virtual machine interface mac address.", 
            "output_key": "mac_address"
        }
    ], 
    "status_reason": "Stack CREATE completed successfully", 
    "id": "port:7413e81d-f895-4527-ba5d-a86ffb663258"
}]
2018-03-30 01:05:16,197:DEBUG:New etcd client created for etcd-server:2379/v2
2018-03-30 01:05:16,197:DEBUG:About to wait on key /esi-worker/heat_stacks, index None
2018-03-30 01:05:16,197:DEBUG:Issuing read for key /esi-worker/heat_stacks with args {'recursive': True, 'timeout': None, 'wait': True}
2018-03-30 01:05:16,197:DEBUG:Starting new HTTP connection (1): etcd-server
2018-03-30 01:05:16,198:DEBUG:http://etcd-server:2379 "GET /v2/keys/esi-worker/heat_stacks?recursive=true&wait=true HTTP/1.1" 200 None
2018-03-30 01:05:21,110:DEBUG:
*** Consume stored data in etcd ***
 action=[set], key=[/esi-worker/heat_stacks/v2.0/ese_logical_ports/d87b39f3-d117-46b4-ad1d-5b606d651b4f],
 value=[{
    "stack_id": "ese_logical_port_d87b39f3-d117-46b4-ad1d-5b606d651b4f", 
    "tenant_id": "20511c5aef804417a03bf14ed8aea3b8", 
    "stack_status": "CREATE_COMPLETE", 
    "output": [
        {
            "output_value": "8b3e197f-0e6c-4440-92b7-652d5cdaf733", 
            "description": "Monitoring Target ID", 
            "output_key": "monitoring_target_id"
        }, 
        {
            "output_value": "46b0cd68-d0fb-4d72-9def-830164f9e215", 
            "description": "A unique id for the logical interface", 
            "output_key": "id"
        }, 
        {
            "output_value": "http://collector-agents-se.monitoringrefactordocker_default:7070/targets/8b3e197f-0e6c-4440-92b7-652d5cdaf733", 
            "description": "Monitoring Process Link", 
            "output_key": "monitoring_link"
        }, 
        {
            "output_value": "xe-0/0/38.0", 
            "description": "The name of the logical interface.", 
            "output_key": "name"
        }
    ], 
    "status_reason": "Stack CREATE completed successfully", 
    "id": "ese_logical_port:d87b39f3-d117-46b4-ad1d-5b606d651b4f"
}]
2018-03-30 01:05:21,110:DEBUG:New etcd client created for etcd-server:2379/v2
2018-03-30 01:05:21,110:DEBUG:About to wait on key /esi-worker/heat_stacks, index None
2018-03-30 01:05:21,110:DEBUG:Issuing read for key /esi-worker/heat_stacks with args {'recursive': True, 'timeout': None, 'wait': True}
2018-03-30 01:05:21,110:DEBUG:Starting new HTTP connection (1): etcd-server
2018-03-30 01:05:21,111:DEBUG:http://etcd-server:2379 "GET /v2/keys/esi-worker/heat_stacks?recursive=true&wait=true HTTP/1.1" 200 None
2018-03-30 01:05:21,514:DEBUG:
*** Consume stored data in etcd ***
 action=[set], key=[/esi-worker/heat_stacks/v2.0/ese_logical_ports/ecf42487-2aef-4e27-931c-8517b1632d49],
 value=[{
    "stack_id": "ese_logical_port_ecf42487-2aef-4e27-931c-8517b1632d49", 
    "tenant_id": "20511c5aef804417a03bf14ed8aea3b8", 
    "stack_status": "CREATE_COMPLETE", 
    "output": [
        {
            "output_value": "403bcdd8-8542-4d56-92f8-58b0f524aa7b", 
            "description": "Monitoring Target ID", 
            "output_key": "monitoring_target_id"
        }, 
        {
            "output_value": "46b0cd68-d0fb-4d72-9def-830164f9e215", 
            "description": "A unique id for the logical interface", 
            "output_key": "id"
        }, 
        {
            "output_value": "http://collector-agents-se.monitoringrefactordocker_default:7070/targets/403bcdd8-8542-4d56-92f8-58b0f524aa7b", 
            "description": "Monitoring Process Link", 
            "output_key": "monitoring_link"
        }, 
        {
            "output_value": "xe-0/0/38.0", 
            "description": "The name of the logical interface.", 
            "output_key": "name"
        }
    ], 
    "status_reason": "Stack CREATE completed successfully", 
    "id": "ese_logical_port:ecf42487-2aef-4e27-931c-8517b1632d49"
}]
2018-03-30 01:05:21,514:DEBUG:New etcd client created for etcd-server:2379/v2
2018-03-30 01:05:21,514:DEBUG:About to wait on key /esi-worker/heat_stacks, index None
2018-03-30 01:05:21,514:DEBUG:Issuing read for key /esi-worker/heat_stacks with args {'recursive': True, 'timeout': None, 'wait': True}
2018-03-30 01:05:21,514:DEBUG:Starting new HTTP connection (1): etcd-server
2018-03-30 01:05:21,515:DEBUG:http://etcd-server:2379 "GET /v2/keys/esi-worker/heat_stacks?recursive=true&wait=true HTTP/1.1" 200 None
2018-03-30 01:05:33,174:DEBUG:
*** Consume stored data in etcd ***
 action=[set], key=[/esi-worker/heat_stacks/v2.0/ports/4fca361d-fdaf-4b92-81a8-a4cdd767cad4],
 value=[{
    "stack_id": "port_4fca361d-fdaf-4b92-81a8-a4cdd767cad4", 
    "tenant_id": "20511c5aef804417a03bf14ed8aea3b8", 
    "stack_status": "UPDATE_COMPLETE", 
    "output": [
        {
            "output_value": "default-domain:admin:f68d0924-ef20-4c1b-ac45-0e6b879af5e7", 
            "description": "Fully Qualified Name of the VMI", 
            "output_key": "fq_name"
        }, 
        {
            "output_value": {
                "allowed_address_pair": []
            }, 
            "description": "Virtual machine allowed address pairs.", 
            "output_key": "allowed_address_pairs"
        }, 
        {
            "output_value": "7d83904d-f8d6-401a-85ee-2c3f3275685d", 
            "description": "Monitoring Target ID", 
            "output_key": "monitoring_target_id"
        }, 
        {
            "output_value": [
                "fa:16:3e:f7:60:7f"
            ], 
            "description": "Virtual machine interface mac address.", 
            "output_key": "mac_address"
        }, 
        {
            "output_value": [
                [
                    "default-domain", 
                    "admin", 
                    "b62eefe0-0872-478d-adfe-1a606320f0e7"
                ]
            ], 
            "description": "Virtual network.", 
            "output_key": "virtual_network"
        }, 
        {
            "output_value": "f68d0924-ef20-4c1b-ac45-0e6b879af5e7", 
            "description": "A unique id for the virtual machine interface.", 
            "output_key": "id"
        }, 
        {
            "output_value": "http://collector-agents-se.monitoringrefactordocker_default:7070/targets/7d83904d-f8d6-401a-85ee-2c3f3275685d", 
            "description": "Monitoring Process Link", 
            "output_key": "monitoring_link"
        }
    ], 
    "status_reason": "Stack successfully updated", 
    "id": "port:4fca361d-fdaf-4b92-81a8-a4cdd767cad4"
}]
2018-03-30 01:05:33,174:DEBUG:New etcd client created for etcd-server:2379/v2
2018-03-30 01:05:33,174:DEBUG:About to wait on key /esi-worker/heat_stacks, index None
2018-03-30 01:05:33,174:DEBUG:Issuing read for key /esi-worker/heat_stacks with args {'recursive': True, 'timeout': None, 'wait': True}
2018-03-30 01:05:33,175:DEBUG:Starting new HTTP connection (1): etcd-server
2018-03-30 01:05:33,175:DEBUG:http://etcd-server:2379 "GET /v2/keys/esi-worker/heat_stacks?recursive=true&wait=true HTTP/1.1" 200 None
2018-03-30 01:05:33,575:DEBUG:
*** Consume stored data in etcd ***
 action=[set], key=[/esi-worker/heat_stacks/v2.0/ports/7413e81d-f895-4527-ba5d-a86ffb663258],
 value=[{
    "stack_id": "port_7413e81d-f895-4527-ba5d-a86ffb663258", 
    "tenant_id": "20511c5aef804417a03bf14ed8aea3b8", 
    "stack_status": "UPDATE_COMPLETE", 
    "output": [
        {
            "output_value": "default-domain:admin:f68d0924-ef20-4c1b-ac45-0e6b879af5e7", 
            "description": "Fully Qualified Name of the VMI", 
            "output_key": "fq_name"
        }, 
        {
            "output_value": {
                "allowed_address_pair": []
            }, 
            "description": "Virtual machine allowed address pairs.", 
            "output_key": "allowed_address_pairs"
        }, 
        {
            "output_value": "3eb90fa9-0c66-4bde-bb09-98883e40471f", 
            "description": "Monitoring Target ID", 
            "output_key": "monitoring_target_id"
        }, 
        {
            "output_value": [
                "fa:16:3e:f7:60:7f"
            ], 
            "description": "Virtual machine interface mac address.", 
            "output_key": "mac_address"
        }, 
        {
            "output_value": [
                [
                    "default-domain", 
                    "admin", 
                    "b62eefe0-0872-478d-adfe-1a606320f0e7"
                ]
            ], 
            "description": "Virtual network.", 
            "output_key": "virtual_network"
        }, 
        {
            "output_value": "f68d0924-ef20-4c1b-ac45-0e6b879af5e7", 
            "description": "A unique id for the virtual machine interface.", 
            "output_key": "id"
        }, 
        {
            "output_value": "http://collector-agents-se.monitoringrefactordocker_default:7070/targets/3eb90fa9-0c66-4bde-bb09-98883e40471f", 
            "description": "Monitoring Process Link", 
            "output_key": "monitoring_link"
        }
    ], 
    "status_reason": "Stack successfully updated", 
    "id": "port:7413e81d-f895-4527-ba5d-a86ffb663258"
}]
2018-03-30 01:05:33,575:DEBUG:New etcd client created for etcd-server:2379/v2
2018-03-30 01:05:33,576:DEBUG:About to wait on key /esi-worker/heat_stacks, index None
2018-03-30 01:05:33,576:DEBUG:Issuing read for key /esi-worker/heat_stacks with args {'recursive': True, 'timeout': None, 'wait': True}
2018-03-30 01:05:33,576:DEBUG:Starting new HTTP connection (1): etcd-server
2018-03-30 01:05:33,576:DEBUG:http://etcd-server:2379 "GET /v2/keys/esi-worker/heat_stacks?recursive=true&wait=true HTTP/1.1" 200 None
2018-03-30 01:06:58,816:DEBUG:
*** Consume stored data in etcd ***
 action=[set], key=[/esi-worker/heat_stacks/v2.0/static_routes/07967b57-33c3-44b9-b1e7-47d85c840011],
 value=[{
    "stack_id": "static_route_07967b57-33c3-44b9-b1e7-47d85c840011", 
    "tenant_id": "20511c5aef804417a03bf14ed8aea3b8", 
    "stack_status": "CREATE_COMPLETE", 
    "output": [], 
    "status_reason": "Stack CREATE completed successfully", 
    "id": "static_route:07967b57-33c3-44b9-b1e7-47d85c840011"
}]
2018-03-30 01:06:58,816:DEBUG:New etcd client created for etcd-server:2379/v2
2018-03-30 01:06:58,816:DEBUG:About to wait on key /esi-worker/heat_stacks, index None
2018-03-30 01:06:58,816:DEBUG:Issuing read for key /esi-worker/heat_stacks with args {'recursive': True, 'timeout': None, 'wait': True}
2018-03-30 01:06:58,817:DEBUG:Starting new HTTP connection (1): etcd-server
2018-03-30 01:06:58,817:DEBUG:http://etcd-server:2379 "GET /v2/keys/esi-worker/heat_stacks?recursive=true&wait=true HTTP/1.1" 200 None
2018-03-30 01:21:58,915:ERROR:Request to server http://etcd-server:2379 failed: ReadTimeoutError("HTTPConnectionPool(host='etcd-server', port=2379): Read timed out.",)
2018-03-30 01:21:58,915:DEBUG:Reconnection disabled, giving up.
Traceback (most recent call last):
  File "/usr/local/lib/python2.7/dist-packages/eventlet/hubs/hub.py", line 346, in fire_timers
    timer()
  File "/usr/local/lib/python2.7/dist-packages/eventlet/hubs/timer.py", line 56, in __call__
    cb(*args, **kw)
  File "/usr/local/lib/python2.7/dist-packages/eventlet/greenthread.py", line 194, in main
    result = function(*args, **kwargs)
  File "/tools/etcd-watcher-for-esi/python-etcd-watch.py", line 15, in _consume_loop
    result = client.watch(key_info, recursive=True)
  File "/usr/local/lib/python2.7/dist-packages/etcd/client.py", line 655, in watch
    recursive=recursive)
  File "/usr/local/lib/python2.7/dist-packages/etcd/client.py", line 481, in read
    timeout=timeout)
  File "/usr/local/lib/python2.7/dist-packages/etcd/client.py", line 788, in api_execute
    cause=e
EtcdConnectionFailed: Connection to etcd failed due to ReadTimeoutError("HTTPConnectionPool(host='etcd-server', port=2379): Read timed out.",)
Traceback (most recent call last):
  File "/tools/etcd-watcher-for-esi/python-etcd-watch.py", line 48, in <module>
    thread.wait()
  File "/usr/local/lib/python2.7/dist-packages/eventlet/greenthread.py", line 168, in wait
    return self._exit_event.wait()
  File "/usr/local/lib/python2.7/dist-packages/eventlet/event.py", line 116, in wait
    return hubs.get_hub().switch()
  File "/usr/local/lib/python2.7/dist-packages/eventlet/hubs/hub.py", line 187, in switch
    return self.greenlet.switch()
  File "/usr/local/lib/python2.7/dist-packages/eventlet/greenthread.py", line 194, in main
    result = function(*args, **kwargs)
  File "/tools/etcd-watcher-for-esi/python-etcd-watch.py", line 15, in _consume_loop
    result = client.watch(key_info, recursive=True)
  File "/usr/local/lib/python2.7/dist-packages/etcd/client.py", line 655, in watch
    recursive=recursive)
  File "/usr/local/lib/python2.7/dist-packages/etcd/client.py", line 481, in read
    timeout=timeout)
  File "/usr/local/lib/python2.7/dist-packages/etcd/client.py", line 788, in api_execute
    cause=e
etcd.EtcdConnectionFailed: Connection to etcd failed due to ReadTimeoutError("HTTPConnectionPool(host='etcd-server', port=2379): Read timed out.",)
