2018-04-04 04:51:35,369:DEBUG:New etcd client created for etcd-server:2379/v2
2018-04-04 04:51:35,369:DEBUG:About to wait on key /state, index None
2018-04-04 04:51:35,369:DEBUG:Issuing read for key /state with args {'recursive': True, 'timeout': None, 'wait': True}
2018-04-04 04:51:35,370:DEBUG:Starting new HTTP connection (1): etcd-server
2018-04-04 04:51:35,373:DEBUG:http://etcd-server:2379 "GET /v2/keys/state?recursive=true&wait=true HTTP/1.1" 200 None
2018-04-04 04:52:17,620:DEBUG:
*** Consume stored data in etcd ***
 action=[set], key=[/state/v2.0/quotas/default],
 value=[{
    "state": {
        "worker_state": "READ_COMPLETE"
    }, 
    "version": 1, 
    "error": ""
}]
2018-04-04 04:52:17,621:DEBUG:New etcd client created for etcd-server:2379/v2
2018-04-04 04:52:17,621:DEBUG:About to wait on key /state, index None
2018-04-04 04:52:17,621:DEBUG:Issuing read for key /state with args {'recursive': True, 'timeout': None, 'wait': True}
2018-04-04 04:52:17,622:DEBUG:Starting new HTTP connection (1): etcd-server
2018-04-04 04:52:17,623:DEBUG:http://etcd-server:2379 "GET /v2/keys/state?recursive=true&wait=true HTTP/1.1" 200 None
2018-04-04 04:52:17,654:DEBUG:
*** Consume stored data in etcd ***
 action=[set], key=[/state/v2.0/reserve_addresses/default],
 value=[{
    "state": {
        "worker_state": "READ_COMPLETE"
    }, 
    "version": 1, 
    "error": ""
}]
2018-04-04 04:52:17,654:DEBUG:New etcd client created for etcd-server:2379/v2
2018-04-04 04:52:17,655:DEBUG:About to wait on key /state, index None
2018-04-04 04:52:17,655:DEBUG:Issuing read for key /state with args {'recursive': True, 'timeout': None, 'wait': True}
2018-04-04 04:52:17,655:DEBUG:Starting new HTTP connection (1): etcd-server
2018-04-04 04:52:17,657:DEBUG:http://etcd-server:2379 "GET /v2/keys/state?recursive=true&wait=true HTTP/1.1" 200 None
2018-04-04 04:52:26,142:DEBUG:
*** Consume stored data in etcd ***
 action=[set], key=[/state/common/v1.0/tenants/06d6b792b31c40daa546fb0f4e35980d],
 value=[{
    "state": {
        "worker_state": "READ_COMPLETE"
    }, 
    "version": 1, 
    "error": ""
}]
2018-04-04 04:52:26,142:DEBUG:New etcd client created for etcd-server:2379/v2
2018-04-04 04:52:26,143:DEBUG:About to wait on key /state, index None
2018-04-04 04:52:26,143:DEBUG:Issuing read for key /state with args {'recursive': True, 'timeout': None, 'wait': True}
2018-04-04 04:52:26,143:DEBUG:Starting new HTTP connection (1): etcd-server
2018-04-04 04:52:26,145:DEBUG:http://etcd-server:2379 "GET /v2/keys/state?recursive=true&wait=true HTTP/1.1" 200 None
2018-04-04 04:52:32,275:DEBUG:
*** Consume stored data in etcd ***
 action=[set], key=[/state/v2.0/ese_devices/3fb53223-b614-46b6-92e8-25c3bcbed214],
 value=[{
    "state": {
        "worker_state": "CREATE_COMPLETED", 
        "heat_outputs": "[{\"output_value\": \"bd8bbbcc-b175-4ea2-bfce-9821677d4da4\", \"description\": \"Monitoring Target ID\", \"output_key\": \"monitoring_target_id\"}, {\"output_value\": [\"default-global-system-config\", \"NWSDP-JNPR-02\"], \"description\": \"The FQ name of the physical router.\", \"output_key\": \"fq_name\"}, {\"output_value\": \"7e5c78fa-71c0-427e-947f-586b1fc3c470\", \"description\": \"A unique id for the physical router.\", \"output_key\": \"id\"}, {\"output_value\": \"http://collector-agents-se.monitoringrefactordocker_default:7070/targets/bd8bbbcc-b175-4ea2-bfce-9821677d4da4\", \"description\": \"Monitoring Process Link\", \"output_key\": \"monitoring_link\"}, {\"output_value\": \"NWSDP-JNPR-02\", \"description\": \"The name of the physical router.\", \"output_key\": \"name\"}]", 
        "orchestration_state": "CREATE_COMPLETE"
    }, 
    "version": 1, 
    "error": ""
}]
2018-04-04 04:52:32,276:DEBUG:New etcd client created for etcd-server:2379/v2
2018-04-04 04:52:32,276:DEBUG:About to wait on key /state, index None
2018-04-04 04:52:32,276:DEBUG:Issuing read for key /state with args {'recursive': True, 'timeout': None, 'wait': True}
2018-04-04 04:52:32,277:DEBUG:Starting new HTTP connection (1): etcd-server
2018-04-04 04:52:32,279:DEBUG:http://etcd-server:2379 "GET /v2/keys/state?recursive=true&wait=true HTTP/1.1" 200 None
2018-04-04 04:53:41,439:DEBUG:
*** Consume stored data in etcd ***
 action=[set], key=[/state/v2.0/ese_physical_ports/887fecdd-956b-47fa-a348-8940c53a5bf9],
 value=[{
    "state": {
        "worker_state": "CREATE_COMPLETED", 
        "heat_outputs": "[{\"output_value\": \"f6c72cbd-294e-4894-87b5-c98c67554265\", \"description\": \"Monitoring Target ID\", \"output_key\": \"monitoring_target_id\"}, {\"output_value\": \"06bfe521-07f0-4931-9f8c-318c3ad8114e\", \"description\": \"A unique id for the physical interface\", \"output_key\": \"id\"}, {\"output_value\": \"http://collector-agents-se.monitoringrefactordocker_default:7070/targets/f6c72cbd-294e-4894-87b5-c98c67554265\", \"description\": \"Monitoring Process Link\", \"output_key\": \"monitoring_link\"}, {\"output_value\": \"xe-0/0/38\", \"description\": \"The name of the physical interface.\", \"output_key\": \"name\"}]", 
        "orchestration_state": "CREATE_COMPLETE"
    }, 
    "version": 1, 
    "error": ""
}]
2018-04-04 04:53:41,440:DEBUG:New etcd client created for etcd-server:2379/v2
2018-04-04 04:53:41,441:DEBUG:About to wait on key /state, index None
2018-04-04 04:53:41,441:DEBUG:Issuing read for key /state with args {'recursive': True, 'timeout': None, 'wait': True}
2018-04-04 04:53:41,441:DEBUG:Starting new HTTP connection (1): etcd-server
2018-04-04 04:53:41,444:DEBUG:http://etcd-server:2379 "GET /v2/keys/state?recursive=true&wait=true HTTP/1.1" 200 None
2018-04-04 04:54:47,400:DEBUG:
*** Consume stored data in etcd ***
 action=[set], key=[/state/v2.0/ese_physical_ports/6b29894f-8694-4865-92c1-2e78360e65a6],
 value=[{
    "state": {
        "worker_state": "CREATE_COMPLETED", 
        "heat_outputs": "[{\"output_value\": \"02761d5d-f2ae-4806-bff6-df5851f514ed\", \"description\": \"Monitoring Target ID\", \"output_key\": \"monitoring_target_id\"}, {\"output_value\": \"06bfe521-07f0-4931-9f8c-318c3ad8114e\", \"description\": \"A unique id for the physical interface\", \"output_key\": \"id\"}, {\"output_value\": \"http://collector-agents-se.monitoringrefactordocker_default:7070/targets/02761d5d-f2ae-4806-bff6-df5851f514ed\", \"description\": \"Monitoring Process Link\", \"output_key\": \"monitoring_link\"}, {\"output_value\": \"xe-0/0/38\", \"description\": \"The name of the physical interface.\", \"output_key\": \"name\"}]", 
        "orchestration_state": "CREATE_COMPLETE"
    }, 
    "version": 1, 
    "error": ""
}]
2018-04-04 04:54:47,401:DEBUG:New etcd client created for etcd-server:2379/v2
2018-04-04 04:54:47,401:DEBUG:About to wait on key /state, index None
2018-04-04 04:54:47,401:DEBUG:Issuing read for key /state with args {'recursive': True, 'timeout': None, 'wait': True}
2018-04-04 04:54:47,401:DEBUG:Starting new HTTP connection (1): etcd-server
2018-04-04 04:54:47,404:DEBUG:http://etcd-server:2379 "GET /v2/keys/state?recursive=true&wait=true HTTP/1.1" 200 None
2018-04-04 04:55:46,025:DEBUG:
*** Consume stored data in etcd ***
 action=[set], key=[/state/v2.0/edge_routers/cbe0fe23-8461-4a71-a7cc-a3a1d8c1fd78],
 value=[{
    "state": {
        "worker_state": "CREATE_COMPLETED", 
        "heat_outputs": "[{\"output_value\": \"9363d0ec-e347-482c-8d0d-da1d8e11ad73\", \"description\": \"Monitoring Target ID\", \"output_key\": \"monitoring_target_id\"}, {\"output_value\": \"http://collector-agents-se.monitoringrefactordocker_default:7070/targets/9363d0ec-e347-482c-8d0d-da1d8e11ad73\", \"description\": \"Monitoring Process Link\", \"output_key\": \"monitoring_link\"}]", 
        "orchestration_state": "CREATE_COMPLETE"
    }, 
    "version": 1, 
    "error": ""
}]
2018-04-04 04:55:46,025:DEBUG:New etcd client created for etcd-server:2379/v2
2018-04-04 04:55:46,025:DEBUG:About to wait on key /state, index None
2018-04-04 04:55:46,025:DEBUG:Issuing read for key /state with args {'recursive': True, 'timeout': None, 'wait': True}
2018-04-04 04:55:46,026:DEBUG:Starting new HTTP connection (1): etcd-server
2018-04-04 04:55:46,029:DEBUG:http://etcd-server:2379 "GET /v2/keys/state?recursive=true&wait=true HTTP/1.1" 200 None
2018-04-04 04:56:50,407:DEBUG:
*** Consume stored data in etcd ***
 action=[set], key=[/state/v2.0/edge_routers/ca43aedb-bc30-4355-a931-7bb1d9040659],
 value=[{
    "state": {
        "worker_state": "CREATE_COMPLETED", 
        "heat_outputs": "[{\"output_value\": \"538cfead-67e3-4e5b-87a4-ad8f32b14366\", \"description\": \"Monitoring Target ID\", \"output_key\": \"monitoring_target_id\"}, {\"output_value\": \"http://collector-agents-se.monitoringrefactordocker_default:7070/targets/538cfead-67e3-4e5b-87a4-ad8f32b14366\", \"description\": \"Monitoring Process Link\", \"output_key\": \"monitoring_link\"}]", 
        "orchestration_state": "CREATE_COMPLETE"
    }, 
    "version": 1, 
    "error": ""
}]
2018-04-04 04:56:50,407:DEBUG:New etcd client created for etcd-server:2379/v2
2018-04-04 04:56:50,408:DEBUG:About to wait on key /state, index None
2018-04-04 04:56:50,408:DEBUG:Issuing read for key /state with args {'recursive': True, 'timeout': None, 'wait': True}
2018-04-04 04:56:50,408:DEBUG:Starting new HTTP connection (1): etcd-server
2018-04-04 04:56:50,410:DEBUG:http://etcd-server:2379 "GET /v2/keys/state?recursive=true&wait=true HTTP/1.1" 200 None
2018-04-04 04:57:52,726:DEBUG:
*** Consume stored data in etcd ***
 action=[set], key=[/state/v2.0/ha_routers/add04ae7-e48a-4583-a726-bed5f3b748c4],
 value=[{
    "state": {
        "worker_state": "READ_COMPLETE"
    }, 
    "version": 1, 
    "error": ""
}]
2018-04-04 04:57:52,726:DEBUG:New etcd client created for etcd-server:2379/v2
2018-04-04 04:57:52,727:DEBUG:About to wait on key /state, index None
2018-04-04 04:57:52,727:DEBUG:Issuing read for key /state with args {'recursive': True, 'timeout': None, 'wait': True}
2018-04-04 04:57:52,728:DEBUG:Starting new HTTP connection (1): etcd-server
2018-04-04 04:57:52,730:DEBUG:http://etcd-server:2379 "GET /v2/keys/state?recursive=true&wait=true HTTP/1.1" 200 None
2018-04-04 04:57:57,250:DEBUG:
*** Consume stored data in etcd ***
 action=[set], key=[/state/v2.0/er_physical_interfaces/53712736-354c-4374-be82-6f07bea9d1bd],
 value=[{
    "state": {
        "worker_state": "CREATE_COMPLETED", 
        "heat_outputs": "[{\"output_value\": \"c38b03bf-0c61-44ff-9dec-599c9951df58\", \"description\": \"Monitoring Target ID\", \"output_key\": \"monitoring_target_id\"}, {\"output_value\": \"http://collector-agents-se.monitoringrefactordocker_default:7070/targets/c38b03bf-0c61-44ff-9dec-599c9951df58\", \"description\": \"Monitoring Process Link\", \"output_key\": \"monitoring_link\"}]", 
        "orchestration_state": "CREATE_COMPLETE"
    }, 
    "version": 1, 
    "error": ""
}]
2018-04-04 04:57:57,251:DEBUG:New etcd client created for etcd-server:2379/v2
2018-04-04 04:57:57,251:DEBUG:About to wait on key /state, index None
2018-04-04 04:57:57,251:DEBUG:Issuing read for key /state with args {'recursive': True, 'timeout': None, 'wait': True}
2018-04-04 04:57:57,251:DEBUG:Starting new HTTP connection (1): etcd-server
2018-04-04 04:57:57,255:DEBUG:http://etcd-server:2379 "GET /v2/keys/state?recursive=true&wait=true HTTP/1.1" 200 None
2018-04-04 04:59:02,020:DEBUG:
*** Consume stored data in etcd ***
 action=[set], key=[/state/v2.0/er_physical_interfaces/d108a472-81ab-43a0-8c49-e0d1a46e6128],
 value=[{
    "state": {
        "worker_state": "CREATE_COMPLETED", 
        "heat_outputs": "[{\"output_value\": \"79b7fc42-ebaf-4c34-adeb-20b43803a4fc\", \"description\": \"Monitoring Target ID\", \"output_key\": \"monitoring_target_id\"}, {\"output_value\": \"http://collector-agents-se.monitoringrefactordocker_default:7070/targets/79b7fc42-ebaf-4c34-adeb-20b43803a4fc\", \"description\": \"Monitoring Process Link\", \"output_key\": \"monitoring_link\"}]", 
        "orchestration_state": "CREATE_COMPLETE"
    }, 
    "version": 1, 
    "error": ""
}]
2018-04-04 04:59:02,021:DEBUG:New etcd client created for etcd-server:2379/v2
2018-04-04 04:59:02,021:DEBUG:About to wait on key /state, index None
2018-04-04 04:59:02,021:DEBUG:Issuing read for key /state with args {'recursive': True, 'timeout': None, 'wait': True}
2018-04-04 04:59:02,022:DEBUG:Starting new HTTP connection (1): etcd-server
2018-04-04 04:59:02,024:DEBUG:http://etcd-server:2379 "GET /v2/keys/state?recursive=true&wait=true HTTP/1.1" 200 None
2018-04-04 05:00:04,579:DEBUG:
*** Consume stored data in etcd ***
 action=[set], key=[/state/v2.0/ha_interfaces/2595e193-84a8-49dc-aa2e-7a68c60ea11e],
 value=[{
    "state": {
        "worker_state": "READ_COMPLETE"
    }, 
    "version": 1, 
    "error": ""
}]
2018-04-04 05:00:04,580:DEBUG:New etcd client created for etcd-server:2379/v2
2018-04-04 05:00:04,580:DEBUG:About to wait on key /state, index None
2018-04-04 05:00:04,580:DEBUG:Issuing read for key /state with args {'recursive': True, 'timeout': None, 'wait': True}
2018-04-04 05:00:04,581:DEBUG:Starting new HTTP connection (1): etcd-server
2018-04-04 05:00:04,583:DEBUG:http://etcd-server:2379 "GET /v2/keys/state?recursive=true&wait=true HTTP/1.1" 200 None
2018-04-04 05:00:16,465:DEBUG:
*** Consume stored data in etcd ***
 action=[set], key=[/state/v2.0/internet_services/986a140f-81da-4e5c-afc3-26f463a85786],
 value=[{
    "state": {
        "worker_state": "READ_COMPLETE"
    }, 
    "version": 1, 
    "error": ""
}]
2018-04-04 05:00:16,465:DEBUG:New etcd client created for etcd-server:2379/v2
2018-04-04 05:00:16,465:DEBUG:About to wait on key /state, index None
2018-04-04 05:00:16,465:DEBUG:Issuing read for key /state with args {'recursive': True, 'timeout': None, 'wait': True}
2018-04-04 05:00:16,466:DEBUG:Starting new HTTP connection (1): etcd-server
2018-04-04 05:00:16,467:DEBUG:http://etcd-server:2379 "GET /v2/keys/state?recursive=true&wait=true HTTP/1.1" 200 None
2018-04-04 05:00:27,329:DEBUG:
*** Consume stored data in etcd ***
 action=[set], key=[/state/v2.0/qos_options/0e6b35d9-d74d-4d3a-922a-d79b9df9b78c],
 value=[{
    "state": {
        "worker_state": "READ_COMPLETE"
    }, 
    "version": 1, 
    "error": ""
}]
2018-04-04 05:00:27,329:DEBUG:New etcd client created for etcd-server:2379/v2
2018-04-04 05:00:27,329:DEBUG:About to wait on key /state, index None
2018-04-04 05:00:27,329:DEBUG:Issuing read for key /state with args {'recursive': True, 'timeout': None, 'wait': True}
2018-04-04 05:00:27,330:DEBUG:Starting new HTTP connection (1): etcd-server
2018-04-04 05:00:27,331:DEBUG:http://etcd-server:2379 "GET /v2/keys/state?recursive=true&wait=true HTTP/1.1" 200 None
2018-04-04 05:00:28,181:DEBUG:
*** Consume stored data in etcd ***
 action=[set], key=[/state/v2.0/public_ip_pools/c8072205-8aec-4fb5-9437-03900c14127a],
 value=[{
    "state": {
        "worker_state": "READ_COMPLETE"
    }, 
    "version": 1, 
    "error": ""
}]
2018-04-04 05:00:28,181:DEBUG:New etcd client created for etcd-server:2379/v2
2018-04-04 05:00:28,182:DEBUG:About to wait on key /state, index None
2018-04-04 05:00:28,182:DEBUG:Issuing read for key /state with args {'recursive': True, 'timeout': None, 'wait': True}
2018-04-04 05:00:28,183:DEBUG:Starting new HTTP connection (1): etcd-server
2018-04-04 05:00:28,184:DEBUG:http://etcd-server:2379 "GET /v2/keys/state?recursive=true&wait=true HTTP/1.1" 200 None
2018-04-04 05:00:49,659:DEBUG:
*** Consume stored data in etcd ***
 action=[set], key=[/state/v2.0/internet_gateways/f6e8c695-c4c1-4a93-9b7e-1663aee6dec9],
 value=[{
    "state": {
        "worker_state": "CREATE_COMPLETED", 
        "heat_outputs": "[{\"output_value\": \"ca354a39-f48c-4698-9cdd-9e106e2a5bf4\", \"description\": \"Monitoring Target ID\", \"output_key\": \"primary_monitoring_target_id\"}, {\"output_value\": \"http://collector-agents-se.monitoringrefactordocker_default:7070/targets/e4609dae-5c88-494a-bdb5-19187026ccfc\", \"description\": \"Monitoring Process Link\", \"output_key\": \"secondary_monitoring_link\"}, {\"output_value\": \"e4609dae-5c88-494a-bdb5-19187026ccfc\", \"description\": \"Monitoring Target ID\", \"output_key\": \"secondary_monitoring_target_id\"}, {\"output_value\": \"http://collector-agents-se.monitoringrefactordocker_default:7070/targets/ca354a39-f48c-4698-9cdd-9e106e2a5bf4\", \"description\": \"Monitoring Process Link\", \"output_key\": \"primary_monitoring_link\"}]", 
        "orchestration_state": "CREATE_COMPLETE"
    }, 
    "version": 1, 
    "error": ""
}]
2018-04-04 05:00:49,659:DEBUG:New etcd client created for etcd-server:2379/v2
2018-04-04 05:00:49,659:DEBUG:About to wait on key /state, index None
2018-04-04 05:00:49,660:DEBUG:Issuing read for key /state with args {'recursive': True, 'timeout': None, 'wait': True}
2018-04-04 05:00:49,660:DEBUG:Starting new HTTP connection (1): etcd-server
2018-04-04 05:00:49,664:DEBUG:http://etcd-server:2379 "GET /v2/keys/state?recursive=true&wait=true HTTP/1.1" 200 None
2018-04-04 05:01:03,723:DEBUG:
*** Consume stored data in etcd ***
 action=[set], key=[/state/v2.0/public_ip_pools/c8072205-8aec-4fb5-9437-03900c14127a],
 value=[{
    "state": {
        "worker_state": "READ_COMPLETE"
    }, 
    "version": 2, 
    "error": ""
}]
2018-04-04 05:01:03,723:DEBUG:New etcd client created for etcd-server:2379/v2
2018-04-04 05:01:03,723:DEBUG:About to wait on key /state, index None
2018-04-04 05:01:03,723:DEBUG:Issuing read for key /state with args {'recursive': True, 'timeout': None, 'wait': True}
2018-04-04 05:01:03,724:DEBUG:Starting new HTTP connection (1): etcd-server
2018-04-04 05:01:03,726:DEBUG:http://etcd-server:2379 "GET /v2/keys/state?recursive=true&wait=true HTTP/1.1" 200 None
2018-04-04 05:01:13,209:DEBUG:
*** Consume stored data in etcd ***
 action=[set], key=[/state/v2.0/public_ips/d5622781-f06a-4fad-b800-b577a05ad8b2],
 value=[{
    "state": {
        "worker_state": "CREATE_COMPLETED", 
        "heat_outputs": "[]", 
        "orchestration_state": "CREATE_COMPLETE"
    }, 
    "version": 1, 
    "error": ""
}]
2018-04-04 05:01:13,209:DEBUG:New etcd client created for etcd-server:2379/v2
2018-04-04 05:01:13,210:DEBUG:About to wait on key /state, index None
2018-04-04 05:01:13,210:DEBUG:Issuing read for key /state with args {'recursive': True, 'timeout': None, 'wait': True}
2018-04-04 05:01:13,210:DEBUG:Starting new HTTP connection (1): etcd-server
2018-04-04 05:01:13,214:DEBUG:http://etcd-server:2379 "GET /v2/keys/state?recursive=true&wait=true HTTP/1.1" 200 None
2018-04-04 05:01:30,228:DEBUG:
*** Consume stored data in etcd ***
 action=[set], key=[/state/v2.0/networks/6e557507-1c2a-49b1-ba90-5f616a1f1f3e],
 value=[{
    "state": {
        "worker_state": "CREATE_COMPLETED", 
        "heat_outputs": "[{\"output_value\": [], \"description\": \"The name of the virtual network.\", \"output_key\": \"route_targets\"}, {\"output_value\": \"default-domain:usertenant:6e557507-1c2a-49b1-ba90-5f616a1f1f3e\", \"description\": \"The FQ name of the virtual network.\", \"output_key\": \"fq_name\"}, {\"output_value\": \"6e557507-1c2a-49b1-ba90-5f616a1f1f3e\", \"description\": \"A unique id for the virtual network.\", \"output_key\": \"id\"}, {\"output_value\": \"6e557507-1c2a-49b1-ba90-5f616a1f1f3e\", \"description\": \"The name of the virtual network.\", \"output_key\": \"name\"}]", 
        "orchestration_state": "CREATE_COMPLETE"
    }, 
    "version": 1, 
    "error": ""
}]
2018-04-04 05:01:30,228:DEBUG:New etcd client created for etcd-server:2379/v2
2018-04-04 05:01:30,228:DEBUG:About to wait on key /state, index None
2018-04-04 05:01:30,228:DEBUG:Issuing read for key /state with args {'recursive': True, 'timeout': None, 'wait': True}
2018-04-04 05:01:30,229:DEBUG:Starting new HTTP connection (1): etcd-server
2018-04-04 05:01:30,230:DEBUG:http://etcd-server:2379 "GET /v2/keys/state?recursive=true&wait=true HTTP/1.1" 200 None
2018-04-04 05:01:44,962:DEBUG:
*** Consume stored data in etcd ***
 action=[set], key=[/state/v2.0/ports/9dc6550a-f4a0-4be0-9e52-f780501926a8],
 value=[{
    "state": {
        "worker_state": "READ_COMPLETE"
    }, 
    "version": 1, 
    "error": ""
}]
2018-04-04 05:01:44,963:DEBUG:New etcd client created for etcd-server:2379/v2
2018-04-04 05:01:44,963:DEBUG:About to wait on key /state, index None
2018-04-04 05:01:44,963:DEBUG:Issuing read for key /state with args {'recursive': True, 'timeout': None, 'wait': True}
2018-04-04 05:01:44,963:DEBUG:Starting new HTTP connection (1): etcd-server
2018-04-04 05:01:44,968:DEBUG:http://etcd-server:2379 "GET /v2/keys/state?recursive=true&wait=true HTTP/1.1" 200 None
2018-04-04 05:01:47,862:DEBUG:
*** Consume stored data in etcd ***
 action=[set], key=[/state/v2.0/subnets/67877f2d-0547-4cea-a6ce-2e3b937aa31b],
 value=[{
    "state": {
        "worker_state": "CREATE_COMPLETED", 
        "heat_outputs": "[{\"output_value\": \"172.16.101.0/24\", \"description\": \"IP prefix of local subnet.\", \"output_key\": \"ip_prefix\"}, {\"output_value\": \"67877f2d-0547-4cea-a6ce-2e3b937aa31b\", \"description\": \"The name of the local subnet.\", \"output_key\": \"name\"}, {\"output_value\": \"172.16.101.1\", \"description\": \"Default gateway of local subnet.\", \"output_key\": \"default_gateway\"}, {\"output_value\": \"6e557507-1c2a-49b1-ba90-5f616a1f1f3e\", \"description\": \"A unique id for the network.\", \"output_key\": \"network_id\"}, {\"output_value\": \"5a79909b-2bf3-4e26-8a9c-0bf6bb175457\", \"description\": \"IPAM this local subnet uses.\", \"output_key\": \"ipam\"}, {\"output_value\": \"4cc11376-ba13-4cc8-b7a6-f886f4a031d1\", \"description\": \"A unique id for the local subnet.\", \"output_key\": \"id\"}]", 
        "orchestration_state": "CREATE_COMPLETE"
    }, 
    "version": 1, 
    "error": ""
}]
2018-04-04 05:01:47,863:DEBUG:New etcd client created for etcd-server:2379/v2
2018-04-04 05:01:47,863:DEBUG:About to wait on key /state, index None
2018-04-04 05:01:47,863:DEBUG:Issuing read for key /state with args {'recursive': True, 'timeout': None, 'wait': True}
2018-04-04 05:01:47,863:DEBUG:Starting new HTTP connection (1): etcd-server
2018-04-04 05:01:47,867:DEBUG:http://etcd-server:2379 "GET /v2/keys/state?recursive=true&wait=true HTTP/1.1" 200 None
2018-04-04 05:02:23,360:DEBUG:
*** Consume stored data in etcd ***
 action=[set], key=[/state/v2.0/gw_interfaces/ce8831fd-d30c-41e3-95de-feaee0b95405],
 value=[{
    "state": {
        "worker_state": "CREATE_COMPLETED", 
        "heat_outputs": "[{\"output_value\": \"921a9234-0ae4-44f5-89b0-2f68dcaaae5b\", \"description\": \"Monitoring Target ID\", \"output_key\": \"monitoring_target_id\"}, {\"output_value\": \"http://collector-agents-se.monitoringrefactordocker_default:7070/targets/921a9234-0ae4-44f5-89b0-2f68dcaaae5b\", \"description\": \"Monitoring Process Link\", \"output_key\": \"monitoring_link\"}]", 
        "orchestration_state": "CREATE_COMPLETE"
    }, 
    "version": 1, 
    "error": ""
}]
2018-04-04 05:02:23,361:DEBUG:New etcd client created for etcd-server:2379/v2
2018-04-04 05:02:23,361:DEBUG:About to wait on key /state, index None
2018-04-04 05:02:23,361:DEBUG:Issuing read for key /state with args {'recursive': True, 'timeout': None, 'wait': True}
2018-04-04 05:02:23,362:DEBUG:Starting new HTTP connection (1): etcd-server
2018-04-04 05:02:23,363:DEBUG:http://etcd-server:2379 "GET /v2/keys/state?recursive=true&wait=true HTTP/1.1" 200 None
2018-04-04 05:02:28,216:DEBUG:
*** Consume stored data in etcd ***
 action=[set], key=[/state/v2.0/ports/ce965922-538a-4335-9644-7a98dce9fb47],
 value=[{
    "state": {
        "worker_state": "CREATE_COMPLETED", 
        "heat_outputs": "[{\"output_value\": [[\"default-domain\", \"admin\", \"b62eefe0-0872-478d-adfe-1a606320f0e7\"]], \"description\": \"Virtual network.\", \"output_key\": \"virtual_network\"}, {\"output_value\": \"default-domain:admin:f68d0924-ef20-4c1b-ac45-0e6b879af5e7\", \"description\": \"Fully Qualified Name of the VMI\", \"output_key\": \"fq_name\"}, {\"output_value\": \"f68d0924-ef20-4c1b-ac45-0e6b879af5e7\", \"description\": \"A unique id for the virtual machine interface.\", \"output_key\": \"id\"}, {\"output_value\": {\"allowed_address_pair\": []}, \"description\": \"Virtual machine allowed address pairs.\", \"output_key\": \"allowed_address_pairs\"}, {\"output_value\": [\"fa:16:3e:f7:60:7f\"], \"description\": \"Virtual machine interface mac address.\", \"output_key\": \"mac_address\"}]", 
        "orchestration_state": "CREATE_COMPLETE"
    }, 
    "version": 1, 
    "error": ""
}]
2018-04-04 05:02:28,216:DEBUG:New etcd client created for etcd-server:2379/v2
2018-04-04 05:02:28,216:DEBUG:About to wait on key /state, index None
2018-04-04 05:02:28,216:DEBUG:Issuing read for key /state with args {'recursive': True, 'timeout': None, 'wait': True}
2018-04-04 05:02:28,217:DEBUG:Starting new HTTP connection (1): etcd-server
2018-04-04 05:02:28,220:DEBUG:http://etcd-server:2379 "GET /v2/keys/state?recursive=true&wait=true HTTP/1.1" 200 None
2018-04-04 05:02:29,334:DEBUG:
*** Consume stored data in etcd ***
 action=[set], key=[/state/v2.0/ports/f3867a99-de18-4512-8e94-f9aaa7b05c3a],
 value=[{
    "state": {
        "worker_state": "CREATE_COMPLETED", 
        "heat_outputs": "[{\"output_value\": [[\"default-domain\", \"admin\", \"b62eefe0-0872-478d-adfe-1a606320f0e7\"]], \"description\": \"Virtual network.\", \"output_key\": \"virtual_network\"}, {\"output_value\": \"default-domain:admin:f68d0924-ef20-4c1b-ac45-0e6b879af5e7\", \"description\": \"Fully Qualified Name of the VMI\", \"output_key\": \"fq_name\"}, {\"output_value\": \"f68d0924-ef20-4c1b-ac45-0e6b879af5e7\", \"description\": \"A unique id for the virtual machine interface.\", \"output_key\": \"id\"}, {\"output_value\": {\"allowed_address_pair\": []}, \"description\": \"Virtual machine allowed address pairs.\", \"output_key\": \"allowed_address_pairs\"}, {\"output_value\": [\"fa:16:3e:f7:60:7f\"], \"description\": \"Virtual machine interface mac address.\", \"output_key\": \"mac_address\"}]", 
        "orchestration_state": "CREATE_COMPLETE"
    }, 
    "version": 1, 
    "error": ""
}]
2018-04-04 05:02:29,334:DEBUG:New etcd client created for etcd-server:2379/v2
2018-04-04 05:02:29,335:DEBUG:About to wait on key /state, index None
2018-04-04 05:02:29,335:DEBUG:Issuing read for key /state with args {'recursive': True, 'timeout': None, 'wait': True}
2018-04-04 05:02:29,335:DEBUG:Starting new HTTP connection (1): etcd-server
2018-04-04 05:02:29,337:DEBUG:http://etcd-server:2379 "GET /v2/keys/state?recursive=true&wait=true HTTP/1.1" 200 None
2018-04-04 05:02:32,843:DEBUG:
*** Consume stored data in etcd ***
 action=[set], key=[/state/v2.0/ese_logical_ports/aabc9b64-ec2c-4894-a6a8-ee0ea429c066],
 value=[{
    "state": {
        "worker_state": "CREATE_COMPLETED", 
        "heat_outputs": "[{\"output_value\": \"81ea42e1-779e-4c1e-8f19-82d6019ee14c\", \"description\": \"Monitoring Target ID\", \"output_key\": \"monitoring_target_id\"}, {\"output_value\": \"46b0cd68-d0fb-4d72-9def-830164f9e215\", \"description\": \"A unique id for the logical interface\", \"output_key\": \"id\"}, {\"output_value\": \"http://collector-agents-se.monitoringrefactordocker_default:7070/targets/81ea42e1-779e-4c1e-8f19-82d6019ee14c\", \"description\": \"Monitoring Process Link\", \"output_key\": \"monitoring_link\"}, {\"output_value\": \"xe-0/0/38.0\", \"description\": \"The name of the logical interface.\", \"output_key\": \"name\"}]", 
        "orchestration_state": "CREATE_COMPLETE"
    }, 
    "version": 1, 
    "error": ""
}]
2018-04-04 05:02:32,843:DEBUG:New etcd client created for etcd-server:2379/v2
2018-04-04 05:02:32,844:DEBUG:About to wait on key /state, index None
2018-04-04 05:02:32,844:DEBUG:Issuing read for key /state with args {'recursive': True, 'timeout': None, 'wait': True}
2018-04-04 05:02:32,844:DEBUG:Starting new HTTP connection (1): etcd-server
2018-04-04 05:02:32,846:DEBUG:http://etcd-server:2379 "GET /v2/keys/state?recursive=true&wait=true HTTP/1.1" 200 None
2018-04-04 05:02:34,236:DEBUG:
*** Consume stored data in etcd ***
 action=[set], key=[/state/v2.0/ese_logical_ports/02112bb1-389c-4ff8-9354-94ab43459892],
 value=[{
    "state": {
        "worker_state": "CREATE_COMPLETED", 
        "heat_outputs": "[{\"output_value\": \"501b16b0-8059-4263-9e40-06aabfa1d72f\", \"description\": \"Monitoring Target ID\", \"output_key\": \"monitoring_target_id\"}, {\"output_value\": \"46b0cd68-d0fb-4d72-9def-830164f9e215\", \"description\": \"A unique id for the logical interface\", \"output_key\": \"id\"}, {\"output_value\": \"http://collector-agents-se.monitoringrefactordocker_default:7070/targets/501b16b0-8059-4263-9e40-06aabfa1d72f\", \"description\": \"Monitoring Process Link\", \"output_key\": \"monitoring_link\"}, {\"output_value\": \"xe-0/0/38.0\", \"description\": \"The name of the logical interface.\", \"output_key\": \"name\"}]", 
        "orchestration_state": "CREATE_COMPLETE"
    }, 
    "version": 1, 
    "error": ""
}]
2018-04-04 05:02:34,236:DEBUG:New etcd client created for etcd-server:2379/v2
2018-04-04 05:02:34,236:DEBUG:About to wait on key /state, index None
2018-04-04 05:02:34,236:DEBUG:Issuing read for key /state with args {'recursive': True, 'timeout': None, 'wait': True}
2018-04-04 05:02:34,237:DEBUG:Starting new HTTP connection (1): etcd-server
2018-04-04 05:02:34,239:DEBUG:http://etcd-server:2379 "GET /v2/keys/state?recursive=true&wait=true HTTP/1.1" 200 None
2018-04-04 05:02:44,678:DEBUG:
*** Consume stored data in etcd ***
 action=[set], key=[/state/v2.0/ports/ce965922-538a-4335-9644-7a98dce9fb47],
 value=[{
    "state": {
        "worker_state": "MODIFY_COMPLETED", 
        "heat_outputs": "[{\"output_value\": \"default-domain:admin:f68d0924-ef20-4c1b-ac45-0e6b879af5e7\", \"description\": \"Fully Qualified Name of the VMI\", \"output_key\": \"fq_name\"}, {\"output_value\": {\"allowed_address_pair\": []}, \"description\": \"Virtual machine allowed address pairs.\", \"output_key\": \"allowed_address_pairs\"}, {\"output_value\": \"1650b87a-0a56-4ef0-a411-42a4c6efc185\", \"description\": \"Monitoring Target ID\", \"output_key\": \"monitoring_target_id\"}, {\"output_value\": [\"fa:16:3e:f7:60:7f\"], \"description\": \"Virtual machine interface mac address.\", \"output_key\": \"mac_address\"}, {\"output_value\": [[\"default-domain\", \"admin\", \"b62eefe0-0872-478d-adfe-1a606320f0e7\"]], \"description\": \"Virtual network.\", \"output_key\": \"virtual_network\"}, {\"output_value\": \"f68d0924-ef20-4c1b-ac45-0e6b879af5e7\", \"description\": \"A unique id for the virtual machine interface.\", \"output_key\": \"id\"}, {\"output_value\": \"http://collector-agents-se.monitoringrefactordocker_default:7070/targets/1650b87a-0a56-4ef0-a411-42a4c6efc185\", \"description\": \"Monitoring Process Link\", \"output_key\": \"monitoring_link\"}]", 
        "orchestration_state": "UPDATE_COMPLETE"
    }, 
    "version": 2, 
    "error": ""
}]
2018-04-04 05:02:44,679:DEBUG:New etcd client created for etcd-server:2379/v2
2018-04-04 05:02:44,679:DEBUG:About to wait on key /state, index None
2018-04-04 05:02:44,679:DEBUG:Issuing read for key /state with args {'recursive': True, 'timeout': None, 'wait': True}
2018-04-04 05:02:44,680:DEBUG:Starting new HTTP connection (1): etcd-server
2018-04-04 05:02:44,681:DEBUG:http://etcd-server:2379 "GET /v2/keys/state?recursive=true&wait=true HTTP/1.1" 200 None
2018-04-04 05:02:45,797:DEBUG:
*** Consume stored data in etcd ***
 action=[set], key=[/state/v2.0/ports/f3867a99-de18-4512-8e94-f9aaa7b05c3a],
 value=[{
    "state": {
        "worker_state": "MODIFY_COMPLETED", 
        "heat_outputs": "[{\"output_value\": \"default-domain:admin:f68d0924-ef20-4c1b-ac45-0e6b879af5e7\", \"description\": \"Fully Qualified Name of the VMI\", \"output_key\": \"fq_name\"}, {\"output_value\": {\"allowed_address_pair\": []}, \"description\": \"Virtual machine allowed address pairs.\", \"output_key\": \"allowed_address_pairs\"}, {\"output_value\": \"1b86504e-571f-4d8f-a3c5-a960a747e093\", \"description\": \"Monitoring Target ID\", \"output_key\": \"monitoring_target_id\"}, {\"output_value\": [\"fa:16:3e:f7:60:7f\"], \"description\": \"Virtual machine interface mac address.\", \"output_key\": \"mac_address\"}, {\"output_value\": [[\"default-domain\", \"admin\", \"b62eefe0-0872-478d-adfe-1a606320f0e7\"]], \"description\": \"Virtual network.\", \"output_key\": \"virtual_network\"}, {\"output_value\": \"f68d0924-ef20-4c1b-ac45-0e6b879af5e7\", \"description\": \"A unique id for the virtual machine interface.\", \"output_key\": \"id\"}, {\"output_value\": \"http://collector-agents-se.monitoringrefactordocker_default:7070/targets/1b86504e-571f-4d8f-a3c5-a960a747e093\", \"description\": \"Monitoring Process Link\", \"output_key\": \"monitoring_link\"}]", 
        "orchestration_state": "UPDATE_COMPLETE"
    }, 
    "version": 2, 
    "error": ""
}]
2018-04-04 05:02:45,798:DEBUG:New etcd client created for etcd-server:2379/v2
2018-04-04 05:02:45,798:DEBUG:About to wait on key /state, index None
2018-04-04 05:02:45,798:DEBUG:Issuing read for key /state with args {'recursive': True, 'timeout': None, 'wait': True}
2018-04-04 05:02:45,798:DEBUG:Starting new HTTP connection (1): etcd-server
2018-04-04 05:02:45,800:DEBUG:http://etcd-server:2379 "GET /v2/keys/state?recursive=true&wait=true HTTP/1.1" 200 None
2018-04-04 05:04:25,076:DEBUG:
*** Consume stored data in etcd ***
 action=[set], key=[/state/v2.0/static_routes/d0aa20b1-9302-4b43-a3c1-9edce0811af8],
 value=[{
    "state": {
        "worker_state": "CREATE_COMPLETED", 
        "heat_outputs": "[]", 
        "orchestration_state": "CREATE_COMPLETE"
    }, 
    "version": 1, 
    "error": ""
}]
2018-04-04 05:04:25,076:DEBUG:New etcd client created for etcd-server:2379/v2
2018-04-04 05:04:25,076:DEBUG:About to wait on key /state, index None
2018-04-04 05:04:25,076:DEBUG:Issuing read for key /state with args {'recursive': True, 'timeout': None, 'wait': True}
2018-04-04 05:04:25,077:DEBUG:Starting new HTTP connection (1): etcd-server
2018-04-04 05:04:25,078:DEBUG:http://etcd-server:2379 "GET /v2/keys/state?recursive=true&wait=true HTTP/1.1" 200 None
2018-04-04 05:19:25,177:ERROR:Request to server http://etcd-server:2379 failed: ReadTimeoutError("HTTPConnectionPool(host='etcd-server', port=2379): Read timed out.",)
2018-04-04 05:19:25,178:DEBUG:Reconnection disabled, giving up.
Traceback (most recent call last):
  File "/usr/local/lib/python2.7/dist-packages/eventlet/hubs/hub.py", line 346, in fire_timers
    timer()
  File "/usr/local/lib/python2.7/dist-packages/eventlet/hubs/timer.py", line 56, in __call__
    cb(*args, **kw)
  File "/usr/local/lib/python2.7/dist-packages/eventlet/greenthread.py", line 194, in main
    result = function(*args, **kwargs)
  File "/tools/etcd-watcher-for-esi/python-etcd-watch.py", line 15, in _consume_loop
    result = client.watch(key_info, recursive=True)
  File "/usr/local/lib/python2.7/dist-packages/etcd/client.py", line 655, in watch
    recursive=recursive)
  File "/usr/local/lib/python2.7/dist-packages/etcd/client.py", line 481, in read
    timeout=timeout)
  File "/usr/local/lib/python2.7/dist-packages/etcd/client.py", line 788, in api_execute
    cause=e
EtcdConnectionFailed: Connection to etcd failed due to ReadTimeoutError("HTTPConnectionPool(host='etcd-server', port=2379): Read timed out.",)
Traceback (most recent call last):
  File "/tools/etcd-watcher-for-esi/python-etcd-watch.py", line 48, in <module>
    thread.wait()
  File "/usr/local/lib/python2.7/dist-packages/eventlet/greenthread.py", line 168, in wait
    return self._exit_event.wait()
  File "/usr/local/lib/python2.7/dist-packages/eventlet/event.py", line 116, in wait
    return hubs.get_hub().switch()
  File "/usr/local/lib/python2.7/dist-packages/eventlet/hubs/hub.py", line 187, in switch
    return self.greenlet.switch()
  File "/usr/local/lib/python2.7/dist-packages/eventlet/greenthread.py", line 194, in main
    result = function(*args, **kwargs)
  File "/tools/etcd-watcher-for-esi/python-etcd-watch.py", line 15, in _consume_loop
    result = client.watch(key_info, recursive=True)
  File "/usr/local/lib/python2.7/dist-packages/etcd/client.py", line 655, in watch
    recursive=recursive)
  File "/usr/local/lib/python2.7/dist-packages/etcd/client.py", line 481, in read
    timeout=timeout)
  File "/usr/local/lib/python2.7/dist-packages/etcd/client.py", line 788, in api_execute
    cause=e
etcd.EtcdConnectionFailed: Connection to etcd failed due to ReadTimeoutError("HTTPConnectionPool(host='etcd-server', port=2379): Read timed out.",)
