2018-04-15 23:58:01,820:DEBUG:New etcd client created for etcd-server:2379/v2
2018-04-15 23:58:01,821:DEBUG:About to wait on key /esi-worker/job_state, index None
2018-04-15 23:58:01,821:DEBUG:Issuing read for key /esi-worker/job_state with args {'recursive': True, 'timeout': None, 'wait': True}
2018-04-15 23:58:01,821:DEBUG:Starting new HTTP connection (1): etcd-server
2018-04-15 23:58:01,826:DEBUG:http://etcd-server:2379 "GET /v2/keys/esi-worker/job_state?recursive=true&wait=true HTTP/1.1" 200 None
2018-04-15 23:59:27,428:DEBUG:
*** Consume stored data in etcd ***
 action=[set], key=[/esi-worker/job_state/v2.0/ese_devices/4d8371c0-1b91-4818-a6e7-26425178e5d4],
 value=[{}]
2018-04-15 23:59:27,428:DEBUG:New etcd client created for etcd-server:2379/v2
2018-04-15 23:59:27,429:DEBUG:About to wait on key /esi-worker/job_state, index None
2018-04-15 23:59:27,429:DEBUG:Issuing read for key /esi-worker/job_state with args {'recursive': True, 'timeout': None, 'wait': True}
2018-04-15 23:59:27,429:DEBUG:Starting new HTTP connection (1): etcd-server
2018-04-15 23:59:27,432:DEBUG:http://etcd-server:2379 "GET /v2/keys/esi-worker/job_state?recursive=true&wait=true HTTP/1.1" 200 None
2018-04-15 23:59:31,737:DEBUG:
*** Consume stored data in etcd ***
 action=[compareAndSwap], key=[/esi-worker/job_state/v2.0/ese_devices/4d8371c0-1b91-4818-a6e7-26425178e5d4],
 value=[{
    "heat_outputs": [
        {
            "output_value": "aeaad149-357c-41b9-b408-6304c5d3396c", 
            "description": "Monitoring Target ID", 
            "output_key": "monitoring_target_id"
        }, 
        {
            "output_value": [
                "default-global-system-config", 
                "NWSDP-JNPR-02"
            ], 
            "description": "The FQ name of the physical router.", 
            "output_key": "fq_name"
        }, 
        {
            "output_value": "7e5c78fa-71c0-427e-947f-586b1fc3c470", 
            "description": "A unique id for the physical router.", 
            "output_key": "id"
        }, 
        {
            "output_value": "http://collector-agents-se.monitoringrefactordocker_default:7070/targets/aeaad149-357c-41b9-b408-6304c5d3396c", 
            "description": "Monitoring Process Link", 
            "output_key": "monitoring_link"
        }, 
        {
            "output_value": "NWSDP-JNPR-02", 
            "description": "The name of the physical router.", 
            "output_key": "name"
        }
    ], 
    "orchestration_state": "CREATE_COMPLETE"
}]
2018-04-15 23:59:31,737:DEBUG:New etcd client created for etcd-server:2379/v2
2018-04-15 23:59:31,737:DEBUG:About to wait on key /esi-worker/job_state, index None
2018-04-15 23:59:31,737:DEBUG:Issuing read for key /esi-worker/job_state with args {'recursive': True, 'timeout': None, 'wait': True}
2018-04-15 23:59:31,738:DEBUG:Starting new HTTP connection (1): etcd-server
2018-04-15 23:59:31,740:DEBUG:http://etcd-server:2379 "GET /v2/keys/esi-worker/job_state?recursive=true&wait=true HTTP/1.1" 200 None
2018-04-15 23:59:31,778:DEBUG:
*** Consume stored data in etcd ***
 action=[compareAndDelete], key=[/esi-worker/job_state/v2.0/ese_devices/4d8371c0-1b91-4818-a6e7-26425178e5d4],
 value=[]
2018-04-15 23:59:31,778:DEBUG:New etcd client created for etcd-server:2379/v2
2018-04-15 23:59:31,778:DEBUG:About to wait on key /esi-worker/job_state, index None
2018-04-15 23:59:31,778:DEBUG:Issuing read for key /esi-worker/job_state with args {'recursive': True, 'timeout': None, 'wait': True}
2018-04-15 23:59:31,779:DEBUG:Starting new HTTP connection (1): etcd-server
2018-04-15 23:59:31,781:DEBUG:http://etcd-server:2379 "GET /v2/keys/esi-worker/job_state?recursive=true&wait=true HTTP/1.1" 200 None
2018-04-16 00:00:35,582:DEBUG:
*** Consume stored data in etcd ***
 action=[set], key=[/esi-worker/job_state/v2.0/ese_physical_ports/0078808a-c28e-46e1-887d-8ec65f90c446],
 value=[{}]
2018-04-16 00:00:35,582:DEBUG:New etcd client created for etcd-server:2379/v2
2018-04-16 00:00:35,582:DEBUG:About to wait on key /esi-worker/job_state, index None
2018-04-16 00:00:35,583:DEBUG:Issuing read for key /esi-worker/job_state with args {'recursive': True, 'timeout': None, 'wait': True}
2018-04-16 00:00:35,583:DEBUG:Starting new HTTP connection (1): etcd-server
2018-04-16 00:00:35,584:DEBUG:http://etcd-server:2379 "GET /v2/keys/esi-worker/job_state?recursive=true&wait=true HTTP/1.1" 200 None
2018-04-16 00:00:39,405:DEBUG:
*** Consume stored data in etcd ***
 action=[compareAndSwap], key=[/esi-worker/job_state/v2.0/ese_physical_ports/0078808a-c28e-46e1-887d-8ec65f90c446],
 value=[{
    "heat_outputs": [
        {
            "output_value": "28c45b87-a1c0-41f0-8f69-85c60d47713f", 
            "description": "Monitoring Target ID", 
            "output_key": "monitoring_target_id"
        }, 
        {
            "output_value": "06bfe521-07f0-4931-9f8c-318c3ad8114e", 
            "description": "A unique id for the physical interface", 
            "output_key": "id"
        }, 
        {
            "output_value": "http://collector-agents-se.monitoringrefactordocker_default:7070/targets/28c45b87-a1c0-41f0-8f69-85c60d47713f", 
            "description": "Monitoring Process Link", 
            "output_key": "monitoring_link"
        }, 
        {
            "output_value": "xe-0/0/38", 
            "description": "The name of the physical interface.", 
            "output_key": "name"
        }
    ], 
    "orchestration_state": "CREATE_COMPLETE"
}]
2018-04-16 00:00:39,405:DEBUG:New etcd client created for etcd-server:2379/v2
2018-04-16 00:00:39,405:DEBUG:About to wait on key /esi-worker/job_state, index None
2018-04-16 00:00:39,405:DEBUG:Issuing read for key /esi-worker/job_state with args {'recursive': True, 'timeout': None, 'wait': True}
2018-04-16 00:00:39,406:DEBUG:Starting new HTTP connection (1): etcd-server
2018-04-16 00:00:39,407:DEBUG:http://etcd-server:2379 "GET /v2/keys/esi-worker/job_state?recursive=true&wait=true HTTP/1.1" 200 None
2018-04-16 00:00:39,443:DEBUG:
*** Consume stored data in etcd ***
 action=[compareAndDelete], key=[/esi-worker/job_state/v2.0/ese_physical_ports/0078808a-c28e-46e1-887d-8ec65f90c446],
 value=[]
2018-04-16 00:00:39,443:DEBUG:New etcd client created for etcd-server:2379/v2
2018-04-16 00:00:39,443:DEBUG:About to wait on key /esi-worker/job_state, index None
2018-04-16 00:00:39,443:DEBUG:Issuing read for key /esi-worker/job_state with args {'recursive': True, 'timeout': None, 'wait': True}
2018-04-16 00:00:39,444:DEBUG:Starting new HTTP connection (1): etcd-server
2018-04-16 00:00:39,445:DEBUG:http://etcd-server:2379 "GET /v2/keys/esi-worker/job_state?recursive=true&wait=true HTTP/1.1" 200 None
2018-04-16 00:01:41,323:DEBUG:
*** Consume stored data in etcd ***
 action=[set], key=[/esi-worker/job_state/v2.0/ese_physical_ports/a6e70af1-386b-4d79-943f-6f44e87f95b3],
 value=[{}]
2018-04-16 00:01:41,324:DEBUG:New etcd client created for etcd-server:2379/v2
2018-04-16 00:01:41,324:DEBUG:About to wait on key /esi-worker/job_state, index None
2018-04-16 00:01:41,324:DEBUG:Issuing read for key /esi-worker/job_state with args {'recursive': True, 'timeout': None, 'wait': True}
2018-04-16 00:01:41,325:DEBUG:Starting new HTTP connection (1): etcd-server
2018-04-16 00:01:41,329:DEBUG:http://etcd-server:2379 "GET /v2/keys/esi-worker/job_state?recursive=true&wait=true HTTP/1.1" 200 None
2018-04-16 00:01:45,302:DEBUG:
*** Consume stored data in etcd ***
 action=[compareAndSwap], key=[/esi-worker/job_state/v2.0/ese_physical_ports/a6e70af1-386b-4d79-943f-6f44e87f95b3],
 value=[{
    "heat_outputs": [
        {
            "output_value": "07d5e8ed-4695-49b4-8560-897b586b1b71", 
            "description": "Monitoring Target ID", 
            "output_key": "monitoring_target_id"
        }, 
        {
            "output_value": "06bfe521-07f0-4931-9f8c-318c3ad8114e", 
            "description": "A unique id for the physical interface", 
            "output_key": "id"
        }, 
        {
            "output_value": "http://collector-agents-se.monitoringrefactordocker_default:7070/targets/07d5e8ed-4695-49b4-8560-897b586b1b71", 
            "description": "Monitoring Process Link", 
            "output_key": "monitoring_link"
        }, 
        {
            "output_value": "xe-0/0/38", 
            "description": "The name of the physical interface.", 
            "output_key": "name"
        }
    ], 
    "orchestration_state": "CREATE_COMPLETE"
}]
2018-04-16 00:01:45,302:DEBUG:New etcd client created for etcd-server:2379/v2
2018-04-16 00:01:45,302:DEBUG:About to wait on key /esi-worker/job_state, index None
2018-04-16 00:01:45,302:DEBUG:Issuing read for key /esi-worker/job_state with args {'recursive': True, 'timeout': None, 'wait': True}
2018-04-16 00:01:45,303:DEBUG:Starting new HTTP connection (1): etcd-server
2018-04-16 00:01:45,304:DEBUG:http://etcd-server:2379 "GET /v2/keys/esi-worker/job_state?recursive=true&wait=true HTTP/1.1" 200 None
2018-04-16 00:01:45,347:DEBUG:
*** Consume stored data in etcd ***
 action=[compareAndDelete], key=[/esi-worker/job_state/v2.0/ese_physical_ports/a6e70af1-386b-4d79-943f-6f44e87f95b3],
 value=[]
2018-04-16 00:01:45,347:DEBUG:New etcd client created for etcd-server:2379/v2
2018-04-16 00:01:45,348:DEBUG:About to wait on key /esi-worker/job_state, index None
2018-04-16 00:01:45,348:DEBUG:Issuing read for key /esi-worker/job_state with args {'recursive': True, 'timeout': None, 'wait': True}
2018-04-16 00:01:45,348:DEBUG:Starting new HTTP connection (1): etcd-server
2018-04-16 00:01:45,350:DEBUG:http://etcd-server:2379 "GET /v2/keys/esi-worker/job_state?recursive=true&wait=true HTTP/1.1" 200 None
2018-04-16 00:02:41,726:DEBUG:
*** Consume stored data in etcd ***
 action=[set], key=[/esi-worker/job_state/v2.0/edge_routers/7a35974a-a19f-49e2-b907-ad7fd8692975],
 value=[{}]
2018-04-16 00:02:41,727:DEBUG:New etcd client created for etcd-server:2379/v2
2018-04-16 00:02:41,727:DEBUG:About to wait on key /esi-worker/job_state, index None
2018-04-16 00:02:41,727:DEBUG:Issuing read for key /esi-worker/job_state with args {'recursive': True, 'timeout': None, 'wait': True}
2018-04-16 00:02:41,728:DEBUG:Starting new HTTP connection (1): etcd-server
2018-04-16 00:02:41,730:DEBUG:http://etcd-server:2379 "GET /v2/keys/esi-worker/job_state?recursive=true&wait=true HTTP/1.1" 200 None
2018-04-16 00:02:44,114:DEBUG:
*** Consume stored data in etcd ***
 action=[compareAndSwap], key=[/esi-worker/job_state/v2.0/edge_routers/7a35974a-a19f-49e2-b907-ad7fd8692975],
 value=[{
    "heat_outputs": [
        {
            "output_value": "cc896303-29e2-47d6-a409-a84c23b5722b", 
            "description": "Monitoring Target ID", 
            "output_key": "monitoring_target_id"
        }, 
        {
            "output_value": "http://collector-agents-se.monitoringrefactordocker_default:7070/targets/cc896303-29e2-47d6-a409-a84c23b5722b", 
            "description": "Monitoring Process Link", 
            "output_key": "monitoring_link"
        }
    ], 
    "orchestration_state": "CREATE_COMPLETE"
}]
2018-04-16 00:02:44,114:DEBUG:New etcd client created for etcd-server:2379/v2
2018-04-16 00:02:44,114:DEBUG:About to wait on key /esi-worker/job_state, index None
2018-04-16 00:02:44,114:DEBUG:Issuing read for key /esi-worker/job_state with args {'recursive': True, 'timeout': None, 'wait': True}
2018-04-16 00:02:44,115:DEBUG:Starting new HTTP connection (1): etcd-server
2018-04-16 00:02:44,116:DEBUG:http://etcd-server:2379 "GET /v2/keys/esi-worker/job_state?recursive=true&wait=true HTTP/1.1" 200 None
2018-04-16 00:02:44,159:DEBUG:
*** Consume stored data in etcd ***
 action=[compareAndDelete], key=[/esi-worker/job_state/v2.0/edge_routers/7a35974a-a19f-49e2-b907-ad7fd8692975],
 value=[]
2018-04-16 00:02:44,159:DEBUG:New etcd client created for etcd-server:2379/v2
2018-04-16 00:02:44,159:DEBUG:About to wait on key /esi-worker/job_state, index None
2018-04-16 00:02:44,159:DEBUG:Issuing read for key /esi-worker/job_state with args {'recursive': True, 'timeout': None, 'wait': True}
2018-04-16 00:02:44,160:DEBUG:Starting new HTTP connection (1): etcd-server
2018-04-16 00:02:44,163:DEBUG:http://etcd-server:2379 "GET /v2/keys/esi-worker/job_state?recursive=true&wait=true HTTP/1.1" 200 None
2018-04-16 00:03:46,051:DEBUG:
*** Consume stored data in etcd ***
 action=[set], key=[/esi-worker/job_state/v2.0/edge_routers/b7e6d8ad-5377-4380-bbb4-1a62566cbd6d],
 value=[{}]
2018-04-16 00:03:46,051:DEBUG:New etcd client created for etcd-server:2379/v2
2018-04-16 00:03:46,052:DEBUG:About to wait on key /esi-worker/job_state, index None
2018-04-16 00:03:46,052:DEBUG:Issuing read for key /esi-worker/job_state with args {'recursive': True, 'timeout': None, 'wait': True}
2018-04-16 00:03:46,053:DEBUG:Starting new HTTP connection (1): etcd-server
2018-04-16 00:03:46,054:DEBUG:http://etcd-server:2379 "GET /v2/keys/esi-worker/job_state?recursive=true&wait=true HTTP/1.1" 200 None
2018-04-16 00:03:48,364:DEBUG:
*** Consume stored data in etcd ***
 action=[compareAndSwap], key=[/esi-worker/job_state/v2.0/edge_routers/b7e6d8ad-5377-4380-bbb4-1a62566cbd6d],
 value=[{
    "heat_outputs": [
        {
            "output_value": "1e628441-c77a-4ebe-b5fe-6bd69816456d", 
            "description": "Monitoring Target ID", 
            "output_key": "monitoring_target_id"
        }, 
        {
            "output_value": "http://collector-agents-se.monitoringrefactordocker_default:7070/targets/1e628441-c77a-4ebe-b5fe-6bd69816456d", 
            "description": "Monitoring Process Link", 
            "output_key": "monitoring_link"
        }
    ], 
    "orchestration_state": "CREATE_COMPLETE"
}]
2018-04-16 00:03:48,365:DEBUG:New etcd client created for etcd-server:2379/v2
2018-04-16 00:03:48,365:DEBUG:About to wait on key /esi-worker/job_state, index None
2018-04-16 00:03:48,365:DEBUG:Issuing read for key /esi-worker/job_state with args {'recursive': True, 'timeout': None, 'wait': True}
2018-04-16 00:03:48,365:DEBUG:Starting new HTTP connection (1): etcd-server
2018-04-16 00:03:48,367:DEBUG:http://etcd-server:2379 "GET /v2/keys/esi-worker/job_state?recursive=true&wait=true HTTP/1.1" 200 None
2018-04-16 00:03:48,413:DEBUG:
*** Consume stored data in etcd ***
 action=[compareAndDelete], key=[/esi-worker/job_state/v2.0/edge_routers/b7e6d8ad-5377-4380-bbb4-1a62566cbd6d],
 value=[]
2018-04-16 00:03:48,413:DEBUG:New etcd client created for etcd-server:2379/v2
2018-04-16 00:03:48,414:DEBUG:About to wait on key /esi-worker/job_state, index None
2018-04-16 00:03:48,414:DEBUG:Issuing read for key /esi-worker/job_state with args {'recursive': True, 'timeout': None, 'wait': True}
2018-04-16 00:03:48,414:DEBUG:Starting new HTTP connection (1): etcd-server
2018-04-16 00:03:48,416:DEBUG:http://etcd-server:2379 "GET /v2/keys/esi-worker/job_state?recursive=true&wait=true HTTP/1.1" 200 None
2018-04-16 00:04:52,682:DEBUG:
*** Consume stored data in etcd ***
 action=[set], key=[/esi-worker/job_state/v2.0/er_physical_interfaces/f3ecf585-5c3b-445a-97a7-d8e124c99e16],
 value=[{}]
2018-04-16 00:04:52,682:DEBUG:New etcd client created for etcd-server:2379/v2
2018-04-16 00:04:52,683:DEBUG:About to wait on key /esi-worker/job_state, index None
2018-04-16 00:04:52,683:DEBUG:Issuing read for key /esi-worker/job_state with args {'recursive': True, 'timeout': None, 'wait': True}
2018-04-16 00:04:52,683:DEBUG:Starting new HTTP connection (1): etcd-server
2018-04-16 00:04:52,685:DEBUG:http://etcd-server:2379 "GET /v2/keys/esi-worker/job_state?recursive=true&wait=true HTTP/1.1" 200 None
2018-04-16 00:04:55,024:DEBUG:
*** Consume stored data in etcd ***
 action=[compareAndSwap], key=[/esi-worker/job_state/v2.0/er_physical_interfaces/f3ecf585-5c3b-445a-97a7-d8e124c99e16],
 value=[{
    "heat_outputs": [
        {
            "output_value": "03bc2bdc-e6b0-4ae6-acda-b76a5da84fb6", 
            "description": "Monitoring Target ID", 
            "output_key": "monitoring_target_id"
        }, 
        {
            "output_value": "http://collector-agents-se.monitoringrefactordocker_default:7070/targets/03bc2bdc-e6b0-4ae6-acda-b76a5da84fb6", 
            "description": "Monitoring Process Link", 
            "output_key": "monitoring_link"
        }
    ], 
    "orchestration_state": "CREATE_COMPLETE"
}]
2018-04-16 00:04:55,024:DEBUG:New etcd client created for etcd-server:2379/v2
2018-04-16 00:04:55,025:DEBUG:About to wait on key /esi-worker/job_state, index None
2018-04-16 00:04:55,025:DEBUG:Issuing read for key /esi-worker/job_state with args {'recursive': True, 'timeout': None, 'wait': True}
2018-04-16 00:04:55,025:DEBUG:Starting new HTTP connection (1): etcd-server
2018-04-16 00:04:55,026:DEBUG:http://etcd-server:2379 "GET /v2/keys/esi-worker/job_state?recursive=true&wait=true HTTP/1.1" 200 None
2018-04-16 00:04:55,068:DEBUG:
*** Consume stored data in etcd ***
 action=[compareAndDelete], key=[/esi-worker/job_state/v2.0/er_physical_interfaces/f3ecf585-5c3b-445a-97a7-d8e124c99e16],
 value=[]
2018-04-16 00:04:55,068:DEBUG:New etcd client created for etcd-server:2379/v2
2018-04-16 00:04:55,069:DEBUG:About to wait on key /esi-worker/job_state, index None
2018-04-16 00:04:55,069:DEBUG:Issuing read for key /esi-worker/job_state with args {'recursive': True, 'timeout': None, 'wait': True}
2018-04-16 00:04:55,069:DEBUG:Starting new HTTP connection (1): etcd-server
2018-04-16 00:04:55,076:DEBUG:http://etcd-server:2379 "GET /v2/keys/esi-worker/job_state?recursive=true&wait=true HTTP/1.1" 200 None
2018-04-16 00:05:57,060:DEBUG:
*** Consume stored data in etcd ***
 action=[set], key=[/esi-worker/job_state/v2.0/er_physical_interfaces/3118d6be-b1cb-472a-805f-7e1ec46aa5e7],
 value=[{}]
2018-04-16 00:05:57,060:DEBUG:New etcd client created for etcd-server:2379/v2
2018-04-16 00:05:57,060:DEBUG:About to wait on key /esi-worker/job_state, index None
2018-04-16 00:05:57,060:DEBUG:Issuing read for key /esi-worker/job_state with args {'recursive': True, 'timeout': None, 'wait': True}
2018-04-16 00:05:57,061:DEBUG:Starting new HTTP connection (1): etcd-server
2018-04-16 00:05:57,062:DEBUG:http://etcd-server:2379 "GET /v2/keys/esi-worker/job_state?recursive=true&wait=true HTTP/1.1" 200 None
2018-04-16 00:05:59,529:DEBUG:
*** Consume stored data in etcd ***
 action=[compareAndSwap], key=[/esi-worker/job_state/v2.0/er_physical_interfaces/3118d6be-b1cb-472a-805f-7e1ec46aa5e7],
 value=[{
    "heat_outputs": [
        {
            "output_value": "e848bb97-1643-4167-9865-9a8b3b30b66f", 
            "description": "Monitoring Target ID", 
            "output_key": "monitoring_target_id"
        }, 
        {
            "output_value": "http://collector-agents-se.monitoringrefactordocker_default:7070/targets/e848bb97-1643-4167-9865-9a8b3b30b66f", 
            "description": "Monitoring Process Link", 
            "output_key": "monitoring_link"
        }
    ], 
    "orchestration_state": "CREATE_COMPLETE"
}]
2018-04-16 00:05:59,529:DEBUG:New etcd client created for etcd-server:2379/v2
2018-04-16 00:05:59,529:DEBUG:About to wait on key /esi-worker/job_state, index None
2018-04-16 00:05:59,530:DEBUG:Issuing read for key /esi-worker/job_state with args {'recursive': True, 'timeout': None, 'wait': True}
2018-04-16 00:05:59,530:DEBUG:Starting new HTTP connection (1): etcd-server
2018-04-16 00:05:59,531:DEBUG:http://etcd-server:2379 "GET /v2/keys/esi-worker/job_state?recursive=true&wait=true HTTP/1.1" 200 None
2018-04-16 00:05:59,570:DEBUG:
*** Consume stored data in etcd ***
 action=[compareAndDelete], key=[/esi-worker/job_state/v2.0/er_physical_interfaces/3118d6be-b1cb-472a-805f-7e1ec46aa5e7],
 value=[]
2018-04-16 00:05:59,570:DEBUG:New etcd client created for etcd-server:2379/v2
2018-04-16 00:05:59,571:DEBUG:About to wait on key /esi-worker/job_state, index None
2018-04-16 00:05:59,571:DEBUG:Issuing read for key /esi-worker/job_state with args {'recursive': True, 'timeout': None, 'wait': True}
2018-04-16 00:05:59,571:DEBUG:Starting new HTTP connection (1): etcd-server
2018-04-16 00:05:59,572:DEBUG:http://etcd-server:2379 "GET /v2/keys/esi-worker/job_state?recursive=true&wait=true HTTP/1.1" 200 None
2018-04-16 00:06:57,228:DEBUG:
*** Consume stored data in etcd ***
 action=[set], key=[/esi-worker/job_state/v2.0/er_physical_interfaces/c8e2d558-02ee-4bf3-ba5b-958821a21043],
 value=[{}]
2018-04-16 00:06:57,229:DEBUG:New etcd client created for etcd-server:2379/v2
2018-04-16 00:06:57,229:DEBUG:About to wait on key /esi-worker/job_state, index None
2018-04-16 00:06:57,229:DEBUG:Issuing read for key /esi-worker/job_state with args {'recursive': True, 'timeout': None, 'wait': True}
2018-04-16 00:06:57,230:DEBUG:Starting new HTTP connection (1): etcd-server
2018-04-16 00:06:57,231:DEBUG:http://etcd-server:2379 "GET /v2/keys/esi-worker/job_state?recursive=true&wait=true HTTP/1.1" 200 None
2018-04-16 00:06:59,542:DEBUG:
*** Consume stored data in etcd ***
 action=[compareAndSwap], key=[/esi-worker/job_state/v2.0/er_physical_interfaces/c8e2d558-02ee-4bf3-ba5b-958821a21043],
 value=[{
    "heat_outputs": [
        {
            "output_value": "81b1e3e1-1182-4431-9c0f-9e430ec29a09", 
            "description": "Monitoring Target ID", 
            "output_key": "monitoring_target_id"
        }, 
        {
            "output_value": "http://collector-agents-se.monitoringrefactordocker_default:7070/targets/81b1e3e1-1182-4431-9c0f-9e430ec29a09", 
            "description": "Monitoring Process Link", 
            "output_key": "monitoring_link"
        }
    ], 
    "orchestration_state": "CREATE_COMPLETE"
}]
2018-04-16 00:06:59,542:DEBUG:New etcd client created for etcd-server:2379/v2
2018-04-16 00:06:59,542:DEBUG:About to wait on key /esi-worker/job_state, index None
2018-04-16 00:06:59,542:DEBUG:Issuing read for key /esi-worker/job_state with args {'recursive': True, 'timeout': None, 'wait': True}
2018-04-16 00:06:59,543:DEBUG:Starting new HTTP connection (1): etcd-server
2018-04-16 00:06:59,544:DEBUG:http://etcd-server:2379 "GET /v2/keys/esi-worker/job_state?recursive=true&wait=true HTTP/1.1" 200 None
2018-04-16 00:06:59,669:DEBUG:
*** Consume stored data in etcd ***
 action=[compareAndDelete], key=[/esi-worker/job_state/v2.0/er_physical_interfaces/c8e2d558-02ee-4bf3-ba5b-958821a21043],
 value=[]
2018-04-16 00:06:59,669:DEBUG:New etcd client created for etcd-server:2379/v2
2018-04-16 00:06:59,669:DEBUG:About to wait on key /esi-worker/job_state, index None
2018-04-16 00:06:59,669:DEBUG:Issuing read for key /esi-worker/job_state with args {'recursive': True, 'timeout': None, 'wait': True}
2018-04-16 00:06:59,670:DEBUG:Starting new HTTP connection (1): etcd-server
2018-04-16 00:06:59,672:DEBUG:http://etcd-server:2379 "GET /v2/keys/esi-worker/job_state?recursive=true&wait=true HTTP/1.1" 200 None
2018-04-16 00:08:01,466:DEBUG:
*** Consume stored data in etcd ***
 action=[set], key=[/esi-worker/job_state/v2.0/er_physical_interfaces/2bc8e40d-ab01-4738-a4aa-e69d8fd30688],
 value=[{}]
2018-04-16 00:08:01,466:DEBUG:New etcd client created for etcd-server:2379/v2
2018-04-16 00:08:01,466:DEBUG:About to wait on key /esi-worker/job_state, index None
2018-04-16 00:08:01,466:DEBUG:Issuing read for key /esi-worker/job_state with args {'recursive': True, 'timeout': None, 'wait': True}
2018-04-16 00:08:01,467:DEBUG:Starting new HTTP connection (1): etcd-server
2018-04-16 00:08:01,468:DEBUG:http://etcd-server:2379 "GET /v2/keys/esi-worker/job_state?recursive=true&wait=true HTTP/1.1" 200 None
2018-04-16 00:08:03,805:DEBUG:
*** Consume stored data in etcd ***
 action=[compareAndSwap], key=[/esi-worker/job_state/v2.0/er_physical_interfaces/2bc8e40d-ab01-4738-a4aa-e69d8fd30688],
 value=[{
    "heat_outputs": [
        {
            "output_value": "d80c91c1-a82c-4742-b571-03c17cbeff1c", 
            "description": "Monitoring Target ID", 
            "output_key": "monitoring_target_id"
        }, 
        {
            "output_value": "http://collector-agents-se.monitoringrefactordocker_default:7070/targets/d80c91c1-a82c-4742-b571-03c17cbeff1c", 
            "description": "Monitoring Process Link", 
            "output_key": "monitoring_link"
        }
    ], 
    "orchestration_state": "CREATE_COMPLETE"
}]
2018-04-16 00:08:03,805:DEBUG:New etcd client created for etcd-server:2379/v2
2018-04-16 00:08:03,805:DEBUG:About to wait on key /esi-worker/job_state, index None
2018-04-16 00:08:03,805:DEBUG:Issuing read for key /esi-worker/job_state with args {'recursive': True, 'timeout': None, 'wait': True}
2018-04-16 00:08:03,806:DEBUG:Starting new HTTP connection (1): etcd-server
2018-04-16 00:08:03,808:DEBUG:http://etcd-server:2379 "GET /v2/keys/esi-worker/job_state?recursive=true&wait=true HTTP/1.1" 200 None
2018-04-16 00:08:03,848:DEBUG:
*** Consume stored data in etcd ***
 action=[compareAndDelete], key=[/esi-worker/job_state/v2.0/er_physical_interfaces/2bc8e40d-ab01-4738-a4aa-e69d8fd30688],
 value=[]
2018-04-16 00:08:03,848:DEBUG:New etcd client created for etcd-server:2379/v2
2018-04-16 00:08:03,848:DEBUG:About to wait on key /esi-worker/job_state, index None
2018-04-16 00:08:03,848:DEBUG:Issuing read for key /esi-worker/job_state with args {'recursive': True, 'timeout': None, 'wait': True}
2018-04-16 00:08:03,849:DEBUG:Starting new HTTP connection (1): etcd-server
2018-04-16 00:08:03,852:DEBUG:http://etcd-server:2379 "GET /v2/keys/esi-worker/job_state?recursive=true&wait=true HTTP/1.1" 200 None
2018-04-16 00:09:17,759:DEBUG:
*** Consume stored data in etcd ***
 action=[set], key=[/esi-worker/job_state/v2.0/vpn_gateways/b1da850c-3344-4de2-aa18-d96a30b54f69],
 value=[{}]
2018-04-16 00:09:17,759:DEBUG:New etcd client created for etcd-server:2379/v2
2018-04-16 00:09:17,759:DEBUG:About to wait on key /esi-worker/job_state, index None
2018-04-16 00:09:17,759:DEBUG:Issuing read for key /esi-worker/job_state with args {'recursive': True, 'timeout': None, 'wait': True}
2018-04-16 00:09:17,760:DEBUG:Starting new HTTP connection (1): etcd-server
2018-04-16 00:09:17,762:DEBUG:http://etcd-server:2379 "GET /v2/keys/esi-worker/job_state?recursive=true&wait=true HTTP/1.1" 200 None
2018-04-16 00:09:36,218:DEBUG:
*** Consume stored data in etcd ***
 action=[compareAndSwap], key=[/esi-worker/job_state/v2.0/vpn_gateways/b1da850c-3344-4de2-aa18-d96a30b54f69],
 value=[{
    "heat_outputs": [], 
    "orchestration_state": "CREATE_COMPLETE"
}]
2018-04-16 00:09:36,219:DEBUG:New etcd client created for etcd-server:2379/v2
2018-04-16 00:09:36,219:DEBUG:About to wait on key /esi-worker/job_state, index None
2018-04-16 00:09:36,219:DEBUG:Issuing read for key /esi-worker/job_state with args {'recursive': True, 'timeout': None, 'wait': True}
2018-04-16 00:09:36,219:DEBUG:Starting new HTTP connection (1): etcd-server
2018-04-16 00:09:36,221:DEBUG:http://etcd-server:2379 "GET /v2/keys/esi-worker/job_state?recursive=true&wait=true HTTP/1.1" 200 None
2018-04-16 00:09:36,256:DEBUG:
*** Consume stored data in etcd ***
 action=[compareAndDelete], key=[/esi-worker/job_state/v2.0/vpn_gateways/b1da850c-3344-4de2-aa18-d96a30b54f69],
 value=[]
2018-04-16 00:09:36,256:DEBUG:New etcd client created for etcd-server:2379/v2
2018-04-16 00:09:36,256:DEBUG:About to wait on key /esi-worker/job_state, index None
2018-04-16 00:09:36,257:DEBUG:Issuing read for key /esi-worker/job_state with args {'recursive': True, 'timeout': None, 'wait': True}
2018-04-16 00:09:36,257:DEBUG:Starting new HTTP connection (1): etcd-server
2018-04-16 00:09:36,258:DEBUG:http://etcd-server:2379 "GET /v2/keys/esi-worker/job_state?recursive=true&wait=true HTTP/1.1" 200 None
2018-04-16 00:09:50,871:DEBUG:
*** Consume stored data in etcd ***
 action=[set], key=[/esi-worker/job_state/v2.0/vpn_interfaces/07d4f1fc-5142-4fae-b115-627fc009e222],
 value=[{}]
2018-04-16 00:09:50,871:DEBUG:New etcd client created for etcd-server:2379/v2
2018-04-16 00:09:50,871:DEBUG:About to wait on key /esi-worker/job_state, index None
2018-04-16 00:09:50,871:DEBUG:Issuing read for key /esi-worker/job_state with args {'recursive': True, 'timeout': None, 'wait': True}
2018-04-16 00:09:50,872:DEBUG:Starting new HTTP connection (1): etcd-server
2018-04-16 00:09:50,873:DEBUG:http://etcd-server:2379 "GET /v2/keys/esi-worker/job_state?recursive=true&wait=true HTTP/1.1" 200 None
2018-04-16 00:10:10,883:DEBUG:
*** Consume stored data in etcd ***
 action=[compareAndSwap], key=[/esi-worker/job_state/v2.0/vpn_interfaces/07d4f1fc-5142-4fae-b115-627fc009e222],
 value=[{
    "heat_outputs": [
        {
            "output_value": "http://collector-agents-se.monitoringrefactordocker_default:7070/targets/3bdb3c86-ac6d-4ff2-aa55-4b2989971614", 
            "description": "Monitoring Process Link", 
            "output_key": "secondary_interface_monitoring_link"
        }, 
        {
            "output_value": "34b9de21-40c0-46f1-afa5-787220cc5ed2", 
            "description": "Monitoring Target ID", 
            "output_key": "monitoring_target_id"
        }, 
        {
            "output_value": "http://collector-agents-se.monitoringrefactordocker_default:7070/targets/d7885526-613f-4565-a3df-de89ed911e3b", 
            "description": "Monitoring Process Link", 
            "output_key": "primary_interface_monitoring_link"
        }, 
        {
            "output_value": "d7885526-613f-4565-a3df-de89ed911e3b", 
            "description": "Monitoring Target ID", 
            "output_key": "primary_interface_monitoring_target_id"
        }, 
        {
            "output_value": "http://collector-agents-se.monitoringrefactordocker_default:7070/targets/34b9de21-40c0-46f1-afa5-787220cc5ed2", 
            "description": "Monitoring Process Link", 
            "output_key": "monitoring_link"
        }, 
        {
            "output_value": "3bdb3c86-ac6d-4ff2-aa55-4b2989971614", 
            "description": "Monitoring Target ID", 
            "output_key": "secondary_interface_monitoring_target_id"
        }
    ], 
    "orchestration_state": "CREATE_COMPLETE"
}]
2018-04-16 00:10:10,883:DEBUG:New etcd client created for etcd-server:2379/v2
2018-04-16 00:10:10,883:DEBUG:About to wait on key /esi-worker/job_state, index None
2018-04-16 00:10:10,884:DEBUG:Issuing read for key /esi-worker/job_state with args {'recursive': True, 'timeout': None, 'wait': True}
2018-04-16 00:10:10,884:DEBUG:Starting new HTTP connection (1): etcd-server
2018-04-16 00:10:10,885:DEBUG:http://etcd-server:2379 "GET /v2/keys/esi-worker/job_state?recursive=true&wait=true HTTP/1.1" 200 None
2018-04-16 00:10:10,922:DEBUG:
*** Consume stored data in etcd ***
 action=[compareAndDelete], key=[/esi-worker/job_state/v2.0/vpn_interfaces/07d4f1fc-5142-4fae-b115-627fc009e222],
 value=[]
2018-04-16 00:10:10,922:DEBUG:New etcd client created for etcd-server:2379/v2
2018-04-16 00:10:10,922:DEBUG:About to wait on key /esi-worker/job_state, index None
2018-04-16 00:10:10,922:DEBUG:Issuing read for key /esi-worker/job_state with args {'recursive': True, 'timeout': None, 'wait': True}
2018-04-16 00:10:10,923:DEBUG:Starting new HTTP connection (1): etcd-server
2018-04-16 00:10:10,929:DEBUG:http://etcd-server:2379 "GET /v2/keys/esi-worker/job_state?recursive=true&wait=true HTTP/1.1" 200 None
2018-04-16 00:10:10,974:DEBUG:
*** Consume stored data in etcd ***
 action=[set], key=[/esi-worker/job_state/v2.0/vpn_gateways/b1da850c-3344-4de2-aa18-d96a30b54f69],
 value=[{}]
2018-04-16 00:10:10,975:DEBUG:New etcd client created for etcd-server:2379/v2
2018-04-16 00:10:10,975:DEBUG:About to wait on key /esi-worker/job_state, index None
2018-04-16 00:10:10,975:DEBUG:Issuing read for key /esi-worker/job_state with args {'recursive': True, 'timeout': None, 'wait': True}
2018-04-16 00:10:10,976:DEBUG:Starting new HTTP connection (1): etcd-server
2018-04-16 00:10:10,980:DEBUG:http://etcd-server:2379 "GET /v2/keys/esi-worker/job_state?recursive=true&wait=true HTTP/1.1" 200 None
2018-04-16 00:10:21,759:DEBUG:
*** Consume stored data in etcd ***
 action=[compareAndSwap], key=[/esi-worker/job_state/v2.0/vpn_gateways/b1da850c-3344-4de2-aa18-d96a30b54f69],
 value=[{
    "heat_outputs": [], 
    "orchestration_state": "UPDATE_COMPLETE"
}]
2018-04-16 00:10:21,759:DEBUG:New etcd client created for etcd-server:2379/v2
2018-04-16 00:10:21,759:DEBUG:About to wait on key /esi-worker/job_state, index None
2018-04-16 00:10:21,760:DEBUG:Issuing read for key /esi-worker/job_state with args {'recursive': True, 'timeout': None, 'wait': True}
2018-04-16 00:10:21,760:DEBUG:Starting new HTTP connection (1): etcd-server
2018-04-16 00:10:21,761:DEBUG:http://etcd-server:2379 "GET /v2/keys/esi-worker/job_state?recursive=true&wait=true HTTP/1.1" 200 None
2018-04-16 00:10:21,833:DEBUG:
*** Consume stored data in etcd ***
 action=[compareAndDelete], key=[/esi-worker/job_state/v2.0/vpn_gateways/b1da850c-3344-4de2-aa18-d96a30b54f69],
 value=[]
2018-04-16 00:10:21,833:DEBUG:New etcd client created for etcd-server:2379/v2
2018-04-16 00:10:21,834:DEBUG:About to wait on key /esi-worker/job_state, index None
2018-04-16 00:10:21,834:DEBUG:Issuing read for key /esi-worker/job_state with args {'recursive': True, 'timeout': None, 'wait': True}
2018-04-16 00:10:21,834:DEBUG:Starting new HTTP connection (1): etcd-server
2018-04-16 00:10:21,836:DEBUG:http://etcd-server:2379 "GET /v2/keys/esi-worker/job_state?recursive=true&wait=true HTTP/1.1" 200 None
2018-04-16 00:11:53,686:DEBUG:
*** Consume stored data in etcd ***
 action=[set], key=[/esi-worker/job_state/v2.0/networks/afa0d9d6-84dc-4755-9c6e-db2f23f9dde2],
 value=[{}]
2018-04-16 00:11:53,686:DEBUG:New etcd client created for etcd-server:2379/v2
2018-04-16 00:11:53,687:DEBUG:About to wait on key /esi-worker/job_state, index None
2018-04-16 00:11:53,687:DEBUG:Issuing read for key /esi-worker/job_state with args {'recursive': True, 'timeout': None, 'wait': True}
2018-04-16 00:11:53,687:DEBUG:Starting new HTTP connection (1): etcd-server
2018-04-16 00:11:53,689:DEBUG:http://etcd-server:2379 "GET /v2/keys/esi-worker/job_state?recursive=true&wait=true HTTP/1.1" 200 None
2018-04-16 00:11:56,347:DEBUG:
*** Consume stored data in etcd ***
 action=[compareAndSwap], key=[/esi-worker/job_state/v2.0/networks/afa0d9d6-84dc-4755-9c6e-db2f23f9dde2],
 value=[{
    "heat_outputs": [
        {
            "output_value": [], 
            "description": "The name of the virtual network.", 
            "output_key": "route_targets"
        }, 
        {
            "output_value": "default-domain:usertenant:afa0d9d6-84dc-4755-9c6e-db2f23f9dde2", 
            "description": "The FQ name of the virtual network.", 
            "output_key": "fq_name"
        }, 
        {
            "output_value": "afa0d9d6-84dc-4755-9c6e-db2f23f9dde2", 
            "description": "A unique id for the virtual network.", 
            "output_key": "id"
        }, 
        {
            "output_value": "afa0d9d6-84dc-4755-9c6e-db2f23f9dde2", 
            "description": "The name of the virtual network.", 
            "output_key": "name"
        }
    ], 
    "orchestration_state": "CREATE_COMPLETE"
}]
2018-04-16 00:11:56,347:DEBUG:New etcd client created for etcd-server:2379/v2
2018-04-16 00:11:56,348:DEBUG:About to wait on key /esi-worker/job_state, index None
2018-04-16 00:11:56,348:DEBUG:Issuing read for key /esi-worker/job_state with args {'recursive': True, 'timeout': None, 'wait': True}
2018-04-16 00:11:56,348:DEBUG:Starting new HTTP connection (1): etcd-server
2018-04-16 00:11:56,350:DEBUG:http://etcd-server:2379 "GET /v2/keys/esi-worker/job_state?recursive=true&wait=true HTTP/1.1" 200 None
2018-04-16 00:11:56,386:DEBUG:
*** Consume stored data in etcd ***
 action=[compareAndDelete], key=[/esi-worker/job_state/v2.0/networks/afa0d9d6-84dc-4755-9c6e-db2f23f9dde2],
 value=[]
2018-04-16 00:11:56,387:DEBUG:New etcd client created for etcd-server:2379/v2
2018-04-16 00:11:56,387:DEBUG:About to wait on key /esi-worker/job_state, index None
2018-04-16 00:11:56,387:DEBUG:Issuing read for key /esi-worker/job_state with args {'recursive': True, 'timeout': None, 'wait': True}
2018-04-16 00:11:56,387:DEBUG:Starting new HTTP connection (1): etcd-server
2018-04-16 00:11:56,390:DEBUG:http://etcd-server:2379 "GET /v2/keys/esi-worker/job_state?recursive=true&wait=true HTTP/1.1" 200 None
2018-04-16 00:12:10,973:DEBUG:
*** Consume stored data in etcd ***
 action=[set], key=[/esi-worker/job_state/v2.0/subnets/e825f4e4-ba44-4d9e-9578-a31ad45bedda],
 value=[{}]
2018-04-16 00:12:10,973:DEBUG:New etcd client created for etcd-server:2379/v2
2018-04-16 00:12:10,974:DEBUG:About to wait on key /esi-worker/job_state, index None
2018-04-16 00:12:10,974:DEBUG:Issuing read for key /esi-worker/job_state with args {'recursive': True, 'timeout': None, 'wait': True}
2018-04-16 00:12:10,974:DEBUG:Starting new HTTP connection (1): etcd-server
2018-04-16 00:12:10,976:DEBUG:http://etcd-server:2379 "GET /v2/keys/esi-worker/job_state?recursive=true&wait=true HTTP/1.1" 200 None
2018-04-16 00:12:13,822:DEBUG:
*** Consume stored data in etcd ***
 action=[compareAndSwap], key=[/esi-worker/job_state/v2.0/subnets/e825f4e4-ba44-4d9e-9578-a31ad45bedda],
 value=[{
    "heat_outputs": [
        {
            "output_value": "172.16.101.0/24", 
            "description": "IP prefix of local subnet.", 
            "output_key": "ip_prefix"
        }, 
        {
            "output_value": "e825f4e4-ba44-4d9e-9578-a31ad45bedda", 
            "description": "The name of the local subnet.", 
            "output_key": "name"
        }, 
        {
            "output_value": "172.16.101.1", 
            "description": "Default gateway of local subnet.", 
            "output_key": "default_gateway"
        }, 
        {
            "output_value": "afa0d9d6-84dc-4755-9c6e-db2f23f9dde2", 
            "description": "A unique id for the network.", 
            "output_key": "network_id"
        }, 
        {
            "output_value": "5a79909b-2bf3-4e26-8a9c-0bf6bb175457", 
            "description": "IPAM this local subnet uses.", 
            "output_key": "ipam"
        }, 
        {
            "output_value": "323017d2-b9fc-4407-b998-e4776b16aee8", 
            "description": "A unique id for the local subnet.", 
            "output_key": "id"
        }
    ], 
    "orchestration_state": "CREATE_COMPLETE"
}]
2018-04-16 00:12:13,822:DEBUG:New etcd client created for etcd-server:2379/v2
2018-04-16 00:12:13,823:DEBUG:About to wait on key /esi-worker/job_state, index None
2018-04-16 00:12:13,823:DEBUG:Issuing read for key /esi-worker/job_state with args {'recursive': True, 'timeout': None, 'wait': True}
2018-04-16 00:12:13,823:DEBUG:Starting new HTTP connection (1): etcd-server
2018-04-16 00:12:13,825:DEBUG:http://etcd-server:2379 "GET /v2/keys/esi-worker/job_state?recursive=true&wait=true HTTP/1.1" 200 None
2018-04-16 00:12:13,879:DEBUG:
*** Consume stored data in etcd ***
 action=[compareAndDelete], key=[/esi-worker/job_state/v2.0/subnets/e825f4e4-ba44-4d9e-9578-a31ad45bedda],
 value=[]
2018-04-16 00:12:13,879:DEBUG:New etcd client created for etcd-server:2379/v2
2018-04-16 00:12:13,879:DEBUG:About to wait on key /esi-worker/job_state, index None
2018-04-16 00:12:13,879:DEBUG:Issuing read for key /esi-worker/job_state with args {'recursive': True, 'timeout': None, 'wait': True}
2018-04-16 00:12:13,880:DEBUG:Starting new HTTP connection (1): etcd-server
2018-04-16 00:12:13,882:DEBUG:http://etcd-server:2379 "GET /v2/keys/esi-worker/job_state?recursive=true&wait=true HTTP/1.1" 200 None
2018-04-16 00:12:29,456:DEBUG:
*** Consume stored data in etcd ***
 action=[set], key=[/esi-worker/job_state/v2.0/gw_interfaces/3dbcfce5-bca5-4182-991a-c23de685fcf1],
 value=[{}]
2018-04-16 00:12:29,456:DEBUG:New etcd client created for etcd-server:2379/v2
2018-04-16 00:12:29,457:DEBUG:About to wait on key /esi-worker/job_state, index None
2018-04-16 00:12:29,457:DEBUG:Issuing read for key /esi-worker/job_state with args {'recursive': True, 'timeout': None, 'wait': True}
2018-04-16 00:12:29,457:DEBUG:Starting new HTTP connection (1): etcd-server
2018-04-16 00:12:29,459:DEBUG:http://etcd-server:2379 "GET /v2/keys/esi-worker/job_state?recursive=true&wait=true HTTP/1.1" 200 None
2018-04-16 00:12:49,228:DEBUG:
*** Consume stored data in etcd ***
 action=[compareAndSwap], key=[/esi-worker/job_state/v2.0/gw_interfaces/3dbcfce5-bca5-4182-991a-c23de685fcf1],
 value=[{
    "heat_outputs": [
        {
            "output_value": "8ac03032-a027-4965-b636-32a7b1281bfc", 
            "description": "Monitoring Target ID", 
            "output_key": "monitoring_target_id"
        }, 
        {
            "output_value": "http://collector-agents-se.monitoringrefactordocker_default:7070/targets/8ac03032-a027-4965-b636-32a7b1281bfc", 
            "description": "Monitoring Process Link", 
            "output_key": "monitoring_link"
        }
    ], 
    "orchestration_state": "CREATE_COMPLETE"
}]
2018-04-16 00:12:49,228:DEBUG:New etcd client created for etcd-server:2379/v2
2018-04-16 00:12:49,229:DEBUG:About to wait on key /esi-worker/job_state, index None
2018-04-16 00:12:49,229:DEBUG:Issuing read for key /esi-worker/job_state with args {'recursive': True, 'timeout': None, 'wait': True}
2018-04-16 00:12:49,229:DEBUG:Starting new HTTP connection (1): etcd-server
2018-04-16 00:12:49,231:DEBUG:http://etcd-server:2379 "GET /v2/keys/esi-worker/job_state?recursive=true&wait=true HTTP/1.1" 200 None
2018-04-16 00:12:49,276:DEBUG:
*** Consume stored data in etcd ***
 action=[compareAndDelete], key=[/esi-worker/job_state/v2.0/gw_interfaces/3dbcfce5-bca5-4182-991a-c23de685fcf1],
 value=[]
2018-04-16 00:12:49,276:DEBUG:New etcd client created for etcd-server:2379/v2
2018-04-16 00:12:49,277:DEBUG:About to wait on key /esi-worker/job_state, index None
2018-04-16 00:12:49,277:DEBUG:Issuing read for key /esi-worker/job_state with args {'recursive': True, 'timeout': None, 'wait': True}
2018-04-16 00:12:49,277:DEBUG:Starting new HTTP connection (1): etcd-server
2018-04-16 00:12:49,282:DEBUG:http://etcd-server:2379 "GET /v2/keys/esi-worker/job_state?recursive=true&wait=true HTTP/1.1" 200 None
2018-04-16 00:12:49,328:DEBUG:
*** Consume stored data in etcd ***
 action=[set], key=[/esi-worker/job_state/v2.0/ports/5eebab65-bf2f-4ac2-969a-15d6ccbfdd4b],
 value=[{}]
2018-04-16 00:12:49,328:DEBUG:New etcd client created for etcd-server:2379/v2
2018-04-16 00:12:49,328:DEBUG:About to wait on key /esi-worker/job_state, index None
2018-04-16 00:12:49,328:DEBUG:Issuing read for key /esi-worker/job_state with args {'recursive': True, 'timeout': None, 'wait': True}
2018-04-16 00:12:49,329:DEBUG:Starting new HTTP connection (1): etcd-server
2018-04-16 00:12:49,330:DEBUG:http://etcd-server:2379 "GET /v2/keys/esi-worker/job_state?recursive=true&wait=true HTTP/1.1" 200 None
2018-04-16 00:12:49,368:DEBUG:
*** Consume stored data in etcd ***
 action=[set], key=[/esi-worker/job_state/v2.0/ports/53eeb091-3297-4b9b-a200-b6568567e387],
 value=[{}]
2018-04-16 00:12:49,368:DEBUG:New etcd client created for etcd-server:2379/v2
2018-04-16 00:12:49,368:DEBUG:About to wait on key /esi-worker/job_state, index None
2018-04-16 00:12:49,368:DEBUG:Issuing read for key /esi-worker/job_state with args {'recursive': True, 'timeout': None, 'wait': True}
2018-04-16 00:12:49,369:DEBUG:Starting new HTTP connection (1): etcd-server
2018-04-16 00:12:49,370:DEBUG:http://etcd-server:2379 "GET /v2/keys/esi-worker/job_state?recursive=true&wait=true HTTP/1.1" 200 None
2018-04-16 00:12:54,260:DEBUG:
*** Consume stored data in etcd ***
 action=[compareAndSwap], key=[/esi-worker/job_state/v2.0/ports/53eeb091-3297-4b9b-a200-b6568567e387],
 value=[{
    "heat_outputs": [
        {
            "output_value": [
                [
                    "default-domain", 
                    "admin", 
                    "b62eefe0-0872-478d-adfe-1a606320f0e7"
                ]
            ], 
            "description": "Virtual network.", 
            "output_key": "virtual_network"
        }, 
        {
            "output_value": "default-domain:admin:f68d0924-ef20-4c1b-ac45-0e6b879af5e7", 
            "description": "Fully Qualified Name of the VMI", 
            "output_key": "fq_name"
        }, 
        {
            "output_value": "f68d0924-ef20-4c1b-ac45-0e6b879af5e7", 
            "description": "A unique id for the virtual machine interface.", 
            "output_key": "id"
        }, 
        {
            "output_value": {
                "allowed_address_pair": []
            }, 
            "description": "Virtual machine allowed address pairs.", 
            "output_key": "allowed_address_pairs"
        }, 
        {
            "output_value": [
                "fa:16:3e:f7:60:7f"
            ], 
            "description": "Virtual machine interface mac address.", 
            "output_key": "mac_address"
        }
    ], 
    "orchestration_state": "CREATE_COMPLETE"
}]
2018-04-16 00:12:54,260:DEBUG:New etcd client created for etcd-server:2379/v2
2018-04-16 00:12:54,261:DEBUG:About to wait on key /esi-worker/job_state, index None
2018-04-16 00:12:54,261:DEBUG:Issuing read for key /esi-worker/job_state with args {'recursive': True, 'timeout': None, 'wait': True}
2018-04-16 00:12:54,261:DEBUG:Starting new HTTP connection (1): etcd-server
2018-04-16 00:12:54,262:DEBUG:http://etcd-server:2379 "GET /v2/keys/esi-worker/job_state?recursive=true&wait=true HTTP/1.1" 200 None
2018-04-16 00:12:54,303:DEBUG:
*** Consume stored data in etcd ***
 action=[compareAndDelete], key=[/esi-worker/job_state/v2.0/ports/53eeb091-3297-4b9b-a200-b6568567e387],
 value=[]
2018-04-16 00:12:54,304:DEBUG:New etcd client created for etcd-server:2379/v2
2018-04-16 00:12:54,304:DEBUG:About to wait on key /esi-worker/job_state, index None
2018-04-16 00:12:54,304:DEBUG:Issuing read for key /esi-worker/job_state with args {'recursive': True, 'timeout': None, 'wait': True}
2018-04-16 00:12:54,305:DEBUG:Starting new HTTP connection (1): etcd-server
2018-04-16 00:12:54,307:DEBUG:http://etcd-server:2379 "GET /v2/keys/esi-worker/job_state?recursive=true&wait=true HTTP/1.1" 200 None
2018-04-16 00:12:54,351:DEBUG:
*** Consume stored data in etcd ***
 action=[set], key=[/esi-worker/job_state/v2.0/ese_logical_ports/257d0a9f-d5ae-4a93-9af4-81ad611e1b0d],
 value=[{}]
2018-04-16 00:12:54,351:DEBUG:New etcd client created for etcd-server:2379/v2
2018-04-16 00:12:54,352:DEBUG:About to wait on key /esi-worker/job_state, index None
2018-04-16 00:12:54,352:DEBUG:Issuing read for key /esi-worker/job_state with args {'recursive': True, 'timeout': None, 'wait': True}
2018-04-16 00:12:54,352:DEBUG:Starting new HTTP connection (1): etcd-server
2018-04-16 00:12:54,354:DEBUG:http://etcd-server:2379 "GET /v2/keys/esi-worker/job_state?recursive=true&wait=true HTTP/1.1" 200 None
2018-04-16 00:12:54,457:DEBUG:
*** Consume stored data in etcd ***
 action=[compareAndSwap], key=[/esi-worker/job_state/v2.0/ports/5eebab65-bf2f-4ac2-969a-15d6ccbfdd4b],
 value=[{
    "heat_outputs": [
        {
            "output_value": [
                [
                    "default-domain", 
                    "admin", 
                    "b62eefe0-0872-478d-adfe-1a606320f0e7"
                ]
            ], 
            "description": "Virtual network.", 
            "output_key": "virtual_network"
        }, 
        {
            "output_value": "default-domain:admin:f68d0924-ef20-4c1b-ac45-0e6b879af5e7", 
            "description": "Fully Qualified Name of the VMI", 
            "output_key": "fq_name"
        }, 
        {
            "output_value": "f68d0924-ef20-4c1b-ac45-0e6b879af5e7", 
            "description": "A unique id for the virtual machine interface.", 
            "output_key": "id"
        }, 
        {
            "output_value": {
                "allowed_address_pair": []
            }, 
            "description": "Virtual machine allowed address pairs.", 
            "output_key": "allowed_address_pairs"
        }, 
        {
            "output_value": [
                "fa:16:3e:f7:60:7f"
            ], 
            "description": "Virtual machine interface mac address.", 
            "output_key": "mac_address"
        }
    ], 
    "orchestration_state": "CREATE_COMPLETE"
}]
2018-04-16 00:12:54,457:DEBUG:New etcd client created for etcd-server:2379/v2
2018-04-16 00:12:54,457:DEBUG:About to wait on key /esi-worker/job_state, index None
2018-04-16 00:12:54,457:DEBUG:Issuing read for key /esi-worker/job_state with args {'recursive': True, 'timeout': None, 'wait': True}
2018-04-16 00:12:54,458:DEBUG:Starting new HTTP connection (1): etcd-server
2018-04-16 00:12:54,459:DEBUG:http://etcd-server:2379 "GET /v2/keys/esi-worker/job_state?recursive=true&wait=true HTTP/1.1" 200 None
2018-04-16 00:12:54,511:DEBUG:
*** Consume stored data in etcd ***
 action=[compareAndDelete], key=[/esi-worker/job_state/v2.0/ports/5eebab65-bf2f-4ac2-969a-15d6ccbfdd4b],
 value=[]
2018-04-16 00:12:54,511:DEBUG:New etcd client created for etcd-server:2379/v2
2018-04-16 00:12:54,511:DEBUG:About to wait on key /esi-worker/job_state, index None
2018-04-16 00:12:54,511:DEBUG:Issuing read for key /esi-worker/job_state with args {'recursive': True, 'timeout': None, 'wait': True}
2018-04-16 00:12:54,512:DEBUG:Starting new HTTP connection (1): etcd-server
2018-04-16 00:12:54,515:DEBUG:http://etcd-server:2379 "GET /v2/keys/esi-worker/job_state?recursive=true&wait=true HTTP/1.1" 200 None
2018-04-16 00:12:54,567:DEBUG:
*** Consume stored data in etcd ***
 action=[set], key=[/esi-worker/job_state/v2.0/ese_logical_ports/e30fdd19-2f48-422e-9c68-7c59a0e2fae8],
 value=[{}]
2018-04-16 00:12:54,568:DEBUG:New etcd client created for etcd-server:2379/v2
2018-04-16 00:12:54,568:DEBUG:About to wait on key /esi-worker/job_state, index None
2018-04-16 00:12:54,568:DEBUG:Issuing read for key /esi-worker/job_state with args {'recursive': True, 'timeout': None, 'wait': True}
2018-04-16 00:12:54,568:DEBUG:Starting new HTTP connection (1): etcd-server
2018-04-16 00:12:54,571:DEBUG:http://etcd-server:2379 "GET /v2/keys/esi-worker/job_state?recursive=true&wait=true HTTP/1.1" 200 None
2018-04-16 00:12:58,699:DEBUG:
*** Consume stored data in etcd ***
 action=[compareAndSwap], key=[/esi-worker/job_state/v2.0/ese_logical_ports/257d0a9f-d5ae-4a93-9af4-81ad611e1b0d],
 value=[{
    "heat_outputs": [
        {
            "output_value": "5e4c28ad-c5f2-43fc-97e8-1b5e99642b87", 
            "description": "Monitoring Target ID", 
            "output_key": "monitoring_target_id"
        }, 
        {
            "output_value": "46b0cd68-d0fb-4d72-9def-830164f9e215", 
            "description": "A unique id for the logical interface", 
            "output_key": "id"
        }, 
        {
            "output_value": "http://collector-agents-se.monitoringrefactordocker_default:7070/targets/5e4c28ad-c5f2-43fc-97e8-1b5e99642b87", 
            "description": "Monitoring Process Link", 
            "output_key": "monitoring_link"
        }, 
        {
            "output_value": "xe-0/0/38.0", 
            "description": "The name of the logical interface.", 
            "output_key": "name"
        }
    ], 
    "orchestration_state": "CREATE_COMPLETE"
}]
2018-04-16 00:12:58,699:DEBUG:New etcd client created for etcd-server:2379/v2
2018-04-16 00:12:58,700:DEBUG:About to wait on key /esi-worker/job_state, index None
2018-04-16 00:12:58,700:DEBUG:Issuing read for key /esi-worker/job_state with args {'recursive': True, 'timeout': None, 'wait': True}
2018-04-16 00:12:58,700:DEBUG:Starting new HTTP connection (1): etcd-server
2018-04-16 00:12:58,701:DEBUG:http://etcd-server:2379 "GET /v2/keys/esi-worker/job_state?recursive=true&wait=true HTTP/1.1" 200 None
2018-04-16 00:12:58,755:DEBUG:
*** Consume stored data in etcd ***
 action=[compareAndDelete], key=[/esi-worker/job_state/v2.0/ese_logical_ports/257d0a9f-d5ae-4a93-9af4-81ad611e1b0d],
 value=[]
2018-04-16 00:12:58,755:DEBUG:New etcd client created for etcd-server:2379/v2
2018-04-16 00:12:58,755:DEBUG:About to wait on key /esi-worker/job_state, index None
2018-04-16 00:12:58,755:DEBUG:Issuing read for key /esi-worker/job_state with args {'recursive': True, 'timeout': None, 'wait': True}
2018-04-16 00:12:58,756:DEBUG:Starting new HTTP connection (1): etcd-server
2018-04-16 00:12:58,758:DEBUG:http://etcd-server:2379 "GET /v2/keys/esi-worker/job_state?recursive=true&wait=true HTTP/1.1" 200 None
2018-04-16 00:12:58,946:DEBUG:
*** Consume stored data in etcd ***
 action=[set], key=[/esi-worker/job_state/v2.0/ports/53eeb091-3297-4b9b-a200-b6568567e387],
 value=[{}]
2018-04-16 00:12:58,946:DEBUG:New etcd client created for etcd-server:2379/v2
2018-04-16 00:12:58,947:DEBUG:About to wait on key /esi-worker/job_state, index None
2018-04-16 00:12:58,947:DEBUG:Issuing read for key /esi-worker/job_state with args {'recursive': True, 'timeout': None, 'wait': True}
2018-04-16 00:12:58,947:DEBUG:Starting new HTTP connection (1): etcd-server
2018-04-16 00:12:58,948:DEBUG:http://etcd-server:2379 "GET /v2/keys/esi-worker/job_state?recursive=true&wait=true HTTP/1.1" 200 None
2018-04-16 00:12:59,031:DEBUG:
*** Consume stored data in etcd ***
 action=[compareAndSwap], key=[/esi-worker/job_state/v2.0/ese_logical_ports/e30fdd19-2f48-422e-9c68-7c59a0e2fae8],
 value=[{
    "heat_outputs": [
        {
            "output_value": "fc210c75-e57f-4657-8114-a528d3b3aac5", 
            "description": "Monitoring Target ID", 
            "output_key": "monitoring_target_id"
        }, 
        {
            "output_value": "46b0cd68-d0fb-4d72-9def-830164f9e215", 
            "description": "A unique id for the logical interface", 
            "output_key": "id"
        }, 
        {
            "output_value": "http://collector-agents-se.monitoringrefactordocker_default:7070/targets/fc210c75-e57f-4657-8114-a528d3b3aac5", 
            "description": "Monitoring Process Link", 
            "output_key": "monitoring_link"
        }, 
        {
            "output_value": "xe-0/0/38.0", 
            "description": "The name of the logical interface.", 
            "output_key": "name"
        }
    ], 
    "orchestration_state": "CREATE_COMPLETE"
}]
2018-04-16 00:12:59,032:DEBUG:New etcd client created for etcd-server:2379/v2
2018-04-16 00:12:59,032:DEBUG:About to wait on key /esi-worker/job_state, index None
2018-04-16 00:12:59,032:DEBUG:Issuing read for key /esi-worker/job_state with args {'recursive': True, 'timeout': None, 'wait': True}
2018-04-16 00:12:59,032:DEBUG:Starting new HTTP connection (1): etcd-server
2018-04-16 00:12:59,034:DEBUG:http://etcd-server:2379 "GET /v2/keys/esi-worker/job_state?recursive=true&wait=true HTTP/1.1" 200 None
2018-04-16 00:12:59,091:DEBUG:
*** Consume stored data in etcd ***
 action=[compareAndDelete], key=[/esi-worker/job_state/v2.0/ese_logical_ports/e30fdd19-2f48-422e-9c68-7c59a0e2fae8],
 value=[]
2018-04-16 00:12:59,091:DEBUG:New etcd client created for etcd-server:2379/v2
2018-04-16 00:12:59,091:DEBUG:About to wait on key /esi-worker/job_state, index None
2018-04-16 00:12:59,091:DEBUG:Issuing read for key /esi-worker/job_state with args {'recursive': True, 'timeout': None, 'wait': True}
2018-04-16 00:12:59,092:DEBUG:Starting new HTTP connection (1): etcd-server
2018-04-16 00:12:59,093:DEBUG:http://etcd-server:2379 "GET /v2/keys/esi-worker/job_state?recursive=true&wait=true HTTP/1.1" 200 None
2018-04-16 00:12:59,233:DEBUG:
*** Consume stored data in etcd ***
 action=[set], key=[/esi-worker/job_state/v2.0/ports/5eebab65-bf2f-4ac2-969a-15d6ccbfdd4b],
 value=[{}]
2018-04-16 00:12:59,233:DEBUG:New etcd client created for etcd-server:2379/v2
2018-04-16 00:12:59,233:DEBUG:About to wait on key /esi-worker/job_state, index None
2018-04-16 00:12:59,233:DEBUG:Issuing read for key /esi-worker/job_state with args {'recursive': True, 'timeout': None, 'wait': True}
2018-04-16 00:12:59,233:DEBUG:Starting new HTTP connection (1): etcd-server
2018-04-16 00:12:59,235:DEBUG:http://etcd-server:2379 "GET /v2/keys/esi-worker/job_state?recursive=true&wait=true HTTP/1.1" 200 None
2018-04-16 00:13:11,264:DEBUG:
*** Consume stored data in etcd ***
 action=[compareAndSwap], key=[/esi-worker/job_state/v2.0/ports/53eeb091-3297-4b9b-a200-b6568567e387],
 value=[{
    "heat_outputs": [
        {
            "output_value": "default-domain:admin:f68d0924-ef20-4c1b-ac45-0e6b879af5e7", 
            "description": "Fully Qualified Name of the VMI", 
            "output_key": "fq_name"
        }, 
        {
            "output_value": {
                "allowed_address_pair": []
            }, 
            "description": "Virtual machine allowed address pairs.", 
            "output_key": "allowed_address_pairs"
        }, 
        {
            "output_value": "aa5568e3-f399-474f-9ddb-02c0e583b91b", 
            "description": "Monitoring Target ID", 
            "output_key": "monitoring_target_id"
        }, 
        {
            "output_value": [
                "fa:16:3e:f7:60:7f"
            ], 
            "description": "Virtual machine interface mac address.", 
            "output_key": "mac_address"
        }, 
        {
            "output_value": [
                [
                    "default-domain", 
                    "admin", 
                    "b62eefe0-0872-478d-adfe-1a606320f0e7"
                ]
            ], 
            "description": "Virtual network.", 
            "output_key": "virtual_network"
        }, 
        {
            "output_value": "f68d0924-ef20-4c1b-ac45-0e6b879af5e7", 
            "description": "A unique id for the virtual machine interface.", 
            "output_key": "id"
        }, 
        {
            "output_value": "http://collector-agents-se.monitoringrefactordocker_default:7070/targets/aa5568e3-f399-474f-9ddb-02c0e583b91b", 
            "description": "Monitoring Process Link", 
            "output_key": "monitoring_link"
        }
    ], 
    "orchestration_state": "UPDATE_COMPLETE"
}]
2018-04-16 00:13:11,264:DEBUG:New etcd client created for etcd-server:2379/v2
2018-04-16 00:13:11,264:DEBUG:About to wait on key /esi-worker/job_state, index None
2018-04-16 00:13:11,264:DEBUG:Issuing read for key /esi-worker/job_state with args {'recursive': True, 'timeout': None, 'wait': True}
2018-04-16 00:13:11,265:DEBUG:Starting new HTTP connection (1): etcd-server
2018-04-16 00:13:11,266:DEBUG:http://etcd-server:2379 "GET /v2/keys/esi-worker/job_state?recursive=true&wait=true HTTP/1.1" 200 None
2018-04-16 00:13:11,320:DEBUG:
*** Consume stored data in etcd ***
 action=[compareAndDelete], key=[/esi-worker/job_state/v2.0/ports/53eeb091-3297-4b9b-a200-b6568567e387],
 value=[]
2018-04-16 00:13:11,320:DEBUG:New etcd client created for etcd-server:2379/v2
2018-04-16 00:13:11,321:DEBUG:About to wait on key /esi-worker/job_state, index None
2018-04-16 00:13:11,321:DEBUG:Issuing read for key /esi-worker/job_state with args {'recursive': True, 'timeout': None, 'wait': True}
2018-04-16 00:13:11,321:DEBUG:Starting new HTTP connection (1): etcd-server
2018-04-16 00:13:11,324:DEBUG:http://etcd-server:2379 "GET /v2/keys/esi-worker/job_state?recursive=true&wait=true HTTP/1.1" 200 None
2018-04-16 00:13:11,509:DEBUG:
*** Consume stored data in etcd ***
 action=[compareAndSwap], key=[/esi-worker/job_state/v2.0/ports/5eebab65-bf2f-4ac2-969a-15d6ccbfdd4b],
 value=[{
    "heat_outputs": [
        {
            "output_value": "default-domain:admin:f68d0924-ef20-4c1b-ac45-0e6b879af5e7", 
            "description": "Fully Qualified Name of the VMI", 
            "output_key": "fq_name"
        }, 
        {
            "output_value": {
                "allowed_address_pair": []
            }, 
            "description": "Virtual machine allowed address pairs.", 
            "output_key": "allowed_address_pairs"
        }, 
        {
            "output_value": "09f0db4a-16f7-4d25-840f-79436680056e", 
            "description": "Monitoring Target ID", 
            "output_key": "monitoring_target_id"
        }, 
        {
            "output_value": [
                "fa:16:3e:f7:60:7f"
            ], 
            "description": "Virtual machine interface mac address.", 
            "output_key": "mac_address"
        }, 
        {
            "output_value": [
                [
                    "default-domain", 
                    "admin", 
                    "b62eefe0-0872-478d-adfe-1a606320f0e7"
                ]
            ], 
            "description": "Virtual network.", 
            "output_key": "virtual_network"
        }, 
        {
            "output_value": "f68d0924-ef20-4c1b-ac45-0e6b879af5e7", 
            "description": "A unique id for the virtual machine interface.", 
            "output_key": "id"
        }, 
        {
            "output_value": "http://collector-agents-se.monitoringrefactordocker_default:7070/targets/09f0db4a-16f7-4d25-840f-79436680056e", 
            "description": "Monitoring Process Link", 
            "output_key": "monitoring_link"
        }
    ], 
    "orchestration_state": "UPDATE_COMPLETE"
}]
2018-04-16 00:13:11,509:DEBUG:New etcd client created for etcd-server:2379/v2
2018-04-16 00:13:11,509:DEBUG:About to wait on key /esi-worker/job_state, index None
2018-04-16 00:13:11,509:DEBUG:Issuing read for key /esi-worker/job_state with args {'recursive': True, 'timeout': None, 'wait': True}
2018-04-16 00:13:11,510:DEBUG:Starting new HTTP connection (1): etcd-server
2018-04-16 00:13:11,511:DEBUG:http://etcd-server:2379 "GET /v2/keys/esi-worker/job_state?recursive=true&wait=true HTTP/1.1" 200 None
2018-04-16 00:13:11,572:DEBUG:
*** Consume stored data in etcd ***
 action=[compareAndDelete], key=[/esi-worker/job_state/v2.0/ports/5eebab65-bf2f-4ac2-969a-15d6ccbfdd4b],
 value=[]
2018-04-16 00:13:11,572:DEBUG:New etcd client created for etcd-server:2379/v2
2018-04-16 00:13:11,572:DEBUG:About to wait on key /esi-worker/job_state, index None
2018-04-16 00:13:11,572:DEBUG:Issuing read for key /esi-worker/job_state with args {'recursive': True, 'timeout': None, 'wait': True}
2018-04-16 00:13:11,573:DEBUG:Starting new HTTP connection (1): etcd-server
2018-04-16 00:13:11,576:DEBUG:http://etcd-server:2379 "GET /v2/keys/esi-worker/job_state?recursive=true&wait=true HTTP/1.1" 200 None
2018-04-16 00:14:35,383:DEBUG:
*** Consume stored data in etcd ***
 action=[set], key=[/esi-worker/job_state/v2.0/static_routes/31980341-9bef-4f05-8df7-674dea343884],
 value=[{}]
2018-04-16 00:14:35,384:DEBUG:New etcd client created for etcd-server:2379/v2
2018-04-16 00:14:35,384:DEBUG:About to wait on key /esi-worker/job_state, index None
2018-04-16 00:14:35,384:DEBUG:Issuing read for key /esi-worker/job_state with args {'recursive': True, 'timeout': None, 'wait': True}
2018-04-16 00:14:35,385:DEBUG:Starting new HTTP connection (1): etcd-server
2018-04-16 00:14:35,387:DEBUG:http://etcd-server:2379 "GET /v2/keys/esi-worker/job_state?recursive=true&wait=true HTTP/1.1" 200 None
2018-04-16 00:14:53,689:DEBUG:
*** Consume stored data in etcd ***
 action=[compareAndSwap], key=[/esi-worker/job_state/v2.0/static_routes/31980341-9bef-4f05-8df7-674dea343884],
 value=[{
    "heat_outputs": [], 
    "orchestration_state": "CREATE_COMPLETE"
}]
2018-04-16 00:14:53,689:DEBUG:New etcd client created for etcd-server:2379/v2
2018-04-16 00:14:53,689:DEBUG:About to wait on key /esi-worker/job_state, index None
2018-04-16 00:14:53,689:DEBUG:Issuing read for key /esi-worker/job_state with args {'recursive': True, 'timeout': None, 'wait': True}
2018-04-16 00:14:53,690:DEBUG:Starting new HTTP connection (1): etcd-server
2018-04-16 00:14:53,692:DEBUG:http://etcd-server:2379 "GET /v2/keys/esi-worker/job_state?recursive=true&wait=true HTTP/1.1" 200 None
2018-04-16 00:14:53,780:DEBUG:
*** Consume stored data in etcd ***
 action=[compareAndDelete], key=[/esi-worker/job_state/v2.0/static_routes/31980341-9bef-4f05-8df7-674dea343884],
 value=[]
2018-04-16 00:14:53,780:DEBUG:New etcd client created for etcd-server:2379/v2
2018-04-16 00:14:53,780:DEBUG:About to wait on key /esi-worker/job_state, index None
2018-04-16 00:14:53,780:DEBUG:Issuing read for key /esi-worker/job_state with args {'recursive': True, 'timeout': None, 'wait': True}
2018-04-16 00:14:53,781:DEBUG:Starting new HTTP connection (1): etcd-server
2018-04-16 00:14:53,782:DEBUG:http://etcd-server:2379 "GET /v2/keys/esi-worker/job_state?recursive=true&wait=true HTTP/1.1" 200 None
2018-04-16 00:20:32,113:ERROR:Request to server http://etcd-server:2379 failed: ProtocolError('Connection broken: IncompleteRead(0 bytes read)', IncompleteRead(0 bytes read))
2018-04-16 00:20:32,114:DEBUG:Reconnection disabled, giving up.
Traceback (most recent call last):
  File "/usr/local/lib/python2.7/dist-packages/eventlet/hubs/hub.py", line 346, in fire_timers
    timer()
  File "/usr/local/lib/python2.7/dist-packages/eventlet/hubs/timer.py", line 56, in __call__
    cb(*args, **kw)
  File "/usr/local/lib/python2.7/dist-packages/eventlet/greenthread.py", line 194, in main
    result = function(*args, **kwargs)
  File "/tools/etcd-watcher-for-esi/python-etcd-watch.py", line 15, in _consume_loop
    result = client.watch(key_info, recursive=True)
  File "/usr/local/lib/python2.7/dist-packages/etcd/client.py", line 655, in watch
    recursive=recursive)
  File "/usr/local/lib/python2.7/dist-packages/etcd/client.py", line 481, in read
    timeout=timeout)
  File "/usr/local/lib/python2.7/dist-packages/etcd/client.py", line 788, in api_execute
    cause=e
EtcdConnectionFailed: Connection to etcd failed due to ProtocolError('Connection broken: IncompleteRead(0 bytes read)', IncompleteRead(0 bytes read))
Traceback (most recent call last):
  File "/tools/etcd-watcher-for-esi/python-etcd-watch.py", line 48, in <module>
    thread.wait()
  File "/usr/local/lib/python2.7/dist-packages/eventlet/greenthread.py", line 168, in wait
    return self._exit_event.wait()
  File "/usr/local/lib/python2.7/dist-packages/eventlet/event.py", line 116, in wait
    return hubs.get_hub().switch()
  File "/usr/local/lib/python2.7/dist-packages/eventlet/hubs/hub.py", line 187, in switch
    return self.greenlet.switch()
  File "/usr/local/lib/python2.7/dist-packages/eventlet/greenthread.py", line 194, in main
    result = function(*args, **kwargs)
  File "/tools/etcd-watcher-for-esi/python-etcd-watch.py", line 15, in _consume_loop
    result = client.watch(key_info, recursive=True)
  File "/usr/local/lib/python2.7/dist-packages/etcd/client.py", line 655, in watch
    recursive=recursive)
  File "/usr/local/lib/python2.7/dist-packages/etcd/client.py", line 481, in read
    timeout=timeout)
  File "/usr/local/lib/python2.7/dist-packages/etcd/client.py", line 788, in api_execute
    cause=e
etcd.EtcdConnectionFailed: Connection to etcd failed due to ProtocolError('Connection broken: IncompleteRead(0 bytes read)', IncompleteRead(0 bytes read))
