2017-05-11 04:21:56,904 [1;37mINFO[0m monitoring_worker - Registered gohan 2-step delete flag: marked_for_deletion (resources.py - 62)
2017-05-11 04:21:56,904 [1;34mDEBUG[0m monitoring_worker - Gohan config path: /config (resources.py - 274)
2017-05-11 04:21:56,905 [1;34mDEBUG[0m monitoring_worker - Gohan state path: /state (resources.py - 298)
2017-05-11 04:21:57,120 [1;33mWARNING[0m monitoring_worker - Could not reach gohan. Retrying in 1s. (gohan.py - 27)
2017-05-11 04:21:58,123 [1;33mWARNING[0m monitoring_worker - Could not reach gohan. Retrying in 2s. (gohan.py - 27)
2017-05-11 04:22:00,126 [1;33mWARNING[0m monitoring_worker - Could not reach gohan. Retrying in 4s. (gohan.py - 27)
2017-05-11 04:22:04,132 [1;33mWARNING[0m monitoring_worker - Could not reach gohan. Retrying in 8s. (gohan.py - 27)
2017-05-11 04:22:12,136 [1;33mWARNING[0m monitoring_worker - Could not reach gohan. Retrying in 16s. (gohan.py - 27)
2017-05-11 04:22:28,154 [1;33mWARNING[0m monitoring_worker - Could not reach gohan. Retrying in 16s. (gohan.py - 27)
2017-05-11 04:22:44,172 [1;33mWARNING[0m monitoring_worker - Could not reach gohan. Retrying in 16s. (gohan.py - 27)
================================================
2017-05-11 04:23:00,627 [1;34mDEBUG[0m monitoring_worker - Starting worker. (etcd_worker.py - 229)
2017-05-11 04:23:00,627 [1;34mDEBUG[0m monitoring_worker - Worker started. (etcd_worker.py - 232)
2017-05-11 04:23:00,628 [1;34mDEBUG[0m monitoring_worker - Waiting for a job. (etcd_worker.py - 217)
2017-05-11 04:23:00,628 [1;34mDEBUG[0m monitoring_worker - 8 job slots available (etcd_worker.py - 212)
2017-05-11 04:23:15,889 [1;34mDEBUG[0m monitoring_worker - Reserved job: create:monitoring_worker:ese_device:a1f745c1-e6b9-45ef-94db-f33b37709fb0:1:z0i89 using id: 753b5e8b-f6ec-4c0c-9afa-783563520425 (job_queue.py - 245)
2017-05-11 04:23:15,890 [1;34mDEBUG[0m monitoring_worker - Waiting for a job. (etcd_worker.py - 217)
2017-05-11 04:23:15,891 [1;34mDEBUG[0m monitoring_worker - 7 job slots available (etcd_worker.py - 212)
2017-05-11 04:23:15,894 [1;34mDEBUG[0m monitoring_worker - Starting work on new ready job create:monitoring_worker:ese_device:a1f745c1-e6b9-45ef-94db-f33b37709fb0:1:z0i89 (etcd_worker.py - 113)
2017-05-11 04:23:15,894 [1;34mDEBUG[0m monitoring_worker - Running job create ese_device:a1f745c1-e6b9-45ef-94db-f33b37709fb0 (monitoring_worker.py - 178)
2017-05-11 04:23:15,895 [1;34mDEBUG[0m monitoring_worker - Template id ese_device_monitoring resolved from mapping: Cese_device_monitoring (resources.py - 838)
2017-05-11 04:23:15,935 [1;34mDEBUG[0m monitoring_worker - Posted message to topic: "monitor_snmp_device", data: {'gohan_resource_type': u'ese_devices', 'name': 'switch', 'tenant_id': u'0b576f6f4cbf414f829cd12f008bf08f', 'version': 1, 'action': u'create', 'gohan_id': u'a1f745c1-e6b9-45ef-94db-f33b37709fb0', 'properties': {'ip': '10.161.0.34', 'community_name': 'ESE_NODE_COMMUNITY', 'mibs': []}} (monitoring_kafka.py - 61)
2017-05-11 04:23:15,935 [1;34mDEBUG[0m monitoring_worker - Finished job create ese_device:a1f745c1-e6b9-45ef-94db-f33b37709fb0, status:
{'switch': 'ACTIVE'} (monitoring_worker.py - 189)
2017-05-11 04:23:15,977 [1;34mDEBUG[0m monitoring_worker - Job create:monitoring_worker:ese_device:a1f745c1-e6b9-45ef-94db-f33b37709fb0:1:z0i89 finished. (job_queue.py - 266)
2017-05-11 04:23:15,977 [1;34mDEBUG[0m monitoring_worker - Trying to delete internal process state for resource ese_device:a1f745c1-e6b9-45ef-94db-f33b37709fb0 (resources.py - 706)
2017-05-11 04:23:21,569 [1;34mDEBUG[0m monitoring_worker - Reserved job: create:monitoring_worker:ese_physical_port:97fcdf3a-81a4-41a5-8ae6-52c431fc5a5c:1:ff54e using id: 72c42b9b-278e-4cee-8278-58c8d8a0c48e (job_queue.py - 245)
2017-05-11 04:23:21,576 [1;34mDEBUG[0m monitoring_worker - Waiting for a job. (etcd_worker.py - 217)
2017-05-11 04:23:21,576 [1;34mDEBUG[0m monitoring_worker - 7 job slots available (etcd_worker.py - 212)
2017-05-11 04:23:21,581 [1;34mDEBUG[0m monitoring_worker - Starting work on new ready job create:monitoring_worker:ese_physical_port:97fcdf3a-81a4-41a5-8ae6-52c431fc5a5c:1:ff54e (etcd_worker.py - 113)
2017-05-11 04:23:21,581 [1;34mDEBUG[0m monitoring_worker - Running job create ese_physical_port:97fcdf3a-81a4-41a5-8ae6-52c431fc5a5c (monitoring_worker.py - 178)
2017-05-11 04:23:21,581 [1;34mDEBUG[0m monitoring_worker - Template id ese_physical_port_monitoring resolved from mapping: Cese_physical_port_monitoring (resources.py - 838)
2017-05-11 04:23:21,594 [1;34mDEBUG[0m monitoring_worker - Posted message to topic: "monitor_physical_port", data: {'gohan_resource_type': u'ese_physical_ports', 'name': 'port', 'tenant_id': u'0b576f6f4cbf414f829cd12f008bf08f', 'version': 1, 'action': u'create', 'gohan_id': u'97fcdf3a-81a4-41a5-8ae6-52c431fc5a5c', 'properties': {'community_name': 'ESE_NODE_COMMUNITY', 'device_ip': '10.161.0.34', 'name': 'xe-0/0/3'}} (monitoring_kafka.py - 61)
2017-05-11 04:23:21,594 [1;34mDEBUG[0m monitoring_worker - Finished job create ese_physical_port:97fcdf3a-81a4-41a5-8ae6-52c431fc5a5c, status:
{'port': 'ACTIVE'} (monitoring_worker.py - 189)
2017-05-11 04:23:21,631 [1;34mDEBUG[0m monitoring_worker - Job create:monitoring_worker:ese_physical_port:97fcdf3a-81a4-41a5-8ae6-52c431fc5a5c:1:ff54e finished. (job_queue.py - 266)
2017-05-11 04:23:21,631 [1;34mDEBUG[0m monitoring_worker - Trying to delete internal process state for resource ese_physical_port:97fcdf3a-81a4-41a5-8ae6-52c431fc5a5c (resources.py - 706)
2017-05-11 04:23:27,689 [1;34mDEBUG[0m monitoring_worker - Reserved job: create:monitoring_worker:ese_physical_port:8a4bbfe0-5aae-42f5-8b94-c4c14b9e7306:1:l4kqp using id: 8c6d3731-2d48-4c4f-b031-eaf4e2572402 (job_queue.py - 245)
2017-05-11 04:23:27,691 [1;34mDEBUG[0m monitoring_worker - Waiting for a job. (etcd_worker.py - 217)
2017-05-11 04:23:27,691 [1;34mDEBUG[0m monitoring_worker - 7 job slots available (etcd_worker.py - 212)
2017-05-11 04:23:27,695 [1;34mDEBUG[0m monitoring_worker - Starting work on new ready job create:monitoring_worker:ese_physical_port:8a4bbfe0-5aae-42f5-8b94-c4c14b9e7306:1:l4kqp (etcd_worker.py - 113)
2017-05-11 04:23:27,695 [1;34mDEBUG[0m monitoring_worker - Running job create ese_physical_port:8a4bbfe0-5aae-42f5-8b94-c4c14b9e7306 (monitoring_worker.py - 178)
2017-05-11 04:23:27,696 [1;34mDEBUG[0m monitoring_worker - Template id ese_physical_port_monitoring resolved from mapping: Cese_physical_port_monitoring (resources.py - 838)
2017-05-11 04:23:27,705 [1;34mDEBUG[0m monitoring_worker - Posted message to topic: "monitor_physical_port", data: {'gohan_resource_type': u'ese_physical_ports', 'name': 'port', 'tenant_id': u'0b576f6f4cbf414f829cd12f008bf08f', 'version': 1, 'action': u'create', 'gohan_id': u'8a4bbfe0-5aae-42f5-8b94-c4c14b9e7306', 'properties': {'community_name': 'ESE_NODE_COMMUNITY', 'device_ip': '10.161.0.34', 'name': 'xe-0/0/4'}} (monitoring_kafka.py - 61)
2017-05-11 04:23:27,705 [1;34mDEBUG[0m monitoring_worker - Finished job create ese_physical_port:8a4bbfe0-5aae-42f5-8b94-c4c14b9e7306, status:
{'port': 'ACTIVE'} (monitoring_worker.py - 189)
2017-05-11 04:23:27,751 [1;34mDEBUG[0m monitoring_worker - Job create:monitoring_worker:ese_physical_port:8a4bbfe0-5aae-42f5-8b94-c4c14b9e7306:1:l4kqp finished. (job_queue.py - 266)
2017-05-11 04:23:27,751 [1;34mDEBUG[0m monitoring_worker - Trying to delete internal process state for resource ese_physical_port:8a4bbfe0-5aae-42f5-8b94-c4c14b9e7306 (resources.py - 706)
2017-05-11 04:23:31,495 [1;34mDEBUG[0m monitoring_worker - Reserved job: create:monitoring_worker:edge_router:9b82b55a-551e-4069-ae77-c972e30ab0cc:1:iybq9 using id: 7ac8cc71-effc-40e4-806a-7621fbc18793 (job_queue.py - 245)
2017-05-11 04:23:31,497 [1;34mDEBUG[0m monitoring_worker - Waiting for a job. (etcd_worker.py - 217)
2017-05-11 04:23:31,497 [1;34mDEBUG[0m monitoring_worker - 7 job slots available (etcd_worker.py - 212)
2017-05-11 04:23:31,514 [1;34mDEBUG[0m monitoring_worker - Starting work on new ready job create:monitoring_worker:edge_router:9b82b55a-551e-4069-ae77-c972e30ab0cc:1:iybq9 (etcd_worker.py - 113)
2017-05-11 04:23:31,514 [1;34mDEBUG[0m monitoring_worker - Running job create edge_router:9b82b55a-551e-4069-ae77-c972e30ab0cc (monitoring_worker.py - 178)
2017-05-11 04:23:31,514 [1;34mDEBUG[0m monitoring_worker - Template id edge_router_monitoring resolved from mapping: Cedge_router_monitoring (resources.py - 838)
2017-05-11 04:23:31,527 [1;34mDEBUG[0m monitoring_worker - Posted message to topic: "monitor_snmp_device", data: {'gohan_resource_type': u'edge_routers', 'name': 'router', 'tenant_id': u'0b576f6f4cbf414f829cd12f008bf08f', 'version': 1, 'action': u'create', 'gohan_id': u'9b82b55a-551e-4069-ae77-c972e30ab0cc', 'properties': {'ip': '10.79.5.185', 'community_name': 'EDGE_ROUTER_COMMUNITY', 'mibs': []}} (monitoring_kafka.py - 61)
2017-05-11 04:23:31,527 [1;34mDEBUG[0m monitoring_worker - Finished job create edge_router:9b82b55a-551e-4069-ae77-c972e30ab0cc, status:
{'router': 'ACTIVE'} (monitoring_worker.py - 189)
2017-05-11 04:23:31,605 [1;34mDEBUG[0m monitoring_worker - Job create:monitoring_worker:edge_router:9b82b55a-551e-4069-ae77-c972e30ab0cc:1:iybq9 finished. (job_queue.py - 266)
2017-05-11 04:23:31,606 [1;34mDEBUG[0m monitoring_worker - Trying to delete internal process state for resource edge_router:9b82b55a-551e-4069-ae77-c972e30ab0cc (resources.py - 706)
2017-05-11 04:23:33,331 [1;34mDEBUG[0m monitoring_worker - Reserved job: create:monitoring_worker:edge_router:198b93f2-006e-45b6-96d3-e7ef6f759501:1:wngsi using id: 73b39a32-59ee-484d-84c5-ab83437ae372 (job_queue.py - 245)
2017-05-11 04:23:33,336 [1;34mDEBUG[0m monitoring_worker - Waiting for a job. (etcd_worker.py - 217)
2017-05-11 04:23:33,336 [1;34mDEBUG[0m monitoring_worker - 7 job slots available (etcd_worker.py - 212)
2017-05-11 04:23:33,344 [1;34mDEBUG[0m monitoring_worker - Starting work on new ready job create:monitoring_worker:edge_router:198b93f2-006e-45b6-96d3-e7ef6f759501:1:wngsi (etcd_worker.py - 113)
2017-05-11 04:23:33,344 [1;34mDEBUG[0m monitoring_worker - Running job create edge_router:198b93f2-006e-45b6-96d3-e7ef6f759501 (monitoring_worker.py - 178)
2017-05-11 04:23:33,345 [1;34mDEBUG[0m monitoring_worker - Template id edge_router_monitoring resolved from mapping: Cedge_router_monitoring (resources.py - 838)
2017-05-11 04:23:33,359 [1;34mDEBUG[0m monitoring_worker - Posted message to topic: "monitor_snmp_device", data: {'gohan_resource_type': u'edge_routers', 'name': 'router', 'tenant_id': u'0b576f6f4cbf414f829cd12f008bf08f', 'version': 1, 'action': u'create', 'gohan_id': u'198b93f2-006e-45b6-96d3-e7ef6f759501', 'properties': {'ip': '10.79.5.184', 'community_name': 'EDGE_ROUTER_COMMUNITY', 'mibs': []}} (monitoring_kafka.py - 61)
2017-05-11 04:23:33,359 [1;34mDEBUG[0m monitoring_worker - Finished job create edge_router:198b93f2-006e-45b6-96d3-e7ef6f759501, status:
{'router': 'ACTIVE'} (monitoring_worker.py - 189)
2017-05-11 04:23:33,401 [1;34mDEBUG[0m monitoring_worker - Job create:monitoring_worker:edge_router:198b93f2-006e-45b6-96d3-e7ef6f759501:1:wngsi finished. (job_queue.py - 266)
2017-05-11 04:23:33,401 [1;34mDEBUG[0m monitoring_worker - Trying to delete internal process state for resource edge_router:198b93f2-006e-45b6-96d3-e7ef6f759501 (resources.py - 706)
2017-05-11 04:23:35,310 [1;34mDEBUG[0m monitoring_worker - Reserved job: create:monitoring_worker:ha_router:d4286c1d-86e7-42d3-9d84-a4d9daa3ae17:1:r723b using id: 96116b7a-17d4-4990-95b9-1d395bc6adaf (job_queue.py - 245)
2017-05-11 04:23:35,312 [1;34mDEBUG[0m monitoring_worker - Waiting for a job. (etcd_worker.py - 217)
2017-05-11 04:23:35,312 [1;34mDEBUG[0m monitoring_worker - 7 job slots available (etcd_worker.py - 212)
2017-05-11 04:23:35,321 [1;34mDEBUG[0m monitoring_worker - Starting work on new ready job create:monitoring_worker:ha_router:d4286c1d-86e7-42d3-9d84-a4d9daa3ae17:1:r723b (etcd_worker.py - 113)
2017-05-11 04:23:35,322 [1;34mDEBUG[0m monitoring_worker - Running job create ha_router:d4286c1d-86e7-42d3-9d84-a4d9daa3ae17 (monitoring_worker.py - 178)
2017-05-11 04:23:35,322 [1;34mDEBUG[0m monitoring_worker - Template id ha_router_monitoring resolved from mapping: Cha_router_monitoring (resources.py - 838)
2017-05-11 04:23:35,327 [1;34mDEBUG[0m monitoring_worker - Finished job create ha_router:d4286c1d-86e7-42d3-9d84-a4d9daa3ae17, status:
{'primary': 'ACTIVE', 'secondary': 'ACTIVE'} (monitoring_worker.py - 189)
2017-05-11 04:23:35,373 [1;34mDEBUG[0m monitoring_worker - Job create:monitoring_worker:ha_router:d4286c1d-86e7-42d3-9d84-a4d9daa3ae17:1:r723b finished. (job_queue.py - 266)
2017-05-11 04:23:35,374 [1;34mDEBUG[0m monitoring_worker - Trying to delete internal process state for resource ha_router:d4286c1d-86e7-42d3-9d84-a4d9daa3ae17 (resources.py - 706)
2017-05-11 04:23:37,204 [1;34mDEBUG[0m monitoring_worker - Reserved job: create:monitoring_worker:er_physical_interface:1fda2a88-f7e9-4982-9ce2-d65c9611aae7:1:hi5em using id: b5edd1b7-1d4c-493c-bb5a-3e34ef0674a2 (job_queue.py - 245)
2017-05-11 04:23:37,206 [1;34mDEBUG[0m monitoring_worker - Waiting for a job. (etcd_worker.py - 217)
2017-05-11 04:23:37,206 [1;34mDEBUG[0m monitoring_worker - 7 job slots available (etcd_worker.py - 212)
2017-05-11 04:23:37,214 [1;34mDEBUG[0m monitoring_worker - Starting work on new ready job create:monitoring_worker:er_physical_interface:1fda2a88-f7e9-4982-9ce2-d65c9611aae7:1:hi5em (etcd_worker.py - 113)
2017-05-11 04:23:37,214 [1;34mDEBUG[0m monitoring_worker - Running job create er_physical_interface:1fda2a88-f7e9-4982-9ce2-d65c9611aae7 (monitoring_worker.py - 178)
2017-05-11 04:23:37,215 [1;34mDEBUG[0m monitoring_worker - Template id er_physical_interface_monitoring resolved from mapping: Cer_physical_interface_monitoring (resources.py - 838)
2017-05-11 04:23:37,228 [1;34mDEBUG[0m monitoring_worker - Posted message to topic: "monitor_physical_port", data: {'gohan_resource_type': u'er_physical_interfaces', 'name': 'interface', 'tenant_id': u'0b576f6f4cbf414f829cd12f008bf08f', 'version': 1, 'action': u'create', 'gohan_id': u'1fda2a88-f7e9-4982-9ce2-d65c9611aae7', 'properties': {'community_name': 'EDGE_ROUTER_COMMUNITY', 'device_ip': '10.79.5.185', 'name': 'ae0'}} (monitoring_kafka.py - 61)
2017-05-11 04:23:37,229 [1;34mDEBUG[0m monitoring_worker - Finished job create er_physical_interface:1fda2a88-f7e9-4982-9ce2-d65c9611aae7, status:
{'interface': 'ACTIVE'} (monitoring_worker.py - 189)
2017-05-11 04:23:37,270 [1;34mDEBUG[0m monitoring_worker - Job create:monitoring_worker:er_physical_interface:1fda2a88-f7e9-4982-9ce2-d65c9611aae7:1:hi5em finished. (job_queue.py - 266)
2017-05-11 04:23:37,270 [1;34mDEBUG[0m monitoring_worker - Trying to delete internal process state for resource er_physical_interface:1fda2a88-f7e9-4982-9ce2-d65c9611aae7 (resources.py - 706)
2017-05-11 04:23:40,135 [1;34mDEBUG[0m monitoring_worker - Reserved job: create:monitoring_worker:er_physical_interface:469e4283-80e6-491c-830f-c483c1f7c695:1:js8ct using id: b70f03ba-c899-41e9-a46f-3a1099b31241 (job_queue.py - 245)
2017-05-11 04:23:40,137 [1;34mDEBUG[0m monitoring_worker - Waiting for a job. (etcd_worker.py - 217)
2017-05-11 04:23:40,137 [1;34mDEBUG[0m monitoring_worker - 7 job slots available (etcd_worker.py - 212)
2017-05-11 04:23:40,142 [1;34mDEBUG[0m monitoring_worker - Starting work on new ready job create:monitoring_worker:er_physical_interface:469e4283-80e6-491c-830f-c483c1f7c695:1:js8ct (etcd_worker.py - 113)
2017-05-11 04:23:40,142 [1;34mDEBUG[0m monitoring_worker - Running job create er_physical_interface:469e4283-80e6-491c-830f-c483c1f7c695 (monitoring_worker.py - 178)
2017-05-11 04:23:40,143 [1;34mDEBUG[0m monitoring_worker - Template id er_physical_interface_monitoring resolved from mapping: Cer_physical_interface_monitoring (resources.py - 838)
2017-05-11 04:23:40,155 [1;34mDEBUG[0m monitoring_worker - Posted message to topic: "monitor_physical_port", data: {'gohan_resource_type': u'er_physical_interfaces', 'name': 'interface', 'tenant_id': u'0b576f6f4cbf414f829cd12f008bf08f', 'version': 1, 'action': u'create', 'gohan_id': u'469e4283-80e6-491c-830f-c483c1f7c695', 'properties': {'community_name': 'EDGE_ROUTER_COMMUNITY', 'device_ip': '10.79.5.184', 'name': 'ae0'}} (monitoring_kafka.py - 61)
2017-05-11 04:23:40,155 [1;34mDEBUG[0m monitoring_worker - Finished job create er_physical_interface:469e4283-80e6-491c-830f-c483c1f7c695, status:
{'interface': 'ACTIVE'} (monitoring_worker.py - 189)
2017-05-11 04:23:40,190 [1;34mDEBUG[0m monitoring_worker - Job create:monitoring_worker:er_physical_interface:469e4283-80e6-491c-830f-c483c1f7c695:1:js8ct finished. (job_queue.py - 266)
2017-05-11 04:23:40,190 [1;34mDEBUG[0m monitoring_worker - Trying to delete internal process state for resource er_physical_interface:469e4283-80e6-491c-830f-c483c1f7c695 (resources.py - 706)
2017-05-11 04:23:42,497 [1;34mDEBUG[0m monitoring_worker - Reserved job: create:monitoring_worker:ha_interface:1205d3f2-7568-412a-a554-012340ab3172:1:r9e1w using id: fc256d89-5223-4bac-b956-054e0701e55e (job_queue.py - 245)
2017-05-11 04:23:42,498 [1;34mDEBUG[0m monitoring_worker - Waiting for a job. (etcd_worker.py - 217)
2017-05-11 04:23:42,498 [1;34mDEBUG[0m monitoring_worker - 7 job slots available (etcd_worker.py - 212)
2017-05-11 04:23:42,504 [1;34mDEBUG[0m monitoring_worker - Starting work on new ready job create:monitoring_worker:ha_interface:1205d3f2-7568-412a-a554-012340ab3172:1:r9e1w (etcd_worker.py - 113)
2017-05-11 04:23:42,505 [1;34mDEBUG[0m monitoring_worker - Running job create ha_interface:1205d3f2-7568-412a-a554-012340ab3172 (monitoring_worker.py - 178)
2017-05-11 04:23:42,505 [1;34mDEBUG[0m monitoring_worker - Template id ha_interface_monitoring resolved from mapping: Cha_interface_monitoring (resources.py - 838)
2017-05-11 04:23:42,509 [1;34mDEBUG[0m monitoring_worker - Finished job create ha_interface:1205d3f2-7568-412a-a554-012340ab3172, status:
{'primary': 'ACTIVE', 'secondary': 'ACTIVE'} (monitoring_worker.py - 189)
2017-05-11 04:23:42,552 [1;34mDEBUG[0m monitoring_worker - Job create:monitoring_worker:ha_interface:1205d3f2-7568-412a-a554-012340ab3172:1:r9e1w finished. (job_queue.py - 266)
2017-05-11 04:23:42,553 [1;34mDEBUG[0m monitoring_worker - Trying to delete internal process state for resource ha_interface:1205d3f2-7568-412a-a554-012340ab3172 (resources.py - 706)
2017-05-11 04:24:12,059 [1;34mDEBUG[0m monitoring_worker - GetJob timeout. (etcd_worker.py - 225)
2017-05-11 04:24:12,059 [1;34mDEBUG[0m monitoring_worker - Waiting for a job. (etcd_worker.py - 217)
2017-05-11 04:24:12,060 [1;34mDEBUG[0m monitoring_worker - 8 job slots available (etcd_worker.py - 212)
2017-05-11 04:24:23,620 [1;34mDEBUG[0m monitoring_worker - Reserved job: create:monitoring_worker:internet_gateway:429e24b5-a2f0-4fb8-b467-e335857e9476:1:fmke3 using id: b3e3eacd-dd91-4407-b2af-a072d964b086 (job_queue.py - 245)
2017-05-11 04:24:23,623 [1;34mDEBUG[0m monitoring_worker - Waiting for a job. (etcd_worker.py - 217)
2017-05-11 04:24:23,623 [1;34mDEBUG[0m monitoring_worker - 7 job slots available (etcd_worker.py - 212)
2017-05-11 04:24:23,627 [1;34mDEBUG[0m monitoring_worker - Starting work on new ready job create:monitoring_worker:internet_gateway:429e24b5-a2f0-4fb8-b467-e335857e9476:1:fmke3 (etcd_worker.py - 113)
2017-05-11 04:24:23,627 [1;34mDEBUG[0m monitoring_worker - Running job create internet_gateway:429e24b5-a2f0-4fb8-b467-e335857e9476 (monitoring_worker.py - 178)
2017-05-11 04:24:23,628 [1;34mDEBUG[0m monitoring_worker - Template id internet_gateway_monitoring resolved from mapping: Cinternet_gateway_monitoring (resources.py - 838)
2017-05-11 04:24:23,649 [1;34mDEBUG[0m monitoring_worker - Posted message to topic: "monitor_igs_counter", data: {'gohan_resource_type': u'internet_gateways', 'name': 'counter_primary', 'tenant_id': u'0b576f6f4cbf414f829cd12f008bf08f', 'version': 1, 'action': u'create', 'gohan_id': u'429e24b5-a2f0-4fb8-b467-e335857e9476', 'properties': {'server_password': 'esiesi0000', 'server_ssh_port': 830, 'counter_name_out_secondary': 'vrf_gw_sample-ha-router-downlink_1025_OUT', 'primary_server_ip': '10.79.5.185', 'counter_name_in_secondary': 'vrf_gw_sample-ha-router-downlink_1025_IN', 'counter_name_in_primary': 'vrf_gw_sample-ha-router-downlink_1025_IN', 'secondary_server_ip': '10.79.5.184', 'in_firewall_name': 'INET_IN', 'server_username': 'esi', 'counter_name_out_primary': 'vrf_gw_sample-ha-router-downlink_1025_OUT', 'out_firewall_name': 'INET_OUT'}} (monitoring_kafka.py - 61)
2017-05-11 04:24:23,667 [1;34mDEBUG[0m monitoring_worker - Updating monitoring mapping, sql:

            INSERT INTO resource_mappings(id, tenant_id, resource_type,
                                resource_id, mapped_id,
                                relation, created)
            VALUES ('f3010659-2a05-4b5f-add1-0e2abc31f75a', '0b576f6f4cbf414f829cd12f008bf08f', 'internet_gateway', '429e24b5-a2f0-4fb8-b467-e335857e9476', '10.79.5.185-INET_IN-vrf_gw_sample-ha-router-downlink_1025_IN', 'primary_in', 1494476663)
             (mysql_client.py - 66)
2017-05-11 04:24:23,681 [1;34mDEBUG[0m monitoring_worker - Updating monitoring mapping, sql:

            INSERT INTO resource_mappings(id, tenant_id, resource_type,
                                resource_id, mapped_id,
                                relation, created)
            VALUES ('11cb2015-fadc-4ae2-b0cf-b7ae280baebb', '0b576f6f4cbf414f829cd12f008bf08f', 'internet_gateway', '429e24b5-a2f0-4fb8-b467-e335857e9476', '10.79.5.185-INET_OUT-vrf_gw_sample-ha-router-downlink_1025_OUT', 'primary_out', 1494476663)
             (mysql_client.py - 66)
2017-05-11 04:24:23,693 [1;34mDEBUG[0m monitoring_worker - Updating monitoring mapping, sql:

            INSERT INTO resource_mappings(id, tenant_id, resource_type,
                                resource_id, mapped_id,
                                relation, created)
            VALUES ('075c5413-cdf3-4bb5-b7b1-6100f3cecb25', '0b576f6f4cbf414f829cd12f008bf08f', 'internet_gateway', '429e24b5-a2f0-4fb8-b467-e335857e9476', '10.79.5.184-INET_IN-vrf_gw_sample-ha-router-downlink_1025_IN', 'secondary_in', 1494476663)
             (mysql_client.py - 66)
2017-05-11 04:24:23,705 [1;34mDEBUG[0m monitoring_worker - Updating monitoring mapping, sql:

            INSERT INTO resource_mappings(id, tenant_id, resource_type,
                                resource_id, mapped_id,
                                relation, created)
            VALUES ('b3d2f0fb-3765-4485-a88d-44b46fe191df', '0b576f6f4cbf414f829cd12f008bf08f', 'internet_gateway', '429e24b5-a2f0-4fb8-b467-e335857e9476', '10.79.5.184-INET_OUT-vrf_gw_sample-ha-router-downlink_1025_OUT', 'secondary_out', 1494476663)
             (mysql_client.py - 66)
2017-05-11 04:24:23,717 [1;34mDEBUG[0m monitoring_worker - Finished job create internet_gateway:429e24b5-a2f0-4fb8-b467-e335857e9476, status:
{'downlink': 'ACTIVE', 'uplink': 'ACTIVE'} (monitoring_worker.py - 189)
2017-05-11 04:24:23,755 [1;34mDEBUG[0m monitoring_worker - Job create:monitoring_worker:internet_gateway:429e24b5-a2f0-4fb8-b467-e335857e9476:1:fmke3 finished. (job_queue.py - 266)
2017-05-11 04:24:23,756 [1;34mDEBUG[0m monitoring_worker - Trying to delete internal process state for resource internet_gateway:429e24b5-a2f0-4fb8-b467-e335857e9476 (resources.py - 706)
2017-05-11 04:24:53,448 [1;34mDEBUG[0m monitoring_worker - GetJob timeout. (etcd_worker.py - 225)
2017-05-11 04:24:53,448 [1;34mDEBUG[0m monitoring_worker - Waiting for a job. (etcd_worker.py - 217)
2017-05-11 04:24:53,449 [1;34mDEBUG[0m monitoring_worker - 8 job slots available (etcd_worker.py - 212)
2017-05-11 04:25:03,347 [1;34mDEBUG[0m monitoring_worker - Reserved job: create:monitoring_worker:network:52d7bef8-aa17-45c3-b63e-6a0e504603f0:1:2f10n using id: b7fe572e-4d56-46d9-992a-294391e6cf56 (job_queue.py - 245)
2017-05-11 04:25:03,348 [1;34mDEBUG[0m monitoring_worker - Waiting for a job. (etcd_worker.py - 217)
2017-05-11 04:25:03,349 [1;34mDEBUG[0m monitoring_worker - 7 job slots available (etcd_worker.py - 212)
2017-05-11 04:25:03,355 [1;34mDEBUG[0m monitoring_worker - Starting work on new ready job create:monitoring_worker:network:52d7bef8-aa17-45c3-b63e-6a0e504603f0:1:2f10n (etcd_worker.py - 113)
2017-05-11 04:25:03,355 [1;34mDEBUG[0m monitoring_worker - Running job create network:52d7bef8-aa17-45c3-b63e-6a0e504603f0 (monitoring_worker.py - 178)
2017-05-11 04:25:03,356 [1;34mDEBUG[0m monitoring_worker - Template id network_monitoring resolved from mapping: Cnetwork_monitoring (resources.py - 838)
2017-05-11 04:25:03,380 [1;34mDEBUG[0m monitoring_worker - Posted message to topic: "monitor_virtual_network", data: {'gohan_resource_type': u'networks', 'name': 'network', 'tenant_id': u'0b576f6f4cbf414f829cd12f008bf08f', 'version': 1, 'action': u'create', 'gohan_id': u'52d7bef8-aa17-45c3-b63e-6a0e504603f0', 'properties': {'fq_name': 'default-domain:admin:52d7bef8-aa17-45c3-b63e-6a0e504603f0', 'uuid': '52d7bef8-aa17-45c3-b63e-6a0e504603f0'}} (monitoring_kafka.py - 61)
2017-05-11 04:25:03,383 [1;34mDEBUG[0m monitoring_worker - Updating monitoring mapping, sql:

            INSERT INTO resource_mappings(id, tenant_id, resource_type,
                                resource_id, mapped_id,
                                relation, created)
            VALUES ('f6a5fc1b-695d-4921-923a-92af07f52c2b', '0b576f6f4cbf414f829cd12f008bf08f', 'network', '52d7bef8-aa17-45c3-b63e-6a0e504603f0', '52d7bef8-aa17-45c3-b63e-6a0e504603f0', 'instance', 1494476703)
             (mysql_client.py - 66)
2017-05-11 04:25:03,398 [1;34mDEBUG[0m monitoring_worker - Finished job create network:52d7bef8-aa17-45c3-b63e-6a0e504603f0, status:
{'network': 'ACTIVE'} (monitoring_worker.py - 189)
2017-05-11 04:25:03,452 [1;34mDEBUG[0m monitoring_worker - Job create:monitoring_worker:network:52d7bef8-aa17-45c3-b63e-6a0e504603f0:1:2f10n finished. (job_queue.py - 266)
2017-05-11 04:25:03,452 [1;34mDEBUG[0m monitoring_worker - Trying to delete internal process state for resource network:52d7bef8-aa17-45c3-b63e-6a0e504603f0 (resources.py - 706)
2017-05-11 04:25:33,213 [1;34mDEBUG[0m monitoring_worker - GetJob timeout. (etcd_worker.py - 225)
2017-05-11 04:25:33,213 [1;34mDEBUG[0m monitoring_worker - Waiting for a job. (etcd_worker.py - 217)
2017-05-11 04:25:33,214 [1;34mDEBUG[0m monitoring_worker - 8 job slots available (etcd_worker.py - 212)
2017-05-11 04:25:57,057 [1;34mDEBUG[0m monitoring_worker - Reserved job: create:monitoring_worker:gw_interface:b9618566-14ea-4505-8eae-8fdb4b6a0ec1:1:zn1cr using id: dae02df0-ded7-4641-b1b8-6e8542100a79 (job_queue.py - 245)
2017-05-11 04:25:57,059 [1;34mDEBUG[0m monitoring_worker - Waiting for a job. (etcd_worker.py - 217)
2017-05-11 04:25:57,059 [1;34mDEBUG[0m monitoring_worker - 7 job slots available (etcd_worker.py - 212)
2017-05-11 04:25:57,067 [1;34mDEBUG[0m monitoring_worker - Starting work on new ready job create:monitoring_worker:gw_interface:b9618566-14ea-4505-8eae-8fdb4b6a0ec1:1:zn1cr (etcd_worker.py - 113)
2017-05-11 04:25:57,067 [1;34mDEBUG[0m monitoring_worker - Running job create gw_interface:b9618566-14ea-4505-8eae-8fdb4b6a0ec1 (monitoring_worker.py - 178)
2017-05-11 04:25:57,068 [1;34mDEBUG[0m monitoring_worker - Template id gw_interface_monitoring resolved from mapping: Cgw_interface_monitoring (resources.py - 838)
2017-05-11 04:25:57,107 [1;34mDEBUG[0m monitoring_worker - Posted message to topic: "monitor_igs_interface", data: {'gohan_resource_type': u'gw_interfaces', 'name': 'primary', 'tenant_id': u'0b576f6f4cbf414f829cd12f008bf08f', 'version': 1, 'action': u'create', 'gohan_id': u'b9618566-14ea-4505-8eae-8fdb4b6a0ec1', 'properties': {'vrid': 20, 'host': '10.79.5.185', 'interface': 'ae0.1025', 'login': 'esi', 'password': 'esiesi0000', 'port': 830}} (monitoring_kafka.py - 61)
2017-05-11 04:25:57,110 [1;34mDEBUG[0m monitoring_worker - Posted message to topic: "monitor_igs_interface", data: {'gohan_resource_type': u'gw_interfaces', 'name': 'secondary', 'tenant_id': u'0b576f6f4cbf414f829cd12f008bf08f', 'version': 1, 'action': u'create', 'gohan_id': u'b9618566-14ea-4505-8eae-8fdb4b6a0ec1', 'properties': {'vrid': 20, 'host': '10.79.5.184', 'interface': 'ae0.1025', 'login': 'esi', 'password': 'esiesi0000', 'port': 830}} (monitoring_kafka.py - 61)
2017-05-11 04:25:57,114 [1;34mDEBUG[0m monitoring_worker - Updating monitoring mapping, sql:

            INSERT INTO resource_mappings(id, tenant_id, resource_type,
                                resource_id, mapped_id,
                                relation, created)
            VALUES ('132e577f-b4ee-4ed1-8736-9f6d95caf41a', '0b576f6f4cbf414f829cd12f008bf08f', 'gw_interface', 'b9618566-14ea-4505-8eae-8fdb4b6a0ec1', '10.79.5.185-ae0.1025', 'internet_primary', 1494476757)
             (mysql_client.py - 66)
2017-05-11 04:25:57,128 [1;34mDEBUG[0m monitoring_worker - Updating monitoring mapping, sql:

            INSERT INTO resource_mappings(id, tenant_id, resource_type,
                                resource_id, mapped_id,
                                relation, created)
            VALUES ('28146326-7873-403b-a4e4-dcbb88120814', '0b576f6f4cbf414f829cd12f008bf08f', 'gw_interface', 'b9618566-14ea-4505-8eae-8fdb4b6a0ec1', '10.79.5.184-ae0.1025', 'internet_secondary', 1494476757)
             (mysql_client.py - 66)
2017-05-11 04:25:57,141 [1;34mDEBUG[0m monitoring_worker - Finished job create gw_interface:b9618566-14ea-4505-8eae-8fdb4b6a0ec1, status:
{'primary': 'master', 'secondary': 'backup'} (monitoring_worker.py - 189)
2017-05-11 04:25:57,183 [1;34mDEBUG[0m monitoring_worker - Job create:monitoring_worker:gw_interface:b9618566-14ea-4505-8eae-8fdb4b6a0ec1:1:zn1cr finished. (job_queue.py - 266)
2017-05-11 04:25:57,183 [1;34mDEBUG[0m monitoring_worker - Trying to delete internal process state for resource gw_interface:b9618566-14ea-4505-8eae-8fdb4b6a0ec1 (resources.py - 706)
2017-05-11 04:26:00,620 [1;34mDEBUG[0m monitoring_worker - Reserved job: create:monitoring_worker:port:b411d930-df4c-4766-ae66-d0aed9d27c76:1:cy0qy using id: c931c8cb-958f-4f1b-8116-792e4ad9c619 (job_queue.py - 245)
2017-05-11 04:26:00,621 [1;34mDEBUG[0m monitoring_worker - Waiting for a job. (etcd_worker.py - 217)
2017-05-11 04:26:00,621 [1;34mDEBUG[0m monitoring_worker - 7 job slots available (etcd_worker.py - 212)
2017-05-11 04:26:00,627 [1;34mDEBUG[0m monitoring_worker - Starting work on new ready job create:monitoring_worker:port:b411d930-df4c-4766-ae66-d0aed9d27c76:1:cy0qy (etcd_worker.py - 113)
2017-05-11 04:26:00,628 [1;34mDEBUG[0m monitoring_worker - Running job create port:b411d930-df4c-4766-ae66-d0aed9d27c76 (monitoring_worker.py - 178)
2017-05-11 04:26:00,630 [1;34mDEBUG[0m monitoring_worker - Template id port_monitoring resolved from mapping: {u'else_mapping': {u'constant': u'port_monitoring'}, u'if_mapping': {u'regexp': [{u'field': u'device_owner'}, {u'constant': u'network:dhcp|network:empty'}]}, u'then_mapping': {u'constant': None}} (resources.py - 838)
2017-05-11 04:26:00,647 [1;34mDEBUG[0m monitoring_worker - Finished job create port:b411d930-df4c-4766-ae66-d0aed9d27c76, status:
{} (monitoring_worker.py - 189)
2017-05-11 04:26:00,697 [1;34mDEBUG[0m monitoring_worker - Job create:monitoring_worker:port:b411d930-df4c-4766-ae66-d0aed9d27c76:1:cy0qy finished. (job_queue.py - 266)
2017-05-11 04:26:00,697 [1;34mDEBUG[0m monitoring_worker - Trying to delete internal process state for resource port:b411d930-df4c-4766-ae66-d0aed9d27c76 (resources.py - 706)
2017-05-11 04:26:01,004 [1;34mDEBUG[0m monitoring_worker - Reserved job: create:monitoring_worker:port:7abe783f-4837-417d-b76f-771ec4d38b97:1:ui963 using id: c3e4ceb5-d3fe-4cda-804d-27518daa21c4 (job_queue.py - 245)
2017-05-11 04:26:01,007 [1;34mDEBUG[0m monitoring_worker - Waiting for a job. (etcd_worker.py - 217)
2017-05-11 04:26:01,007 [1;34mDEBUG[0m monitoring_worker - 7 job slots available (etcd_worker.py - 212)
2017-05-11 04:26:01,011 [1;34mDEBUG[0m monitoring_worker - Starting work on new ready job create:monitoring_worker:port:7abe783f-4837-417d-b76f-771ec4d38b97:1:ui963 (etcd_worker.py - 113)
2017-05-11 04:26:01,012 [1;34mDEBUG[0m monitoring_worker - Running job create port:7abe783f-4837-417d-b76f-771ec4d38b97 (monitoring_worker.py - 178)
2017-05-11 04:26:01,013 [1;34mDEBUG[0m monitoring_worker - Template id port_monitoring resolved from mapping: {u'else_mapping': {u'constant': u'port_monitoring'}, u'if_mapping': {u'regexp': [{u'field': u'device_owner'}, {u'constant': u'network:dhcp|network:empty'}]}, u'then_mapping': {u'constant': None}} (resources.py - 838)
2017-05-11 04:26:01,028 [1;34mDEBUG[0m monitoring_worker - Finished job create port:7abe783f-4837-417d-b76f-771ec4d38b97, status:
{} (monitoring_worker.py - 189)
2017-05-11 04:26:01,078 [1;34mDEBUG[0m monitoring_worker - Job create:monitoring_worker:port:7abe783f-4837-417d-b76f-771ec4d38b97:1:ui963 finished. (job_queue.py - 266)
2017-05-11 04:26:01,079 [1;34mDEBUG[0m monitoring_worker - Trying to delete internal process state for resource port:7abe783f-4837-417d-b76f-771ec4d38b97 (resources.py - 706)
2017-05-11 04:26:03,017 [1;34mDEBUG[0m monitoring_worker - Reserved job: create:monitoring_worker:ese_logical_port:b1cf2461-ecb9-4923-966e-e61211f8b03c:1:x7v5f using id: 284c4417-bb19-4541-83c2-9b194b95f42b (job_queue.py - 245)
2017-05-11 04:26:03,018 [1;34mDEBUG[0m monitoring_worker - Waiting for a job. (etcd_worker.py - 217)
2017-05-11 04:26:03,019 [1;34mDEBUG[0m monitoring_worker - 7 job slots available (etcd_worker.py - 212)
2017-05-11 04:26:03,023 [1;34mDEBUG[0m monitoring_worker - Starting work on new ready job create:monitoring_worker:ese_logical_port:b1cf2461-ecb9-4923-966e-e61211f8b03c:1:x7v5f (etcd_worker.py - 113)
2017-05-11 04:26:03,024 [1;34mDEBUG[0m monitoring_worker - Running job create ese_logical_port:b1cf2461-ecb9-4923-966e-e61211f8b03c (monitoring_worker.py - 178)
2017-05-11 04:26:03,024 [1;34mDEBUG[0m monitoring_worker - Template id ese_logical_port_monitoring resolved from mapping: Cese_logical_port_monitoring (resources.py - 838)
2017-05-11 04:26:03,041 [1;34mDEBUG[0m monitoring_worker - Posted message to topic: "monitor_logical_port", data: {'gohan_resource_type': u'ese_logical_ports', 'name': 'logical_port', 'tenant_id': u'0b576f6f4cbf414f829cd12f008bf08f', 'version': 1, 'action': u'create', 'gohan_id': u'b1cf2461-ecb9-4923-966e-e61211f8b03c', 'properties': {'community_name': 'ESE_NODE_COMMUNITY', 'device_ip': '10.161.0.34', 'name': 'xe-0/0/3.1025'}} (monitoring_kafka.py - 61)
2017-05-11 04:26:03,045 [1;34mDEBUG[0m monitoring_worker - Updating monitoring mapping, sql:

            INSERT INTO resource_mappings(id, tenant_id, resource_type,
                                resource_id, mapped_id,
                                relation, created)
            VALUES ('bba0ee42-7e4a-45ed-a6d3-49a1a7e3c706', '0b576f6f4cbf414f829cd12f008bf08f', 'port', 'b411d930-df4c-4766-ae66-d0aed9d27c76', '10.161.0.34-xe-0/0/3.1025', 'baremetal', 1494476763)
             (mysql_client.py - 66)
2017-05-11 04:26:03,054 [1;34mDEBUG[0m monitoring_worker - Finished job create ese_logical_port:b1cf2461-ecb9-4923-966e-e61211f8b03c, status:
{'logical_port': 'ACTIVE'} (monitoring_worker.py - 189)
2017-05-11 04:26:03,112 [1;34mDEBUG[0m monitoring_worker - Job create:monitoring_worker:ese_logical_port:b1cf2461-ecb9-4923-966e-e61211f8b03c:1:x7v5f finished. (job_queue.py - 266)
2017-05-11 04:26:03,112 [1;34mDEBUG[0m monitoring_worker - Trying to delete internal process state for resource ese_logical_port:b1cf2461-ecb9-4923-966e-e61211f8b03c (resources.py - 706)
2017-05-11 04:26:03,265 [1;34mDEBUG[0m monitoring_worker - Reserved job: delete:monitoring_worker:port:b411d930-df4c-4766-ae66-d0aed9d27c76:2:lal62 using id: 514c66c5-9120-49a1-b567-408eca606a01 (job_queue.py - 245)
2017-05-11 04:26:03,267 [1;34mDEBUG[0m monitoring_worker - Waiting for a job. (etcd_worker.py - 217)
2017-05-11 04:26:03,267 [1;34mDEBUG[0m monitoring_worker - 7 job slots available (etcd_worker.py - 212)
2017-05-11 04:26:03,287 [1;34mDEBUG[0m monitoring_worker - Starting work on new ready job delete:monitoring_worker:port:b411d930-df4c-4766-ae66-d0aed9d27c76:2:lal62 (etcd_worker.py - 113)
2017-05-11 04:26:03,287 [1;34mDEBUG[0m monitoring_worker - Running job delete port:b411d930-df4c-4766-ae66-d0aed9d27c76 (monitoring_worker.py - 178)
2017-05-11 04:26:03,288 [1;34mDEBUG[0m monitoring_worker - Template id port_monitoring resolved from mapping: {u'else_mapping': {u'constant': u'port_monitoring'}, u'if_mapping': {u'regexp': [{u'field': u'device_owner'}, {u'constant': u'network:dhcp|network:empty'}]}, u'then_mapping': {u'constant': None}} (resources.py - 838)
2017-05-11 04:26:03,293 [1;34mDEBUG[0m monitoring_worker - Finished job delete port:b411d930-df4c-4766-ae66-d0aed9d27c76 (monitoring_worker.py - 189)
2017-05-11 04:26:03,325 [1;34mDEBUG[0m monitoring_worker - Job delete:monitoring_worker:port:b411d930-df4c-4766-ae66-d0aed9d27c76:2:lal62 with handler monitoring_worker is not last. (etcd_worker.py - 185)
2017-05-11 04:26:03,342 [1;34mDEBUG[0m monitoring_worker - Job delete:monitoring_worker:port:b411d930-df4c-4766-ae66-d0aed9d27c76:2:lal62 finished. (job_queue.py - 266)
2017-05-11 04:26:03,377 [1;34mDEBUG[0m monitoring_worker - Reserved job: create:monitoring_worker:ese_logical_port:3ce86e39-7a81-46f8-b0c4-62a4776746f1:1:pfhc1 using id: 7025da23-ada7-4fd6-bb7b-6d4a7d1520ed (job_queue.py - 245)
2017-05-11 04:26:03,380 [1;34mDEBUG[0m monitoring_worker - Waiting for a job. (etcd_worker.py - 217)
2017-05-11 04:26:03,380 [1;34mDEBUG[0m monitoring_worker - 7 job slots available (etcd_worker.py - 212)
2017-05-11 04:26:03,384 [1;34mDEBUG[0m monitoring_worker - Starting work on new ready job create:monitoring_worker:ese_logical_port:3ce86e39-7a81-46f8-b0c4-62a4776746f1:1:pfhc1 (etcd_worker.py - 113)
2017-05-11 04:26:03,385 [1;34mDEBUG[0m monitoring_worker - Running job create ese_logical_port:3ce86e39-7a81-46f8-b0c4-62a4776746f1 (monitoring_worker.py - 178)
2017-05-11 04:26:03,385 [1;34mDEBUG[0m monitoring_worker - Template id ese_logical_port_monitoring resolved from mapping: Cese_logical_port_monitoring (resources.py - 838)
2017-05-11 04:26:03,399 [1;34mDEBUG[0m monitoring_worker - Posted message to topic: "monitor_logical_port", data: {'gohan_resource_type': u'ese_logical_ports', 'name': 'logical_port', 'tenant_id': u'0b576f6f4cbf414f829cd12f008bf08f', 'version': 1, 'action': u'create', 'gohan_id': u'3ce86e39-7a81-46f8-b0c4-62a4776746f1', 'properties': {'community_name': 'ESE_NODE_COMMUNITY', 'device_ip': '10.161.0.34', 'name': 'xe-0/0/4.1025'}} (monitoring_kafka.py - 61)
2017-05-11 04:26:03,400 [1;34mDEBUG[0m monitoring_worker - Updating monitoring mapping, sql:

            INSERT INTO resource_mappings(id, tenant_id, resource_type,
                                resource_id, mapped_id,
                                relation, created)
            VALUES ('5bfe4c2c-4028-4342-b7f3-5f23c7decf0f', '0b576f6f4cbf414f829cd12f008bf08f', 'port', '7abe783f-4837-417d-b76f-771ec4d38b97', '10.161.0.34-xe-0/0/4.1025', 'baremetal', 1494476763)
             (mysql_client.py - 66)
2017-05-11 04:26:03,417 [1;34mDEBUG[0m monitoring_worker - Finished job create ese_logical_port:3ce86e39-7a81-46f8-b0c4-62a4776746f1, status:
{'logical_port': 'ACTIVE'} (monitoring_worker.py - 189)
2017-05-11 04:26:03,451 [1;34mDEBUG[0m monitoring_worker - Job create:monitoring_worker:ese_logical_port:3ce86e39-7a81-46f8-b0c4-62a4776746f1:1:pfhc1 finished. (job_queue.py - 266)
2017-05-11 04:26:03,451 [1;34mDEBUG[0m monitoring_worker - Trying to delete internal process state for resource ese_logical_port:3ce86e39-7a81-46f8-b0c4-62a4776746f1 (resources.py - 706)
2017-05-11 04:26:03,633 [1;34mDEBUG[0m monitoring_worker - Reserved job: delete:monitoring_worker:port:7abe783f-4837-417d-b76f-771ec4d38b97:2:djtpk using id: 0c131782-3509-4755-9ed3-9de8af92a3d5 (job_queue.py - 245)
2017-05-11 04:26:03,639 [1;34mDEBUG[0m monitoring_worker - Waiting for a job. (etcd_worker.py - 217)
2017-05-11 04:26:03,639 [1;34mDEBUG[0m monitoring_worker - 7 job slots available (etcd_worker.py - 212)
2017-05-11 04:26:03,655 [1;34mDEBUG[0m monitoring_worker - Starting work on new ready job delete:monitoring_worker:port:7abe783f-4837-417d-b76f-771ec4d38b97:2:djtpk (etcd_worker.py - 113)
2017-05-11 04:26:03,655 [1;34mDEBUG[0m monitoring_worker - Running job delete port:7abe783f-4837-417d-b76f-771ec4d38b97 (monitoring_worker.py - 178)
2017-05-11 04:26:03,659 [1;34mDEBUG[0m monitoring_worker - Template id port_monitoring resolved from mapping: {u'else_mapping': {u'constant': u'port_monitoring'}, u'if_mapping': {u'regexp': [{u'field': u'device_owner'}, {u'constant': u'network:dhcp|network:empty'}]}, u'then_mapping': {u'constant': None}} (resources.py - 838)
2017-05-11 04:26:03,665 [1;34mDEBUG[0m monitoring_worker - Finished job delete port:7abe783f-4837-417d-b76f-771ec4d38b97 (monitoring_worker.py - 189)
2017-05-11 04:26:03,678 [1;34mDEBUG[0m monitoring_worker - Job delete:monitoring_worker:port:7abe783f-4837-417d-b76f-771ec4d38b97:2:djtpk with handler monitoring_worker is not last. (etcd_worker.py - 185)
2017-05-11 04:26:03,702 [1;34mDEBUG[0m monitoring_worker - Job delete:monitoring_worker:port:7abe783f-4837-417d-b76f-771ec4d38b97:2:djtpk finished. (job_queue.py - 266)
2017-05-11 04:26:13,835 [1;34mDEBUG[0m monitoring_worker - Reserved job: create:monitoring_worker:port:7abe783f-4837-417d-b76f-771ec4d38b97:2:72o7k using id: efa90878-b9e8-4525-87bd-cf839f902f0a (job_queue.py - 245)
2017-05-11 04:26:13,837 [1;34mDEBUG[0m monitoring_worker - Waiting for a job. (etcd_worker.py - 217)
2017-05-11 04:26:13,838 [1;34mDEBUG[0m monitoring_worker - 7 job slots available (etcd_worker.py - 212)
2017-05-11 04:26:13,841 [1;34mDEBUG[0m monitoring_worker - Starting work on new ready job create:monitoring_worker:port:7abe783f-4837-417d-b76f-771ec4d38b97:2:72o7k (etcd_worker.py - 113)
2017-05-11 04:26:13,841 [1;34mDEBUG[0m monitoring_worker - Running job create port:7abe783f-4837-417d-b76f-771ec4d38b97 (monitoring_worker.py - 178)
2017-05-11 04:26:13,842 [1;34mDEBUG[0m monitoring_worker - Template id port_monitoring resolved from mapping: {u'else_mapping': {u'constant': u'port_monitoring'}, u'if_mapping': {u'regexp': [{u'field': u'device_owner'}, {u'constant': u'network:dhcp|network:empty'}]}, u'then_mapping': {u'constant': None}} (resources.py - 838)
2017-05-11 04:26:13,854 [1;34mDEBUG[0m monitoring_worker - Posted message to topic: "monitor_virtual_machine_interface", data: {'gohan_resource_type': u'ports', 'name': 'vmi', 'tenant_id': u'0b576f6f4cbf414f829cd12f008bf08f', 'version': 2, 'action': u'create', 'gohan_id': u'7abe783f-4837-417d-b76f-771ec4d38b97', 'properties': {'fq_name': 'default-domain:admin:7abe783f-4837-417d-b76f-771ec4d38b97', 'uuid': '7abe783f-4837-417d-b76f-771ec4d38b97'}} (monitoring_kafka.py - 61)
2017-05-11 04:26:13,854 [1;34mDEBUG[0m monitoring_worker - Finished job create port:7abe783f-4837-417d-b76f-771ec4d38b97, status:
{'vmi': 'ACTIVE'} (monitoring_worker.py - 189)
2017-05-11 04:26:13,894 [1;34mDEBUG[0m monitoring_worker - Job create:monitoring_worker:port:7abe783f-4837-417d-b76f-771ec4d38b97:2:72o7k finished. (job_queue.py - 266)
2017-05-11 04:26:13,895 [1;34mDEBUG[0m monitoring_worker - Trying to delete internal process state for resource port:7abe783f-4837-417d-b76f-771ec4d38b97 (resources.py - 706)
2017-05-11 04:26:14,448 [1;34mDEBUG[0m monitoring_worker - Reserved job: create:monitoring_worker:port:b411d930-df4c-4766-ae66-d0aed9d27c76:2:9r85n using id: 1aa2f60a-516a-4808-9f6e-ba54e6b82042 (job_queue.py - 245)
2017-05-11 04:26:14,451 [1;34mDEBUG[0m monitoring_worker - Waiting for a job. (etcd_worker.py - 217)
2017-05-11 04:26:14,451 [1;34mDEBUG[0m monitoring_worker - 7 job slots available (etcd_worker.py - 212)
2017-05-11 04:26:14,455 [1;34mDEBUG[0m monitoring_worker - Starting work on new ready job create:monitoring_worker:port:b411d930-df4c-4766-ae66-d0aed9d27c76:2:9r85n (etcd_worker.py - 113)
2017-05-11 04:26:14,455 [1;34mDEBUG[0m monitoring_worker - Running job create port:b411d930-df4c-4766-ae66-d0aed9d27c76 (monitoring_worker.py - 178)
2017-05-11 04:26:14,455 [1;34mDEBUG[0m monitoring_worker - Template id port_monitoring resolved from mapping: {u'else_mapping': {u'constant': u'port_monitoring'}, u'if_mapping': {u'regexp': [{u'field': u'device_owner'}, {u'constant': u'network:dhcp|network:empty'}]}, u'then_mapping': {u'constant': None}} (resources.py - 838)
2017-05-11 04:26:14,471 [1;34mDEBUG[0m monitoring_worker - Posted message to topic: "monitor_virtual_machine_interface", data: {'gohan_resource_type': u'ports', 'name': 'vmi', 'tenant_id': u'0b576f6f4cbf414f829cd12f008bf08f', 'version': 2, 'action': u'create', 'gohan_id': u'b411d930-df4c-4766-ae66-d0aed9d27c76', 'properties': {'fq_name': 'default-domain:admin:b411d930-df4c-4766-ae66-d0aed9d27c76', 'uuid': 'b411d930-df4c-4766-ae66-d0aed9d27c76'}} (monitoring_kafka.py - 61)
2017-05-11 04:26:14,471 [1;34mDEBUG[0m monitoring_worker - Finished job create port:b411d930-df4c-4766-ae66-d0aed9d27c76, status:
{'vmi': 'ACTIVE'} (monitoring_worker.py - 189)
2017-05-11 04:26:14,517 [1;34mDEBUG[0m monitoring_worker - Job create:monitoring_worker:port:b411d930-df4c-4766-ae66-d0aed9d27c76:2:9r85n finished. (job_queue.py - 266)
2017-05-11 04:26:14,518 [1;34mDEBUG[0m monitoring_worker - Trying to delete internal process state for resource port:b411d930-df4c-4766-ae66-d0aed9d27c76 (resources.py - 706)
2017-05-11 04:26:44,455 [1;34mDEBUG[0m monitoring_worker - GetJob timeout. (etcd_worker.py - 225)
2017-05-11 04:26:44,455 [1;34mDEBUG[0m monitoring_worker - Waiting for a job. (etcd_worker.py - 217)
2017-05-11 04:26:44,455 [1;34mDEBUG[0m monitoring_worker - 8 job slots available (etcd_worker.py - 212)
2017-05-11 04:27:14,605 [1;34mDEBUG[0m monitoring_worker - GetJob timeout. (etcd_worker.py - 225)
2017-05-11 04:27:14,605 [1;34mDEBUG[0m monitoring_worker - Waiting for a job. (etcd_worker.py - 217)
2017-05-11 04:27:14,606 [1;34mDEBUG[0m monitoring_worker - 8 job slots available (etcd_worker.py - 212)
2017-05-11 04:27:44,617 [1;34mDEBUG[0m monitoring_worker - GetJob timeout. (etcd_worker.py - 225)
2017-05-11 04:27:44,617 [1;34mDEBUG[0m monitoring_worker - Waiting for a job. (etcd_worker.py - 217)
2017-05-11 04:27:44,617 [1;34mDEBUG[0m monitoring_worker - 8 job slots available (etcd_worker.py - 212)
2017-05-11 04:28:14,628 [1;34mDEBUG[0m monitoring_worker - GetJob timeout. (etcd_worker.py - 225)
2017-05-11 04:28:14,629 [1;34mDEBUG[0m monitoring_worker - Waiting for a job. (etcd_worker.py - 217)
2017-05-11 04:28:14,629 [1;34mDEBUG[0m monitoring_worker - 8 job slots available (etcd_worker.py - 212)
2017-05-11 04:28:44,641 [1;34mDEBUG[0m monitoring_worker - GetJob timeout. (etcd_worker.py - 225)
2017-05-11 04:28:44,641 [1;34mDEBUG[0m monitoring_worker - Waiting for a job. (etcd_worker.py - 217)
2017-05-11 04:28:44,642 [1;34mDEBUG[0m monitoring_worker - 8 job slots available (etcd_worker.py - 212)
2017-05-11 04:29:14,653 [1;34mDEBUG[0m monitoring_worker - GetJob timeout. (etcd_worker.py - 225)
2017-05-11 04:29:14,653 [1;34mDEBUG[0m monitoring_worker - Waiting for a job. (etcd_worker.py - 217)
2017-05-11 04:29:14,653 [1;34mDEBUG[0m monitoring_worker - 8 job slots available (etcd_worker.py - 212)
2017-05-11 04:29:44,657 [1;34mDEBUG[0m monitoring_worker - GetJob timeout. (etcd_worker.py - 225)
2017-05-11 04:29:44,658 [1;34mDEBUG[0m monitoring_worker - Waiting for a job. (etcd_worker.py - 217)
2017-05-11 04:29:44,658 [1;34mDEBUG[0m monitoring_worker - 8 job slots available (etcd_worker.py - 212)
2017-05-11 04:30:14,670 [1;34mDEBUG[0m monitoring_worker - GetJob timeout. (etcd_worker.py - 225)
2017-05-11 04:30:14,671 [1;34mDEBUG[0m monitoring_worker - Waiting for a job. (etcd_worker.py - 217)
2017-05-11 04:30:14,671 [1;34mDEBUG[0m monitoring_worker - 8 job slots available (etcd_worker.py - 212)
2017-05-11 04:30:44,682 [1;34mDEBUG[0m monitoring_worker - GetJob timeout. (etcd_worker.py - 225)
2017-05-11 04:30:44,683 [1;34mDEBUG[0m monitoring_worker - Waiting for a job. (etcd_worker.py - 217)
2017-05-11 04:30:44,683 [1;34mDEBUG[0m monitoring_worker - 8 job slots available (etcd_worker.py - 212)
2017-05-11 04:31:14,694 [1;34mDEBUG[0m monitoring_worker - GetJob timeout. (etcd_worker.py - 225)
2017-05-11 04:31:14,694 [1;34mDEBUG[0m monitoring_worker - Waiting for a job. (etcd_worker.py - 217)
2017-05-11 04:31:14,695 [1;34mDEBUG[0m monitoring_worker - 8 job slots available (etcd_worker.py - 212)
2017-05-11 04:31:44,707 [1;34mDEBUG[0m monitoring_worker - GetJob timeout. (etcd_worker.py - 225)
2017-05-11 04:31:44,707 [1;34mDEBUG[0m monitoring_worker - Waiting for a job. (etcd_worker.py - 217)
2017-05-11 04:31:44,707 [1;34mDEBUG[0m monitoring_worker - 8 job slots available (etcd_worker.py - 212)
2017-05-11 04:32:14,715 [1;34mDEBUG[0m monitoring_worker - GetJob timeout. (etcd_worker.py - 225)
2017-05-11 04:32:14,716 [1;34mDEBUG[0m monitoring_worker - Waiting for a job. (etcd_worker.py - 217)
2017-05-11 04:32:14,716 [1;34mDEBUG[0m monitoring_worker - 8 job slots available (etcd_worker.py - 212)
2017-05-11 04:32:44,728 [1;34mDEBUG[0m monitoring_worker - GetJob timeout. (etcd_worker.py - 225)
2017-05-11 04:32:44,729 [1;34mDEBUG[0m monitoring_worker - Waiting for a job. (etcd_worker.py - 217)
2017-05-11 04:32:44,729 [1;34mDEBUG[0m monitoring_worker - 8 job slots available (etcd_worker.py - 212)
2017-05-11 04:33:14,741 [1;34mDEBUG[0m monitoring_worker - GetJob timeout. (etcd_worker.py - 225)
2017-05-11 04:33:14,741 [1;34mDEBUG[0m monitoring_worker - Waiting for a job. (etcd_worker.py - 217)
2017-05-11 04:33:14,742 [1;34mDEBUG[0m monitoring_worker - 8 job slots available (etcd_worker.py - 212)
2017-05-11 04:33:44,754 [1;34mDEBUG[0m monitoring_worker - GetJob timeout. (etcd_worker.py - 225)
2017-05-11 04:33:44,754 [1;34mDEBUG[0m monitoring_worker - Waiting for a job. (etcd_worker.py - 217)
2017-05-11 04:33:44,754 [1;34mDEBUG[0m monitoring_worker - 8 job slots available (etcd_worker.py - 212)
2017-05-11 04:34:14,760 [1;34mDEBUG[0m monitoring_worker - GetJob timeout. (etcd_worker.py - 225)
2017-05-11 04:34:14,761 [1;34mDEBUG[0m monitoring_worker - Waiting for a job. (etcd_worker.py - 217)
2017-05-11 04:34:14,761 [1;34mDEBUG[0m monitoring_worker - 8 job slots available (etcd_worker.py - 212)
2017-05-11 04:34:44,768 [1;34mDEBUG[0m monitoring_worker - GetJob timeout. (etcd_worker.py - 225)
2017-05-11 04:34:44,769 [1;34mDEBUG[0m monitoring_worker - Waiting for a job. (etcd_worker.py - 217)
2017-05-11 04:34:44,769 [1;34mDEBUG[0m monitoring_worker - 8 job slots available (etcd_worker.py - 212)
2017-05-11 04:35:14,776 [1;34mDEBUG[0m monitoring_worker - GetJob timeout. (etcd_worker.py - 225)
2017-05-11 04:35:14,777 [1;34mDEBUG[0m monitoring_worker - Waiting for a job. (etcd_worker.py - 217)
2017-05-11 04:35:14,777 [1;34mDEBUG[0m monitoring_worker - 8 job slots available (etcd_worker.py - 212)
2017-05-11 04:35:44,792 [1;34mDEBUG[0m monitoring_worker - GetJob timeout. (etcd_worker.py - 225)
2017-05-11 04:35:44,792 [1;34mDEBUG[0m monitoring_worker - Waiting for a job. (etcd_worker.py - 217)
2017-05-11 04:35:44,793 [1;34mDEBUG[0m monitoring_worker - 8 job slots available (etcd_worker.py - 212)
2017-05-11 04:36:14,805 [1;34mDEBUG[0m monitoring_worker - GetJob timeout. (etcd_worker.py - 225)
2017-05-11 04:36:14,805 [1;34mDEBUG[0m monitoring_worker - Waiting for a job. (etcd_worker.py - 217)
2017-05-11 04:36:14,805 [1;34mDEBUG[0m monitoring_worker - 8 job slots available (etcd_worker.py - 212)
2017-05-11 04:36:44,814 [1;34mDEBUG[0m monitoring_worker - GetJob timeout. (etcd_worker.py - 225)
2017-05-11 04:36:44,814 [1;34mDEBUG[0m monitoring_worker - Waiting for a job. (etcd_worker.py - 217)
2017-05-11 04:36:44,815 [1;34mDEBUG[0m monitoring_worker - 8 job slots available (etcd_worker.py - 212)
2017-05-11 04:37:14,828 [1;34mDEBUG[0m monitoring_worker - GetJob timeout. (etcd_worker.py - 225)
2017-05-11 04:37:14,828 [1;34mDEBUG[0m monitoring_worker - Waiting for a job. (etcd_worker.py - 217)
2017-05-11 04:37:14,828 [1;34mDEBUG[0m monitoring_worker - 8 job slots available (etcd_worker.py - 212)
2017-05-11 04:37:44,841 [1;34mDEBUG[0m monitoring_worker - GetJob timeout. (etcd_worker.py - 225)
2017-05-11 04:37:44,842 [1;34mDEBUG[0m monitoring_worker - Waiting for a job. (etcd_worker.py - 217)
2017-05-11 04:37:44,842 [1;34mDEBUG[0m monitoring_worker - 8 job slots available (etcd_worker.py - 212)
2017-05-11 04:38:14,855 [1;34mDEBUG[0m monitoring_worker - GetJob timeout. (etcd_worker.py - 225)
2017-05-11 04:38:14,855 [1;34mDEBUG[0m monitoring_worker - Waiting for a job. (etcd_worker.py - 217)
2017-05-11 04:38:14,856 [1;34mDEBUG[0m monitoring_worker - 8 job slots available (etcd_worker.py - 212)
2017-05-11 04:38:44,867 [1;34mDEBUG[0m monitoring_worker - GetJob timeout. (etcd_worker.py - 225)
2017-05-11 04:38:44,868 [1;34mDEBUG[0m monitoring_worker - Waiting for a job. (etcd_worker.py - 217)
2017-05-11 04:38:44,868 [1;34mDEBUG[0m monitoring_worker - 8 job slots available (etcd_worker.py - 212)
2017-05-11 04:39:14,876 [1;34mDEBUG[0m monitoring_worker - GetJob timeout. (etcd_worker.py - 225)
2017-05-11 04:39:14,877 [1;34mDEBUG[0m monitoring_worker - Waiting for a job. (etcd_worker.py - 217)
2017-05-11 04:39:14,877 [1;34mDEBUG[0m monitoring_worker - 8 job slots available (etcd_worker.py - 212)
2017-05-11 04:39:44,889 [1;34mDEBUG[0m monitoring_worker - GetJob timeout. (etcd_worker.py - 225)
2017-05-11 04:39:44,890 [1;34mDEBUG[0m monitoring_worker - Waiting for a job. (etcd_worker.py - 217)
2017-05-11 04:39:44,890 [1;34mDEBUG[0m monitoring_worker - 8 job slots available (etcd_worker.py - 212)
2017-05-11 04:40:14,903 [1;34mDEBUG[0m monitoring_worker - GetJob timeout. (etcd_worker.py - 225)
2017-05-11 04:40:14,903 [1;34mDEBUG[0m monitoring_worker - Waiting for a job. (etcd_worker.py - 217)
2017-05-11 04:40:14,903 [1;34mDEBUG[0m monitoring_worker - 8 job slots available (etcd_worker.py - 212)
2017-05-11 04:40:44,914 [1;34mDEBUG[0m monitoring_worker - GetJob timeout. (etcd_worker.py - 225)
2017-05-11 04:40:44,915 [1;34mDEBUG[0m monitoring_worker - Waiting for a job. (etcd_worker.py - 217)
2017-05-11 04:40:44,915 [1;34mDEBUG[0m monitoring_worker - 8 job slots available (etcd_worker.py - 212)
2017-05-11 04:41:14,930 [1;34mDEBUG[0m monitoring_worker - GetJob timeout. (etcd_worker.py - 225)
2017-05-11 04:41:14,930 [1;34mDEBUG[0m monitoring_worker - Waiting for a job. (etcd_worker.py - 217)
2017-05-11 04:41:14,930 [1;34mDEBUG[0m monitoring_worker - 8 job slots available (etcd_worker.py - 212)
2017-05-11 04:41:44,942 [1;34mDEBUG[0m monitoring_worker - GetJob timeout. (etcd_worker.py - 225)
2017-05-11 04:41:44,942 [1;34mDEBUG[0m monitoring_worker - Waiting for a job. (etcd_worker.py - 217)
2017-05-11 04:41:44,942 [1;34mDEBUG[0m monitoring_worker - 8 job slots available (etcd_worker.py - 212)
2017-05-11 04:42:14,954 [1;34mDEBUG[0m monitoring_worker - GetJob timeout. (etcd_worker.py - 225)
2017-05-11 04:42:14,955 [1;34mDEBUG[0m monitoring_worker - Waiting for a job. (etcd_worker.py - 217)
2017-05-11 04:42:14,955 [1;34mDEBUG[0m monitoring_worker - 8 job slots available (etcd_worker.py - 212)
2017-05-11 04:42:44,965 [1;34mDEBUG[0m monitoring_worker - GetJob timeout. (etcd_worker.py - 225)
2017-05-11 04:42:44,965 [1;34mDEBUG[0m monitoring_worker - Waiting for a job. (etcd_worker.py - 217)
2017-05-11 04:42:44,965 [1;34mDEBUG[0m monitoring_worker - 8 job slots available (etcd_worker.py - 212)
