2018-02-15 06:51:22,747:DEBUG:New etcd client created for etcd-server:2379/v2
2018-02-15 06:51:22,748:DEBUG:About to wait on key /esi-worker/heat_stacks, index None
2018-02-15 06:51:22,748:DEBUG:Issuing read for key /esi-worker/heat_stacks with args {'recursive': True, 'timeout': None, 'wait': True}
2018-02-15 06:51:22,749:DEBUG:Starting new HTTP connection (1): etcd-server
2018-02-15 06:51:22,754:DEBUG:http://etcd-server:2379 "GET /v2/keys/esi-worker/heat_stacks?recursive=true&wait=true HTTP/1.1" 200 None
2018-02-15 06:52:51,494:DEBUG:
*** Consume stored data in etcd ***
 action=[set], key=[/esi-worker/heat_stacks/v2.0/ese_devices/718148aa-4483-47d5-bbd1-a0e0738dc018],
 value=[{
    "stack_id": "ese_device_718148aa-4483-47d5-bbd1-a0e0738dc018", 
    "tenant_id": "ae69b52f46ba480bb9636f62736436f4", 
    "stack_status": "CREATE_COMPLETE", 
    "output": [
        {
            "output_value": "edd4b769-1665-429f-aef4-f428aca34a0b", 
            "description": "Monitoring Target ID", 
            "output_key": "monitoring_target_id"
        }, 
        {
            "output_value": [
                "default-global-system-config", 
                "NWSDP-JNPR-02"
            ], 
            "description": "The FQ name of the physical router.", 
            "output_key": "fq_name"
        }, 
        {
            "output_value": "7e5c78fa-71c0-427e-947f-586b1fc3c470", 
            "description": "A unique id for the physical router.", 
            "output_key": "id"
        }, 
        {
            "output_value": "http://collector-agents-se:7070/targets/edd4b769-1665-429f-aef4-f428aca34a0b", 
            "description": "Monitoring Process Link", 
            "output_key": "monitoring_link"
        }, 
        {
            "output_value": "NWSDP-JNPR-02", 
            "description": "The name of the physical router.", 
            "output_key": "name"
        }
    ], 
    "status_reason": "Stack CREATE completed successfully", 
    "id": "ese_device:718148aa-4483-47d5-bbd1-a0e0738dc018"
}]
2018-02-15 06:52:51,495:DEBUG:New etcd client created for etcd-server:2379/v2
2018-02-15 06:52:51,496:DEBUG:About to wait on key /esi-worker/heat_stacks, index None
2018-02-15 06:52:51,498:DEBUG:Issuing read for key /esi-worker/heat_stacks with args {'recursive': True, 'timeout': None, 'wait': True}
2018-02-15 06:52:51,499:DEBUG:Starting new HTTP connection (1): etcd-server
2018-02-15 06:52:51,501:DEBUG:http://etcd-server:2379 "GET /v2/keys/esi-worker/heat_stacks?recursive=true&wait=true HTTP/1.1" 200 None
2018-02-15 06:54:03,617:DEBUG:
*** Consume stored data in etcd ***
 action=[set], key=[/esi-worker/heat_stacks/v2.0/ese_physical_ports/24dd42cf-b343-47a9-966a-8f7486378c46],
 value=[{
    "stack_id": "ese_physical_port_24dd42cf-b343-47a9-966a-8f7486378c46", 
    "tenant_id": "ae69b52f46ba480bb9636f62736436f4", 
    "stack_status": "CREATE_COMPLETE", 
    "output": [
        {
            "output_value": "a481c2c4-e9cd-41f3-8e27-3a4184119abf", 
            "description": "Monitoring Target ID", 
            "output_key": "monitoring_target_id"
        }, 
        {
            "output_value": "5a79909b-2bf3-4e26-8a9c-0bf6bb175457", 
            "description": "A unique id for the physical interface", 
            "output_key": "id"
        }, 
        {
            "output_value": "http://collector-agents-se:7070/targets/a481c2c4-e9cd-41f3-8e27-3a4184119abf", 
            "description": "Monitoring Process Link", 
            "output_key": "monitoring_link"
        }, 
        {
            "output_value": "xe-0/0/38", 
            "description": "The name of the physical interface.", 
            "output_key": "name"
        }
    ], 
    "status_reason": "Stack CREATE completed successfully", 
    "id": "ese_physical_port:24dd42cf-b343-47a9-966a-8f7486378c46"
}]
2018-02-15 06:54:03,620:DEBUG:New etcd client created for etcd-server:2379/v2
2018-02-15 06:54:03,621:DEBUG:About to wait on key /esi-worker/heat_stacks, index None
2018-02-15 06:54:03,622:DEBUG:Issuing read for key /esi-worker/heat_stacks with args {'recursive': True, 'timeout': None, 'wait': True}
2018-02-15 06:54:03,623:DEBUG:Starting new HTTP connection (1): etcd-server
2018-02-15 06:54:03,627:DEBUG:http://etcd-server:2379 "GET /v2/keys/esi-worker/heat_stacks?recursive=true&wait=true HTTP/1.1" 200 None
2018-02-15 06:55:06,482:DEBUG:
*** Consume stored data in etcd ***
 action=[set], key=[/esi-worker/heat_stacks/v2.0/networks/35bc496f-3c0e-46b4-a5c0-33810e8e7263],
 value=[{
    "stack_id": "network_35bc496f-3c0e-46b4-a5c0-33810e8e7263", 
    "tenant_id": "ae69b52f46ba480bb9636f62736436f4", 
    "stack_status": "CREATE_COMPLETE", 
    "output": [
        {
            "output_value": [], 
            "description": "The name of the virtual network.", 
            "output_key": "route_targets"
        }, 
        {
            "output_value": "default-domain:usertenant:35bc496f-3c0e-46b4-a5c0-33810e8e7263", 
            "description": "The FQ name of the virtual network.", 
            "output_key": "fq_name"
        }, 
        {
            "output_value": "35bc496f-3c0e-46b4-a5c0-33810e8e7263", 
            "description": "A unique id for the virtual network.", 
            "output_key": "id"
        }, 
        {
            "output_value": "35bc496f-3c0e-46b4-a5c0-33810e8e7263", 
            "description": "The name of the virtual network.", 
            "output_key": "name"
        }
    ], 
    "status_reason": "Stack CREATE completed successfully", 
    "id": "network:35bc496f-3c0e-46b4-a5c0-33810e8e7263"
}]
2018-02-15 06:55:06,483:DEBUG:New etcd client created for etcd-server:2379/v2
2018-02-15 06:55:06,484:DEBUG:About to wait on key /esi-worker/heat_stacks, index None
2018-02-15 06:55:06,484:DEBUG:Issuing read for key /esi-worker/heat_stacks with args {'recursive': True, 'timeout': None, 'wait': True}
2018-02-15 06:55:06,485:DEBUG:Starting new HTTP connection (1): etcd-server
2018-02-15 06:55:06,487:DEBUG:http://etcd-server:2379 "GET /v2/keys/esi-worker/heat_stacks?recursive=true&wait=true HTTP/1.1" 200 None
2018-02-15 06:55:12,560:DEBUG:
*** Consume stored data in etcd ***
 action=[set], key=[/esi-worker/heat_stacks/v2.0/subnets/3cfa93ac-251a-4a60-9434-ff4c88bf3655],
 value=[{
    "stack_id": "subnet_3cfa93ac-251a-4a60-9434-ff4c88bf3655", 
    "tenant_id": "ae69b52f46ba480bb9636f62736436f4", 
    "stack_status": "CREATE_COMPLETE", 
    "output": [
        {
            "output_value": "192.168.200.0/24", 
            "description": "IP prefix of local subnet.", 
            "output_key": "ip_prefix"
        }, 
        {
            "output_value": "3cfa93ac-251a-4a60-9434-ff4c88bf3655", 
            "description": "The name of the local subnet.", 
            "output_key": "name"
        }, 
        {
            "output_value": "192.168.200.1", 
            "description": "Default gateway of local subnet.", 
            "output_key": "default_gateway"
        }, 
        {
            "output_value": "35bc496f-3c0e-46b4-a5c0-33810e8e7263", 
            "description": "A unique id for the network.", 
            "output_key": "network_id"
        }, 
        {
            "output_value": "5a79909b-2bf3-4e26-8a9c-0bf6bb175457", 
            "description": "IPAM this local subnet uses.", 
            "output_key": "ipam"
        }, 
        {
            "output_value": "15711909-5d0a-46c8-83f5-c739380ebbb9", 
            "description": "A unique id for the local subnet.", 
            "output_key": "id"
        }
    ], 
    "status_reason": "Stack CREATE completed successfully", 
    "id": "subnet:3cfa93ac-251a-4a60-9434-ff4c88bf3655"
}]
2018-02-15 06:55:12,562:DEBUG:New etcd client created for etcd-server:2379/v2
2018-02-15 06:55:12,563:DEBUG:About to wait on key /esi-worker/heat_stacks, index None
2018-02-15 06:55:12,563:DEBUG:Issuing read for key /esi-worker/heat_stacks with args {'recursive': True, 'timeout': None, 'wait': True}
2018-02-15 06:55:12,563:DEBUG:Starting new HTTP connection (1): etcd-server
2018-02-15 06:55:12,566:DEBUG:http://etcd-server:2379 "GET /v2/keys/esi-worker/heat_stacks?recursive=true&wait=true HTTP/1.1" 200 None
2018-02-15 06:55:20,746:DEBUG:
*** Consume stored data in etcd ***
 action=[set], key=[/esi-worker/heat_stacks/v2.0/ports/fde61b02-9615-4e75-aac0-30a333657c1b],
 value=[{
    "stack_id": "port_fde61b02-9615-4e75-aac0-30a333657c1b", 
    "tenant_id": "ae69b52f46ba480bb9636f62736436f4", 
    "stack_status": "CREATE_COMPLETE", 
    "output": [
        {
            "output_value": [
                [
                    "default-domain", 
                    "admin", 
                    "b62eefe0-0872-478d-adfe-1a606320f0e7"
                ]
            ], 
            "description": "Virtual network.", 
            "output_key": "virtual_network"
        }, 
        {
            "output_value": "default-domain:admin:f68d0924-ef20-4c1b-ac45-0e6b879af5e7", 
            "description": "Fully Qualified Name of the VMI", 
            "output_key": "fq_name"
        }, 
        {
            "output_value": "f68d0924-ef20-4c1b-ac45-0e6b879af5e7", 
            "description": "A unique id for the virtual machine interface.", 
            "output_key": "id"
        }, 
        {
            "output_value": {
                "allowed_address_pair": []
            }, 
            "description": "Virtual machine allowed address pairs.", 
            "output_key": "allowed_address_pairs"
        }, 
        {
            "output_value": [
                "fa:16:3e:f7:60:7f"
            ], 
            "description": "Virtual machine interface mac address.", 
            "output_key": "mac_address"
        }
    ], 
    "status_reason": "Stack CREATE completed successfully", 
    "id": "port:fde61b02-9615-4e75-aac0-30a333657c1b"
}]
2018-02-15 06:55:20,746:DEBUG:New etcd client created for etcd-server:2379/v2
2018-02-15 06:55:20,747:DEBUG:About to wait on key /esi-worker/heat_stacks, index None
2018-02-15 06:55:20,747:DEBUG:Issuing read for key /esi-worker/heat_stacks with args {'recursive': True, 'timeout': None, 'wait': True}
2018-02-15 06:55:20,748:DEBUG:Starting new HTTP connection (1): etcd-server
2018-02-15 06:55:20,750:DEBUG:http://etcd-server:2379 "GET /v2/keys/esi-worker/heat_stacks?recursive=true&wait=true HTTP/1.1" 200 None
2018-02-15 06:55:23,995:DEBUG:
*** Consume stored data in etcd ***
 action=[set], key=[/esi-worker/heat_stacks/v2.0/ese_logical_ports/ced1435d-6dfa-4dab-bb7c-19da4d8e48b7],
 value=[{
    "stack_id": "ese_logical_port_ced1435d-6dfa-4dab-bb7c-19da4d8e48b7", 
    "tenant_id": "ae69b52f46ba480bb9636f62736436f4", 
    "stack_status": "CREATE_COMPLETE", 
    "output": [
        {
            "output_value": "9dcbbbbc-e9ea-4276-ba65-68ce8737e568", 
            "description": "Monitoring Target ID", 
            "output_key": "monitoring_target_id"
        }, 
        {
            "output_value": "46b0cd68-d0fb-4d72-9def-830164f9e215", 
            "description": "A unique id for the logical interface", 
            "output_key": "id"
        }, 
        {
            "output_value": "http://collector-agents-se:7070/targets/9dcbbbbc-e9ea-4276-ba65-68ce8737e568", 
            "description": "Monitoring Process Link", 
            "output_key": "monitoring_link"
        }, 
        {
            "output_value": "xe-0/0/38.0", 
            "description": "The name of the logical interface.", 
            "output_key": "name"
        }
    ], 
    "status_reason": "Stack CREATE completed successfully", 
    "id": "ese_logical_port:ced1435d-6dfa-4dab-bb7c-19da4d8e48b7"
}]
2018-02-15 06:55:23,996:DEBUG:New etcd client created for etcd-server:2379/v2
2018-02-15 06:55:23,996:DEBUG:About to wait on key /esi-worker/heat_stacks, index None
2018-02-15 06:55:23,997:DEBUG:Issuing read for key /esi-worker/heat_stacks with args {'recursive': True, 'timeout': None, 'wait': True}
2018-02-15 06:55:23,997:DEBUG:Starting new HTTP connection (1): etcd-server
2018-02-15 06:55:23,999:DEBUG:http://etcd-server:2379 "GET /v2/keys/esi-worker/heat_stacks?recursive=true&wait=true HTTP/1.1" 200 None
2018-02-15 06:55:34,466:DEBUG:
*** Consume stored data in etcd ***
 action=[set], key=[/esi-worker/heat_stacks/v2.0/ports/fde61b02-9615-4e75-aac0-30a333657c1b],
 value=[{
    "stack_id": "port_fde61b02-9615-4e75-aac0-30a333657c1b", 
    "tenant_id": "ae69b52f46ba480bb9636f62736436f4", 
    "stack_status": "UPDATE_COMPLETE", 
    "output": [
        {
            "output_value": "default-domain:admin:f68d0924-ef20-4c1b-ac45-0e6b879af5e7", 
            "description": "Fully Qualified Name of the VMI", 
            "output_key": "fq_name"
        }, 
        {
            "output_value": {
                "allowed_address_pair": []
            }, 
            "description": "Virtual machine allowed address pairs.", 
            "output_key": "allowed_address_pairs"
        }, 
        {
            "output_value": "31ac332f-d172-4a39-8fa5-976ada238eff", 
            "description": "Monitoring Target ID", 
            "output_key": "monitoring_target_id"
        }, 
        {
            "output_value": [
                "fa:16:3e:f7:60:7f"
            ], 
            "description": "Virtual machine interface mac address.", 
            "output_key": "mac_address"
        }, 
        {
            "output_value": [
                [
                    "default-domain", 
                    "admin", 
                    "b62eefe0-0872-478d-adfe-1a606320f0e7"
                ]
            ], 
            "description": "Virtual network.", 
            "output_key": "virtual_network"
        }, 
        {
            "output_value": "f68d0924-ef20-4c1b-ac45-0e6b879af5e7", 
            "description": "A unique id for the virtual machine interface.", 
            "output_key": "id"
        }, 
        {
            "output_value": "http://collector-agents-se:7070/targets/31ac332f-d172-4a39-8fa5-976ada238eff", 
            "description": "Monitoring Process Link", 
            "output_key": "monitoring_link"
        }
    ], 
    "status_reason": "Stack successfully updated", 
    "id": "port:fde61b02-9615-4e75-aac0-30a333657c1b"
}]
2018-02-15 06:55:34,467:DEBUG:New etcd client created for etcd-server:2379/v2
2018-02-15 06:55:34,467:DEBUG:About to wait on key /esi-worker/heat_stacks, index None
2018-02-15 06:55:34,468:DEBUG:Issuing read for key /esi-worker/heat_stacks with args {'recursive': True, 'timeout': None, 'wait': True}
2018-02-15 06:55:34,468:DEBUG:Starting new HTTP connection (1): etcd-server
2018-02-15 06:55:34,470:DEBUG:http://etcd-server:2379 "GET /v2/keys/esi-worker/heat_stacks?recursive=true&wait=true HTTP/1.1" 200 None
