2019-02-01 00:26:10,582:DEBUG:New etcd client created for etcd-server:2379/v2
2019-02-01 00:26:10,583:DEBUG:Starting new HTTP connection (1): etcd-server:2379
2019-02-01 00:26:10,585:DEBUG:http://etcd-server:2379 "GET /v2/machines HTTP/1.1" 200 23
2019-02-01 00:26:10,585:DEBUG:Retrieved list of machines: [u'http://etcd-server:2379']
2019-02-01 00:26:10,586:DEBUG:Machines cache initialised to []
2019-02-01 00:26:10,586:DEBUG:About to wait on key /esi-worker/job_state, index None
2019-02-01 00:26:10,586:DEBUG:Issuing read for key /esi-worker/job_state with args {'recursive': True, 'timeout': None, 'wait': True}
2019-02-01 00:26:10,587:DEBUG:http://etcd-server:2379 "GET /v2/keys/esi-worker/job_state?recursive=true&wait=true HTTP/1.1" 200 None
2019-02-01 00:26:30,607:ERROR:Request to server http://etcd-server:2379 failed: ReadTimeoutError("HTTPConnectionPool(host='etcd-server', port=2379): Read timed out.",)
2019-02-01 00:26:30,607:INFO:Reconnection allowed, looking for another server.
2019-02-01 00:26:30,608:DEBUG:Selection next machine in cache. Available machines: []
2019-02-01 00:26:30,608:ERROR:Machines cache is empty, no machines to try.
2019-02-01 00:26:30,608:DEBUG:About to wait on key /esi-worker/job_state, index None
2019-02-01 00:26:30,608:DEBUG:Issuing read for key /esi-worker/job_state with args {'recursive': True, 'timeout': None, 'wait': True}
2019-02-01 00:26:30,608:DEBUG:Resetting dropped connection: etcd-server
2019-02-01 00:26:30,610:DEBUG:http://etcd-server:2379 "GET /v2/keys/esi-worker/job_state?recursive=true&wait=true HTTP/1.1" 200 None
2019-02-01 00:26:50,627:ERROR:Request to server http://etcd-server:2379 failed: ReadTimeoutError("HTTPConnectionPool(host='etcd-server', port=2379): Read timed out.",)
2019-02-01 00:26:50,628:INFO:Reconnection allowed, looking for another server.
2019-02-01 00:26:50,628:DEBUG:Selection next machine in cache. Available machines: []
2019-02-01 00:26:50,628:ERROR:Machines cache is empty, no machines to try.
2019-02-01 00:26:50,628:DEBUG:About to wait on key /esi-worker/job_state, index None
2019-02-01 00:26:50,628:DEBUG:Issuing read for key /esi-worker/job_state with args {'recursive': True, 'timeout': None, 'wait': True}
2019-02-01 00:26:50,628:DEBUG:Resetting dropped connection: etcd-server
2019-02-01 00:26:50,630:DEBUG:http://etcd-server:2379 "GET /v2/keys/esi-worker/job_state?recursive=true&wait=true HTTP/1.1" 200 None
2019-02-01 00:27:10,642:ERROR:Request to server http://etcd-server:2379 failed: ReadTimeoutError("HTTPConnectionPool(host='etcd-server', port=2379): Read timed out.",)
2019-02-01 00:27:10,642:INFO:Reconnection allowed, looking for another server.
2019-02-01 00:27:10,642:DEBUG:Selection next machine in cache. Available machines: []
2019-02-01 00:27:10,642:ERROR:Machines cache is empty, no machines to try.
2019-02-01 00:27:10,642:DEBUG:About to wait on key /esi-worker/job_state, index None
2019-02-01 00:27:10,642:DEBUG:Issuing read for key /esi-worker/job_state with args {'recursive': True, 'timeout': None, 'wait': True}
2019-02-01 00:27:10,643:DEBUG:Resetting dropped connection: etcd-server
2019-02-01 00:27:10,644:DEBUG:http://etcd-server:2379 "GET /v2/keys/esi-worker/job_state?recursive=true&wait=true HTTP/1.1" 200 None
2019-02-01 00:27:15,626:DEBUG:
*** Consume stored data in etcd ***
 action=[set], key=[/esi-worker/job_state/v2.0/ese_devices/61a05e50-71f9-495d-b1cc-74382dfaec83],
 value=[{}]
2019-02-01 00:27:15,626:DEBUG:About to wait on key /esi-worker/job_state, index None
2019-02-01 00:27:15,626:DEBUG:Issuing read for key /esi-worker/job_state with args {'recursive': True, 'timeout': None, 'wait': True}
2019-02-01 00:27:15,627:DEBUG:http://etcd-server:2379 "GET /v2/keys/esi-worker/job_state?recursive=true&wait=true HTTP/1.1" 200 None
2019-02-01 00:27:20,508:DEBUG:
*** Consume stored data in etcd ***
 action=[compareAndSwap], key=[/esi-worker/job_state/v2.0/ese_devices/61a05e50-71f9-495d-b1cc-74382dfaec83],
 value=[{
    "heat_outputs": [
        {
            "output_value": "259db18a-5c51-45d5-847e-9a05da626f80", 
            "description": "Monitoring Target ID", 
            "output_key": "monitoring_target_id"
        }, 
        {
            "output_value": [
                "default-global-system-config", 
                "NWSDP-JNPR-02"
            ], 
            "description": "The FQ name of the physical router.", 
            "output_key": "fq_name"
        }, 
        {
            "output_value": "7e5c78fa-71c0-427e-947f-586b1fc3c470", 
            "description": "A unique id for the physical router.", 
            "output_key": "id"
        }, 
        {
            "output_value": "http://collector-agents-se:7070/targets/259db18a-5c51-45d5-847e-9a05da626f80", 
            "description": "Monitoring Process Link", 
            "output_key": "monitoring_link"
        }, 
        {
            "output_value": "NWSDP-JNPR-02", 
            "description": "The name of the physical router.", 
            "output_key": "name"
        }
    ], 
    "orchestration_state": "CREATE_COMPLETE"
}]
2019-02-01 00:27:20,508:DEBUG:About to wait on key /esi-worker/job_state, index None
2019-02-01 00:27:20,509:DEBUG:Issuing read for key /esi-worker/job_state with args {'recursive': True, 'timeout': None, 'wait': True}
2019-02-01 00:27:20,510:DEBUG:http://etcd-server:2379 "GET /v2/keys/esi-worker/job_state?recursive=true&wait=true HTTP/1.1" 200 None
2019-02-01 00:27:20,550:DEBUG:
*** Consume stored data in etcd ***
 action=[compareAndDelete], key=[/esi-worker/job_state/v2.0/ese_devices/61a05e50-71f9-495d-b1cc-74382dfaec83],
 value=[]
2019-02-01 00:27:20,551:DEBUG:About to wait on key /esi-worker/job_state, index None
2019-02-01 00:27:20,551:DEBUG:Issuing read for key /esi-worker/job_state with args {'recursive': True, 'timeout': None, 'wait': True}
2019-02-01 00:27:20,552:DEBUG:http://etcd-server:2379 "GET /v2/keys/esi-worker/job_state?recursive=true&wait=true HTTP/1.1" 200 None
2019-02-01 00:27:40,571:ERROR:Request to server http://etcd-server:2379 failed: ReadTimeoutError("HTTPConnectionPool(host='etcd-server', port=2379): Read timed out.",)
2019-02-01 00:27:40,571:INFO:Reconnection allowed, looking for another server.
2019-02-01 00:27:40,571:DEBUG:Selection next machine in cache. Available machines: []
2019-02-01 00:27:40,571:ERROR:Machines cache is empty, no machines to try.
2019-02-01 00:27:40,572:DEBUG:About to wait on key /esi-worker/job_state, index None
2019-02-01 00:27:40,572:DEBUG:Issuing read for key /esi-worker/job_state with args {'recursive': True, 'timeout': None, 'wait': True}
2019-02-01 00:27:40,572:DEBUG:Resetting dropped connection: etcd-server
2019-02-01 00:27:40,573:DEBUG:http://etcd-server:2379 "GET /v2/keys/esi-worker/job_state?recursive=true&wait=true HTTP/1.1" 200 None
2019-02-01 00:28:00,593:ERROR:Request to server http://etcd-server:2379 failed: ReadTimeoutError("HTTPConnectionPool(host='etcd-server', port=2379): Read timed out.",)
2019-02-01 00:28:00,593:INFO:Reconnection allowed, looking for another server.
2019-02-01 00:28:00,593:DEBUG:Selection next machine in cache. Available machines: []
2019-02-01 00:28:00,594:ERROR:Machines cache is empty, no machines to try.
2019-02-01 00:28:00,594:DEBUG:About to wait on key /esi-worker/job_state, index None
2019-02-01 00:28:00,594:DEBUG:Issuing read for key /esi-worker/job_state with args {'recursive': True, 'timeout': None, 'wait': True}
2019-02-01 00:28:00,594:DEBUG:Resetting dropped connection: etcd-server
2019-02-01 00:28:00,596:DEBUG:http://etcd-server:2379 "GET /v2/keys/esi-worker/job_state?recursive=true&wait=true HTTP/1.1" 200 None
2019-02-01 00:28:20,616:ERROR:Request to server http://etcd-server:2379 failed: ReadTimeoutError("HTTPConnectionPool(host='etcd-server', port=2379): Read timed out.",)
2019-02-01 00:28:20,616:INFO:Reconnection allowed, looking for another server.
2019-02-01 00:28:20,616:DEBUG:Selection next machine in cache. Available machines: []
2019-02-01 00:28:20,616:ERROR:Machines cache is empty, no machines to try.
2019-02-01 00:28:20,616:DEBUG:About to wait on key /esi-worker/job_state, index None
2019-02-01 00:28:20,616:DEBUG:Issuing read for key /esi-worker/job_state with args {'recursive': True, 'timeout': None, 'wait': True}
2019-02-01 00:28:20,617:DEBUG:Resetting dropped connection: etcd-server
2019-02-01 00:28:20,618:DEBUG:http://etcd-server:2379 "GET /v2/keys/esi-worker/job_state?recursive=true&wait=true HTTP/1.1" 200 None
2019-02-01 00:28:37,362:DEBUG:
*** Consume stored data in etcd ***
 action=[set], key=[/esi-worker/job_state/v2.0/ese_physical_ports/0915a040-2f84-44fc-9083-1e2f719ae2eb],
 value=[{}]
2019-02-01 00:28:37,362:DEBUG:About to wait on key /esi-worker/job_state, index None
2019-02-01 00:28:37,362:DEBUG:Issuing read for key /esi-worker/job_state with args {'recursive': True, 'timeout': None, 'wait': True}
2019-02-01 00:28:37,363:DEBUG:http://etcd-server:2379 "GET /v2/keys/esi-worker/job_state?recursive=true&wait=true HTTP/1.1" 200 None
2019-02-01 00:28:41,643:DEBUG:
*** Consume stored data in etcd ***
 action=[compareAndSwap], key=[/esi-worker/job_state/v2.0/ese_physical_ports/0915a040-2f84-44fc-9083-1e2f719ae2eb],
 value=[{
    "heat_outputs": [
        {
            "output_value": "39ab4e06-ac66-4e84-81c5-93b888427955", 
            "description": "Monitoring Target ID", 
            "output_key": "monitoring_target_id"
        }, 
        {
            "output_value": "5a79909b-2bf3-4e26-8a9c-0bf6bb175457", 
            "description": "A unique id for the physical interface", 
            "output_key": "id"
        }, 
        {
            "output_value": "http://collector-agents-se:7070/targets/39ab4e06-ac66-4e84-81c5-93b888427955", 
            "description": "Monitoring Process Link", 
            "output_key": "monitoring_link"
        }, 
        {
            "output_value": "xe-0/0/38", 
            "description": "The name of the physical interface.", 
            "output_key": "name"
        }
    ], 
    "orchestration_state": "CREATE_COMPLETE"
}]
2019-02-01 00:28:41,643:DEBUG:About to wait on key /esi-worker/job_state, index None
2019-02-01 00:28:41,644:DEBUG:Issuing read for key /esi-worker/job_state with args {'recursive': True, 'timeout': None, 'wait': True}
2019-02-01 00:28:41,645:DEBUG:http://etcd-server:2379 "GET /v2/keys/esi-worker/job_state?recursive=true&wait=true HTTP/1.1" 200 None
2019-02-01 00:28:41,823:DEBUG:
*** Consume stored data in etcd ***
 action=[compareAndDelete], key=[/esi-worker/job_state/v2.0/ese_physical_ports/0915a040-2f84-44fc-9083-1e2f719ae2eb],
 value=[]
2019-02-01 00:28:41,823:DEBUG:About to wait on key /esi-worker/job_state, index None
2019-02-01 00:28:41,823:DEBUG:Issuing read for key /esi-worker/job_state with args {'recursive': True, 'timeout': None, 'wait': True}
2019-02-01 00:28:41,824:DEBUG:http://etcd-server:2379 "GET /v2/keys/esi-worker/job_state?recursive=true&wait=true HTTP/1.1" 200 None
2019-02-01 00:29:01,825:ERROR:Request to server http://etcd-server:2379 failed: ReadTimeoutError("HTTPConnectionPool(host='etcd-server', port=2379): Read timed out.",)
2019-02-01 00:29:01,825:INFO:Reconnection allowed, looking for another server.
2019-02-01 00:29:01,825:DEBUG:Selection next machine in cache. Available machines: []
2019-02-01 00:29:01,825:ERROR:Machines cache is empty, no machines to try.
2019-02-01 00:29:01,826:DEBUG:About to wait on key /esi-worker/job_state, index None
2019-02-01 00:29:01,826:DEBUG:Issuing read for key /esi-worker/job_state with args {'recursive': True, 'timeout': None, 'wait': True}
2019-02-01 00:29:01,826:DEBUG:Resetting dropped connection: etcd-server
2019-02-01 00:29:01,827:DEBUG:http://etcd-server:2379 "GET /v2/keys/esi-worker/job_state?recursive=true&wait=true HTTP/1.1" 200 None
2019-02-01 00:29:21,848:ERROR:Request to server http://etcd-server:2379 failed: ReadTimeoutError("HTTPConnectionPool(host='etcd-server', port=2379): Read timed out.",)
2019-02-01 00:29:21,848:INFO:Reconnection allowed, looking for another server.
2019-02-01 00:29:21,848:DEBUG:Selection next machine in cache. Available machines: []
2019-02-01 00:29:21,848:ERROR:Machines cache is empty, no machines to try.
2019-02-01 00:29:21,848:DEBUG:About to wait on key /esi-worker/job_state, index None
2019-02-01 00:29:21,848:DEBUG:Issuing read for key /esi-worker/job_state with args {'recursive': True, 'timeout': None, 'wait': True}
2019-02-01 00:29:21,849:DEBUG:Resetting dropped connection: etcd-server
2019-02-01 00:29:21,851:DEBUG:http://etcd-server:2379 "GET /v2/keys/esi-worker/job_state?recursive=true&wait=true HTTP/1.1" 200 None
2019-02-01 00:29:41,865:ERROR:Request to server http://etcd-server:2379 failed: ReadTimeoutError("HTTPConnectionPool(host='etcd-server', port=2379): Read timed out.",)
2019-02-01 00:29:41,865:INFO:Reconnection allowed, looking for another server.
2019-02-01 00:29:41,865:DEBUG:Selection next machine in cache. Available machines: []
2019-02-01 00:29:41,865:ERROR:Machines cache is empty, no machines to try.
2019-02-01 00:29:41,865:DEBUG:About to wait on key /esi-worker/job_state, index None
2019-02-01 00:29:41,865:DEBUG:Issuing read for key /esi-worker/job_state with args {'recursive': True, 'timeout': None, 'wait': True}
2019-02-01 00:29:41,866:DEBUG:Resetting dropped connection: etcd-server
2019-02-01 00:29:41,867:DEBUG:http://etcd-server:2379 "GET /v2/keys/esi-worker/job_state?recursive=true&wait=true HTTP/1.1" 200 None
2019-02-01 00:29:47,375:DEBUG:
*** Consume stored data in etcd ***
 action=[set], key=[/esi-worker/job_state/v2.0/networks/b761b0cd-d7c3-4b7a-b596-cea1cf9cc1e1],
 value=[{}]
2019-02-01 00:29:47,375:DEBUG:About to wait on key /esi-worker/job_state, index None
2019-02-01 00:29:47,375:DEBUG:Issuing read for key /esi-worker/job_state with args {'recursive': True, 'timeout': None, 'wait': True}
2019-02-01 00:29:47,376:DEBUG:http://etcd-server:2379 "GET /v2/keys/esi-worker/job_state?recursive=true&wait=true HTTP/1.1" 200 None
2019-02-01 00:29:50,684:DEBUG:
*** Consume stored data in etcd ***
 action=[compareAndSwap], key=[/esi-worker/job_state/v2.0/networks/b761b0cd-d7c3-4b7a-b596-cea1cf9cc1e1],
 value=[{
    "heat_outputs": [
        {
            "output_value": [], 
            "description": "The name of the virtual network.", 
            "output_key": "route_targets"
        }, 
        {
            "output_value": "default-domain:usertenant:b761b0cd-d7c3-4b7a-b596-cea1cf9cc1e1", 
            "description": "The FQ name of the virtual network.", 
            "output_key": "fq_name"
        }, 
        {
            "output_value": "b761b0cd-d7c3-4b7a-b596-cea1cf9cc1e1", 
            "description": "A unique id for the virtual network.", 
            "output_key": "id"
        }, 
        {
            "output_value": "b761b0cd-d7c3-4b7a-b596-cea1cf9cc1e1", 
            "description": "The name of the virtual network.", 
            "output_key": "name"
        }
    ], 
    "orchestration_state": "CREATE_COMPLETE"
}]
2019-02-01 00:29:50,684:DEBUG:About to wait on key /esi-worker/job_state, index None
2019-02-01 00:29:50,685:DEBUG:Issuing read for key /esi-worker/job_state with args {'recursive': True, 'timeout': None, 'wait': True}
2019-02-01 00:29:50,686:DEBUG:http://etcd-server:2379 "GET /v2/keys/esi-worker/job_state?recursive=true&wait=true HTTP/1.1" 200 None
2019-02-01 00:29:50,734:DEBUG:
*** Consume stored data in etcd ***
 action=[compareAndDelete], key=[/esi-worker/job_state/v2.0/networks/b761b0cd-d7c3-4b7a-b596-cea1cf9cc1e1],
 value=[]
2019-02-01 00:29:50,734:DEBUG:About to wait on key /esi-worker/job_state, index None
2019-02-01 00:29:50,734:DEBUG:Issuing read for key /esi-worker/job_state with args {'recursive': True, 'timeout': None, 'wait': True}
2019-02-01 00:29:50,736:DEBUG:http://etcd-server:2379 "GET /v2/keys/esi-worker/job_state?recursive=true&wait=true HTTP/1.1" 200 None
2019-02-01 00:30:00,288:DEBUG:
*** Consume stored data in etcd ***
 action=[set], key=[/esi-worker/job_state/v2.0/subnets/215cb166-b0c5-4fbb-ad5f-948cb93119fe],
 value=[{}]
2019-02-01 00:30:00,288:DEBUG:About to wait on key /esi-worker/job_state, index None
2019-02-01 00:30:00,288:DEBUG:Issuing read for key /esi-worker/job_state with args {'recursive': True, 'timeout': None, 'wait': True}
2019-02-01 00:30:00,291:DEBUG:http://etcd-server:2379 "GET /v2/keys/esi-worker/job_state?recursive=true&wait=true HTTP/1.1" 200 None
2019-02-01 00:30:03,733:DEBUG:
*** Consume stored data in etcd ***
 action=[compareAndSwap], key=[/esi-worker/job_state/v2.0/subnets/215cb166-b0c5-4fbb-ad5f-948cb93119fe],
 value=[{
    "heat_outputs": [
        {
            "output_value": "192.168.200.0/24", 
            "description": "IP prefix of local subnet.", 
            "output_key": "ip_prefix"
        }, 
        {
            "output_value": "215cb166-b0c5-4fbb-ad5f-948cb93119fe", 
            "description": "The name of the local subnet.", 
            "output_key": "name"
        }, 
        {
            "output_value": "192.168.200.1", 
            "description": "Default gateway of local subnet.", 
            "output_key": "default_gateway"
        }, 
        {
            "output_value": "b761b0cd-d7c3-4b7a-b596-cea1cf9cc1e1", 
            "description": "A unique id for the network.", 
            "output_key": "network_id"
        }, 
        {
            "output_value": "5a79909b-2bf3-4e26-8a9c-0bf6bb175457", 
            "description": "IPAM this local subnet uses.", 
            "output_key": "ipam"
        }, 
        {
            "output_value": "622495a6-b651-4033-9d30-c634e4b08851", 
            "description": "A unique id for the local subnet.", 
            "output_key": "id"
        }
    ], 
    "orchestration_state": "CREATE_COMPLETE"
}]
2019-02-01 00:30:03,733:DEBUG:About to wait on key /esi-worker/job_state, index None
2019-02-01 00:30:03,733:DEBUG:Issuing read for key /esi-worker/job_state with args {'recursive': True, 'timeout': None, 'wait': True}
2019-02-01 00:30:03,734:DEBUG:http://etcd-server:2379 "GET /v2/keys/esi-worker/job_state?recursive=true&wait=true HTTP/1.1" 200 None
2019-02-01 00:30:03,772:DEBUG:
*** Consume stored data in etcd ***
 action=[compareAndDelete], key=[/esi-worker/job_state/v2.0/subnets/215cb166-b0c5-4fbb-ad5f-948cb93119fe],
 value=[]
2019-02-01 00:30:03,772:DEBUG:About to wait on key /esi-worker/job_state, index None
2019-02-01 00:30:03,772:DEBUG:Issuing read for key /esi-worker/job_state with args {'recursive': True, 'timeout': None, 'wait': True}
2019-02-01 00:30:03,773:DEBUG:http://etcd-server:2379 "GET /v2/keys/esi-worker/job_state?recursive=true&wait=true HTTP/1.1" 200 None
2019-02-01 00:30:13,616:DEBUG:
*** Consume stored data in etcd ***
 action=[set], key=[/esi-worker/job_state/v2.0/ports/3a04e6ed-68fb-4534-8822-d5162d19f35a],
 value=[{}]
2019-02-01 00:30:13,616:DEBUG:About to wait on key /esi-worker/job_state, index None
2019-02-01 00:30:13,616:DEBUG:Issuing read for key /esi-worker/job_state with args {'recursive': True, 'timeout': None, 'wait': True}
2019-02-01 00:30:13,617:DEBUG:http://etcd-server:2379 "GET /v2/keys/esi-worker/job_state?recursive=true&wait=true HTTP/1.1" 200 None
2019-02-01 00:30:17,942:DEBUG:
*** Consume stored data in etcd ***
 action=[compareAndSwap], key=[/esi-worker/job_state/v2.0/ports/3a04e6ed-68fb-4534-8822-d5162d19f35a],
 value=[{
    "heat_outputs": [
        {
            "output_value": [
                [
                    "default-domain", 
                    "admin", 
                    "b62eefe0-0872-478d-adfe-1a606320f0e7"
                ]
            ], 
            "description": "Virtual network.", 
            "output_key": "virtual_network"
        }, 
        {
            "output_value": "default-domain:admin:f68d0924-ef20-4c1b-ac45-0e6b879af5e7", 
            "description": "Fully Qualified Name of the VMI", 
            "output_key": "fq_name"
        }, 
        {
            "output_value": "f68d0924-ef20-4c1b-ac45-0e6b879af5e7", 
            "description": "A unique id for the virtual machine interface.", 
            "output_key": "id"
        }, 
        {
            "output_value": {
                "allowed_address_pair": []
            }, 
            "description": "Virtual machine allowed address pairs.", 
            "output_key": "allowed_address_pairs"
        }, 
        {
            "output_value": [
                "fa:16:3e:f7:60:7f"
            ], 
            "description": "Virtual machine interface mac address.", 
            "output_key": "mac_address"
        }
    ], 
    "orchestration_state": "CREATE_COMPLETE"
}]
2019-02-01 00:30:17,942:DEBUG:About to wait on key /esi-worker/job_state, index None
2019-02-01 00:30:17,943:DEBUG:Issuing read for key /esi-worker/job_state with args {'recursive': True, 'timeout': None, 'wait': True}
2019-02-01 00:30:17,943:DEBUG:http://etcd-server:2379 "GET /v2/keys/esi-worker/job_state?recursive=true&wait=true HTTP/1.1" 200 None
2019-02-01 00:30:17,992:DEBUG:
*** Consume stored data in etcd ***
 action=[compareAndDelete], key=[/esi-worker/job_state/v2.0/ports/3a04e6ed-68fb-4534-8822-d5162d19f35a],
 value=[]
2019-02-01 00:30:17,992:DEBUG:About to wait on key /esi-worker/job_state, index None
2019-02-01 00:30:17,992:DEBUG:Issuing read for key /esi-worker/job_state with args {'recursive': True, 'timeout': None, 'wait': True}
2019-02-01 00:30:17,994:DEBUG:http://etcd-server:2379 "GET /v2/keys/esi-worker/job_state?recursive=true&wait=true HTTP/1.1" 200 None
2019-02-01 00:30:18,080:DEBUG:
*** Consume stored data in etcd ***
 action=[set], key=[/esi-worker/job_state/v2.0/ese_logical_ports/74522211-c8db-41b6-8a35-4fac9656713c],
 value=[{}]
2019-02-01 00:30:18,080:DEBUG:About to wait on key /esi-worker/job_state, index None
2019-02-01 00:30:18,081:DEBUG:Issuing read for key /esi-worker/job_state with args {'recursive': True, 'timeout': None, 'wait': True}
2019-02-01 00:30:18,083:DEBUG:http://etcd-server:2379 "GET /v2/keys/esi-worker/job_state?recursive=true&wait=true HTTP/1.1" 200 None
2019-02-01 00:30:22,490:DEBUG:
*** Consume stored data in etcd ***
 action=[compareAndSwap], key=[/esi-worker/job_state/v2.0/ese_logical_ports/74522211-c8db-41b6-8a35-4fac9656713c],
 value=[{
    "heat_outputs": [
        {
            "output_value": "17a787f7-e191-48c3-adaf-692a20a3768f", 
            "description": "Monitoring Target ID", 
            "output_key": "monitoring_target_id"
        }, 
        {
            "output_value": "46b0cd68-d0fb-4d72-9def-830164f9e215", 
            "description": "A unique id for the logical interface", 
            "output_key": "id"
        }, 
        {
            "output_value": "http://collector-agents-se:7070/targets/17a787f7-e191-48c3-adaf-692a20a3768f", 
            "description": "Monitoring Process Link", 
            "output_key": "monitoring_link"
        }, 
        {
            "output_value": "xe-0/0/38.0", 
            "description": "The name of the logical interface.", 
            "output_key": "name"
        }
    ], 
    "orchestration_state": "CREATE_COMPLETE"
}]
2019-02-01 00:30:22,490:DEBUG:About to wait on key /esi-worker/job_state, index None
2019-02-01 00:30:22,490:DEBUG:Issuing read for key /esi-worker/job_state with args {'recursive': True, 'timeout': None, 'wait': True}
2019-02-01 00:30:22,492:DEBUG:http://etcd-server:2379 "GET /v2/keys/esi-worker/job_state?recursive=true&wait=true HTTP/1.1" 200 None
2019-02-01 00:30:22,536:DEBUG:
*** Consume stored data in etcd ***
 action=[compareAndDelete], key=[/esi-worker/job_state/v2.0/ese_logical_ports/74522211-c8db-41b6-8a35-4fac9656713c],
 value=[]
2019-02-01 00:30:22,536:DEBUG:About to wait on key /esi-worker/job_state, index None
2019-02-01 00:30:22,536:DEBUG:Issuing read for key /esi-worker/job_state with args {'recursive': True, 'timeout': None, 'wait': True}
2019-02-01 00:30:22,537:DEBUG:http://etcd-server:2379 "GET /v2/keys/esi-worker/job_state?recursive=true&wait=true HTTP/1.1" 200 None
2019-02-01 00:30:22,764:DEBUG:
*** Consume stored data in etcd ***
 action=[set], key=[/esi-worker/job_state/v2.0/ports/3a04e6ed-68fb-4534-8822-d5162d19f35a],
 value=[{}]
2019-02-01 00:30:22,764:DEBUG:About to wait on key /esi-worker/job_state, index None
2019-02-01 00:30:22,764:DEBUG:Issuing read for key /esi-worker/job_state with args {'recursive': True, 'timeout': None, 'wait': True}
2019-02-01 00:30:22,767:DEBUG:http://etcd-server:2379 "GET /v2/keys/esi-worker/job_state?recursive=true&wait=true HTTP/1.1" 200 None
2019-02-01 00:30:33,204:DEBUG:
*** Consume stored data in etcd ***
 action=[compareAndSwap], key=[/esi-worker/job_state/v2.0/ports/3a04e6ed-68fb-4534-8822-d5162d19f35a],
 value=[{
    "heat_outputs": [
        {
            "output_value": "default-domain:admin:f68d0924-ef20-4c1b-ac45-0e6b879af5e7", 
            "description": "Fully Qualified Name of the VMI", 
            "output_key": "fq_name"
        }, 
        {
            "output_value": {
                "allowed_address_pair": []
            }, 
            "description": "Virtual machine allowed address pairs.", 
            "output_key": "allowed_address_pairs"
        }, 
        {
            "output_value": "bb927b26-ba6b-4049-9b55-54af3e1ea997", 
            "description": "Monitoring Target ID", 
            "output_key": "monitoring_target_id"
        }, 
        {
            "output_value": [
                "fa:16:3e:f7:60:7f"
            ], 
            "description": "Virtual machine interface mac address.", 
            "output_key": "mac_address"
        }, 
        {
            "output_value": [
                [
                    "default-domain", 
                    "admin", 
                    "b62eefe0-0872-478d-adfe-1a606320f0e7"
                ]
            ], 
            "description": "Virtual network.", 
            "output_key": "virtual_network"
        }, 
        {
            "output_value": "f68d0924-ef20-4c1b-ac45-0e6b879af5e7", 
            "description": "A unique id for the virtual machine interface.", 
            "output_key": "id"
        }, 
        {
            "output_value": "http://collector-agents-se:7070/targets/bb927b26-ba6b-4049-9b55-54af3e1ea997", 
            "description": "Monitoring Process Link", 
            "output_key": "monitoring_link"
        }
    ], 
    "orchestration_state": "UPDATE_COMPLETE"
}]
2019-02-01 00:30:33,204:DEBUG:About to wait on key /esi-worker/job_state, index None
2019-02-01 00:30:33,204:DEBUG:Issuing read for key /esi-worker/job_state with args {'recursive': True, 'timeout': None, 'wait': True}
2019-02-01 00:30:33,205:DEBUG:http://etcd-server:2379 "GET /v2/keys/esi-worker/job_state?recursive=true&wait=true HTTP/1.1" 200 None
2019-02-01 00:30:33,254:DEBUG:
*** Consume stored data in etcd ***
 action=[compareAndDelete], key=[/esi-worker/job_state/v2.0/ports/3a04e6ed-68fb-4534-8822-d5162d19f35a],
 value=[]
2019-02-01 00:30:33,254:DEBUG:About to wait on key /esi-worker/job_state, index None
2019-02-01 00:30:33,255:DEBUG:Issuing read for key /esi-worker/job_state with args {'recursive': True, 'timeout': None, 'wait': True}
2019-02-01 00:30:33,255:DEBUG:http://etcd-server:2379 "GET /v2/keys/esi-worker/job_state?recursive=true&wait=true HTTP/1.1" 200 None
2019-02-01 00:30:53,275:ERROR:Request to server http://etcd-server:2379 failed: ReadTimeoutError("HTTPConnectionPool(host='etcd-server', port=2379): Read timed out.",)
2019-02-01 00:30:53,275:INFO:Reconnection allowed, looking for another server.
2019-02-01 00:30:53,275:DEBUG:Selection next machine in cache. Available machines: []
2019-02-01 00:30:53,275:ERROR:Machines cache is empty, no machines to try.
2019-02-01 00:30:53,276:DEBUG:About to wait on key /esi-worker/job_state, index None
2019-02-01 00:30:53,276:DEBUG:Issuing read for key /esi-worker/job_state with args {'recursive': True, 'timeout': None, 'wait': True}
2019-02-01 00:30:53,276:DEBUG:Resetting dropped connection: etcd-server
2019-02-01 00:30:53,277:DEBUG:http://etcd-server:2379 "GET /v2/keys/esi-worker/job_state?recursive=true&wait=true HTTP/1.1" 200 None
2019-02-01 00:31:13,298:ERROR:Request to server http://etcd-server:2379 failed: ReadTimeoutError("HTTPConnectionPool(host='etcd-server', port=2379): Read timed out.",)
2019-02-01 00:31:13,298:INFO:Reconnection allowed, looking for another server.
2019-02-01 00:31:13,298:DEBUG:Selection next machine in cache. Available machines: []
2019-02-01 00:31:13,298:ERROR:Machines cache is empty, no machines to try.
2019-02-01 00:31:13,298:DEBUG:About to wait on key /esi-worker/job_state, index None
2019-02-01 00:31:13,298:DEBUG:Issuing read for key /esi-worker/job_state with args {'recursive': True, 'timeout': None, 'wait': True}
2019-02-01 00:31:13,299:DEBUG:Resetting dropped connection: etcd-server
2019-02-01 00:31:13,301:DEBUG:http://etcd-server:2379 "GET /v2/keys/esi-worker/job_state?recursive=true&wait=true HTTP/1.1" 200 None
2019-02-01 00:31:33,320:ERROR:Request to server http://etcd-server:2379 failed: ReadTimeoutError("HTTPConnectionPool(host='etcd-server', port=2379): Read timed out.",)
2019-02-01 00:31:33,320:INFO:Reconnection allowed, looking for another server.
2019-02-01 00:31:33,321:DEBUG:Selection next machine in cache. Available machines: []
2019-02-01 00:31:33,321:ERROR:Machines cache is empty, no machines to try.
2019-02-01 00:31:33,321:DEBUG:About to wait on key /esi-worker/job_state, index None
2019-02-01 00:31:33,321:DEBUG:Issuing read for key /esi-worker/job_state with args {'recursive': True, 'timeout': None, 'wait': True}
2019-02-01 00:31:33,321:DEBUG:Resetting dropped connection: etcd-server
2019-02-01 00:31:33,322:DEBUG:http://etcd-server:2379 "GET /v2/keys/esi-worker/job_state?recursive=true&wait=true HTTP/1.1" 200 None
2019-02-01 00:31:53,338:ERROR:Request to server http://etcd-server:2379 failed: ReadTimeoutError("HTTPConnectionPool(host='etcd-server', port=2379): Read timed out.",)
2019-02-01 00:31:53,338:INFO:Reconnection allowed, looking for another server.
2019-02-01 00:31:53,338:DEBUG:Selection next machine in cache. Available machines: []
2019-02-01 00:31:53,338:ERROR:Machines cache is empty, no machines to try.
2019-02-01 00:31:53,338:DEBUG:About to wait on key /esi-worker/job_state, index None
2019-02-01 00:31:53,338:DEBUG:Issuing read for key /esi-worker/job_state with args {'recursive': True, 'timeout': None, 'wait': True}
2019-02-01 00:31:53,339:DEBUG:Resetting dropped connection: etcd-server
2019-02-01 00:31:53,340:DEBUG:http://etcd-server:2379 "GET /v2/keys/esi-worker/job_state?recursive=true&wait=true HTTP/1.1" 200 None
2019-02-01 00:32:13,347:ERROR:Request to server http://etcd-server:2379 failed: ReadTimeoutError("HTTPConnectionPool(host='etcd-server', port=2379): Read timed out.",)
2019-02-01 00:32:13,348:INFO:Reconnection allowed, looking for another server.
2019-02-01 00:32:13,348:DEBUG:Selection next machine in cache. Available machines: []
2019-02-01 00:32:13,348:ERROR:Machines cache is empty, no machines to try.
2019-02-01 00:32:13,348:DEBUG:About to wait on key /esi-worker/job_state, index None
2019-02-01 00:32:13,348:DEBUG:Issuing read for key /esi-worker/job_state with args {'recursive': True, 'timeout': None, 'wait': True}
2019-02-01 00:32:13,348:DEBUG:Resetting dropped connection: etcd-server
2019-02-01 00:32:13,350:DEBUG:http://etcd-server:2379 "GET /v2/keys/esi-worker/job_state?recursive=true&wait=true HTTP/1.1" 200 None
2019-02-01 00:32:33,353:ERROR:Request to server http://etcd-server:2379 failed: ReadTimeoutError("HTTPConnectionPool(host='etcd-server', port=2379): Read timed out.",)
2019-02-01 00:32:33,354:INFO:Reconnection allowed, looking for another server.
2019-02-01 00:32:33,354:DEBUG:Selection next machine in cache. Available machines: []
2019-02-01 00:32:33,354:ERROR:Machines cache is empty, no machines to try.
2019-02-01 00:32:33,354:DEBUG:About to wait on key /esi-worker/job_state, index None
2019-02-01 00:32:33,354:DEBUG:Issuing read for key /esi-worker/job_state with args {'recursive': True, 'timeout': None, 'wait': True}
2019-02-01 00:32:33,355:DEBUG:Resetting dropped connection: etcd-server
2019-02-01 00:32:33,356:DEBUG:http://etcd-server:2379 "GET /v2/keys/esi-worker/job_state?recursive=true&wait=true HTTP/1.1" 200 None
2019-02-01 00:32:53,375:ERROR:Request to server http://etcd-server:2379 failed: ReadTimeoutError("HTTPConnectionPool(host='etcd-server', port=2379): Read timed out.",)
2019-02-01 00:32:53,375:INFO:Reconnection allowed, looking for another server.
2019-02-01 00:32:53,375:DEBUG:Selection next machine in cache. Available machines: []
2019-02-01 00:32:53,375:ERROR:Machines cache is empty, no machines to try.
2019-02-01 00:32:53,375:DEBUG:About to wait on key /esi-worker/job_state, index None
2019-02-01 00:32:53,376:DEBUG:Issuing read for key /esi-worker/job_state with args {'recursive': True, 'timeout': None, 'wait': True}
2019-02-01 00:32:53,376:DEBUG:Resetting dropped connection: etcd-server
2019-02-01 00:32:53,377:DEBUG:http://etcd-server:2379 "GET /v2/keys/esi-worker/job_state?recursive=true&wait=true HTTP/1.1" 200 None
2019-02-01 00:33:13,383:ERROR:Request to server http://etcd-server:2379 failed: ReadTimeoutError("HTTPConnectionPool(host='etcd-server', port=2379): Read timed out.",)
2019-02-01 00:33:13,383:INFO:Reconnection allowed, looking for another server.
2019-02-01 00:33:13,383:DEBUG:Selection next machine in cache. Available machines: []
2019-02-01 00:33:13,383:ERROR:Machines cache is empty, no machines to try.
2019-02-01 00:33:13,384:DEBUG:About to wait on key /esi-worker/job_state, index None
2019-02-01 00:33:13,384:DEBUG:Issuing read for key /esi-worker/job_state with args {'recursive': True, 'timeout': None, 'wait': True}
2019-02-01 00:33:13,384:DEBUG:Resetting dropped connection: etcd-server
2019-02-01 00:33:13,385:DEBUG:http://etcd-server:2379 "GET /v2/keys/esi-worker/job_state?recursive=true&wait=true HTTP/1.1" 200 None
2019-02-01 00:33:33,399:ERROR:Request to server http://etcd-server:2379 failed: ReadTimeoutError("HTTPConnectionPool(host='etcd-server', port=2379): Read timed out.",)
2019-02-01 00:33:33,400:INFO:Reconnection allowed, looking for another server.
2019-02-01 00:33:33,400:DEBUG:Selection next machine in cache. Available machines: []
2019-02-01 00:33:33,400:ERROR:Machines cache is empty, no machines to try.
2019-02-01 00:33:33,400:DEBUG:About to wait on key /esi-worker/job_state, index None
2019-02-01 00:33:33,400:DEBUG:Issuing read for key /esi-worker/job_state with args {'recursive': True, 'timeout': None, 'wait': True}
2019-02-01 00:33:33,400:DEBUG:Resetting dropped connection: etcd-server
2019-02-01 00:33:33,401:DEBUG:http://etcd-server:2379 "GET /v2/keys/esi-worker/job_state?recursive=true&wait=true HTTP/1.1" 200 None
2019-02-01 00:33:53,422:ERROR:Request to server http://etcd-server:2379 failed: ReadTimeoutError("HTTPConnectionPool(host='etcd-server', port=2379): Read timed out.",)
2019-02-01 00:33:53,422:INFO:Reconnection allowed, looking for another server.
2019-02-01 00:33:53,422:DEBUG:Selection next machine in cache. Available machines: []
2019-02-01 00:33:53,422:ERROR:Machines cache is empty, no machines to try.
2019-02-01 00:33:53,422:DEBUG:About to wait on key /esi-worker/job_state, index None
2019-02-01 00:33:53,422:DEBUG:Issuing read for key /esi-worker/job_state with args {'recursive': True, 'timeout': None, 'wait': True}
2019-02-01 00:33:53,423:DEBUG:Resetting dropped connection: etcd-server
2019-02-01 00:33:53,424:DEBUG:http://etcd-server:2379 "GET /v2/keys/esi-worker/job_state?recursive=true&wait=true HTTP/1.1" 200 None
2019-02-01 00:34:13,441:ERROR:Request to server http://etcd-server:2379 failed: ReadTimeoutError("HTTPConnectionPool(host='etcd-server', port=2379): Read timed out.",)
2019-02-01 00:34:13,441:INFO:Reconnection allowed, looking for another server.
2019-02-01 00:34:13,441:DEBUG:Selection next machine in cache. Available machines: []
2019-02-01 00:34:13,441:ERROR:Machines cache is empty, no machines to try.
2019-02-01 00:34:13,442:DEBUG:About to wait on key /esi-worker/job_state, index None
2019-02-01 00:34:13,442:DEBUG:Issuing read for key /esi-worker/job_state with args {'recursive': True, 'timeout': None, 'wait': True}
2019-02-01 00:34:13,442:DEBUG:Resetting dropped connection: etcd-server
2019-02-01 00:34:13,443:DEBUG:http://etcd-server:2379 "GET /v2/keys/esi-worker/job_state?recursive=true&wait=true HTTP/1.1" 200 None
