2019-02-01 00:26:11,523:DEBUG:New etcd client created for etcd-server:2379/v2
2019-02-01 00:26:11,523:DEBUG:Starting new HTTP connection (1): etcd-server:2379
2019-02-01 00:26:11,526:DEBUG:http://etcd-server:2379 "GET /v2/machines HTTP/1.1" 200 23
2019-02-01 00:26:11,526:DEBUG:Retrieved list of machines: [u'http://etcd-server:2379']
2019-02-01 00:26:11,526:DEBUG:Machines cache initialised to []
2019-02-01 00:26:11,527:DEBUG:About to wait on key /state, index None
2019-02-01 00:26:11,527:DEBUG:Issuing read for key /state with args {'recursive': True, 'timeout': None, 'wait': True}
2019-02-01 00:26:11,527:DEBUG:http://etcd-server:2379 "GET /v2/keys/state?recursive=true&wait=true HTTP/1.1" 200 None
2019-02-01 00:26:31,547:ERROR:Request to server http://etcd-server:2379 failed: ReadTimeoutError("HTTPConnectionPool(host='etcd-server', port=2379): Read timed out.",)
2019-02-01 00:26:31,548:INFO:Reconnection allowed, looking for another server.
2019-02-01 00:26:31,548:DEBUG:Selection next machine in cache. Available machines: []
2019-02-01 00:26:31,548:ERROR:Machines cache is empty, no machines to try.
2019-02-01 00:26:31,548:DEBUG:About to wait on key /state, index None
2019-02-01 00:26:31,548:DEBUG:Issuing read for key /state with args {'recursive': True, 'timeout': None, 'wait': True}
2019-02-01 00:26:31,549:DEBUG:Resetting dropped connection: etcd-server
2019-02-01 00:26:31,551:DEBUG:http://etcd-server:2379 "GET /v2/keys/state?recursive=true&wait=true HTTP/1.1" 200 None
2019-02-01 00:26:42,004:DEBUG:
*** Consume stored data in etcd ***
 action=[set], key=[/state/v2.0/quotas/default],
 value=[{
    "state": {
        "worker_state": "READ_COMPLETE"
    }, 
    "version": 1, 
    "error": ""
}]
2019-02-01 00:26:42,004:DEBUG:About to wait on key /state, index None
2019-02-01 00:26:42,004:DEBUG:Issuing read for key /state with args {'recursive': True, 'timeout': None, 'wait': True}
2019-02-01 00:26:42,006:DEBUG:http://etcd-server:2379 "GET /v2/keys/state?recursive=true&wait=true HTTP/1.1" 200 None
2019-02-01 00:26:42,029:DEBUG:
*** Consume stored data in etcd ***
 action=[set], key=[/state/v2.0/reserve_addresses/default],
 value=[{
    "state": {
        "worker_state": "READ_COMPLETE"
    }, 
    "version": 1, 
    "error": ""
}]
2019-02-01 00:26:42,029:DEBUG:About to wait on key /state, index None
2019-02-01 00:26:42,029:DEBUG:Issuing read for key /state with args {'recursive': True, 'timeout': None, 'wait': True}
2019-02-01 00:26:42,031:DEBUG:http://etcd-server:2379 "GET /v2/keys/state?recursive=true&wait=true HTTP/1.1" 200 None
2019-02-01 00:27:02,046:ERROR:Request to server http://etcd-server:2379 failed: ReadTimeoutError("HTTPConnectionPool(host='etcd-server', port=2379): Read timed out.",)
2019-02-01 00:27:02,047:INFO:Reconnection allowed, looking for another server.
2019-02-01 00:27:02,047:DEBUG:Selection next machine in cache. Available machines: []
2019-02-01 00:27:02,047:ERROR:Machines cache is empty, no machines to try.
2019-02-01 00:27:02,047:DEBUG:About to wait on key /state, index None
2019-02-01 00:27:02,047:DEBUG:Issuing read for key /state with args {'recursive': True, 'timeout': None, 'wait': True}
2019-02-01 00:27:02,048:DEBUG:Resetting dropped connection: etcd-server
2019-02-01 00:27:02,050:DEBUG:http://etcd-server:2379 "GET /v2/keys/state?recursive=true&wait=true HTTP/1.1" 200 None
2019-02-01 00:27:15,467:DEBUG:
*** Consume stored data in etcd ***
 action=[set], key=[/state/common/v1.0/tenants/4b4cb858859842a389d0b0c8eb567d59],
 value=[{
    "state": {
        "worker_state": "READ_COMPLETE"
    }, 
    "version": 1, 
    "error": ""
}]
2019-02-01 00:27:15,467:DEBUG:About to wait on key /state, index None
2019-02-01 00:27:15,467:DEBUG:Issuing read for key /state with args {'recursive': True, 'timeout': None, 'wait': True}
2019-02-01 00:27:15,468:DEBUG:http://etcd-server:2379 "GET /v2/keys/state?recursive=true&wait=true HTTP/1.1" 200 None
2019-02-01 00:27:20,524:DEBUG:
*** Consume stored data in etcd ***
 action=[set], key=[/state/v2.0/ese_devices/61a05e50-71f9-495d-b1cc-74382dfaec83],
 value=[{
    "state": {
        "worker_state": "CREATE_COMPLETED", 
        "heat_outputs": "[{\"output_value\": \"259db18a-5c51-45d5-847e-9a05da626f80\", \"description\": \"Monitoring Target ID\", \"output_key\": \"monitoring_target_id\"}, {\"output_value\": [\"default-global-system-config\", \"NWSDP-JNPR-02\"], \"description\": \"The FQ name of the physical router.\", \"output_key\": \"fq_name\"}, {\"output_value\": \"7e5c78fa-71c0-427e-947f-586b1fc3c470\", \"description\": \"A unique id for the physical router.\", \"output_key\": \"id\"}, {\"output_value\": \"http://collector-agents-se:7070/targets/259db18a-5c51-45d5-847e-9a05da626f80\", \"description\": \"Monitoring Process Link\", \"output_key\": \"monitoring_link\"}, {\"output_value\": \"NWSDP-JNPR-02\", \"description\": \"The name of the physical router.\", \"output_key\": \"name\"}]", 
        "orchestration_state": "CREATE_COMPLETE"
    }, 
    "version": 1, 
    "error": ""
}]
2019-02-01 00:27:20,525:DEBUG:About to wait on key /state, index None
2019-02-01 00:27:20,525:DEBUG:Issuing read for key /state with args {'recursive': True, 'timeout': None, 'wait': True}
2019-02-01 00:27:20,526:DEBUG:http://etcd-server:2379 "GET /v2/keys/state?recursive=true&wait=true HTTP/1.1" 200 None
2019-02-01 00:27:40,543:ERROR:Request to server http://etcd-server:2379 failed: ReadTimeoutError("HTTPConnectionPool(host='etcd-server', port=2379): Read timed out.",)
2019-02-01 00:27:40,543:INFO:Reconnection allowed, looking for another server.
2019-02-01 00:27:40,543:DEBUG:Selection next machine in cache. Available machines: []
2019-02-01 00:27:40,543:ERROR:Machines cache is empty, no machines to try.
2019-02-01 00:27:40,544:DEBUG:About to wait on key /state, index None
2019-02-01 00:27:40,544:DEBUG:Issuing read for key /state with args {'recursive': True, 'timeout': None, 'wait': True}
2019-02-01 00:27:40,544:DEBUG:Resetting dropped connection: etcd-server
2019-02-01 00:27:40,547:DEBUG:http://etcd-server:2379 "GET /v2/keys/state?recursive=true&wait=true HTTP/1.1" 200 None
2019-02-01 00:28:00,567:ERROR:Request to server http://etcd-server:2379 failed: ReadTimeoutError("HTTPConnectionPool(host='etcd-server', port=2379): Read timed out.",)
2019-02-01 00:28:00,567:INFO:Reconnection allowed, looking for another server.
2019-02-01 00:28:00,567:DEBUG:Selection next machine in cache. Available machines: []
2019-02-01 00:28:00,567:ERROR:Machines cache is empty, no machines to try.
2019-02-01 00:28:00,567:DEBUG:About to wait on key /state, index None
2019-02-01 00:28:00,568:DEBUG:Issuing read for key /state with args {'recursive': True, 'timeout': None, 'wait': True}
2019-02-01 00:28:00,568:DEBUG:Resetting dropped connection: etcd-server
2019-02-01 00:28:00,569:DEBUG:http://etcd-server:2379 "GET /v2/keys/state?recursive=true&wait=true HTTP/1.1" 200 None
2019-02-01 00:28:20,589:ERROR:Request to server http://etcd-server:2379 failed: ReadTimeoutError("HTTPConnectionPool(host='etcd-server', port=2379): Read timed out.",)
2019-02-01 00:28:20,590:INFO:Reconnection allowed, looking for another server.
2019-02-01 00:28:20,590:DEBUG:Selection next machine in cache. Available machines: []
2019-02-01 00:28:20,590:ERROR:Machines cache is empty, no machines to try.
2019-02-01 00:28:20,590:DEBUG:About to wait on key /state, index None
2019-02-01 00:28:20,590:DEBUG:Issuing read for key /state with args {'recursive': True, 'timeout': None, 'wait': True}
2019-02-01 00:28:20,590:DEBUG:Resetting dropped connection: etcd-server
2019-02-01 00:28:20,592:DEBUG:http://etcd-server:2379 "GET /v2/keys/state?recursive=true&wait=true HTTP/1.1" 200 None
2019-02-01 00:28:30,334:DEBUG:
*** Consume stored data in etcd ***
 action=[set], key=[/state/v2.0/physical_ports/c13acfa3-6780-4f53-90da-492dfd697e69],
 value=[{
    "state": {
        "worker_state": "READ_COMPLETE"
    }, 
    "version": 1, 
    "error": ""
}]
2019-02-01 00:28:30,334:DEBUG:About to wait on key /state, index None
2019-02-01 00:28:30,334:DEBUG:Issuing read for key /state with args {'recursive': True, 'timeout': None, 'wait': True}
2019-02-01 00:28:30,336:DEBUG:http://etcd-server:2379 "GET /v2/keys/state?recursive=true&wait=true HTTP/1.1" 200 None
2019-02-01 00:28:41,747:DEBUG:
*** Consume stored data in etcd ***
 action=[set], key=[/state/v2.0/ese_physical_ports/0915a040-2f84-44fc-9083-1e2f719ae2eb],
 value=[{
    "state": {
        "worker_state": "CREATE_COMPLETED", 
        "heat_outputs": "[{\"output_value\": \"39ab4e06-ac66-4e84-81c5-93b888427955\", \"description\": \"Monitoring Target ID\", \"output_key\": \"monitoring_target_id\"}, {\"output_value\": \"5a79909b-2bf3-4e26-8a9c-0bf6bb175457\", \"description\": \"A unique id for the physical interface\", \"output_key\": \"id\"}, {\"output_value\": \"http://collector-agents-se:7070/targets/39ab4e06-ac66-4e84-81c5-93b888427955\", \"description\": \"Monitoring Process Link\", \"output_key\": \"monitoring_link\"}, {\"output_value\": \"xe-0/0/38\", \"description\": \"The name of the physical interface.\", \"output_key\": \"name\"}]", 
        "orchestration_state": "CREATE_COMPLETE"
    }, 
    "version": 1, 
    "error": ""
}]
2019-02-01 00:28:41,747:DEBUG:About to wait on key /state, index None
2019-02-01 00:28:41,747:DEBUG:Issuing read for key /state with args {'recursive': True, 'timeout': None, 'wait': True}
2019-02-01 00:28:41,750:DEBUG:http://etcd-server:2379 "GET /v2/keys/state?recursive=true&wait=true HTTP/1.1" 200 None
2019-02-01 00:29:01,767:ERROR:Request to server http://etcd-server:2379 failed: ReadTimeoutError("HTTPConnectionPool(host='etcd-server', port=2379): Read timed out.",)
2019-02-01 00:29:01,767:INFO:Reconnection allowed, looking for another server.
2019-02-01 00:29:01,767:DEBUG:Selection next machine in cache. Available machines: []
2019-02-01 00:29:01,767:ERROR:Machines cache is empty, no machines to try.
2019-02-01 00:29:01,768:DEBUG:About to wait on key /state, index None
2019-02-01 00:29:01,768:DEBUG:Issuing read for key /state with args {'recursive': True, 'timeout': None, 'wait': True}
2019-02-01 00:29:01,768:DEBUG:Resetting dropped connection: etcd-server
2019-02-01 00:29:01,769:DEBUG:http://etcd-server:2379 "GET /v2/keys/state?recursive=true&wait=true HTTP/1.1" 200 None
2019-02-01 00:29:21,788:ERROR:Request to server http://etcd-server:2379 failed: ReadTimeoutError("HTTPConnectionPool(host='etcd-server', port=2379): Read timed out.",)
2019-02-01 00:29:21,788:INFO:Reconnection allowed, looking for another server.
2019-02-01 00:29:21,788:DEBUG:Selection next machine in cache. Available machines: []
2019-02-01 00:29:21,788:ERROR:Machines cache is empty, no machines to try.
2019-02-01 00:29:21,788:DEBUG:About to wait on key /state, index None
2019-02-01 00:29:21,788:DEBUG:Issuing read for key /state with args {'recursive': True, 'timeout': None, 'wait': True}
2019-02-01 00:29:21,789:DEBUG:Resetting dropped connection: etcd-server
2019-02-01 00:29:21,790:DEBUG:http://etcd-server:2379 "GET /v2/keys/state?recursive=true&wait=true HTTP/1.1" 200 None
2019-02-01 00:29:41,810:ERROR:Request to server http://etcd-server:2379 failed: ReadTimeoutError("HTTPConnectionPool(host='etcd-server', port=2379): Read timed out.",)
2019-02-01 00:29:41,810:INFO:Reconnection allowed, looking for another server.
2019-02-01 00:29:41,810:DEBUG:Selection next machine in cache. Available machines: []
2019-02-01 00:29:41,810:ERROR:Machines cache is empty, no machines to try.
2019-02-01 00:29:41,811:DEBUG:About to wait on key /state, index None
2019-02-01 00:29:41,811:DEBUG:Issuing read for key /state with args {'recursive': True, 'timeout': None, 'wait': True}
2019-02-01 00:29:41,811:DEBUG:Resetting dropped connection: etcd-server
2019-02-01 00:29:41,812:DEBUG:http://etcd-server:2379 "GET /v2/keys/state?recursive=true&wait=true HTTP/1.1" 200 None
2019-02-01 00:29:50,700:DEBUG:
*** Consume stored data in etcd ***
 action=[set], key=[/state/v2.0/networks/b761b0cd-d7c3-4b7a-b596-cea1cf9cc1e1],
 value=[{
    "state": {
        "worker_state": "CREATE_COMPLETED", 
        "heat_outputs": "[{\"output_value\": [], \"description\": \"The name of the virtual network.\", \"output_key\": \"route_targets\"}, {\"output_value\": \"default-domain:usertenant:b761b0cd-d7c3-4b7a-b596-cea1cf9cc1e1\", \"description\": \"The FQ name of the virtual network.\", \"output_key\": \"fq_name\"}, {\"output_value\": \"b761b0cd-d7c3-4b7a-b596-cea1cf9cc1e1\", \"description\": \"A unique id for the virtual network.\", \"output_key\": \"id\"}, {\"output_value\": \"b761b0cd-d7c3-4b7a-b596-cea1cf9cc1e1\", \"description\": \"The name of the virtual network.\", \"output_key\": \"name\"}]", 
        "orchestration_state": "CREATE_COMPLETE"
    }, 
    "version": 1, 
    "error": ""
}]
2019-02-01 00:29:50,701:DEBUG:About to wait on key /state, index None
2019-02-01 00:29:50,701:DEBUG:Issuing read for key /state with args {'recursive': True, 'timeout': None, 'wait': True}
2019-02-01 00:29:50,702:DEBUG:http://etcd-server:2379 "GET /v2/keys/state?recursive=true&wait=true HTTP/1.1" 200 None
2019-02-01 00:30:00,246:DEBUG:
*** Consume stored data in etcd ***
 action=[set], key=[/state/v2.0/ports/e50e0cef-49cc-4231-8331-d1119e2dea5a],
 value=[{
    "state": {
        "worker_state": "READ_COMPLETE"
    }, 
    "version": 1, 
    "error": ""
}]
2019-02-01 00:30:00,246:DEBUG:About to wait on key /state, index None
2019-02-01 00:30:00,246:DEBUG:Issuing read for key /state with args {'recursive': True, 'timeout': None, 'wait': True}
2019-02-01 00:30:00,247:DEBUG:http://etcd-server:2379 "GET /v2/keys/state?recursive=true&wait=true HTTP/1.1" 200 None
2019-02-01 00:30:03,751:DEBUG:
*** Consume stored data in etcd ***
 action=[set], key=[/state/v2.0/subnets/215cb166-b0c5-4fbb-ad5f-948cb93119fe],
 value=[{
    "state": {
        "worker_state": "CREATE_COMPLETED", 
        "heat_outputs": "[{\"output_value\": \"192.168.200.0/24\", \"description\": \"IP prefix of local subnet.\", \"output_key\": \"ip_prefix\"}, {\"output_value\": \"215cb166-b0c5-4fbb-ad5f-948cb93119fe\", \"description\": \"The name of the local subnet.\", \"output_key\": \"name\"}, {\"output_value\": \"192.168.200.1\", \"description\": \"Default gateway of local subnet.\", \"output_key\": \"default_gateway\"}, {\"output_value\": \"b761b0cd-d7c3-4b7a-b596-cea1cf9cc1e1\", \"description\": \"A unique id for the network.\", \"output_key\": \"network_id\"}, {\"output_value\": \"5a79909b-2bf3-4e26-8a9c-0bf6bb175457\", \"description\": \"IPAM this local subnet uses.\", \"output_key\": \"ipam\"}, {\"output_value\": \"622495a6-b651-4033-9d30-c634e4b08851\", \"description\": \"A unique id for the local subnet.\", \"output_key\": \"id\"}]", 
        "orchestration_state": "CREATE_COMPLETE"
    }, 
    "version": 1, 
    "error": ""
}]
2019-02-01 00:30:03,751:DEBUG:About to wait on key /state, index None
2019-02-01 00:30:03,752:DEBUG:Issuing read for key /state with args {'recursive': True, 'timeout': None, 'wait': True}
2019-02-01 00:30:03,753:DEBUG:http://etcd-server:2379 "GET /v2/keys/state?recursive=true&wait=true HTTP/1.1" 200 None
2019-02-01 00:30:17,963:DEBUG:
*** Consume stored data in etcd ***
 action=[set], key=[/state/v2.0/ports/3a04e6ed-68fb-4534-8822-d5162d19f35a],
 value=[{
    "state": {
        "worker_state": "CREATE_COMPLETED", 
        "heat_outputs": "[{\"output_value\": [[\"default-domain\", \"admin\", \"b62eefe0-0872-478d-adfe-1a606320f0e7\"]], \"description\": \"Virtual network.\", \"output_key\": \"virtual_network\"}, {\"output_value\": \"default-domain:admin:f68d0924-ef20-4c1b-ac45-0e6b879af5e7\", \"description\": \"Fully Qualified Name of the VMI\", \"output_key\": \"fq_name\"}, {\"output_value\": \"f68d0924-ef20-4c1b-ac45-0e6b879af5e7\", \"description\": \"A unique id for the virtual machine interface.\", \"output_key\": \"id\"}, {\"output_value\": {\"allowed_address_pair\": []}, \"description\": \"Virtual machine allowed address pairs.\", \"output_key\": \"allowed_address_pairs\"}, {\"output_value\": [\"fa:16:3e:f7:60:7f\"], \"description\": \"Virtual machine interface mac address.\", \"output_key\": \"mac_address\"}]", 
        "orchestration_state": "CREATE_COMPLETE"
    }, 
    "version": 1, 
    "error": ""
}]
2019-02-01 00:30:17,963:DEBUG:About to wait on key /state, index None
2019-02-01 00:30:17,963:DEBUG:Issuing read for key /state with args {'recursive': True, 'timeout': None, 'wait': True}
2019-02-01 00:30:17,965:DEBUG:http://etcd-server:2379 "GET /v2/keys/state?recursive=true&wait=true HTTP/1.1" 200 None
2019-02-01 00:30:22,510:DEBUG:
*** Consume stored data in etcd ***
 action=[set], key=[/state/v2.0/ese_logical_ports/74522211-c8db-41b6-8a35-4fac9656713c],
 value=[{
    "state": {
        "worker_state": "CREATE_COMPLETED", 
        "heat_outputs": "[{\"output_value\": \"17a787f7-e191-48c3-adaf-692a20a3768f\", \"description\": \"Monitoring Target ID\", \"output_key\": \"monitoring_target_id\"}, {\"output_value\": \"46b0cd68-d0fb-4d72-9def-830164f9e215\", \"description\": \"A unique id for the logical interface\", \"output_key\": \"id\"}, {\"output_value\": \"http://collector-agents-se:7070/targets/17a787f7-e191-48c3-adaf-692a20a3768f\", \"description\": \"Monitoring Process Link\", \"output_key\": \"monitoring_link\"}, {\"output_value\": \"xe-0/0/38.0\", \"description\": \"The name of the logical interface.\", \"output_key\": \"name\"}]", 
        "orchestration_state": "CREATE_COMPLETE"
    }, 
    "version": 1, 
    "error": ""
}]
2019-02-01 00:30:22,510:DEBUG:About to wait on key /state, index None
2019-02-01 00:30:22,511:DEBUG:Issuing read for key /state with args {'recursive': True, 'timeout': None, 'wait': True}
2019-02-01 00:30:22,512:DEBUG:http://etcd-server:2379 "GET /v2/keys/state?recursive=true&wait=true HTTP/1.1" 200 None
2019-02-01 00:30:33,228:DEBUG:
*** Consume stored data in etcd ***
 action=[set], key=[/state/v2.0/ports/3a04e6ed-68fb-4534-8822-d5162d19f35a],
 value=[{
    "state": {
        "worker_state": "MODIFY_COMPLETED", 
        "heat_outputs": "[{\"output_value\": \"default-domain:admin:f68d0924-ef20-4c1b-ac45-0e6b879af5e7\", \"description\": \"Fully Qualified Name of the VMI\", \"output_key\": \"fq_name\"}, {\"output_value\": {\"allowed_address_pair\": []}, \"description\": \"Virtual machine allowed address pairs.\", \"output_key\": \"allowed_address_pairs\"}, {\"output_value\": \"bb927b26-ba6b-4049-9b55-54af3e1ea997\", \"description\": \"Monitoring Target ID\", \"output_key\": \"monitoring_target_id\"}, {\"output_value\": [\"fa:16:3e:f7:60:7f\"], \"description\": \"Virtual machine interface mac address.\", \"output_key\": \"mac_address\"}, {\"output_value\": [[\"default-domain\", \"admin\", \"b62eefe0-0872-478d-adfe-1a606320f0e7\"]], \"description\": \"Virtual network.\", \"output_key\": \"virtual_network\"}, {\"output_value\": \"f68d0924-ef20-4c1b-ac45-0e6b879af5e7\", \"description\": \"A unique id for the virtual machine interface.\", \"output_key\": \"id\"}, {\"output_value\": \"http://collector-agents-se:7070/targets/bb927b26-ba6b-4049-9b55-54af3e1ea997\", \"description\": \"Monitoring Process Link\", \"output_key\": \"monitoring_link\"}]", 
        "orchestration_state": "UPDATE_COMPLETE"
    }, 
    "version": 2, 
    "error": ""
}]
2019-02-01 00:30:33,229:DEBUG:About to wait on key /state, index None
2019-02-01 00:30:33,229:DEBUG:Issuing read for key /state with args {'recursive': True, 'timeout': None, 'wait': True}
2019-02-01 00:30:33,230:DEBUG:http://etcd-server:2379 "GET /v2/keys/state?recursive=true&wait=true HTTP/1.1" 200 None
2019-02-01 00:30:53,250:ERROR:Request to server http://etcd-server:2379 failed: ReadTimeoutError("HTTPConnectionPool(host='etcd-server', port=2379): Read timed out.",)
2019-02-01 00:30:53,250:INFO:Reconnection allowed, looking for another server.
2019-02-01 00:30:53,250:DEBUG:Selection next machine in cache. Available machines: []
2019-02-01 00:30:53,250:ERROR:Machines cache is empty, no machines to try.
2019-02-01 00:30:53,250:DEBUG:About to wait on key /state, index None
2019-02-01 00:30:53,250:DEBUG:Issuing read for key /state with args {'recursive': True, 'timeout': None, 'wait': True}
2019-02-01 00:30:53,251:DEBUG:Resetting dropped connection: etcd-server
2019-02-01 00:30:53,252:DEBUG:http://etcd-server:2379 "GET /v2/keys/state?recursive=true&wait=true HTTP/1.1" 200 None
2019-02-01 00:31:13,272:ERROR:Request to server http://etcd-server:2379 failed: ReadTimeoutError("HTTPConnectionPool(host='etcd-server', port=2379): Read timed out.",)
2019-02-01 00:31:13,272:INFO:Reconnection allowed, looking for another server.
2019-02-01 00:31:13,272:DEBUG:Selection next machine in cache. Available machines: []
2019-02-01 00:31:13,273:ERROR:Machines cache is empty, no machines to try.
2019-02-01 00:31:13,273:DEBUG:About to wait on key /state, index None
2019-02-01 00:31:13,273:DEBUG:Issuing read for key /state with args {'recursive': True, 'timeout': None, 'wait': True}
2019-02-01 00:31:13,273:DEBUG:Resetting dropped connection: etcd-server
2019-02-01 00:31:13,275:DEBUG:http://etcd-server:2379 "GET /v2/keys/state?recursive=true&wait=true HTTP/1.1" 200 None
2019-02-01 00:31:33,291:ERROR:Request to server http://etcd-server:2379 failed: ReadTimeoutError("HTTPConnectionPool(host='etcd-server', port=2379): Read timed out.",)
2019-02-01 00:31:33,291:INFO:Reconnection allowed, looking for another server.
2019-02-01 00:31:33,292:DEBUG:Selection next machine in cache. Available machines: []
2019-02-01 00:31:33,292:ERROR:Machines cache is empty, no machines to try.
2019-02-01 00:31:33,292:DEBUG:About to wait on key /state, index None
2019-02-01 00:31:33,292:DEBUG:Issuing read for key /state with args {'recursive': True, 'timeout': None, 'wait': True}
2019-02-01 00:31:33,292:DEBUG:Resetting dropped connection: etcd-server
2019-02-01 00:31:33,293:DEBUG:http://etcd-server:2379 "GET /v2/keys/state?recursive=true&wait=true HTTP/1.1" 200 None
2019-02-01 00:31:53,311:ERROR:Request to server http://etcd-server:2379 failed: ReadTimeoutError("HTTPConnectionPool(host='etcd-server', port=2379): Read timed out.",)
2019-02-01 00:31:53,311:INFO:Reconnection allowed, looking for another server.
2019-02-01 00:31:53,312:DEBUG:Selection next machine in cache. Available machines: []
2019-02-01 00:31:53,312:ERROR:Machines cache is empty, no machines to try.
2019-02-01 00:31:53,312:DEBUG:About to wait on key /state, index None
2019-02-01 00:31:53,312:DEBUG:Issuing read for key /state with args {'recursive': True, 'timeout': None, 'wait': True}
2019-02-01 00:31:53,312:DEBUG:Resetting dropped connection: etcd-server
2019-02-01 00:31:53,313:DEBUG:http://etcd-server:2379 "GET /v2/keys/state?recursive=true&wait=true HTTP/1.1" 200 None
2019-02-01 00:32:13,331:ERROR:Request to server http://etcd-server:2379 failed: ReadTimeoutError("HTTPConnectionPool(host='etcd-server', port=2379): Read timed out.",)
2019-02-01 00:32:13,331:INFO:Reconnection allowed, looking for another server.
2019-02-01 00:32:13,331:DEBUG:Selection next machine in cache. Available machines: []
2019-02-01 00:32:13,331:ERROR:Machines cache is empty, no machines to try.
2019-02-01 00:32:13,332:DEBUG:About to wait on key /state, index None
2019-02-01 00:32:13,332:DEBUG:Issuing read for key /state with args {'recursive': True, 'timeout': None, 'wait': True}
2019-02-01 00:32:13,332:DEBUG:Resetting dropped connection: etcd-server
2019-02-01 00:32:13,334:DEBUG:http://etcd-server:2379 "GET /v2/keys/state?recursive=true&wait=true HTTP/1.1" 200 None
2019-02-01 00:32:33,355:ERROR:Request to server http://etcd-server:2379 failed: ReadTimeoutError("HTTPConnectionPool(host='etcd-server', port=2379): Read timed out.",)
2019-02-01 00:32:33,355:INFO:Reconnection allowed, looking for another server.
2019-02-01 00:32:33,355:DEBUG:Selection next machine in cache. Available machines: []
2019-02-01 00:32:33,355:ERROR:Machines cache is empty, no machines to try.
2019-02-01 00:32:33,355:DEBUG:About to wait on key /state, index None
2019-02-01 00:32:33,355:DEBUG:Issuing read for key /state with args {'recursive': True, 'timeout': None, 'wait': True}
2019-02-01 00:32:33,356:DEBUG:Resetting dropped connection: etcd-server
2019-02-01 00:32:33,358:DEBUG:http://etcd-server:2379 "GET /v2/keys/state?recursive=true&wait=true HTTP/1.1" 200 None
2019-02-01 00:32:53,371:ERROR:Request to server http://etcd-server:2379 failed: ReadTimeoutError("HTTPConnectionPool(host='etcd-server', port=2379): Read timed out.",)
2019-02-01 00:32:53,371:INFO:Reconnection allowed, looking for another server.
2019-02-01 00:32:53,371:DEBUG:Selection next machine in cache. Available machines: []
2019-02-01 00:32:53,371:ERROR:Machines cache is empty, no machines to try.
2019-02-01 00:32:53,372:DEBUG:About to wait on key /state, index None
2019-02-01 00:32:53,372:DEBUG:Issuing read for key /state with args {'recursive': True, 'timeout': None, 'wait': True}
2019-02-01 00:32:53,372:DEBUG:Resetting dropped connection: etcd-server
2019-02-01 00:32:53,373:DEBUG:http://etcd-server:2379 "GET /v2/keys/state?recursive=true&wait=true HTTP/1.1" 200 None
2019-02-01 00:33:13,393:ERROR:Request to server http://etcd-server:2379 failed: ReadTimeoutError("HTTPConnectionPool(host='etcd-server', port=2379): Read timed out.",)
2019-02-01 00:33:13,393:INFO:Reconnection allowed, looking for another server.
2019-02-01 00:33:13,393:DEBUG:Selection next machine in cache. Available machines: []
2019-02-01 00:33:13,393:ERROR:Machines cache is empty, no machines to try.
2019-02-01 00:33:13,394:DEBUG:About to wait on key /state, index None
2019-02-01 00:33:13,394:DEBUG:Issuing read for key /state with args {'recursive': True, 'timeout': None, 'wait': True}
2019-02-01 00:33:13,394:DEBUG:Resetting dropped connection: etcd-server
2019-02-01 00:33:13,395:DEBUG:http://etcd-server:2379 "GET /v2/keys/state?recursive=true&wait=true HTTP/1.1" 200 None
2019-02-01 00:33:33,415:ERROR:Request to server http://etcd-server:2379 failed: ReadTimeoutError("HTTPConnectionPool(host='etcd-server', port=2379): Read timed out.",)
2019-02-01 00:33:33,415:INFO:Reconnection allowed, looking for another server.
2019-02-01 00:33:33,415:DEBUG:Selection next machine in cache. Available machines: []
2019-02-01 00:33:33,416:ERROR:Machines cache is empty, no machines to try.
2019-02-01 00:33:33,416:DEBUG:About to wait on key /state, index None
2019-02-01 00:33:33,416:DEBUG:Issuing read for key /state with args {'recursive': True, 'timeout': None, 'wait': True}
2019-02-01 00:33:33,416:DEBUG:Resetting dropped connection: etcd-server
2019-02-01 00:33:33,417:DEBUG:http://etcd-server:2379 "GET /v2/keys/state?recursive=true&wait=true HTTP/1.1" 200 None
2019-02-01 00:33:53,435:ERROR:Request to server http://etcd-server:2379 failed: ReadTimeoutError("HTTPConnectionPool(host='etcd-server', port=2379): Read timed out.",)
2019-02-01 00:33:53,435:INFO:Reconnection allowed, looking for another server.
2019-02-01 00:33:53,435:DEBUG:Selection next machine in cache. Available machines: []
2019-02-01 00:33:53,435:ERROR:Machines cache is empty, no machines to try.
2019-02-01 00:33:53,436:DEBUG:About to wait on key /state, index None
2019-02-01 00:33:53,436:DEBUG:Issuing read for key /state with args {'recursive': True, 'timeout': None, 'wait': True}
2019-02-01 00:33:53,436:DEBUG:Resetting dropped connection: etcd-server
2019-02-01 00:33:53,437:DEBUG:http://etcd-server:2379 "GET /v2/keys/state?recursive=true&wait=true HTTP/1.1" 200 None
2019-02-01 00:34:13,438:ERROR:Request to server http://etcd-server:2379 failed: ReadTimeoutError("HTTPConnectionPool(host='etcd-server', port=2379): Read timed out.",)
2019-02-01 00:34:13,438:INFO:Reconnection allowed, looking for another server.
2019-02-01 00:34:13,439:DEBUG:Selection next machine in cache. Available machines: []
2019-02-01 00:34:13,439:ERROR:Machines cache is empty, no machines to try.
2019-02-01 00:34:13,439:DEBUG:About to wait on key /state, index None
2019-02-01 00:34:13,439:DEBUG:Issuing read for key /state with args {'recursive': True, 'timeout': None, 'wait': True}
2019-02-01 00:34:13,439:DEBUG:Resetting dropped connection: etcd-server
2019-02-01 00:34:13,441:DEBUG:http://etcd-server:2379 "GET /v2/keys/state?recursive=true&wait=true HTTP/1.1" 200 None
2019-02-01 00:34:18,579:ERROR:Request to server http://etcd-server:2379 failed: ProtocolError('Connection broken: IncompleteRead(0 bytes read)', IncompleteRead(0 bytes read))
2019-02-01 00:34:18,579:INFO:Reconnection allowed, looking for another server.
2019-02-01 00:34:18,579:DEBUG:Selection next machine in cache. Available machines: []
2019-02-01 00:34:18,579:ERROR:Machines cache is empty, no machines to try.
2019-02-01 00:34:18,579:DEBUG:About to wait on key /state, index None
2019-02-01 00:34:18,580:DEBUG:Issuing read for key /state with args {'recursive': True, 'timeout': None, 'wait': True}
2019-02-01 00:34:18,580:DEBUG:Resetting dropped connection: etcd-server
2019-02-01 00:34:18,581:DEBUG:Incremented Retry for (url='/v2/keys/state?recursive=true&wait=true'): Retry(total=2, connect=None, read=None, redirect=None, status=None)
2019-02-01 00:34:18,581:WARNING:Retrying (Retry(total=2, connect=None, read=None, redirect=None, status=None)) after connection broken by 'NewConnectionError('<urllib3.connection.HTTPConnection object at 0x7f11c3286610>: Failed to establish a new connection: [Errno 111] Connection refused',)': /v2/keys/state?recursive=true&wait=true
2019-02-01 00:34:18,581:DEBUG:Starting new HTTP connection (2): etcd-server:2379
2019-02-01 00:34:18,582:DEBUG:Incremented Retry for (url='/v2/keys/state?recursive=true&wait=true'): Retry(total=1, connect=None, read=None, redirect=None, status=None)
2019-02-01 00:34:18,582:WARNING:Retrying (Retry(total=1, connect=None, read=None, redirect=None, status=None)) after connection broken by 'NewConnectionError('<urllib3.connection.HTTPConnection object at 0x7f11c3286a10>: Failed to establish a new connection: [Errno 111] Connection refused',)': /v2/keys/state?recursive=true&wait=true
2019-02-01 00:34:18,582:DEBUG:Starting new HTTP connection (3): etcd-server:2379
2019-02-01 00:34:18,585:DEBUG:Incremented Retry for (url='/v2/keys/state?recursive=true&wait=true'): Retry(total=0, connect=None, read=None, redirect=None, status=None)
2019-02-01 00:34:18,586:WARNING:Retrying (Retry(total=0, connect=None, read=None, redirect=None, status=None)) after connection broken by 'NewConnectionError('<urllib3.connection.HTTPConnection object at 0x7f11c3286850>: Failed to establish a new connection: [Errno 111] Connection refused',)': /v2/keys/state?recursive=true&wait=true
2019-02-01 00:34:18,586:DEBUG:Starting new HTTP connection (4): etcd-server:2379
2019-02-01 00:34:18,586:ERROR:Request to server http://etcd-server:2379 failed: MaxRetryError("HTTPConnectionPool(host='etcd-server', port=2379): Max retries exceeded with url: /v2/keys/state?recursive=true&wait=true (Caused by NewConnectionError('<urllib3.connection.HTTPConnection object at 0x7f11c3286650>: Failed to establish a new connection: [Errno 111] Connection refused',))",)
2019-02-01 00:34:18,586:INFO:Reconnection allowed, looking for another server.
2019-02-01 00:34:18,587:DEBUG:Selection next machine in cache. Available machines: []
2019-02-01 00:34:18,587:ERROR:Machines cache is empty, no machines to try.
2019-02-01 00:34:18,587:DEBUG:About to wait on key /state, index None
2019-02-01 00:34:18,588:DEBUG:Issuing read for key /state with args {'recursive': True, 'timeout': None, 'wait': True}
2019-02-01 00:34:18,588:DEBUG:Starting new HTTP connection (5): etcd-server:2379
2019-02-01 00:34:18,588:DEBUG:Incremented Retry for (url='/v2/keys/state?recursive=true&wait=true'): Retry(total=2, connect=None, read=None, redirect=None, status=None)
2019-02-01 00:34:18,589:WARNING:Retrying (Retry(total=2, connect=None, read=None, redirect=None, status=None)) after connection broken by 'NewConnectionError('<urllib3.connection.HTTPConnection object at 0x7f11c3286a50>: Failed to establish a new connection: [Errno 111] Connection refused',)': /v2/keys/state?recursive=true&wait=true
2019-02-01 00:34:18,589:DEBUG:Starting new HTTP connection (6): etcd-server:2379
2019-02-01 00:34:18,589:DEBUG:Incremented Retry for (url='/v2/keys/state?recursive=true&wait=true'): Retry(total=1, connect=None, read=None, redirect=None, status=None)
2019-02-01 00:34:18,589:WARNING:Retrying (Retry(total=1, connect=None, read=None, redirect=None, status=None)) after connection broken by 'NewConnectionError('<urllib3.connection.HTTPConnection object at 0x7f11c3286a10>: Failed to establish a new connection: [Errno 111] Connection refused',)': /v2/keys/state?recursive=true&wait=true
2019-02-01 00:34:18,590:DEBUG:Starting new HTTP connection (7): etcd-server:2379
2019-02-01 00:34:18,590:DEBUG:Incremented Retry for (url='/v2/keys/state?recursive=true&wait=true'): Retry(total=0, connect=None, read=None, redirect=None, status=None)
2019-02-01 00:34:18,590:WARNING:Retrying (Retry(total=0, connect=None, read=None, redirect=None, status=None)) after connection broken by 'NewConnectionError('<urllib3.connection.HTTPConnection object at 0x7f11c3286890>: Failed to establish a new connection: [Errno 111] Connection refused',)': /v2/keys/state?recursive=true&wait=true
2019-02-01 00:34:18,590:DEBUG:Starting new HTTP connection (8): etcd-server:2379
2019-02-01 00:34:18,592:ERROR:Request to server http://etcd-server:2379 failed: MaxRetryError("HTTPConnectionPool(host='etcd-server', port=2379): Max retries exceeded with url: /v2/keys/state?recursive=true&wait=true (Caused by NewConnectionError('<urllib3.connection.HTTPConnection object at 0x7f11c3286950>: Failed to establish a new connection: [Errno 111] Connection refused',))",)
2019-02-01 00:34:18,592:INFO:Reconnection allowed, looking for another server.
2019-02-01 00:34:18,592:DEBUG:Selection next machine in cache. Available machines: []
2019-02-01 00:34:18,592:ERROR:Machines cache is empty, no machines to try.
2019-02-01 00:34:18,592:DEBUG:About to wait on key /state, index None
2019-02-01 00:34:18,592:DEBUG:Issuing read for key /state with args {'recursive': True, 'timeout': None, 'wait': True}
2019-02-01 00:34:18,593:DEBUG:Starting new HTTP connection (9): etcd-server:2379
2019-02-01 00:34:18,593:DEBUG:Incremented Retry for (url='/v2/keys/state?recursive=true&wait=true'): Retry(total=2, connect=None, read=None, redirect=None, status=None)
2019-02-01 00:34:18,593:WARNING:Retrying (Retry(total=2, connect=None, read=None, redirect=None, status=None)) after connection broken by 'NewConnectionError('<urllib3.connection.HTTPConnection object at 0x7f11c3286a50>: Failed to establish a new connection: [Errno 111] Connection refused',)': /v2/keys/state?recursive=true&wait=true
2019-02-01 00:34:18,594:DEBUG:Starting new HTTP connection (10): etcd-server:2379
