nc: connect to 127.0.0.1 port 16010 (tcp) failed: Connection refused
nc: connect to 127.0.0.1 port 16010 (tcp) failed: Connection refused
nc: connect to 127.0.0.1 port 16010 (tcp) failed: Connection refused
Connection to 127.0.0.1 16010 port [tcp/*] succeeded!
*** hbase master connection have done
2018-04-15 23:57:27,166 WARN  [main] util.NativeCodeLoader: Unable to load native-hadoop library for your platform... using builtin-java classes where applicable
HBase Shell; enter 'help<RETURN>' for list of supported commands.
Type "exit<RETURN>" to leave the HBase Shell
Version 1.1.0.1, r4de7d45cb593f98ae5d020080cbc7116d3e9d9a0, Sun May 17 12:52:10 PDT 2015

create 'tsdb-uid',
  {NAME => 'id', COMPRESSION => 'NONE', BLOOMFILTER => 'ROW'},
  {NAME => 'name', COMPRESSION => 'NONE', BLOOMFILTER => 'ROW'}
0 row(s) in 1.5620 seconds

Hbase::Table - tsdb-uid

create 'tsdb',
  {NAME => 't', VERSIONS => 1, COMPRESSION => 'NONE', BLOOMFILTER => 'ROW'}
0 row(s) in 1.2390 seconds

Hbase::Table - tsdb
  
create 'tsdb-tree',
  {NAME => 't', VERSIONS => 1, COMPRESSION => 'NONE', BLOOMFILTER => 'ROW'}
0 row(s) in 1.2380 seconds

Hbase::Table - tsdb-tree
  
create 'tsdb-meta',
  {NAME => 'name', COMPRESSION => 'NONE', BLOOMFILTER => 'ROW'}
0 row(s) in 1.2330 seconds

Hbase::Table - tsdb-meta
*** Start OpenTSDB ...
*** Create Metrics ...
metrics cpu.percents: [0, 0, 1]
metrics memory.kbytes: [0, 0, 2]
metrics tcp.connections: [0, 0, 3]
metrics traffic.bytes: [0, 0, 4]
metrics memory.percents: [0, 0, 5]
metrics http.request.connections: [0, 0, 6]
metrics traffic.contrail_bytes: [0, 0, 7]
