2018-04-09 04:40:18,264:DEBUG:New etcd client created for etcd-server:2379/v2
2018-04-09 04:40:18,267:DEBUG:About to wait on key /state, index None
2018-04-09 04:40:18,267:DEBUG:Issuing read for key /state with args {'recursive': True, 'timeout': None, 'wait': True}
2018-04-09 04:40:18,268:DEBUG:Starting new HTTP connection (1): etcd-server
2018-04-09 04:40:18,271:DEBUG:http://etcd-server:2379 "GET /v2/keys/state?recursive=true&wait=true HTTP/1.1" 200 None
2018-04-09 04:41:15,221:DEBUG:
*** Consume stored data in etcd ***
 action=[set], key=[/state/v2.0/quotas/default],
 value=[{
    "state": {
        "worker_state": "READ_COMPLETE"
    }, 
    "version": 1, 
    "error": ""
}]
2018-04-09 04:41:15,222:DEBUG:New etcd client created for etcd-server:2379/v2
2018-04-09 04:41:15,222:DEBUG:About to wait on key /state, index None
2018-04-09 04:41:15,222:DEBUG:Issuing read for key /state with args {'recursive': True, 'timeout': None, 'wait': True}
2018-04-09 04:41:15,223:DEBUG:Starting new HTTP connection (1): etcd-server
2018-04-09 04:41:15,224:DEBUG:http://etcd-server:2379 "GET /v2/keys/state?recursive=true&wait=true HTTP/1.1" 200 None
2018-04-09 04:41:15,244:DEBUG:
*** Consume stored data in etcd ***
 action=[set], key=[/state/v2.0/reserve_addresses/default],
 value=[{
    "state": {
        "worker_state": "READ_COMPLETE"
    }, 
    "version": 1, 
    "error": ""
}]
2018-04-09 04:41:15,244:DEBUG:New etcd client created for etcd-server:2379/v2
2018-04-09 04:41:15,244:DEBUG:About to wait on key /state, index None
2018-04-09 04:41:15,244:DEBUG:Issuing read for key /state with args {'recursive': True, 'timeout': None, 'wait': True}
2018-04-09 04:41:15,245:DEBUG:Starting new HTTP connection (1): etcd-server
2018-04-09 04:41:15,246:DEBUG:http://etcd-server:2379 "GET /v2/keys/state?recursive=true&wait=true HTTP/1.1" 200 None
2018-04-09 04:41:19,956:DEBUG:
*** Consume stored data in etcd ***
 action=[set], key=[/state/common/v1.0/tenants/c583ce78843344adbe5fd20f13620274],
 value=[{
    "state": {
        "worker_state": "READ_COMPLETE"
    }, 
    "version": 1, 
    "error": ""
}]
2018-04-09 04:41:19,956:DEBUG:New etcd client created for etcd-server:2379/v2
2018-04-09 04:41:19,956:DEBUG:About to wait on key /state, index None
2018-04-09 04:41:19,956:DEBUG:Issuing read for key /state with args {'recursive': True, 'timeout': None, 'wait': True}
2018-04-09 04:41:19,957:DEBUG:Starting new HTTP connection (1): etcd-server
2018-04-09 04:41:19,958:DEBUG:http://etcd-server:2379 "GET /v2/keys/state?recursive=true&wait=true HTTP/1.1" 200 None
2018-04-09 04:41:26,152:DEBUG:
*** Consume stored data in etcd ***
 action=[set], key=[/state/v2.0/ese_devices/cc214b6a-2f09-4094-b7cd-a9590f64b854],
 value=[{
    "state": {
        "worker_state": "CREATE_COMPLETED", 
        "heat_outputs": "[{\"output_value\": \"2762cfcb-575c-45cc-a07b-ca19f5b007cd\", \"description\": \"Monitoring Target ID\", \"output_key\": \"monitoring_target_id\"}, {\"output_value\": [\"default-global-system-config\", \"NWSDP-JNPR-02\"], \"description\": \"The FQ name of the physical router.\", \"output_key\": \"fq_name\"}, {\"output_value\": \"7e5c78fa-71c0-427e-947f-586b1fc3c470\", \"description\": \"A unique id for the physical router.\", \"output_key\": \"id\"}, {\"output_value\": \"http://collector-agents-se.monitoringrefactordocker_default:7070/targets/2762cfcb-575c-45cc-a07b-ca19f5b007cd\", \"description\": \"Monitoring Process Link\", \"output_key\": \"monitoring_link\"}, {\"output_value\": \"NWSDP-JNPR-02\", \"description\": \"The name of the physical router.\", \"output_key\": \"name\"}]", 
        "orchestration_state": "CREATE_COMPLETE"
    }, 
    "version": 1, 
    "error": ""
}]
2018-04-09 04:41:26,152:DEBUG:New etcd client created for etcd-server:2379/v2
2018-04-09 04:41:26,156:DEBUG:About to wait on key /state, index None
2018-04-09 04:41:26,156:DEBUG:Issuing read for key /state with args {'recursive': True, 'timeout': None, 'wait': True}
2018-04-09 04:41:26,156:DEBUG:Starting new HTTP connection (1): etcd-server
2018-04-09 04:41:26,158:DEBUG:http://etcd-server:2379 "GET /v2/keys/state?recursive=true&wait=true HTTP/1.1" 200 None
2018-04-09 04:42:32,577:DEBUG:
*** Consume stored data in etcd ***
 action=[set], key=[/state/v2.0/ese_physical_ports/9451c9ca-289d-42ba-846d-359c448e910c],
 value=[{
    "state": {
        "worker_state": "CREATE_COMPLETED", 
        "heat_outputs": "[{\"output_value\": \"78d717f0-66d9-4f82-afe6-833c5e8f38f5\", \"description\": \"Monitoring Target ID\", \"output_key\": \"monitoring_target_id\"}, {\"output_value\": \"06bfe521-07f0-4931-9f8c-318c3ad8114e\", \"description\": \"A unique id for the physical interface\", \"output_key\": \"id\"}, {\"output_value\": \"http://collector-agents-se.monitoringrefactordocker_default:7070/targets/78d717f0-66d9-4f82-afe6-833c5e8f38f5\", \"description\": \"Monitoring Process Link\", \"output_key\": \"monitoring_link\"}, {\"output_value\": \"xe-0/0/38\", \"description\": \"The name of the physical interface.\", \"output_key\": \"name\"}]", 
        "orchestration_state": "CREATE_COMPLETE"
    }, 
    "version": 1, 
    "error": ""
}]
2018-04-09 04:42:32,578:DEBUG:New etcd client created for etcd-server:2379/v2
2018-04-09 04:42:32,578:DEBUG:About to wait on key /state, index None
2018-04-09 04:42:32,578:DEBUG:Issuing read for key /state with args {'recursive': True, 'timeout': None, 'wait': True}
2018-04-09 04:42:32,579:DEBUG:Starting new HTTP connection (1): etcd-server
2018-04-09 04:42:32,581:DEBUG:http://etcd-server:2379 "GET /v2/keys/state?recursive=true&wait=true HTTP/1.1" 200 None
2018-04-09 04:43:38,119:DEBUG:
*** Consume stored data in etcd ***
 action=[set], key=[/state/v2.0/ese_physical_ports/f4c3a1bf-3b61-48ba-a548-422036849465],
 value=[{
    "state": {
        "worker_state": "CREATE_COMPLETED", 
        "heat_outputs": "[{\"output_value\": \"9da949d8-3a71-4bc7-a044-04d1b3f62d7a\", \"description\": \"Monitoring Target ID\", \"output_key\": \"monitoring_target_id\"}, {\"output_value\": \"06bfe521-07f0-4931-9f8c-318c3ad8114e\", \"description\": \"A unique id for the physical interface\", \"output_key\": \"id\"}, {\"output_value\": \"http://collector-agents-se.monitoringrefactordocker_default:7070/targets/9da949d8-3a71-4bc7-a044-04d1b3f62d7a\", \"description\": \"Monitoring Process Link\", \"output_key\": \"monitoring_link\"}, {\"output_value\": \"xe-0/0/38\", \"description\": \"The name of the physical interface.\", \"output_key\": \"name\"}]", 
        "orchestration_state": "CREATE_COMPLETE"
    }, 
    "version": 1, 
    "error": ""
}]
2018-04-09 04:43:38,120:DEBUG:New etcd client created for etcd-server:2379/v2
2018-04-09 04:43:38,120:DEBUG:About to wait on key /state, index None
2018-04-09 04:43:38,120:DEBUG:Issuing read for key /state with args {'recursive': True, 'timeout': None, 'wait': True}
2018-04-09 04:43:38,121:DEBUG:Starting new HTTP connection (1): etcd-server
2018-04-09 04:43:38,122:DEBUG:http://etcd-server:2379 "GET /v2/keys/state?recursive=true&wait=true HTTP/1.1" 200 None
2018-04-09 04:44:36,987:DEBUG:
*** Consume stored data in etcd ***
 action=[set], key=[/state/v2.0/edge_routers/f4f54175-93fe-406b-ae66-dbca4df99e03],
 value=[{
    "state": {
        "worker_state": "CREATE_COMPLETED", 
        "heat_outputs": "[{\"output_value\": \"b88cbb53-f850-44f2-9960-95ade457e46c\", \"description\": \"Monitoring Target ID\", \"output_key\": \"monitoring_target_id\"}, {\"output_value\": \"http://collector-agents-se.monitoringrefactordocker_default:7070/targets/b88cbb53-f850-44f2-9960-95ade457e46c\", \"description\": \"Monitoring Process Link\", \"output_key\": \"monitoring_link\"}]", 
        "orchestration_state": "CREATE_COMPLETE"
    }, 
    "version": 1, 
    "error": ""
}]
2018-04-09 04:44:36,987:DEBUG:New etcd client created for etcd-server:2379/v2
2018-04-09 04:44:36,987:DEBUG:About to wait on key /state, index None
2018-04-09 04:44:36,987:DEBUG:Issuing read for key /state with args {'recursive': True, 'timeout': None, 'wait': True}
2018-04-09 04:44:36,988:DEBUG:Starting new HTTP connection (1): etcd-server
2018-04-09 04:44:36,989:DEBUG:http://etcd-server:2379 "GET /v2/keys/state?recursive=true&wait=true HTTP/1.1" 200 None
2018-04-09 04:45:41,200:DEBUG:
*** Consume stored data in etcd ***
 action=[set], key=[/state/v2.0/edge_routers/2d056865-47a9-45cf-a890-ed10e3b5912a],
 value=[{
    "state": {
        "worker_state": "CREATE_COMPLETED", 
        "heat_outputs": "[{\"output_value\": \"ad464fbb-0810-447e-b10d-31715221cb95\", \"description\": \"Monitoring Target ID\", \"output_key\": \"monitoring_target_id\"}, {\"output_value\": \"http://collector-agents-se.monitoringrefactordocker_default:7070/targets/ad464fbb-0810-447e-b10d-31715221cb95\", \"description\": \"Monitoring Process Link\", \"output_key\": \"monitoring_link\"}]", 
        "orchestration_state": "CREATE_COMPLETE"
    }, 
    "version": 1, 
    "error": ""
}]
2018-04-09 04:45:41,200:DEBUG:New etcd client created for etcd-server:2379/v2
2018-04-09 04:45:41,201:DEBUG:About to wait on key /state, index None
2018-04-09 04:45:41,201:DEBUG:Issuing read for key /state with args {'recursive': True, 'timeout': None, 'wait': True}
2018-04-09 04:45:41,201:DEBUG:Starting new HTTP connection (1): etcd-server
2018-04-09 04:45:41,203:DEBUG:http://etcd-server:2379 "GET /v2/keys/state?recursive=true&wait=true HTTP/1.1" 200 None
2018-04-09 04:46:42,853:DEBUG:
*** Consume stored data in etcd ***
 action=[set], key=[/state/v2.0/ha_routers/e16529c4-ffb8-4346-b850-af3c93564604],
 value=[{
    "state": {
        "worker_state": "READ_COMPLETE"
    }, 
    "version": 1, 
    "error": ""
}]
2018-04-09 04:46:42,854:DEBUG:New etcd client created for etcd-server:2379/v2
2018-04-09 04:46:42,854:DEBUG:About to wait on key /state, index None
2018-04-09 04:46:42,854:DEBUG:Issuing read for key /state with args {'recursive': True, 'timeout': None, 'wait': True}
2018-04-09 04:46:42,856:DEBUG:Starting new HTTP connection (1): etcd-server
2018-04-09 04:46:42,858:DEBUG:http://etcd-server:2379 "GET /v2/keys/state?recursive=true&wait=true HTTP/1.1" 200 None
2018-04-09 04:46:47,276:DEBUG:
*** Consume stored data in etcd ***
 action=[set], key=[/state/v2.0/er_physical_interfaces/c2576120-00b0-461e-a2ae-f7bbff9465d0],
 value=[{
    "state": {
        "worker_state": "CREATE_COMPLETED", 
        "heat_outputs": "[{\"output_value\": \"23d9d390-e1e3-41c7-b926-479d6909aeeb\", \"description\": \"Monitoring Target ID\", \"output_key\": \"monitoring_target_id\"}, {\"output_value\": \"http://collector-agents-se.monitoringrefactordocker_default:7070/targets/23d9d390-e1e3-41c7-b926-479d6909aeeb\", \"description\": \"Monitoring Process Link\", \"output_key\": \"monitoring_link\"}]", 
        "orchestration_state": "CREATE_COMPLETE"
    }, 
    "version": 1, 
    "error": ""
}]
2018-04-09 04:46:47,276:DEBUG:New etcd client created for etcd-server:2379/v2
2018-04-09 04:46:47,277:DEBUG:About to wait on key /state, index None
2018-04-09 04:46:47,277:DEBUG:Issuing read for key /state with args {'recursive': True, 'timeout': None, 'wait': True}
2018-04-09 04:46:47,277:DEBUG:Starting new HTTP connection (1): etcd-server
2018-04-09 04:46:47,279:DEBUG:http://etcd-server:2379 "GET /v2/keys/state?recursive=true&wait=true HTTP/1.1" 200 None
2018-04-09 04:47:51,663:DEBUG:
*** Consume stored data in etcd ***
 action=[set], key=[/state/v2.0/er_physical_interfaces/b9c7c1f4-1b90-4a7a-8161-34276bb2ed10],
 value=[{
    "state": {
        "worker_state": "CREATE_COMPLETED", 
        "heat_outputs": "[{\"output_value\": \"17d442df-0ac4-4c5e-bbef-34fc7e4c4b06\", \"description\": \"Monitoring Target ID\", \"output_key\": \"monitoring_target_id\"}, {\"output_value\": \"http://collector-agents-se.monitoringrefactordocker_default:7070/targets/17d442df-0ac4-4c5e-bbef-34fc7e4c4b06\", \"description\": \"Monitoring Process Link\", \"output_key\": \"monitoring_link\"}]", 
        "orchestration_state": "CREATE_COMPLETE"
    }, 
    "version": 1, 
    "error": ""
}]
2018-04-09 04:47:51,663:DEBUG:New etcd client created for etcd-server:2379/v2
2018-04-09 04:47:51,664:DEBUG:About to wait on key /state, index None
2018-04-09 04:47:51,664:DEBUG:Issuing read for key /state with args {'recursive': True, 'timeout': None, 'wait': True}
2018-04-09 04:47:51,664:DEBUG:Starting new HTTP connection (1): etcd-server
2018-04-09 04:47:51,667:DEBUG:http://etcd-server:2379 "GET /v2/keys/state?recursive=true&wait=true HTTP/1.1" 200 None
2018-04-09 04:48:54,080:DEBUG:
*** Consume stored data in etcd ***
 action=[set], key=[/state/v2.0/ha_interfaces/16f6433d-0864-4d24-809d-c1b8e878280c],
 value=[{
    "state": {
        "worker_state": "READ_COMPLETE"
    }, 
    "version": 1, 
    "error": ""
}]
2018-04-09 04:48:54,080:DEBUG:New etcd client created for etcd-server:2379/v2
2018-04-09 04:48:54,080:DEBUG:About to wait on key /state, index None
2018-04-09 04:48:54,080:DEBUG:Issuing read for key /state with args {'recursive': True, 'timeout': None, 'wait': True}
2018-04-09 04:48:54,081:DEBUG:Starting new HTTP connection (1): etcd-server
2018-04-09 04:48:54,082:DEBUG:http://etcd-server:2379 "GET /v2/keys/state?recursive=true&wait=true HTTP/1.1" 200 None
2018-04-09 04:49:05,915:DEBUG:
*** Consume stored data in etcd ***
 action=[set], key=[/state/v2.0/common_function_pools/2d4a700d-bf94-4217-9a3c-4217a16c951f],
 value=[{
    "state": {
        "worker_state": "READ_COMPLETE"
    }, 
    "version": 1, 
    "error": ""
}]
2018-04-09 04:49:05,915:DEBUG:New etcd client created for etcd-server:2379/v2
2018-04-09 04:49:05,915:DEBUG:About to wait on key /state, index None
2018-04-09 04:49:05,915:DEBUG:Issuing read for key /state with args {'recursive': True, 'timeout': None, 'wait': True}
2018-04-09 04:49:05,915:DEBUG:Starting new HTTP connection (1): etcd-server
2018-04-09 04:49:05,917:DEBUG:http://etcd-server:2379 "GET /v2/keys/state?recursive=true&wait=true HTTP/1.1" 200 None
2018-04-09 04:49:16,775:DEBUG:
*** Consume stored data in etcd ***
 action=[set], key=[/state/v2.0/common_function_pools/2d4a700d-bf94-4217-9a3c-4217a16c951f],
 value=[{
    "state": {
        "worker_state": "READ_COMPLETE"
    }, 
    "version": 2, 
    "error": ""
}]
2018-04-09 04:49:16,775:DEBUG:New etcd client created for etcd-server:2379/v2
2018-04-09 04:49:16,775:DEBUG:About to wait on key /state, index None
2018-04-09 04:49:16,775:DEBUG:Issuing read for key /state with args {'recursive': True, 'timeout': None, 'wait': True}
2018-04-09 04:49:16,776:DEBUG:Starting new HTTP connection (1): etcd-server
2018-04-09 04:49:16,777:DEBUG:http://etcd-server:2379 "GET /v2/keys/state?recursive=true&wait=true HTTP/1.1" 200 None
2018-04-09 04:49:16,805:DEBUG:
*** Consume stored data in etcd ***
 action=[set], key=[/state/v2.0/common_functions/637aa51a-f54f-4723-bc5f-9fb8942dfc8b],
 value=[{
    "state": {
        "worker_state": "READ_COMPLETE"
    }, 
    "version": 1, 
    "error": ""
}]
2018-04-09 04:49:16,806:DEBUG:New etcd client created for etcd-server:2379/v2
2018-04-09 04:49:16,806:DEBUG:About to wait on key /state, index None
2018-04-09 04:49:16,806:DEBUG:Issuing read for key /state with args {'recursive': True, 'timeout': None, 'wait': True}
2018-04-09 04:49:16,806:DEBUG:Starting new HTTP connection (1): etcd-server
2018-04-09 04:49:16,808:DEBUG:http://etcd-server:2379 "GET /v2/keys/state?recursive=true&wait=true HTTP/1.1" 200 None
2018-04-09 04:49:28,702:DEBUG:
*** Consume stored data in etcd ***
 action=[set], key=[/state/v2.0/common_function_pools/2d4a700d-bf94-4217-9a3c-4217a16c951f],
 value=[{
    "state": {
        "worker_state": "READ_COMPLETE"
    }, 
    "version": 3, 
    "error": ""
}]
2018-04-09 04:49:28,702:DEBUG:New etcd client created for etcd-server:2379/v2
2018-04-09 04:49:28,703:DEBUG:About to wait on key /state, index None
2018-04-09 04:49:28,703:DEBUG:Issuing read for key /state with args {'recursive': True, 'timeout': None, 'wait': True}
2018-04-09 04:49:28,703:DEBUG:Starting new HTTP connection (1): etcd-server
2018-04-09 04:49:28,705:DEBUG:http://etcd-server:2379 "GET /v2/keys/state?recursive=true&wait=true HTTP/1.1" 200 None
2018-04-09 04:49:28,742:DEBUG:
*** Consume stored data in etcd ***
 action=[set], key=[/state/v2.0/common_functions/b7ff279d-a7ee-4714-b77c-bcd2f0e51996],
 value=[{
    "state": {
        "worker_state": "READ_COMPLETE"
    }, 
    "version": 1, 
    "error": ""
}]
2018-04-09 04:49:28,742:DEBUG:New etcd client created for etcd-server:2379/v2
2018-04-09 04:49:28,742:DEBUG:About to wait on key /state, index None
2018-04-09 04:49:28,742:DEBUG:Issuing read for key /state with args {'recursive': True, 'timeout': None, 'wait': True}
2018-04-09 04:49:28,743:DEBUG:Starting new HTTP connection (1): etcd-server
2018-04-09 04:49:28,744:DEBUG:http://etcd-server:2379 "GET /v2/keys/state?recursive=true&wait=true HTTP/1.1" 200 None
2018-04-09 04:49:39,595:DEBUG:
*** Consume stored data in etcd ***
 action=[set], key=[/state/v2.0/nat_ip_pools/8403ebb4-d81a-486e-8ba0-75613b936e8e],
 value=[{
    "state": {
        "worker_state": "READ_COMPLETE"
    }, 
    "version": 1, 
    "error": ""
}]
2018-04-09 04:49:39,595:DEBUG:New etcd client created for etcd-server:2379/v2
2018-04-09 04:49:39,595:DEBUG:About to wait on key /state, index None
2018-04-09 04:49:39,595:DEBUG:Issuing read for key /state with args {'recursive': True, 'timeout': None, 'wait': True}
2018-04-09 04:49:39,596:DEBUG:Starting new HTTP connection (1): etcd-server
2018-04-09 04:49:39,597:DEBUG:http://etcd-server:2379 "GET /v2/keys/state?recursive=true&wait=true HTTP/1.1" 200 None
2018-04-09 04:49:51,721:DEBUG:
*** Consume stored data in etcd ***
 action=[set], key=[/state/v2.0/nat_ip_pools/8403ebb4-d81a-486e-8ba0-75613b936e8e],
 value=[{
    "state": {
        "worker_state": "READ_COMPLETE"
    }, 
    "version": 2, 
    "error": ""
}]
2018-04-09 04:49:51,721:DEBUG:New etcd client created for etcd-server:2379/v2
2018-04-09 04:49:51,721:DEBUG:About to wait on key /state, index None
2018-04-09 04:49:51,721:DEBUG:Issuing read for key /state with args {'recursive': True, 'timeout': None, 'wait': True}
2018-04-09 04:49:51,722:DEBUG:Starting new HTTP connection (1): etcd-server
2018-04-09 04:49:51,724:DEBUG:http://etcd-server:2379 "GET /v2/keys/state?recursive=true&wait=true HTTP/1.1" 200 None
2018-04-09 04:49:51,831:DEBUG:
*** Consume stored data in etcd ***
 action=[set], key=[/state/v2.0/ports/33876f91-b5c9-43aa-a0e0-166e3def9133],
 value=[{
    "state": {
        "worker_state": "READ_COMPLETE"
    }, 
    "version": 1, 
    "error": ""
}]
2018-04-09 04:49:51,831:DEBUG:New etcd client created for etcd-server:2379/v2
2018-04-09 04:49:51,831:DEBUG:About to wait on key /state, index None
2018-04-09 04:49:51,831:DEBUG:Issuing read for key /state with args {'recursive': True, 'timeout': None, 'wait': True}
2018-04-09 04:49:51,832:DEBUG:Starting new HTTP connection (1): etcd-server
2018-04-09 04:49:51,837:DEBUG:http://etcd-server:2379 "GET /v2/keys/state?recursive=true&wait=true HTTP/1.1" 200 None
2018-04-09 04:49:54,637:DEBUG:
*** Consume stored data in etcd ***
 action=[set], key=[/state/v2.0/networks/fc8814a7-eb1e-4f59-8422-7de500e72782],
 value=[{
    "state": {
        "worker_state": "CREATE_COMPLETED", 
        "heat_outputs": "[{\"output_value\": [], \"description\": \"The name of the virtual network.\", \"output_key\": \"route_targets\"}, {\"output_value\": \"default-domain:usertenant:fc8814a7-eb1e-4f59-8422-7de500e72782\", \"description\": \"The FQ name of the virtual network.\", \"output_key\": \"fq_name\"}, {\"output_value\": \"fc8814a7-eb1e-4f59-8422-7de500e72782\", \"description\": \"A unique id for the virtual network.\", \"output_key\": \"id\"}, {\"output_value\": \"fc8814a7-eb1e-4f59-8422-7de500e72782\", \"description\": \"The name of the virtual network.\", \"output_key\": \"name\"}]", 
        "orchestration_state": "CREATE_COMPLETE"
    }, 
    "version": 1, 
    "error": ""
}]
2018-04-09 04:49:54,637:DEBUG:New etcd client created for etcd-server:2379/v2
2018-04-09 04:49:54,637:DEBUG:About to wait on key /state, index None
2018-04-09 04:49:54,637:DEBUG:Issuing read for key /state with args {'recursive': True, 'timeout': None, 'wait': True}
2018-04-09 04:49:54,637:DEBUG:Starting new HTTP connection (1): etcd-server
2018-04-09 04:49:54,639:DEBUG:http://etcd-server:2379 "GET /v2/keys/state?recursive=true&wait=true HTTP/1.1" 200 None
2018-04-09 04:49:58,621:DEBUG:
*** Consume stored data in etcd ***
 action=[set], key=[/state/v2.0/subnets/cf9356ae-b4e1-4a91-8193-089fdc12173d],
 value=[{
    "state": {
        "worker_state": "CREATE_COMPLETED", 
        "heat_outputs": "[{\"output_value\": \"169.254.0.0/17\", \"description\": \"IP prefix of local subnet.\", \"output_key\": \"ip_prefix\"}, {\"output_value\": \"cf9356ae-b4e1-4a91-8193-089fdc12173d\", \"description\": \"The name of the local subnet.\", \"output_key\": \"name\"}, {\"output_value\": \"0.0.0.0\", \"description\": \"Default gateway of local subnet.\", \"output_key\": \"default_gateway\"}, {\"output_value\": \"fc8814a7-eb1e-4f59-8422-7de500e72782\", \"description\": \"A unique id for the network.\", \"output_key\": \"network_id\"}, {\"output_value\": \"5a79909b-2bf3-4e26-8a9c-0bf6bb175457\", \"description\": \"IPAM this local subnet uses.\", \"output_key\": \"ipam\"}, {\"output_value\": \"8f52422a-7115-4304-99cf-fc021562c352\", \"description\": \"A unique id for the local subnet.\", \"output_key\": \"id\"}]", 
        "orchestration_state": "CREATE_COMPLETE"
    }, 
    "version": 1, 
    "error": ""
}]
2018-04-09 04:49:58,621:DEBUG:New etcd client created for etcd-server:2379/v2
2018-04-09 04:49:58,621:DEBUG:About to wait on key /state, index None
2018-04-09 04:49:58,622:DEBUG:Issuing read for key /state with args {'recursive': True, 'timeout': None, 'wait': True}
2018-04-09 04:49:58,622:DEBUG:Starting new HTTP connection (1): etcd-server
2018-04-09 04:49:58,623:DEBUG:http://etcd-server:2379 "GET /v2/keys/state?recursive=true&wait=true HTTP/1.1" 200 None
2018-04-09 04:50:04,994:DEBUG:
*** Consume stored data in etcd ***
 action=[set], key=[/state/v2.0/ports/f84496b5-dc56-4727-87b1-aa06e2471737],
 value=[{
    "state": {
        "worker_state": "CREATE_COMPLETED", 
        "heat_outputs": "[{\"output_value\": [[\"default-domain\", \"admin\", \"b62eefe0-0872-478d-adfe-1a606320f0e7\"]], \"description\": \"Virtual network.\", \"output_key\": \"virtual_network\"}, {\"output_value\": \"default-domain:admin:f68d0924-ef20-4c1b-ac45-0e6b879af5e7\", \"description\": \"Fully Qualified Name of the VMI\", \"output_key\": \"fq_name\"}, {\"output_value\": \"f68d0924-ef20-4c1b-ac45-0e6b879af5e7\", \"description\": \"A unique id for the virtual machine interface.\", \"output_key\": \"id\"}, {\"output_value\": {\"allowed_address_pair\": []}, \"description\": \"Virtual machine allowed address pairs.\", \"output_key\": \"allowed_address_pairs\"}, {\"output_value\": [\"fa:16:3e:f7:60:7f\"], \"description\": \"Virtual machine interface mac address.\", \"output_key\": \"mac_address\"}]", 
        "orchestration_state": "CREATE_COMPLETE"
    }, 
    "version": 1, 
    "error": ""
}]
2018-04-09 04:50:04,994:DEBUG:New etcd client created for etcd-server:2379/v2
2018-04-09 04:50:04,995:DEBUG:About to wait on key /state, index None
2018-04-09 04:50:04,995:DEBUG:Issuing read for key /state with args {'recursive': True, 'timeout': None, 'wait': True}
2018-04-09 04:50:04,995:DEBUG:Starting new HTTP connection (1): etcd-server
2018-04-09 04:50:04,997:DEBUG:http://etcd-server:2379 "GET /v2/keys/state?recursive=true&wait=true HTTP/1.1" 200 None
2018-04-09 04:50:05,187:DEBUG:
*** Consume stored data in etcd ***
 action=[set], key=[/state/v2.0/ports/343b0257-512e-40e3-b063-8cc13a4b61f4],
 value=[{
    "state": {
        "worker_state": "CREATE_COMPLETED", 
        "heat_outputs": "[{\"output_value\": [[\"default-domain\", \"admin\", \"b62eefe0-0872-478d-adfe-1a606320f0e7\"]], \"description\": \"Virtual network.\", \"output_key\": \"virtual_network\"}, {\"output_value\": \"default-domain:admin:f68d0924-ef20-4c1b-ac45-0e6b879af5e7\", \"description\": \"Fully Qualified Name of the VMI\", \"output_key\": \"fq_name\"}, {\"output_value\": \"f68d0924-ef20-4c1b-ac45-0e6b879af5e7\", \"description\": \"A unique id for the virtual machine interface.\", \"output_key\": \"id\"}, {\"output_value\": {\"allowed_address_pair\": []}, \"description\": \"Virtual machine allowed address pairs.\", \"output_key\": \"allowed_address_pairs\"}, {\"output_value\": [\"fa:16:3e:f7:60:7f\"], \"description\": \"Virtual machine interface mac address.\", \"output_key\": \"mac_address\"}]", 
        "orchestration_state": "CREATE_COMPLETE"
    }, 
    "version": 1, 
    "error": ""
}]
2018-04-09 04:50:05,187:DEBUG:New etcd client created for etcd-server:2379/v2
2018-04-09 04:50:05,187:DEBUG:About to wait on key /state, index None
2018-04-09 04:50:05,187:DEBUG:Issuing read for key /state with args {'recursive': True, 'timeout': None, 'wait': True}
2018-04-09 04:50:05,188:DEBUG:Starting new HTTP connection (1): etcd-server
2018-04-09 04:50:05,189:DEBUG:http://etcd-server:2379 "GET /v2/keys/state?recursive=true&wait=true HTTP/1.1" 200 None
2018-04-09 04:50:09,886:DEBUG:
*** Consume stored data in etcd ***
 action=[set], key=[/state/v2.0/ese_logical_ports/be66c7e0-b222-4e76-bf81-af75e8cf1824],
 value=[{
    "state": {
        "worker_state": "CREATE_COMPLETED", 
        "heat_outputs": "[{\"output_value\": \"bdc2f00e-073d-49d6-ac27-43782568b081\", \"description\": \"Monitoring Target ID\", \"output_key\": \"monitoring_target_id\"}, {\"output_value\": \"46b0cd68-d0fb-4d72-9def-830164f9e215\", \"description\": \"A unique id for the logical interface\", \"output_key\": \"id\"}, {\"output_value\": \"http://collector-agents-se.monitoringrefactordocker_default:7070/targets/bdc2f00e-073d-49d6-ac27-43782568b081\", \"description\": \"Monitoring Process Link\", \"output_key\": \"monitoring_link\"}, {\"output_value\": \"xe-0/0/38.0\", \"description\": \"The name of the logical interface.\", \"output_key\": \"name\"}]", 
        "orchestration_state": "CREATE_COMPLETE"
    }, 
    "version": 1, 
    "error": ""
}]
2018-04-09 04:50:09,886:DEBUG:New etcd client created for etcd-server:2379/v2
2018-04-09 04:50:09,887:DEBUG:About to wait on key /state, index None
2018-04-09 04:50:09,887:DEBUG:Issuing read for key /state with args {'recursive': True, 'timeout': None, 'wait': True}
2018-04-09 04:50:09,887:DEBUG:Starting new HTTP connection (1): etcd-server
2018-04-09 04:50:09,889:DEBUG:http://etcd-server:2379 "GET /v2/keys/state?recursive=true&wait=true HTTP/1.1" 200 None
2018-04-09 04:50:10,123:DEBUG:
*** Consume stored data in etcd ***
 action=[set], key=[/state/v2.0/ese_logical_ports/e8555ee6-529c-42d9-8bb1-bfbe217133b1],
 value=[{
    "state": {
        "worker_state": "CREATE_COMPLETED", 
        "heat_outputs": "[{\"output_value\": \"7f066c44-1dc2-44b2-95f7-d59d70bd77fb\", \"description\": \"Monitoring Target ID\", \"output_key\": \"monitoring_target_id\"}, {\"output_value\": \"46b0cd68-d0fb-4d72-9def-830164f9e215\", \"description\": \"A unique id for the logical interface\", \"output_key\": \"id\"}, {\"output_value\": \"http://collector-agents-se.monitoringrefactordocker_default:7070/targets/7f066c44-1dc2-44b2-95f7-d59d70bd77fb\", \"description\": \"Monitoring Process Link\", \"output_key\": \"monitoring_link\"}, {\"output_value\": \"xe-0/0/38.0\", \"description\": \"The name of the logical interface.\", \"output_key\": \"name\"}]", 
        "orchestration_state": "CREATE_COMPLETE"
    }, 
    "version": 1, 
    "error": ""
}]
2018-04-09 04:50:10,123:DEBUG:New etcd client created for etcd-server:2379/v2
2018-04-09 04:50:10,123:DEBUG:About to wait on key /state, index None
2018-04-09 04:50:10,123:DEBUG:Issuing read for key /state with args {'recursive': True, 'timeout': None, 'wait': True}
2018-04-09 04:50:10,124:DEBUG:Starting new HTTP connection (1): etcd-server
2018-04-09 04:50:10,125:DEBUG:http://etcd-server:2379 "GET /v2/keys/state?recursive=true&wait=true HTTP/1.1" 200 None
2018-04-09 04:50:22,825:DEBUG:
*** Consume stored data in etcd ***
 action=[set], key=[/state/v2.0/common_function_gateways/f649736d-1920-41eb-96af-d4e4fe192d0e],
 value=[{
    "state": {
        "worker_state": "CREATE_COMPLETED", 
        "heat_outputs": "[{\"output_value\": \"cfb54c6f-43cf-4e35-aff8-e2c2ec8adc7e\", \"description\": \"Monitoring Target ID\", \"output_key\": \"monitoring_target_id\"}, {\"output_value\": \"http://collector-agents-se.monitoringrefactordocker_default:7070/targets/cfb54c6f-43cf-4e35-aff8-e2c2ec8adc7e\", \"description\": \"Monitoring Process Link\", \"output_key\": \"monitoring_link\"}]", 
        "orchestration_state": "CREATE_COMPLETE"
    }, 
    "version": 1, 
    "error": ""
}]
2018-04-09 04:50:22,826:DEBUG:New etcd client created for etcd-server:2379/v2
2018-04-09 04:50:22,826:DEBUG:About to wait on key /state, index None
2018-04-09 04:50:22,826:DEBUG:Issuing read for key /state with args {'recursive': True, 'timeout': None, 'wait': True}
2018-04-09 04:50:22,826:DEBUG:Starting new HTTP connection (1): etcd-server
2018-04-09 04:50:22,828:DEBUG:http://etcd-server:2379 "GET /v2/keys/state?recursive=true&wait=true HTTP/1.1" 200 None
2018-04-09 04:50:34,864:DEBUG:
*** Consume stored data in etcd ***
 action=[set], key=[/state/v2.0/ports/343b0257-512e-40e3-b063-8cc13a4b61f4],
 value=[{
    "state": {
        "worker_state": "MODIFY_COMPLETED", 
        "heat_outputs": "[{\"output_value\": \"default-domain:admin:f68d0924-ef20-4c1b-ac45-0e6b879af5e7\", \"description\": \"Fully Qualified Name of the VMI\", \"output_key\": \"fq_name\"}, {\"output_value\": {\"allowed_address_pair\": []}, \"description\": \"Virtual machine allowed address pairs.\", \"output_key\": \"allowed_address_pairs\"}, {\"output_value\": \"9ba38fcf-3f2e-41e5-af92-cb4603c33e62\", \"description\": \"Monitoring Target ID\", \"output_key\": \"monitoring_target_id\"}, {\"output_value\": [\"fa:16:3e:f7:60:7f\"], \"description\": \"Virtual machine interface mac address.\", \"output_key\": \"mac_address\"}, {\"output_value\": [[\"default-domain\", \"admin\", \"b62eefe0-0872-478d-adfe-1a606320f0e7\"]], \"description\": \"Virtual network.\", \"output_key\": \"virtual_network\"}, {\"output_value\": \"f68d0924-ef20-4c1b-ac45-0e6b879af5e7\", \"description\": \"A unique id for the virtual machine interface.\", \"output_key\": \"id\"}, {\"output_value\": \"http://collector-agents-se.monitoringrefactordocker_default:7070/targets/9ba38fcf-3f2e-41e5-af92-cb4603c33e62\", \"description\": \"Monitoring Process Link\", \"output_key\": \"monitoring_link\"}]", 
        "orchestration_state": "UPDATE_COMPLETE"
    }, 
    "version": 2, 
    "error": ""
}]
2018-04-09 04:50:34,865:DEBUG:New etcd client created for etcd-server:2379/v2
2018-04-09 04:50:34,865:DEBUG:About to wait on key /state, index None
2018-04-09 04:50:34,865:DEBUG:Issuing read for key /state with args {'recursive': True, 'timeout': None, 'wait': True}
2018-04-09 04:50:34,865:DEBUG:Starting new HTTP connection (1): etcd-server
2018-04-09 04:50:34,868:DEBUG:http://etcd-server:2379 "GET /v2/keys/state?recursive=true&wait=true HTTP/1.1" 200 None
2018-04-09 04:50:34,873:DEBUG:
*** Consume stored data in etcd ***
 action=[set], key=[/state/v2.0/ports/f84496b5-dc56-4727-87b1-aa06e2471737],
 value=[{
    "state": {
        "worker_state": "MODIFY_COMPLETED", 
        "heat_outputs": "[{\"output_value\": \"default-domain:admin:f68d0924-ef20-4c1b-ac45-0e6b879af5e7\", \"description\": \"Fully Qualified Name of the VMI\", \"output_key\": \"fq_name\"}, {\"output_value\": {\"allowed_address_pair\": []}, \"description\": \"Virtual machine allowed address pairs.\", \"output_key\": \"allowed_address_pairs\"}, {\"output_value\": \"5b5ef6a3-7444-4443-8c6d-4c66aee1df27\", \"description\": \"Monitoring Target ID\", \"output_key\": \"monitoring_target_id\"}, {\"output_value\": [\"fa:16:3e:f7:60:7f\"], \"description\": \"Virtual machine interface mac address.\", \"output_key\": \"mac_address\"}, {\"output_value\": [[\"default-domain\", \"admin\", \"b62eefe0-0872-478d-adfe-1a606320f0e7\"]], \"description\": \"Virtual network.\", \"output_key\": \"virtual_network\"}, {\"output_value\": \"f68d0924-ef20-4c1b-ac45-0e6b879af5e7\", \"description\": \"A unique id for the virtual machine interface.\", \"output_key\": \"id\"}, {\"output_value\": \"http://collector-agents-se.monitoringrefactordocker_default:7070/targets/5b5ef6a3-7444-4443-8c6d-4c66aee1df27\", \"description\": \"Monitoring Process Link\", \"output_key\": \"monitoring_link\"}]", 
        "orchestration_state": "UPDATE_COMPLETE"
    }, 
    "version": 2, 
    "error": ""
}]
2018-04-09 04:50:34,873:DEBUG:New etcd client created for etcd-server:2379/v2
2018-04-09 04:50:34,874:DEBUG:About to wait on key /state, index None
2018-04-09 04:50:34,874:DEBUG:Issuing read for key /state with args {'recursive': True, 'timeout': None, 'wait': True}
2018-04-09 04:50:34,874:DEBUG:Starting new HTTP connection (1): etcd-server
2018-04-09 04:50:34,880:DEBUG:http://etcd-server:2379 "GET /v2/keys/state?recursive=true&wait=true HTTP/1.1" 200 None
2018-04-09 04:56:56,983:ERROR:Request to server http://etcd-server:2379 failed: ProtocolError('Connection broken: IncompleteRead(0 bytes read)', IncompleteRead(0 bytes read))
2018-04-09 04:56:56,983:DEBUG:Reconnection disabled, giving up.
Traceback (most recent call last):
  File "/usr/local/lib/python2.7/dist-packages/eventlet/hubs/hub.py", line 346, in fire_timers
    timer()
  File "/usr/local/lib/python2.7/dist-packages/eventlet/hubs/timer.py", line 56, in __call__
    cb(*args, **kw)
  File "/usr/local/lib/python2.7/dist-packages/eventlet/greenthread.py", line 194, in main
    result = function(*args, **kwargs)
  File "/tools/etcd-watcher-for-esi/python-etcd-watch.py", line 15, in _consume_loop
    result = client.watch(key_info, recursive=True)
  File "/usr/local/lib/python2.7/dist-packages/etcd/client.py", line 655, in watch
    recursive=recursive)
  File "/usr/local/lib/python2.7/dist-packages/etcd/client.py", line 481, in read
    timeout=timeout)
  File "/usr/local/lib/python2.7/dist-packages/etcd/client.py", line 788, in api_execute
    cause=e
EtcdConnectionFailed: Connection to etcd failed due to ProtocolError('Connection broken: IncompleteRead(0 bytes read)', IncompleteRead(0 bytes read))
Traceback (most recent call last):
  File "/tools/etcd-watcher-for-esi/python-etcd-watch.py", line 48, in <module>
    thread.wait()
  File "/usr/local/lib/python2.7/dist-packages/eventlet/greenthread.py", line 168, in wait
    return self._exit_event.wait()
  File "/usr/local/lib/python2.7/dist-packages/eventlet/event.py", line 116, in wait
    return hubs.get_hub().switch()
  File "/usr/local/lib/python2.7/dist-packages/eventlet/hubs/hub.py", line 187, in switch
    return self.greenlet.switch()
  File "/usr/local/lib/python2.7/dist-packages/eventlet/greenthread.py", line 194, in main
    result = function(*args, **kwargs)
  File "/tools/etcd-watcher-for-esi/python-etcd-watch.py", line 15, in _consume_loop
    result = client.watch(key_info, recursive=True)
  File "/usr/local/lib/python2.7/dist-packages/etcd/client.py", line 655, in watch
    recursive=recursive)
  File "/usr/local/lib/python2.7/dist-packages/etcd/client.py", line 481, in read
    timeout=timeout)
  File "/usr/local/lib/python2.7/dist-packages/etcd/client.py", line 788, in api_execute
    cause=e
etcd.EtcdConnectionFailed: Connection to etcd failed due to ProtocolError('Connection broken: IncompleteRead(0 bytes read)', IncompleteRead(0 bytes read))
