2018-04-09 04:40:18,015:DEBUG:New etcd client created for etcd-server:2379/v2
2018-04-09 04:40:18,016:DEBUG:About to wait on key /esi-worker/job_state, index None
2018-04-09 04:40:18,016:DEBUG:Issuing read for key /esi-worker/job_state with args {'recursive': True, 'timeout': None, 'wait': True}
2018-04-09 04:40:18,017:DEBUG:Starting new HTTP connection (1): etcd-server
2018-04-09 04:40:18,020:DEBUG:http://etcd-server:2379 "GET /v2/keys/esi-worker/job_state?recursive=true&wait=true HTTP/1.1" 200 None
2018-04-09 04:41:20,105:DEBUG:
*** Consume stored data in etcd ***
 action=[set], key=[/esi-worker/job_state/v2.0/ese_devices/cc214b6a-2f09-4094-b7cd-a9590f64b854],
 value=[{}]
2018-04-09 04:41:20,105:DEBUG:New etcd client created for etcd-server:2379/v2
2018-04-09 04:41:20,106:DEBUG:About to wait on key /esi-worker/job_state, index None
2018-04-09 04:41:20,106:DEBUG:Issuing read for key /esi-worker/job_state with args {'recursive': True, 'timeout': None, 'wait': True}
2018-04-09 04:41:20,106:DEBUG:Starting new HTTP connection (1): etcd-server
2018-04-09 04:41:20,108:DEBUG:http://etcd-server:2379 "GET /v2/keys/esi-worker/job_state?recursive=true&wait=true HTTP/1.1" 200 None
2018-04-09 04:41:26,133:DEBUG:
*** Consume stored data in etcd ***
 action=[compareAndSwap], key=[/esi-worker/job_state/v2.0/ese_devices/cc214b6a-2f09-4094-b7cd-a9590f64b854],
 value=[{
    "heat_outputs": [
        {
            "output_value": "2762cfcb-575c-45cc-a07b-ca19f5b007cd", 
            "description": "Monitoring Target ID", 
            "output_key": "monitoring_target_id"
        }, 
        {
            "output_value": [
                "default-global-system-config", 
                "NWSDP-JNPR-02"
            ], 
            "description": "The FQ name of the physical router.", 
            "output_key": "fq_name"
        }, 
        {
            "output_value": "7e5c78fa-71c0-427e-947f-586b1fc3c470", 
            "description": "A unique id for the physical router.", 
            "output_key": "id"
        }, 
        {
            "output_value": "http://collector-agents-se.monitoringrefactordocker_default:7070/targets/2762cfcb-575c-45cc-a07b-ca19f5b007cd", 
            "description": "Monitoring Process Link", 
            "output_key": "monitoring_link"
        }, 
        {
            "output_value": "NWSDP-JNPR-02", 
            "description": "The name of the physical router.", 
            "output_key": "name"
        }
    ], 
    "orchestration_state": "CREATE_COMPLETE"
}]
2018-04-09 04:41:26,133:DEBUG:New etcd client created for etcd-server:2379/v2
2018-04-09 04:41:26,133:DEBUG:About to wait on key /esi-worker/job_state, index None
2018-04-09 04:41:26,133:DEBUG:Issuing read for key /esi-worker/job_state with args {'recursive': True, 'timeout': None, 'wait': True}
2018-04-09 04:41:26,134:DEBUG:Starting new HTTP connection (1): etcd-server
2018-04-09 04:41:26,135:DEBUG:http://etcd-server:2379 "GET /v2/keys/esi-worker/job_state?recursive=true&wait=true HTTP/1.1" 200 None
2018-04-09 04:41:26,175:DEBUG:
*** Consume stored data in etcd ***
 action=[compareAndDelete], key=[/esi-worker/job_state/v2.0/ese_devices/cc214b6a-2f09-4094-b7cd-a9590f64b854],
 value=[]
2018-04-09 04:41:26,175:DEBUG:New etcd client created for etcd-server:2379/v2
2018-04-09 04:41:26,175:DEBUG:About to wait on key /esi-worker/job_state, index None
2018-04-09 04:41:26,175:DEBUG:Issuing read for key /esi-worker/job_state with args {'recursive': True, 'timeout': None, 'wait': True}
2018-04-09 04:41:26,176:DEBUG:Starting new HTTP connection (1): etcd-server
2018-04-09 04:41:26,177:DEBUG:http://etcd-server:2379 "GET /v2/keys/esi-worker/job_state?recursive=true&wait=true HTTP/1.1" 200 None
2018-04-09 04:42:28,629:DEBUG:
*** Consume stored data in etcd ***
 action=[set], key=[/esi-worker/job_state/v2.0/ese_physical_ports/9451c9ca-289d-42ba-846d-359c448e910c],
 value=[{}]
2018-04-09 04:42:28,629:DEBUG:New etcd client created for etcd-server:2379/v2
2018-04-09 04:42:28,629:DEBUG:About to wait on key /esi-worker/job_state, index None
2018-04-09 04:42:28,629:DEBUG:Issuing read for key /esi-worker/job_state with args {'recursive': True, 'timeout': None, 'wait': True}
2018-04-09 04:42:28,630:DEBUG:Starting new HTTP connection (1): etcd-server
2018-04-09 04:42:28,632:DEBUG:http://etcd-server:2379 "GET /v2/keys/esi-worker/job_state?recursive=true&wait=true HTTP/1.1" 200 None
2018-04-09 04:42:32,549:DEBUG:
*** Consume stored data in etcd ***
 action=[compareAndSwap], key=[/esi-worker/job_state/v2.0/ese_physical_ports/9451c9ca-289d-42ba-846d-359c448e910c],
 value=[{
    "heat_outputs": [
        {
            "output_value": "78d717f0-66d9-4f82-afe6-833c5e8f38f5", 
            "description": "Monitoring Target ID", 
            "output_key": "monitoring_target_id"
        }, 
        {
            "output_value": "06bfe521-07f0-4931-9f8c-318c3ad8114e", 
            "description": "A unique id for the physical interface", 
            "output_key": "id"
        }, 
        {
            "output_value": "http://collector-agents-se.monitoringrefactordocker_default:7070/targets/78d717f0-66d9-4f82-afe6-833c5e8f38f5", 
            "description": "Monitoring Process Link", 
            "output_key": "monitoring_link"
        }, 
        {
            "output_value": "xe-0/0/38", 
            "description": "The name of the physical interface.", 
            "output_key": "name"
        }
    ], 
    "orchestration_state": "CREATE_COMPLETE"
}]
2018-04-09 04:42:32,549:DEBUG:New etcd client created for etcd-server:2379/v2
2018-04-09 04:42:32,550:DEBUG:About to wait on key /esi-worker/job_state, index None
2018-04-09 04:42:32,550:DEBUG:Issuing read for key /esi-worker/job_state with args {'recursive': True, 'timeout': None, 'wait': True}
2018-04-09 04:42:32,550:DEBUG:Starting new HTTP connection (1): etcd-server
2018-04-09 04:42:32,552:DEBUG:http://etcd-server:2379 "GET /v2/keys/esi-worker/job_state?recursive=true&wait=true HTTP/1.1" 200 None
2018-04-09 04:42:32,600:DEBUG:
*** Consume stored data in etcd ***
 action=[compareAndDelete], key=[/esi-worker/job_state/v2.0/ese_physical_ports/9451c9ca-289d-42ba-846d-359c448e910c],
 value=[]
2018-04-09 04:42:32,600:DEBUG:New etcd client created for etcd-server:2379/v2
2018-04-09 04:42:32,601:DEBUG:About to wait on key /esi-worker/job_state, index None
2018-04-09 04:42:32,601:DEBUG:Issuing read for key /esi-worker/job_state with args {'recursive': True, 'timeout': None, 'wait': True}
2018-04-09 04:42:32,601:DEBUG:Starting new HTTP connection (1): etcd-server
2018-04-09 04:42:32,603:DEBUG:http://etcd-server:2379 "GET /v2/keys/esi-worker/job_state?recursive=true&wait=true HTTP/1.1" 200 None
2018-04-09 04:43:34,191:DEBUG:
*** Consume stored data in etcd ***
 action=[set], key=[/esi-worker/job_state/v2.0/ese_physical_ports/f4c3a1bf-3b61-48ba-a548-422036849465],
 value=[{}]
2018-04-09 04:43:34,191:DEBUG:New etcd client created for etcd-server:2379/v2
2018-04-09 04:43:34,191:DEBUG:About to wait on key /esi-worker/job_state, index None
2018-04-09 04:43:34,192:DEBUG:Issuing read for key /esi-worker/job_state with args {'recursive': True, 'timeout': None, 'wait': True}
2018-04-09 04:43:34,192:DEBUG:Starting new HTTP connection (1): etcd-server
2018-04-09 04:43:34,194:DEBUG:http://etcd-server:2379 "GET /v2/keys/esi-worker/job_state?recursive=true&wait=true HTTP/1.1" 200 None
2018-04-09 04:43:38,100:DEBUG:
*** Consume stored data in etcd ***
 action=[compareAndSwap], key=[/esi-worker/job_state/v2.0/ese_physical_ports/f4c3a1bf-3b61-48ba-a548-422036849465],
 value=[{
    "heat_outputs": [
        {
            "output_value": "9da949d8-3a71-4bc7-a044-04d1b3f62d7a", 
            "description": "Monitoring Target ID", 
            "output_key": "monitoring_target_id"
        }, 
        {
            "output_value": "06bfe521-07f0-4931-9f8c-318c3ad8114e", 
            "description": "A unique id for the physical interface", 
            "output_key": "id"
        }, 
        {
            "output_value": "http://collector-agents-se.monitoringrefactordocker_default:7070/targets/9da949d8-3a71-4bc7-a044-04d1b3f62d7a", 
            "description": "Monitoring Process Link", 
            "output_key": "monitoring_link"
        }, 
        {
            "output_value": "xe-0/0/38", 
            "description": "The name of the physical interface.", 
            "output_key": "name"
        }
    ], 
    "orchestration_state": "CREATE_COMPLETE"
}]
2018-04-09 04:43:38,100:DEBUG:New etcd client created for etcd-server:2379/v2
2018-04-09 04:43:38,101:DEBUG:About to wait on key /esi-worker/job_state, index None
2018-04-09 04:43:38,101:DEBUG:Issuing read for key /esi-worker/job_state with args {'recursive': True, 'timeout': None, 'wait': True}
2018-04-09 04:43:38,101:DEBUG:Starting new HTTP connection (1): etcd-server
2018-04-09 04:43:38,102:DEBUG:http://etcd-server:2379 "GET /v2/keys/esi-worker/job_state?recursive=true&wait=true HTTP/1.1" 200 None
2018-04-09 04:43:38,150:DEBUG:
*** Consume stored data in etcd ***
 action=[compareAndDelete], key=[/esi-worker/job_state/v2.0/ese_physical_ports/f4c3a1bf-3b61-48ba-a548-422036849465],
 value=[]
2018-04-09 04:43:38,151:DEBUG:New etcd client created for etcd-server:2379/v2
2018-04-09 04:43:38,151:DEBUG:About to wait on key /esi-worker/job_state, index None
2018-04-09 04:43:38,151:DEBUG:Issuing read for key /esi-worker/job_state with args {'recursive': True, 'timeout': None, 'wait': True}
2018-04-09 04:43:38,151:DEBUG:Starting new HTTP connection (1): etcd-server
2018-04-09 04:43:38,153:DEBUG:http://etcd-server:2379 "GET /v2/keys/esi-worker/job_state?recursive=true&wait=true HTTP/1.1" 200 None
2018-04-09 04:44:34,428:DEBUG:
*** Consume stored data in etcd ***
 action=[set], key=[/esi-worker/job_state/v2.0/edge_routers/f4f54175-93fe-406b-ae66-dbca4df99e03],
 value=[{}]
2018-04-09 04:44:34,429:DEBUG:New etcd client created for etcd-server:2379/v2
2018-04-09 04:44:34,429:DEBUG:About to wait on key /esi-worker/job_state, index None
2018-04-09 04:44:34,429:DEBUG:Issuing read for key /esi-worker/job_state with args {'recursive': True, 'timeout': None, 'wait': True}
2018-04-09 04:44:34,429:DEBUG:Starting new HTTP connection (1): etcd-server
2018-04-09 04:44:34,431:DEBUG:http://etcd-server:2379 "GET /v2/keys/esi-worker/job_state?recursive=true&wait=true HTTP/1.1" 200 None
2018-04-09 04:44:36,964:DEBUG:
*** Consume stored data in etcd ***
 action=[compareAndSwap], key=[/esi-worker/job_state/v2.0/edge_routers/f4f54175-93fe-406b-ae66-dbca4df99e03],
 value=[{
    "heat_outputs": [
        {
            "output_value": "b88cbb53-f850-44f2-9960-95ade457e46c", 
            "description": "Monitoring Target ID", 
            "output_key": "monitoring_target_id"
        }, 
        {
            "output_value": "http://collector-agents-se.monitoringrefactordocker_default:7070/targets/b88cbb53-f850-44f2-9960-95ade457e46c", 
            "description": "Monitoring Process Link", 
            "output_key": "monitoring_link"
        }
    ], 
    "orchestration_state": "CREATE_COMPLETE"
}]
2018-04-09 04:44:36,964:DEBUG:New etcd client created for etcd-server:2379/v2
2018-04-09 04:44:36,965:DEBUG:About to wait on key /esi-worker/job_state, index None
2018-04-09 04:44:36,965:DEBUG:Issuing read for key /esi-worker/job_state with args {'recursive': True, 'timeout': None, 'wait': True}
2018-04-09 04:44:36,965:DEBUG:Starting new HTTP connection (1): etcd-server
2018-04-09 04:44:36,966:DEBUG:http://etcd-server:2379 "GET /v2/keys/esi-worker/job_state?recursive=true&wait=true HTTP/1.1" 200 None
2018-04-09 04:44:37,017:DEBUG:
*** Consume stored data in etcd ***
 action=[compareAndDelete], key=[/esi-worker/job_state/v2.0/edge_routers/f4f54175-93fe-406b-ae66-dbca4df99e03],
 value=[]
2018-04-09 04:44:37,017:DEBUG:New etcd client created for etcd-server:2379/v2
2018-04-09 04:44:37,018:DEBUG:About to wait on key /esi-worker/job_state, index None
2018-04-09 04:44:37,018:DEBUG:Issuing read for key /esi-worker/job_state with args {'recursive': True, 'timeout': None, 'wait': True}
2018-04-09 04:44:37,018:DEBUG:Starting new HTTP connection (1): etcd-server
2018-04-09 04:44:37,020:DEBUG:http://etcd-server:2379 "GET /v2/keys/esi-worker/job_state?recursive=true&wait=true HTTP/1.1" 200 None
2018-04-09 04:45:38,699:DEBUG:
*** Consume stored data in etcd ***
 action=[set], key=[/esi-worker/job_state/v2.0/edge_routers/2d056865-47a9-45cf-a890-ed10e3b5912a],
 value=[{}]
2018-04-09 04:45:38,699:DEBUG:New etcd client created for etcd-server:2379/v2
2018-04-09 04:45:38,699:DEBUG:About to wait on key /esi-worker/job_state, index None
2018-04-09 04:45:38,700:DEBUG:Issuing read for key /esi-worker/job_state with args {'recursive': True, 'timeout': None, 'wait': True}
2018-04-09 04:45:38,700:DEBUG:Starting new HTTP connection (1): etcd-server
2018-04-09 04:45:38,704:DEBUG:http://etcd-server:2379 "GET /v2/keys/esi-worker/job_state?recursive=true&wait=true HTTP/1.1" 200 None
2018-04-09 04:45:41,168:DEBUG:
*** Consume stored data in etcd ***
 action=[compareAndSwap], key=[/esi-worker/job_state/v2.0/edge_routers/2d056865-47a9-45cf-a890-ed10e3b5912a],
 value=[{
    "heat_outputs": [
        {
            "output_value": "ad464fbb-0810-447e-b10d-31715221cb95", 
            "description": "Monitoring Target ID", 
            "output_key": "monitoring_target_id"
        }, 
        {
            "output_value": "http://collector-agents-se.monitoringrefactordocker_default:7070/targets/ad464fbb-0810-447e-b10d-31715221cb95", 
            "description": "Monitoring Process Link", 
            "output_key": "monitoring_link"
        }
    ], 
    "orchestration_state": "CREATE_COMPLETE"
}]
2018-04-09 04:45:41,168:DEBUG:New etcd client created for etcd-server:2379/v2
2018-04-09 04:45:41,168:DEBUG:About to wait on key /esi-worker/job_state, index None
2018-04-09 04:45:41,168:DEBUG:Issuing read for key /esi-worker/job_state with args {'recursive': True, 'timeout': None, 'wait': True}
2018-04-09 04:45:41,169:DEBUG:Starting new HTTP connection (1): etcd-server
2018-04-09 04:45:41,170:DEBUG:http://etcd-server:2379 "GET /v2/keys/esi-worker/job_state?recursive=true&wait=true HTTP/1.1" 200 None
2018-04-09 04:45:41,225:DEBUG:
*** Consume stored data in etcd ***
 action=[compareAndDelete], key=[/esi-worker/job_state/v2.0/edge_routers/2d056865-47a9-45cf-a890-ed10e3b5912a],
 value=[]
2018-04-09 04:45:41,225:DEBUG:New etcd client created for etcd-server:2379/v2
2018-04-09 04:45:41,225:DEBUG:About to wait on key /esi-worker/job_state, index None
2018-04-09 04:45:41,225:DEBUG:Issuing read for key /esi-worker/job_state with args {'recursive': True, 'timeout': None, 'wait': True}
2018-04-09 04:45:41,226:DEBUG:Starting new HTTP connection (1): etcd-server
2018-04-09 04:45:41,230:DEBUG:http://etcd-server:2379 "GET /v2/keys/esi-worker/job_state?recursive=true&wait=true HTTP/1.1" 200 None
2018-04-09 04:46:44,922:DEBUG:
*** Consume stored data in etcd ***
 action=[set], key=[/esi-worker/job_state/v2.0/er_physical_interfaces/c2576120-00b0-461e-a2ae-f7bbff9465d0],
 value=[{}]
2018-04-09 04:46:44,922:DEBUG:New etcd client created for etcd-server:2379/v2
2018-04-09 04:46:44,922:DEBUG:About to wait on key /esi-worker/job_state, index None
2018-04-09 04:46:44,922:DEBUG:Issuing read for key /esi-worker/job_state with args {'recursive': True, 'timeout': None, 'wait': True}
2018-04-09 04:46:44,923:DEBUG:Starting new HTTP connection (1): etcd-server
2018-04-09 04:46:44,924:DEBUG:http://etcd-server:2379 "GET /v2/keys/esi-worker/job_state?recursive=true&wait=true HTTP/1.1" 200 None
2018-04-09 04:46:47,253:DEBUG:
*** Consume stored data in etcd ***
 action=[compareAndSwap], key=[/esi-worker/job_state/v2.0/er_physical_interfaces/c2576120-00b0-461e-a2ae-f7bbff9465d0],
 value=[{
    "heat_outputs": [
        {
            "output_value": "23d9d390-e1e3-41c7-b926-479d6909aeeb", 
            "description": "Monitoring Target ID", 
            "output_key": "monitoring_target_id"
        }, 
        {
            "output_value": "http://collector-agents-se.monitoringrefactordocker_default:7070/targets/23d9d390-e1e3-41c7-b926-479d6909aeeb", 
            "description": "Monitoring Process Link", 
            "output_key": "monitoring_link"
        }
    ], 
    "orchestration_state": "CREATE_COMPLETE"
}]
2018-04-09 04:46:47,253:DEBUG:New etcd client created for etcd-server:2379/v2
2018-04-09 04:46:47,253:DEBUG:About to wait on key /esi-worker/job_state, index None
2018-04-09 04:46:47,253:DEBUG:Issuing read for key /esi-worker/job_state with args {'recursive': True, 'timeout': None, 'wait': True}
2018-04-09 04:46:47,254:DEBUG:Starting new HTTP connection (1): etcd-server
2018-04-09 04:46:47,256:DEBUG:http://etcd-server:2379 "GET /v2/keys/esi-worker/job_state?recursive=true&wait=true HTTP/1.1" 200 None
2018-04-09 04:46:47,306:DEBUG:
*** Consume stored data in etcd ***
 action=[compareAndDelete], key=[/esi-worker/job_state/v2.0/er_physical_interfaces/c2576120-00b0-461e-a2ae-f7bbff9465d0],
 value=[]
2018-04-09 04:46:47,306:DEBUG:New etcd client created for etcd-server:2379/v2
2018-04-09 04:46:47,307:DEBUG:About to wait on key /esi-worker/job_state, index None
2018-04-09 04:46:47,307:DEBUG:Issuing read for key /esi-worker/job_state with args {'recursive': True, 'timeout': None, 'wait': True}
2018-04-09 04:46:47,307:DEBUG:Starting new HTTP connection (1): etcd-server
2018-04-09 04:46:47,311:DEBUG:http://etcd-server:2379 "GET /v2/keys/esi-worker/job_state?recursive=true&wait=true HTTP/1.1" 200 None
2018-04-09 04:47:49,289:DEBUG:
*** Consume stored data in etcd ***
 action=[set], key=[/esi-worker/job_state/v2.0/er_physical_interfaces/b9c7c1f4-1b90-4a7a-8161-34276bb2ed10],
 value=[{}]
2018-04-09 04:47:49,289:DEBUG:New etcd client created for etcd-server:2379/v2
2018-04-09 04:47:49,290:DEBUG:About to wait on key /esi-worker/job_state, index None
2018-04-09 04:47:49,290:DEBUG:Issuing read for key /esi-worker/job_state with args {'recursive': True, 'timeout': None, 'wait': True}
2018-04-09 04:47:49,290:DEBUG:Starting new HTTP connection (1): etcd-server
2018-04-09 04:47:49,292:DEBUG:http://etcd-server:2379 "GET /v2/keys/esi-worker/job_state?recursive=true&wait=true HTTP/1.1" 200 None
2018-04-09 04:47:51,646:DEBUG:
*** Consume stored data in etcd ***
 action=[compareAndSwap], key=[/esi-worker/job_state/v2.0/er_physical_interfaces/b9c7c1f4-1b90-4a7a-8161-34276bb2ed10],
 value=[{
    "heat_outputs": [
        {
            "output_value": "17d442df-0ac4-4c5e-bbef-34fc7e4c4b06", 
            "description": "Monitoring Target ID", 
            "output_key": "monitoring_target_id"
        }, 
        {
            "output_value": "http://collector-agents-se.monitoringrefactordocker_default:7070/targets/17d442df-0ac4-4c5e-bbef-34fc7e4c4b06", 
            "description": "Monitoring Process Link", 
            "output_key": "monitoring_link"
        }
    ], 
    "orchestration_state": "CREATE_COMPLETE"
}]
2018-04-09 04:47:51,646:DEBUG:New etcd client created for etcd-server:2379/v2
2018-04-09 04:47:51,646:DEBUG:About to wait on key /esi-worker/job_state, index None
2018-04-09 04:47:51,646:DEBUG:Issuing read for key /esi-worker/job_state with args {'recursive': True, 'timeout': None, 'wait': True}
2018-04-09 04:47:51,647:DEBUG:Starting new HTTP connection (1): etcd-server
2018-04-09 04:47:51,648:DEBUG:http://etcd-server:2379 "GET /v2/keys/esi-worker/job_state?recursive=true&wait=true HTTP/1.1" 200 None
2018-04-09 04:47:51,702:DEBUG:
*** Consume stored data in etcd ***
 action=[compareAndDelete], key=[/esi-worker/job_state/v2.0/er_physical_interfaces/b9c7c1f4-1b90-4a7a-8161-34276bb2ed10],
 value=[]
2018-04-09 04:47:51,702:DEBUG:New etcd client created for etcd-server:2379/v2
2018-04-09 04:47:51,702:DEBUG:About to wait on key /esi-worker/job_state, index None
2018-04-09 04:47:51,702:DEBUG:Issuing read for key /esi-worker/job_state with args {'recursive': True, 'timeout': None, 'wait': True}
2018-04-09 04:47:51,703:DEBUG:Starting new HTTP connection (1): etcd-server
2018-04-09 04:47:51,707:DEBUG:http://etcd-server:2379 "GET /v2/keys/esi-worker/job_state?recursive=true&wait=true HTTP/1.1" 200 None
2018-04-09 04:49:51,874:DEBUG:
*** Consume stored data in etcd ***
 action=[set], key=[/esi-worker/job_state/v2.0/networks/fc8814a7-eb1e-4f59-8422-7de500e72782],
 value=[{}]
2018-04-09 04:49:51,874:DEBUG:New etcd client created for etcd-server:2379/v2
2018-04-09 04:49:51,874:DEBUG:About to wait on key /esi-worker/job_state, index None
2018-04-09 04:49:51,874:DEBUG:Issuing read for key /esi-worker/job_state with args {'recursive': True, 'timeout': None, 'wait': True}
2018-04-09 04:49:51,875:DEBUG:Starting new HTTP connection (1): etcd-server
2018-04-09 04:49:51,877:DEBUG:http://etcd-server:2379 "GET /v2/keys/esi-worker/job_state?recursive=true&wait=true HTTP/1.1" 200 None
2018-04-09 04:49:54,612:DEBUG:
*** Consume stored data in etcd ***
 action=[compareAndSwap], key=[/esi-worker/job_state/v2.0/networks/fc8814a7-eb1e-4f59-8422-7de500e72782],
 value=[{
    "heat_outputs": [
        {
            "output_value": [], 
            "description": "The name of the virtual network.", 
            "output_key": "route_targets"
        }, 
        {
            "output_value": "default-domain:usertenant:fc8814a7-eb1e-4f59-8422-7de500e72782", 
            "description": "The FQ name of the virtual network.", 
            "output_key": "fq_name"
        }, 
        {
            "output_value": "fc8814a7-eb1e-4f59-8422-7de500e72782", 
            "description": "A unique id for the virtual network.", 
            "output_key": "id"
        }, 
        {
            "output_value": "fc8814a7-eb1e-4f59-8422-7de500e72782", 
            "description": "The name of the virtual network.", 
            "output_key": "name"
        }
    ], 
    "orchestration_state": "CREATE_COMPLETE"
}]
2018-04-09 04:49:54,612:DEBUG:New etcd client created for etcd-server:2379/v2
2018-04-09 04:49:54,613:DEBUG:About to wait on key /esi-worker/job_state, index None
2018-04-09 04:49:54,613:DEBUG:Issuing read for key /esi-worker/job_state with args {'recursive': True, 'timeout': None, 'wait': True}
2018-04-09 04:49:54,613:DEBUG:Starting new HTTP connection (1): etcd-server
2018-04-09 04:49:54,614:DEBUG:http://etcd-server:2379 "GET /v2/keys/esi-worker/job_state?recursive=true&wait=true HTTP/1.1" 200 None
2018-04-09 04:49:54,661:DEBUG:
*** Consume stored data in etcd ***
 action=[compareAndDelete], key=[/esi-worker/job_state/v2.0/networks/fc8814a7-eb1e-4f59-8422-7de500e72782],
 value=[]
2018-04-09 04:49:54,661:DEBUG:New etcd client created for etcd-server:2379/v2
2018-04-09 04:49:54,662:DEBUG:About to wait on key /esi-worker/job_state, index None
2018-04-09 04:49:54,662:DEBUG:Issuing read for key /esi-worker/job_state with args {'recursive': True, 'timeout': None, 'wait': True}
2018-04-09 04:49:54,662:DEBUG:Starting new HTTP connection (1): etcd-server
2018-04-09 04:49:54,665:DEBUG:http://etcd-server:2379 "GET /v2/keys/esi-worker/job_state?recursive=true&wait=true HTTP/1.1" 200 None
2018-04-09 04:49:54,708:DEBUG:
*** Consume stored data in etcd ***
 action=[set], key=[/esi-worker/job_state/v2.0/subnets/cf9356ae-b4e1-4a91-8193-089fdc12173d],
 value=[{}]
2018-04-09 04:49:54,708:DEBUG:New etcd client created for etcd-server:2379/v2
2018-04-09 04:49:54,709:DEBUG:About to wait on key /esi-worker/job_state, index None
2018-04-09 04:49:54,709:DEBUG:Issuing read for key /esi-worker/job_state with args {'recursive': True, 'timeout': None, 'wait': True}
2018-04-09 04:49:54,709:DEBUG:Starting new HTTP connection (1): etcd-server
2018-04-09 04:49:54,711:DEBUG:http://etcd-server:2379 "GET /v2/keys/esi-worker/job_state?recursive=true&wait=true HTTP/1.1" 200 None
2018-04-09 04:49:58,603:DEBUG:
*** Consume stored data in etcd ***
 action=[compareAndSwap], key=[/esi-worker/job_state/v2.0/subnets/cf9356ae-b4e1-4a91-8193-089fdc12173d],
 value=[{
    "heat_outputs": [
        {
            "output_value": "169.254.0.0/17", 
            "description": "IP prefix of local subnet.", 
            "output_key": "ip_prefix"
        }, 
        {
            "output_value": "cf9356ae-b4e1-4a91-8193-089fdc12173d", 
            "description": "The name of the local subnet.", 
            "output_key": "name"
        }, 
        {
            "output_value": "0.0.0.0", 
            "description": "Default gateway of local subnet.", 
            "output_key": "default_gateway"
        }, 
        {
            "output_value": "fc8814a7-eb1e-4f59-8422-7de500e72782", 
            "description": "A unique id for the network.", 
            "output_key": "network_id"
        }, 
        {
            "output_value": "5a79909b-2bf3-4e26-8a9c-0bf6bb175457", 
            "description": "IPAM this local subnet uses.", 
            "output_key": "ipam"
        }, 
        {
            "output_value": "8f52422a-7115-4304-99cf-fc021562c352", 
            "description": "A unique id for the local subnet.", 
            "output_key": "id"
        }
    ], 
    "orchestration_state": "CREATE_COMPLETE"
}]
2018-04-09 04:49:58,603:DEBUG:New etcd client created for etcd-server:2379/v2
2018-04-09 04:49:58,603:DEBUG:About to wait on key /esi-worker/job_state, index None
2018-04-09 04:49:58,604:DEBUG:Issuing read for key /esi-worker/job_state with args {'recursive': True, 'timeout': None, 'wait': True}
2018-04-09 04:49:58,604:DEBUG:Starting new HTTP connection (1): etcd-server
2018-04-09 04:49:58,605:DEBUG:http://etcd-server:2379 "GET /v2/keys/esi-worker/job_state?recursive=true&wait=true HTTP/1.1" 200 None
2018-04-09 04:49:58,648:DEBUG:
*** Consume stored data in etcd ***
 action=[compareAndDelete], key=[/esi-worker/job_state/v2.0/subnets/cf9356ae-b4e1-4a91-8193-089fdc12173d],
 value=[]
2018-04-09 04:49:58,648:DEBUG:New etcd client created for etcd-server:2379/v2
2018-04-09 04:49:58,648:DEBUG:About to wait on key /esi-worker/job_state, index None
2018-04-09 04:49:58,648:DEBUG:Issuing read for key /esi-worker/job_state with args {'recursive': True, 'timeout': None, 'wait': True}
2018-04-09 04:49:58,649:DEBUG:Starting new HTTP connection (1): etcd-server
2018-04-09 04:49:58,651:DEBUG:http://etcd-server:2379 "GET /v2/keys/esi-worker/job_state?recursive=true&wait=true HTTP/1.1" 200 None
2018-04-09 04:49:58,687:DEBUG:
*** Consume stored data in etcd ***
 action=[set], key=[/esi-worker/job_state/v2.0/ports/343b0257-512e-40e3-b063-8cc13a4b61f4],
 value=[{}]
2018-04-09 04:49:58,687:DEBUG:New etcd client created for etcd-server:2379/v2
2018-04-09 04:49:58,687:DEBUG:About to wait on key /esi-worker/job_state, index None
2018-04-09 04:49:58,688:DEBUG:Issuing read for key /esi-worker/job_state with args {'recursive': True, 'timeout': None, 'wait': True}
2018-04-09 04:49:58,688:DEBUG:Starting new HTTP connection (1): etcd-server
2018-04-09 04:49:58,690:DEBUG:http://etcd-server:2379 "GET /v2/keys/esi-worker/job_state?recursive=true&wait=true HTTP/1.1" 200 None
2018-04-09 04:49:58,730:DEBUG:
*** Consume stored data in etcd ***
 action=[set], key=[/esi-worker/job_state/v2.0/ports/f84496b5-dc56-4727-87b1-aa06e2471737],
 value=[{}]
2018-04-09 04:49:58,730:DEBUG:New etcd client created for etcd-server:2379/v2
2018-04-09 04:49:58,730:DEBUG:About to wait on key /esi-worker/job_state, index None
2018-04-09 04:49:58,730:DEBUG:Issuing read for key /esi-worker/job_state with args {'recursive': True, 'timeout': None, 'wait': True}
2018-04-09 04:49:58,731:DEBUG:Starting new HTTP connection (1): etcd-server
2018-04-09 04:49:58,732:DEBUG:http://etcd-server:2379 "GET /v2/keys/esi-worker/job_state?recursive=true&wait=true HTTP/1.1" 200 None
2018-04-09 04:49:58,759:DEBUG:
*** Consume stored data in etcd ***
 action=[set], key=[/esi-worker/job_state/v2.0/common_function_gateways/f649736d-1920-41eb-96af-d4e4fe192d0e],
 value=[{}]
2018-04-09 04:49:58,759:DEBUG:New etcd client created for etcd-server:2379/v2
2018-04-09 04:49:58,759:DEBUG:About to wait on key /esi-worker/job_state, index None
2018-04-09 04:49:58,759:DEBUG:Issuing read for key /esi-worker/job_state with args {'recursive': True, 'timeout': None, 'wait': True}
2018-04-09 04:49:58,760:DEBUG:Starting new HTTP connection (1): etcd-server
2018-04-09 04:49:58,762:DEBUG:http://etcd-server:2379 "GET /v2/keys/esi-worker/job_state?recursive=true&wait=true HTTP/1.1" 200 None
2018-04-09 04:50:04,977:DEBUG:
*** Consume stored data in etcd ***
 action=[compareAndSwap], key=[/esi-worker/job_state/v2.0/ports/f84496b5-dc56-4727-87b1-aa06e2471737],
 value=[{
    "heat_outputs": [
        {
            "output_value": [
                [
                    "default-domain", 
                    "admin", 
                    "b62eefe0-0872-478d-adfe-1a606320f0e7"
                ]
            ], 
            "description": "Virtual network.", 
            "output_key": "virtual_network"
        }, 
        {
            "output_value": "default-domain:admin:f68d0924-ef20-4c1b-ac45-0e6b879af5e7", 
            "description": "Fully Qualified Name of the VMI", 
            "output_key": "fq_name"
        }, 
        {
            "output_value": "f68d0924-ef20-4c1b-ac45-0e6b879af5e7", 
            "description": "A unique id for the virtual machine interface.", 
            "output_key": "id"
        }, 
        {
            "output_value": {
                "allowed_address_pair": []
            }, 
            "description": "Virtual machine allowed address pairs.", 
            "output_key": "allowed_address_pairs"
        }, 
        {
            "output_value": [
                "fa:16:3e:f7:60:7f"
            ], 
            "description": "Virtual machine interface mac address.", 
            "output_key": "mac_address"
        }
    ], 
    "orchestration_state": "CREATE_COMPLETE"
}]
2018-04-09 04:50:04,977:DEBUG:New etcd client created for etcd-server:2379/v2
2018-04-09 04:50:04,978:DEBUG:About to wait on key /esi-worker/job_state, index None
2018-04-09 04:50:04,978:DEBUG:Issuing read for key /esi-worker/job_state with args {'recursive': True, 'timeout': None, 'wait': True}
2018-04-09 04:50:04,978:DEBUG:Starting new HTTP connection (1): etcd-server
2018-04-09 04:50:04,982:DEBUG:http://etcd-server:2379 "GET /v2/keys/esi-worker/job_state?recursive=true&wait=true HTTP/1.1" 200 None
2018-04-09 04:50:05,028:DEBUG:
*** Consume stored data in etcd ***
 action=[compareAndDelete], key=[/esi-worker/job_state/v2.0/ports/f84496b5-dc56-4727-87b1-aa06e2471737],
 value=[]
2018-04-09 04:50:05,029:DEBUG:New etcd client created for etcd-server:2379/v2
2018-04-09 04:50:05,029:DEBUG:About to wait on key /esi-worker/job_state, index None
2018-04-09 04:50:05,029:DEBUG:Issuing read for key /esi-worker/job_state with args {'recursive': True, 'timeout': None, 'wait': True}
2018-04-09 04:50:05,029:DEBUG:Starting new HTTP connection (1): etcd-server
2018-04-09 04:50:05,031:DEBUG:http://etcd-server:2379 "GET /v2/keys/esi-worker/job_state?recursive=true&wait=true HTTP/1.1" 200 None
2018-04-09 04:50:05,083:DEBUG:
*** Consume stored data in etcd ***
 action=[set], key=[/esi-worker/job_state/v2.0/ese_logical_ports/be66c7e0-b222-4e76-bf81-af75e8cf1824],
 value=[{}]
2018-04-09 04:50:05,083:DEBUG:New etcd client created for etcd-server:2379/v2
2018-04-09 04:50:05,084:DEBUG:About to wait on key /esi-worker/job_state, index None
2018-04-09 04:50:05,084:DEBUG:Issuing read for key /esi-worker/job_state with args {'recursive': True, 'timeout': None, 'wait': True}
2018-04-09 04:50:05,084:DEBUG:Starting new HTTP connection (1): etcd-server
2018-04-09 04:50:05,087:DEBUG:http://etcd-server:2379 "GET /v2/keys/esi-worker/job_state?recursive=true&wait=true HTTP/1.1" 200 None
2018-04-09 04:50:05,170:DEBUG:
*** Consume stored data in etcd ***
 action=[compareAndSwap], key=[/esi-worker/job_state/v2.0/ports/343b0257-512e-40e3-b063-8cc13a4b61f4],
 value=[{
    "heat_outputs": [
        {
            "output_value": [
                [
                    "default-domain", 
                    "admin", 
                    "b62eefe0-0872-478d-adfe-1a606320f0e7"
                ]
            ], 
            "description": "Virtual network.", 
            "output_key": "virtual_network"
        }, 
        {
            "output_value": "default-domain:admin:f68d0924-ef20-4c1b-ac45-0e6b879af5e7", 
            "description": "Fully Qualified Name of the VMI", 
            "output_key": "fq_name"
        }, 
        {
            "output_value": "f68d0924-ef20-4c1b-ac45-0e6b879af5e7", 
            "description": "A unique id for the virtual machine interface.", 
            "output_key": "id"
        }, 
        {
            "output_value": {
                "allowed_address_pair": []
            }, 
            "description": "Virtual machine allowed address pairs.", 
            "output_key": "allowed_address_pairs"
        }, 
        {
            "output_value": [
                "fa:16:3e:f7:60:7f"
            ], 
            "description": "Virtual machine interface mac address.", 
            "output_key": "mac_address"
        }
    ], 
    "orchestration_state": "CREATE_COMPLETE"
}]
2018-04-09 04:50:05,170:DEBUG:New etcd client created for etcd-server:2379/v2
2018-04-09 04:50:05,170:DEBUG:About to wait on key /esi-worker/job_state, index None
2018-04-09 04:50:05,170:DEBUG:Issuing read for key /esi-worker/job_state with args {'recursive': True, 'timeout': None, 'wait': True}
2018-04-09 04:50:05,171:DEBUG:Starting new HTTP connection (1): etcd-server
2018-04-09 04:50:05,172:DEBUG:http://etcd-server:2379 "GET /v2/keys/esi-worker/job_state?recursive=true&wait=true HTTP/1.1" 200 None
2018-04-09 04:50:05,216:DEBUG:
*** Consume stored data in etcd ***
 action=[compareAndDelete], key=[/esi-worker/job_state/v2.0/ports/343b0257-512e-40e3-b063-8cc13a4b61f4],
 value=[]
2018-04-09 04:50:05,216:DEBUG:New etcd client created for etcd-server:2379/v2
2018-04-09 04:50:05,216:DEBUG:About to wait on key /esi-worker/job_state, index None
2018-04-09 04:50:05,216:DEBUG:Issuing read for key /esi-worker/job_state with args {'recursive': True, 'timeout': None, 'wait': True}
2018-04-09 04:50:05,217:DEBUG:Starting new HTTP connection (1): etcd-server
2018-04-09 04:50:05,220:DEBUG:http://etcd-server:2379 "GET /v2/keys/esi-worker/job_state?recursive=true&wait=true HTTP/1.1" 200 None
2018-04-09 04:50:05,254:DEBUG:
*** Consume stored data in etcd ***
 action=[set], key=[/esi-worker/job_state/v2.0/ese_logical_ports/e8555ee6-529c-42d9-8bb1-bfbe217133b1],
 value=[{}]
2018-04-09 04:50:05,254:DEBUG:New etcd client created for etcd-server:2379/v2
2018-04-09 04:50:05,254:DEBUG:About to wait on key /esi-worker/job_state, index None
2018-04-09 04:50:05,254:DEBUG:Issuing read for key /esi-worker/job_state with args {'recursive': True, 'timeout': None, 'wait': True}
2018-04-09 04:50:05,255:DEBUG:Starting new HTTP connection (1): etcd-server
2018-04-09 04:50:05,256:DEBUG:http://etcd-server:2379 "GET /v2/keys/esi-worker/job_state?recursive=true&wait=true HTTP/1.1" 200 None
2018-04-09 04:50:09,865:DEBUG:
*** Consume stored data in etcd ***
 action=[compareAndSwap], key=[/esi-worker/job_state/v2.0/ese_logical_ports/be66c7e0-b222-4e76-bf81-af75e8cf1824],
 value=[{
    "heat_outputs": [
        {
            "output_value": "bdc2f00e-073d-49d6-ac27-43782568b081", 
            "description": "Monitoring Target ID", 
            "output_key": "monitoring_target_id"
        }, 
        {
            "output_value": "46b0cd68-d0fb-4d72-9def-830164f9e215", 
            "description": "A unique id for the logical interface", 
            "output_key": "id"
        }, 
        {
            "output_value": "http://collector-agents-se.monitoringrefactordocker_default:7070/targets/bdc2f00e-073d-49d6-ac27-43782568b081", 
            "description": "Monitoring Process Link", 
            "output_key": "monitoring_link"
        }, 
        {
            "output_value": "xe-0/0/38.0", 
            "description": "The name of the logical interface.", 
            "output_key": "name"
        }
    ], 
    "orchestration_state": "CREATE_COMPLETE"
}]
2018-04-09 04:50:09,865:DEBUG:New etcd client created for etcd-server:2379/v2
2018-04-09 04:50:09,866:DEBUG:About to wait on key /esi-worker/job_state, index None
2018-04-09 04:50:09,866:DEBUG:Issuing read for key /esi-worker/job_state with args {'recursive': True, 'timeout': None, 'wait': True}
2018-04-09 04:50:09,866:DEBUG:Starting new HTTP connection (1): etcd-server
2018-04-09 04:50:09,868:DEBUG:http://etcd-server:2379 "GET /v2/keys/esi-worker/job_state?recursive=true&wait=true HTTP/1.1" 200 None
2018-04-09 04:50:09,917:DEBUG:
*** Consume stored data in etcd ***
 action=[compareAndDelete], key=[/esi-worker/job_state/v2.0/ese_logical_ports/be66c7e0-b222-4e76-bf81-af75e8cf1824],
 value=[]
2018-04-09 04:50:09,917:DEBUG:New etcd client created for etcd-server:2379/v2
2018-04-09 04:50:09,917:DEBUG:About to wait on key /esi-worker/job_state, index None
2018-04-09 04:50:09,918:DEBUG:Issuing read for key /esi-worker/job_state with args {'recursive': True, 'timeout': None, 'wait': True}
2018-04-09 04:50:09,918:DEBUG:Starting new HTTP connection (1): etcd-server
2018-04-09 04:50:09,920:DEBUG:http://etcd-server:2379 "GET /v2/keys/esi-worker/job_state?recursive=true&wait=true HTTP/1.1" 200 None
2018-04-09 04:50:10,097:DEBUG:
*** Consume stored data in etcd ***
 action=[compareAndSwap], key=[/esi-worker/job_state/v2.0/ese_logical_ports/e8555ee6-529c-42d9-8bb1-bfbe217133b1],
 value=[{
    "heat_outputs": [
        {
            "output_value": "7f066c44-1dc2-44b2-95f7-d59d70bd77fb", 
            "description": "Monitoring Target ID", 
            "output_key": "monitoring_target_id"
        }, 
        {
            "output_value": "46b0cd68-d0fb-4d72-9def-830164f9e215", 
            "description": "A unique id for the logical interface", 
            "output_key": "id"
        }, 
        {
            "output_value": "http://collector-agents-se.monitoringrefactordocker_default:7070/targets/7f066c44-1dc2-44b2-95f7-d59d70bd77fb", 
            "description": "Monitoring Process Link", 
            "output_key": "monitoring_link"
        }, 
        {
            "output_value": "xe-0/0/38.0", 
            "description": "The name of the logical interface.", 
            "output_key": "name"
        }
    ], 
    "orchestration_state": "CREATE_COMPLETE"
}]
2018-04-09 04:50:10,098:DEBUG:New etcd client created for etcd-server:2379/v2
2018-04-09 04:50:10,098:DEBUG:About to wait on key /esi-worker/job_state, index None
2018-04-09 04:50:10,098:DEBUG:Issuing read for key /esi-worker/job_state with args {'recursive': True, 'timeout': None, 'wait': True}
2018-04-09 04:50:10,098:DEBUG:Starting new HTTP connection (1): etcd-server
2018-04-09 04:50:10,099:DEBUG:http://etcd-server:2379 "GET /v2/keys/esi-worker/job_state?recursive=true&wait=true HTTP/1.1" 200 None
2018-04-09 04:50:10,154:DEBUG:
*** Consume stored data in etcd ***
 action=[compareAndDelete], key=[/esi-worker/job_state/v2.0/ese_logical_ports/e8555ee6-529c-42d9-8bb1-bfbe217133b1],
 value=[]
2018-04-09 04:50:10,155:DEBUG:New etcd client created for etcd-server:2379/v2
2018-04-09 04:50:10,155:DEBUG:About to wait on key /esi-worker/job_state, index None
2018-04-09 04:50:10,155:DEBUG:Issuing read for key /esi-worker/job_state with args {'recursive': True, 'timeout': None, 'wait': True}
2018-04-09 04:50:10,155:DEBUG:Starting new HTTP connection (1): etcd-server
2018-04-09 04:50:10,159:DEBUG:http://etcd-server:2379 "GET /v2/keys/esi-worker/job_state?recursive=true&wait=true HTTP/1.1" 200 None
2018-04-09 04:50:22,801:DEBUG:
*** Consume stored data in etcd ***
 action=[compareAndSwap], key=[/esi-worker/job_state/v2.0/common_function_gateways/f649736d-1920-41eb-96af-d4e4fe192d0e],
 value=[{
    "heat_outputs": [
        {
            "output_value": "cfb54c6f-43cf-4e35-aff8-e2c2ec8adc7e", 
            "description": "Monitoring Target ID", 
            "output_key": "monitoring_target_id"
        }, 
        {
            "output_value": "http://collector-agents-se.monitoringrefactordocker_default:7070/targets/cfb54c6f-43cf-4e35-aff8-e2c2ec8adc7e", 
            "description": "Monitoring Process Link", 
            "output_key": "monitoring_link"
        }
    ], 
    "orchestration_state": "CREATE_COMPLETE"
}]
2018-04-09 04:50:22,801:DEBUG:New etcd client created for etcd-server:2379/v2
2018-04-09 04:50:22,801:DEBUG:About to wait on key /esi-worker/job_state, index None
2018-04-09 04:50:22,801:DEBUG:Issuing read for key /esi-worker/job_state with args {'recursive': True, 'timeout': None, 'wait': True}
2018-04-09 04:50:22,802:DEBUG:Starting new HTTP connection (1): etcd-server
2018-04-09 04:50:22,803:DEBUG:http://etcd-server:2379 "GET /v2/keys/esi-worker/job_state?recursive=true&wait=true HTTP/1.1" 200 None
2018-04-09 04:50:22,852:DEBUG:
*** Consume stored data in etcd ***
 action=[compareAndDelete], key=[/esi-worker/job_state/v2.0/common_function_gateways/f649736d-1920-41eb-96af-d4e4fe192d0e],
 value=[]
2018-04-09 04:50:22,852:DEBUG:New etcd client created for etcd-server:2379/v2
2018-04-09 04:50:22,853:DEBUG:About to wait on key /esi-worker/job_state, index None
2018-04-09 04:50:22,853:DEBUG:Issuing read for key /esi-worker/job_state with args {'recursive': True, 'timeout': None, 'wait': True}
2018-04-09 04:50:22,853:DEBUG:Starting new HTTP connection (1): etcd-server
2018-04-09 04:50:22,854:DEBUG:http://etcd-server:2379 "GET /v2/keys/esi-worker/job_state?recursive=true&wait=true HTTP/1.1" 200 None
2018-04-09 04:50:22,907:DEBUG:
*** Consume stored data in etcd ***
 action=[set], key=[/esi-worker/job_state/v2.0/ports/343b0257-512e-40e3-b063-8cc13a4b61f4],
 value=[{}]
2018-04-09 04:50:22,907:DEBUG:New etcd client created for etcd-server:2379/v2
2018-04-09 04:50:22,907:DEBUG:About to wait on key /esi-worker/job_state, index None
2018-04-09 04:50:22,907:DEBUG:Issuing read for key /esi-worker/job_state with args {'recursive': True, 'timeout': None, 'wait': True}
2018-04-09 04:50:22,908:DEBUG:Starting new HTTP connection (1): etcd-server
2018-04-09 04:50:22,909:DEBUG:http://etcd-server:2379 "GET /v2/keys/esi-worker/job_state?recursive=true&wait=true HTTP/1.1" 200 None
2018-04-09 04:50:22,944:DEBUG:
*** Consume stored data in etcd ***
 action=[set], key=[/esi-worker/job_state/v2.0/ports/f84496b5-dc56-4727-87b1-aa06e2471737],
 value=[{}]
2018-04-09 04:50:22,944:DEBUG:New etcd client created for etcd-server:2379/v2
2018-04-09 04:50:22,945:DEBUG:About to wait on key /esi-worker/job_state, index None
2018-04-09 04:50:22,945:DEBUG:Issuing read for key /esi-worker/job_state with args {'recursive': True, 'timeout': None, 'wait': True}
2018-04-09 04:50:22,945:DEBUG:Starting new HTTP connection (1): etcd-server
2018-04-09 04:50:22,947:DEBUG:http://etcd-server:2379 "GET /v2/keys/esi-worker/job_state?recursive=true&wait=true HTTP/1.1" 200 None
2018-04-09 04:50:34,841:DEBUG:
*** Consume stored data in etcd ***
 action=[compareAndSwap], key=[/esi-worker/job_state/v2.0/ports/343b0257-512e-40e3-b063-8cc13a4b61f4],
 value=[{
    "heat_outputs": [
        {
            "output_value": "default-domain:admin:f68d0924-ef20-4c1b-ac45-0e6b879af5e7", 
            "description": "Fully Qualified Name of the VMI", 
            "output_key": "fq_name"
        }, 
        {
            "output_value": {
                "allowed_address_pair": []
            }, 
            "description": "Virtual machine allowed address pairs.", 
            "output_key": "allowed_address_pairs"
        }, 
        {
            "output_value": "9ba38fcf-3f2e-41e5-af92-cb4603c33e62", 
            "description": "Monitoring Target ID", 
            "output_key": "monitoring_target_id"
        }, 
        {
            "output_value": [
                "fa:16:3e:f7:60:7f"
            ], 
            "description": "Virtual machine interface mac address.", 
            "output_key": "mac_address"
        }, 
        {
            "output_value": [
                [
                    "default-domain", 
                    "admin", 
                    "b62eefe0-0872-478d-adfe-1a606320f0e7"
                ]
            ], 
            "description": "Virtual network.", 
            "output_key": "virtual_network"
        }, 
        {
            "output_value": "f68d0924-ef20-4c1b-ac45-0e6b879af5e7", 
            "description": "A unique id for the virtual machine interface.", 
            "output_key": "id"
        }, 
        {
            "output_value": "http://collector-agents-se.monitoringrefactordocker_default:7070/targets/9ba38fcf-3f2e-41e5-af92-cb4603c33e62", 
            "description": "Monitoring Process Link", 
            "output_key": "monitoring_link"
        }
    ], 
    "orchestration_state": "UPDATE_COMPLETE"
}]
2018-04-09 04:50:34,841:DEBUG:New etcd client created for etcd-server:2379/v2
2018-04-09 04:50:34,841:DEBUG:About to wait on key /esi-worker/job_state, index None
2018-04-09 04:50:34,841:DEBUG:Issuing read for key /esi-worker/job_state with args {'recursive': True, 'timeout': None, 'wait': True}
2018-04-09 04:50:34,842:DEBUG:Starting new HTTP connection (1): etcd-server
2018-04-09 04:50:34,844:DEBUG:http://etcd-server:2379 "GET /v2/keys/esi-worker/job_state?recursive=true&wait=true HTTP/1.1" 200 None
2018-04-09 04:50:34,849:DEBUG:
*** Consume stored data in etcd ***
 action=[compareAndSwap], key=[/esi-worker/job_state/v2.0/ports/f84496b5-dc56-4727-87b1-aa06e2471737],
 value=[{
    "heat_outputs": [
        {
            "output_value": "default-domain:admin:f68d0924-ef20-4c1b-ac45-0e6b879af5e7", 
            "description": "Fully Qualified Name of the VMI", 
            "output_key": "fq_name"
        }, 
        {
            "output_value": {
                "allowed_address_pair": []
            }, 
            "description": "Virtual machine allowed address pairs.", 
            "output_key": "allowed_address_pairs"
        }, 
        {
            "output_value": "5b5ef6a3-7444-4443-8c6d-4c66aee1df27", 
            "description": "Monitoring Target ID", 
            "output_key": "monitoring_target_id"
        }, 
        {
            "output_value": [
                "fa:16:3e:f7:60:7f"
            ], 
            "description": "Virtual machine interface mac address.", 
            "output_key": "mac_address"
        }, 
        {
            "output_value": [
                [
                    "default-domain", 
                    "admin", 
                    "b62eefe0-0872-478d-adfe-1a606320f0e7"
                ]
            ], 
            "description": "Virtual network.", 
            "output_key": "virtual_network"
        }, 
        {
            "output_value": "f68d0924-ef20-4c1b-ac45-0e6b879af5e7", 
            "description": "A unique id for the virtual machine interface.", 
            "output_key": "id"
        }, 
        {
            "output_value": "http://collector-agents-se.monitoringrefactordocker_default:7070/targets/5b5ef6a3-7444-4443-8c6d-4c66aee1df27", 
            "description": "Monitoring Process Link", 
            "output_key": "monitoring_link"
        }
    ], 
    "orchestration_state": "UPDATE_COMPLETE"
}]
2018-04-09 04:50:34,849:DEBUG:New etcd client created for etcd-server:2379/v2
2018-04-09 04:50:34,849:DEBUG:About to wait on key /esi-worker/job_state, index None
2018-04-09 04:50:34,849:DEBUG:Issuing read for key /esi-worker/job_state with args {'recursive': True, 'timeout': None, 'wait': True}
2018-04-09 04:50:34,849:DEBUG:Starting new HTTP connection (1): etcd-server
2018-04-09 04:50:34,851:DEBUG:http://etcd-server:2379 "GET /v2/keys/esi-worker/job_state?recursive=true&wait=true HTTP/1.1" 200 None
2018-04-09 04:50:34,892:DEBUG:
*** Consume stored data in etcd ***
 action=[compareAndDelete], key=[/esi-worker/job_state/v2.0/ports/343b0257-512e-40e3-b063-8cc13a4b61f4],
 value=[]
2018-04-09 04:50:34,892:DEBUG:New etcd client created for etcd-server:2379/v2
2018-04-09 04:50:34,892:DEBUG:About to wait on key /esi-worker/job_state, index None
2018-04-09 04:50:34,892:DEBUG:Issuing read for key /esi-worker/job_state with args {'recursive': True, 'timeout': None, 'wait': True}
2018-04-09 04:50:34,893:DEBUG:Starting new HTTP connection (1): etcd-server
2018-04-09 04:50:34,894:DEBUG:http://etcd-server:2379 "GET /v2/keys/esi-worker/job_state?recursive=true&wait=true HTTP/1.1" 200 None
2018-04-09 04:50:34,904:DEBUG:
*** Consume stored data in etcd ***
 action=[compareAndDelete], key=[/esi-worker/job_state/v2.0/ports/f84496b5-dc56-4727-87b1-aa06e2471737],
 value=[]
2018-04-09 04:50:34,904:DEBUG:New etcd client created for etcd-server:2379/v2
2018-04-09 04:50:34,904:DEBUG:About to wait on key /esi-worker/job_state, index None
2018-04-09 04:50:34,904:DEBUG:Issuing read for key /esi-worker/job_state with args {'recursive': True, 'timeout': None, 'wait': True}
2018-04-09 04:50:34,905:DEBUG:Starting new HTTP connection (1): etcd-server
2018-04-09 04:50:34,906:DEBUG:http://etcd-server:2379 "GET /v2/keys/esi-worker/job_state?recursive=true&wait=true HTTP/1.1" 200 None
